{"meta": {"format": 3, "version": "7.12.0", "timestamp": "2025-11-22T03:08:05.477688", "branch_coverage": false, "show_contexts": false}, "files": {"strepsuis_genphennet/__init__.py": {"executed_lines": [1, 11, 12, 13, 15, 16, 18], "summary": {"covered_lines": 6, "num_statements": 6, "percent_covered": 100.0, "percent_covered_display": "100", "missing_lines": 0, "excluded_lines": 0, "percent_statements_covered": 100.0, "percent_statements_covered_display": "100"}, "missing_lines": [], "excluded_lines": [], "functions": {"": {"executed_lines": [1, 11, 12, 13, 15, 16, 18], "summary": {"covered_lines": 6, "num_statements": 6, "percent_covered": 100.0, "percent_covered_display": "100", "missing_lines": 0, "excluded_lines": 0, "percent_statements_covered": 100.0, "percent_statements_covered_display": "100"}, "missing_lines": [], "excluded_lines": []}}, "classes": {"": {"executed_lines": [1, 11, 12, 13, 15, 16, 18], "summary": {"covered_lines": 6, "num_statements": 6, "percent_covered": 100.0, "percent_covered_display": "100", "missing_lines": 0, "excluded_lines": 0, "percent_statements_covered": 100.0, "percent_statements_covered_display": "100"}, "missing_lines": [], "excluded_lines": []}}}, "strepsuis_genphennet/analyzer.py": {"executed_lines": [1, 5, 6, 7, 8, 9, 11, 14, 15, 25, 33, 34, 35, 44, 45, 46, 48, 49, 50, 51, 52, 54, 91, 123], "summary": {"covered_lines": 22, "num_statements": 63, "percent_covered": 34.92063492063492, "percent_covered_display": "35", "missing_lines": 41, "excluded_lines": 0, "percent_statements_covered": 34.92063492063492, "percent_statements_covered_display": "35"}, "missing_lines": [61, 64, 65, 67, 68, 70, 71, 72, 73, 75, 76, 79, 80, 83, 86, 88, 89, 93, 95, 96, 98, 100, 101, 103, 104, 106, 107, 108, 109, 111, 113, 114, 116, 117, 120, 121, 125, 127, 128, 129, 131], "excluded_lines": [], "functions": {"NetworkAnalyzer.__init__": {"executed_lines": [33, 34, 35, 44, 45, 46, 48, 49, 50, 51, 52], "summary": {"covered_lines": 11, "num_statements": 11, "percent_covered": 100.0, "percent_covered_display": "100", "missing_lines": 0, "excluded_lines": 0, "percent_statements_covered": 100.0, "percent_statements_covered_display": "100"}, "missing_lines": [], "excluded_lines": []}, "NetworkAnalyzer.run": {"executed_lines": [], "summary": {"covered_lines": 0, "num_statements": 17, "percent_covered": 0.0, "percent_covered_display": "0", "missing_lines": 17, "excluded_lines": 0, "percent_statements_covered": 0.0, "percent_statements_covered_display": "0"}, "missing_lines": [61, 64, 65, 67, 68, 70, 71, 72, 73, 75, 76, 79, 80, 83, 86, 88, 89], "excluded_lines": []}, "NetworkAnalyzer._execute_analysis": {"executed_lines": [], "summary": {"covered_lines": 0, "num_statements": 19, "percent_covered": 0.0, "percent_covered_display": "0", "missing_lines": 19, "excluded_lines": 0, "percent_statements_covered": 0.0, "percent_statements_covered_display": "0"}, "missing_lines": [93, 95, 96, 98, 100, 101, 103, 104, 106, 107, 108, 109, 111, 113, 114, 116, 117, 120, 121], "excluded_lines": []}, "NetworkAnalyzer._collect_results": {"executed_lines": [], "summary": {"covered_lines": 0, "num_statements": 5, "percent_covered": 0.0, "percent_covered_display": "0", "missing_lines": 5, "excluded_lines": 0, "percent_statements_covered": 0.0, "percent_statements_covered_display": "0"}, "missing_lines": [125, 127, 128, 129, 131], "excluded_lines": []}, "": {"executed_lines": [1, 5, 6, 7, 8, 9, 11, 14, 15, 25, 54, 91, 123], "summary": {"covered_lines": 11, "num_statements": 11, "percent_covered": 100.0, "percent_covered_display": "100", "missing_lines": 0, "excluded_lines": 0, "percent_statements_covered": 100.0, "percent_statements_covered_display": "100"}, "missing_lines": [], "excluded_lines": []}}, "classes": {"NetworkAnalyzer": {"executed_lines": [33, 34, 35, 44, 45, 46, 48, 49, 50, 51, 52], "summary": {"covered_lines": 11, "num_statements": 52, "percent_covered": 21.153846153846153, "percent_covered_display": "21", "missing_lines": 41, "excluded_lines": 0, "percent_statements_covered": 21.153846153846153, "percent_statements_covered_display": "21"}, "missing_lines": [61, 64, 65, 67, 68, 70, 71, 72, 73, 75, 76, 79, 80, 83, 86, 88, 89, 93, 95, 96, 98, 100, 101, 103, 104, 106, 107, 108, 109, 111, 113, 114, 116, 117, 120, 121, 125, 127, 128, 129, 131], "excluded_lines": []}, "": {"executed_lines": [1, 5, 6, 7, 8, 9, 11, 14, 15, 25, 54, 91, 123], "summary": {"covered_lines": 11, "num_statements": 11, "percent_covered": 100.0, "percent_covered_display": "100", "missing_lines": 0, "excluded_lines": 0, "percent_statements_covered": 100.0, "percent_statements_covered_display": "100"}, "missing_lines": [], "excluded_lines": []}}}, "strepsuis_genphennet/cli.py": {"executed_lines": [], "summary": {"covered_lines": 0, "num_statements": 36, "percent_covered": 0.0, "percent_covered_display": "0", "missing_lines": 36, "excluded_lines": 0, "percent_statements_covered": 0.0, "percent_statements_covered_display": "0"}, "missing_lines": [5, 6, 7, 9, 10, 11, 14, 16, 17, 24, 26, 31, 33, 37, 44, 48, 52, 54, 56, 57, 59, 60, 67, 68, 69, 71, 72, 74, 76, 77, 79, 81, 82, 83, 86, 87], "excluded_lines": [], "functions": {"setup_logging": {"executed_lines": [], "summary": {"covered_lines": 0, "num_statements": 2, "percent_covered": 0.0, "percent_covered_display": "0", "missing_lines": 2, "excluded_lines": 0, "percent_statements_covered": 0.0, "percent_statements_covered_display": "0"}, "missing_lines": [16, 17], "excluded_lines": []}, "main": {"executed_lines": [], "summary": {"covered_lines": 0, "num_statements": 24, "percent_covered": 0.0, "percent_covered_display": "0", "missing_lines": 24, "excluded_lines": 0, "percent_statements_covered": 0.0, "percent_statements_covered_display": "0"}, "missing_lines": [26, 31, 33, 37, 44, 48, 52, 54, 56, 57, 59, 60, 67, 68, 69, 71, 72, 74, 76, 77, 79, 81, 82, 83], "excluded_lines": []}, "": {"executed_lines": [], "summary": {"covered_lines": 0, "num_statements": 10, "percent_covered": 0.0, "percent_covered_display": "0", "missing_lines": 10, "excluded_lines": 0, "percent_statements_covered": 0.0, "percent_statements_covered_display": "0"}, "missing_lines": [5, 6, 7, 9, 10, 11, 14, 24, 86, 87], "excluded_lines": []}}, "classes": {"": {"executed_lines": [], "summary": {"covered_lines": 0, "num_statements": 36, "percent_covered": 0.0, "percent_covered_display": "0", "missing_lines": 36, "excluded_lines": 0, "percent_statements_covered": 0.0, "percent_statements_covered_display": "0"}, "missing_lines": [5, 6, 7, 9, 10, 11, 14, 16, 17, 24, 26, 31, 33, 37, 44, 48, 52, 54, 56, 57, 59, 60, 67, 68, 69, 71, 72, 74, 76, 77, 79, 81, 82, 83, 86, 87], "excluded_lines": []}}}, "strepsuis_genphennet/config.py": {"executed_lines": [1, 7, 8, 11, 12, 13, 16, 17, 20, 21, 22, 25, 26, 27, 28, 31, 33, 35, 36, 38, 40, 41, 43, 44, 46, 47, 49], "summary": {"covered_lines": 25, "num_statements": 25, "percent_covered": 100.0, "percent_covered_display": "100", "missing_lines": 0, "excluded_lines": 0, "percent_statements_covered": 100.0, "percent_statements_covered_display": "100"}, "missing_lines": [], "excluded_lines": [], "functions": {"Config.__post_init__": {"executed_lines": [35, 36, 38, 40, 41, 43, 44], "summary": {"covered_lines": 7, "num_statements": 7, "percent_covered": 100.0, "percent_covered_display": "100", "missing_lines": 0, "excluded_lines": 0, "percent_statements_covered": 100.0, "percent_statements_covered_display": "100"}, "missing_lines": [], "excluded_lines": []}, "Config.from_dict": {"executed_lines": [49], "summary": {"covered_lines": 1, "num_statements": 1, "percent_covered": 100.0, "percent_covered_display": "100", "missing_lines": 0, "excluded_lines": 0, "percent_statements_covered": 100.0, "percent_statements_covered_display": "100"}, "missing_lines": [], "excluded_lines": []}, "": {"executed_lines": [1, 7, 8, 11, 12, 13, 16, 17, 20, 21, 22, 25, 26, 27, 28, 31, 33, 46, 47], "summary": {"covered_lines": 17, "num_statements": 17, "percent_covered": 100.0, "percent_covered_display": "100", "missing_lines": 0, "excluded_lines": 0, "percent_statements_covered": 100.0, "percent_statements_covered_display": "100"}, "missing_lines": [], "excluded_lines": []}}, "classes": {"Config": {"executed_lines": [35, 36, 38, 40, 41, 43, 44, 49], "summary": {"covered_lines": 8, "num_statements": 8, "percent_covered": 100.0, "percent_covered_display": "100", "missing_lines": 0, "excluded_lines": 0, "percent_statements_covered": 100.0, "percent_statements_covered_display": "100"}, "missing_lines": [], "excluded_lines": []}, "": {"executed_lines": [1, 7, 8, 11, 12, 13, 16, 17, 20, 21, 22, 25, 26, 27, 28, 31, 33, 46, 47], "summary": {"covered_lines": 17, "num_statements": 17, "percent_covered": 100.0, "percent_covered_display": "100", "missing_lines": 0, "excluded_lines": 0, "percent_statements_covered": 100.0, "percent_statements_covered_display": "100"}, "missing_lines": [], "excluded_lines": []}}}, "strepsuis_genphennet/excel_report_utils.py": {"executed_lines": [], "summary": {"covered_lines": 0, "num_statements": 138, "percent_covered": 0.0, "percent_covered_display": "0", "missing_lines": 138, "excluded_lines": 0, "percent_statements_covered": 0.0, "percent_statements_covered_display": "0"}, "missing_lines": [7, 8, 10, 11, 14, 17, 24, 25, 26, 27, 29, 42, 43, 44, 45, 46, 47, 49, 63, 64, 65, 66, 67, 69, 83, 84, 85, 86, 88, 89, 90, 91, 92, 94, 104, 105, 107, 118, 119, 120, 122, 123, 126, 127, 128, 130, 138, 140, 141, 142, 143, 144, 146, 148, 150, 153, 154, 155, 156, 157, 158, 159, 160, 161, 162, 163, 164, 166, 173, 174, 176, 178, 179, 180, 181, 183, 184, 187, 188, 189, 190, 192, 203, 205, 207, 208, 209, 212, 213, 214, 215, 218, 219, 221, 222, 223, 225, 228, 229, 230, 231, 232, 233, 234, 235, 236, 237, 238, 239, 241, 255, 256, 257, 260, 262, 265, 266, 269, 270, 272, 273, 276, 279, 281, 282, 283, 284, 285, 286, 288, 291, 304, 305, 306, 307, 310, 311, 313], "excluded_lines": [], "functions": {"ExcelReportGenerator.__init__": {"executed_lines": [], "summary": {"covered_lines": 0, "num_statements": 4, "percent_covered": 0.0, "percent_covered_display": "0", "missing_lines": 4, "excluded_lines": 0, "percent_statements_covered": 0.0, "percent_statements_covered_display": "0"}, "missing_lines": [24, 25, 26, 27], "excluded_lines": []}, "ExcelReportGenerator.save_matplotlib_figure": {"executed_lines": [], "summary": {"covered_lines": 0, "num_statements": 6, "percent_covered": 0.0, "percent_covered_display": "0", "missing_lines": 6, "excluded_lines": 0, "percent_statements_covered": 0.0, "percent_statements_covered_display": "0"}, "missing_lines": [42, 43, 44, 45, 46, 47], "excluded_lines": []}, "ExcelReportGenerator.save_plotly_figure": {"executed_lines": [], "summary": {"covered_lines": 0, "num_statements": 5, "percent_covered": 0.0, "percent_covered_display": "0", "missing_lines": 5, "excluded_lines": 0, "percent_statements_covered": 0.0, "percent_statements_covered_display": "0"}, "missing_lines": [63, 64, 65, 66, 67], "excluded_lines": []}, "ExcelReportGenerator.save_plotly_figure_fallback": {"executed_lines": [], "summary": {"covered_lines": 0, "num_statements": 9, "percent_covered": 0.0, "percent_covered_display": "0", "missing_lines": 9, "excluded_lines": 0, "percent_statements_covered": 0.0, "percent_statements_covered_display": "0"}, "missing_lines": [83, 84, 85, 86, 88, 89, 90, 91, 92], "excluded_lines": []}, "ExcelReportGenerator.create_metadata_sheet": {"executed_lines": [], "summary": {"covered_lines": 0, "num_statements": 11, "percent_covered": 0.0, "percent_covered_display": "0", "missing_lines": 11, "excluded_lines": 0, "percent_statements_covered": 0.0, "percent_statements_covered_display": "0"}, "missing_lines": [104, 105, 107, 118, 119, 120, 122, 123, 126, 127, 128], "excluded_lines": []}, "ExcelReportGenerator.create_methodology_sheet": {"executed_lines": [], "summary": {"covered_lines": 0, "num_statements": 21, "percent_covered": 0.0, "percent_covered_display": "0", "missing_lines": 21, "excluded_lines": 0, "percent_statements_covered": 0.0, "percent_statements_covered_display": "0"}, "missing_lines": [138, 140, 141, 142, 143, 144, 146, 148, 150, 153, 154, 155, 156, 157, 158, 159, 160, 161, 162, 163, 164], "excluded_lines": []}, "ExcelReportGenerator.create_chart_index_sheet": {"executed_lines": [], "summary": {"covered_lines": 0, "num_statements": 13, "percent_covered": 0.0, "percent_covered_display": "0", "missing_lines": 13, "excluded_lines": 0, "percent_statements_covered": 0.0, "percent_statements_covered_display": "0"}, "missing_lines": [173, 174, 176, 178, 179, 180, 181, 183, 184, 187, 188, 189, 190], "excluded_lines": []}, "ExcelReportGenerator.add_dataframe_sheet": {"executed_lines": [], "summary": {"covered_lines": 0, "num_statements": 27, "percent_covered": 0.0, "percent_covered_display": "0", "missing_lines": 27, "excluded_lines": 0, "percent_statements_covered": 0.0, "percent_statements_covered_display": "0"}, "missing_lines": [203, 205, 207, 208, 209, 212, 213, 214, 215, 218, 219, 221, 222, 223, 225, 228, 229, 230, 231, 232, 233, 234, 235, 236, 237, 238, 239], "excluded_lines": []}, "ExcelReportGenerator.generate_excel_report": {"executed_lines": [], "summary": {"covered_lines": 0, "num_statements": 20, "percent_covered": 0.0, "percent_covered_display": "0", "missing_lines": 20, "excluded_lines": 0, "percent_statements_covered": 0.0, "percent_statements_covered_display": "0"}, "missing_lines": [255, 256, 257, 260, 262, 265, 266, 269, 270, 272, 273, 276, 279, 281, 282, 283, 284, 285, 286, 288], "excluded_lines": []}, "sanitize_sheet_name": {"executed_lines": [], "summary": {"covered_lines": 0, "num_statements": 7, "percent_covered": 0.0, "percent_covered_display": "0", "missing_lines": 7, "excluded_lines": 0, "percent_statements_covered": 0.0, "percent_statements_covered_display": "0"}, "missing_lines": [304, 305, 306, 307, 310, 311, 313], "excluded_lines": []}, "": {"executed_lines": [], "summary": {"covered_lines": 0, "num_statements": 15, "percent_covered": 0.0, "percent_covered_display": "0", "missing_lines": 15, "excluded_lines": 0, "percent_statements_covered": 0.0, "percent_statements_covered_display": "0"}, "missing_lines": [7, 8, 10, 11, 14, 17, 29, 49, 69, 94, 130, 166, 192, 241, 291], "excluded_lines": []}}, "classes": {"ExcelReportGenerator": {"executed_lines": [], "summary": {"covered_lines": 0, "num_statements": 116, "percent_covered": 0.0, "percent_covered_display": "0", "missing_lines": 116, "excluded_lines": 0, "percent_statements_covered": 0.0, "percent_statements_covered_display": "0"}, "missing_lines": [24, 25, 26, 27, 42, 43, 44, 45, 46, 47, 63, 64, 65, 66, 67, 83, 84, 85, 86, 88, 89, 90, 91, 92, 104, 105, 107, 118, 119, 120, 122, 123, 126, 127, 128, 138, 140, 141, 142, 143, 144, 146, 148, 150, 153, 154, 155, 156, 157, 158, 159, 160, 161, 162, 163, 164, 173, 174, 176, 178, 179, 180, 181, 183, 184, 187, 188, 189, 190, 203, 205, 207, 208, 209, 212, 213, 214, 215, 218, 219, 221, 222, 223, 225, 228, 229, 230, 231, 232, 233, 234, 235, 236, 237, 238, 239, 255, 256, 257, 260, 262, 265, 266, 269, 270, 272, 273, 276, 279, 281, 282, 283, 284, 285, 286, 288], "excluded_lines": []}, "": {"executed_lines": [], "summary": {"covered_lines": 0, "num_statements": 22, "percent_covered": 0.0, "percent_covered_display": "0", "missing_lines": 22, "excluded_lines": 0, "percent_statements_covered": 0.0, "percent_statements_covered_display": "0"}, "missing_lines": [7, 8, 10, 11, 14, 17, 29, 49, 69, 94, 130, 166, 192, 241, 291, 304, 305, 306, 307, 310, 311, 313], "excluded_lines": []}}}, "strepsuis_genphennet/network_analysis_core.py": {"executed_lines": [], "summary": {"covered_lines": 0, "num_statements": 586, "percent_covered": 0.0, "percent_covered_display": "0", "missing_lines": 586, "excluded_lines": 0, "percent_statements_covered": 0.0, "percent_statements_covered_display": "0"}, "missing_lines": [1, 2, 3, 4, 5, 6, 7, 8, 9, 11, 12, 14, 15, 16, 17, 18, 19, 20, 21, 22, 23, 25, 28, 29, 30, 31, 32, 33, 34, 35, 36, 37, 38, 39, 40, 41, 42, 43, 46, 47, 48, 49, 50, 51, 52, 53, 54, 55, 56, 57, 58, 59, 60, 61, 62, 65, 66, 67, 68, 69, 70, 71, 72, 73, 74, 75, 76, 77, 78, 79, 80, 81, 82, 83, 84, 85, 88, 89, 92, 93, 94, 95, 96, 97, 98, 99, 102, 103, 104, 105, 106, 107, 108, 109, 110, 111, 112, 113, 114, 115, 116, 117, 118, 119, 120, 123, 124, 125, 126, 127, 128, 129, 130, 131, 132, 133, 134, 135, 136, 137, 138, 139, 140, 143, 144, 145, 146, 147, 148, 149, 152, 153, 154, 155, 156, 157, 158, 159, 160, 161, 162, 163, 166, 167, 168, 169, 172, 173, 174, 175, 176, 177, 178, 181, 184, 185, 186, 187, 188, 189, 190, 191, 192, 193, 194, 197, 198, 199, 200, 201, 202, 203, 204, 212, 215, 218, 219, 220, 221, 222, 223, 224, 225, 226, 227, 230, 231, 232, 233, 239, 240, 241, 242, 243, 244, 245, 248, 251, 252, 253, 254, 255, 256, 257, 260, 263, 264, 265, 266, 267, 268, 269, 270, 271, 272, 275, 276, 277, 278, 279, 280, 281, 282, 283, 284, 287, 288, 289, 290, 291, 292, 293, 296, 299, 300, 301, 302, 303, 304, 305, 311, 342, 346, 355, 361, 411, 417, 463, 466, 467, 468, 471, 472, 475, 503, 506, 512, 513, 520, 521, 527, 528, 534, 535, 542, 543, 550, 551, 560, 561, 567, 568, 574, 576, 577, 580, 582, 583, 589, 595, 605, 612, 618, 623, 624, 634, 676, 679, 680, 681, 682, 684, 685, 688, 690, 691, 694, 695, 704, 705, 706, 707, 708, 711, 712, 721, 722, 723, 724, 725, 728, 729, 730, 731, 733, 734, 735, 736, 737, 740, 741, 742, 743, 744, 747, 748, 749, 750, 751, 752, 755, 756, 757, 758, 759, 760, 761, 762, 763, 765, 766, 767, 768, 771, 772, 773, 774, 775, 776, 779, 780, 781, 789, 790, 791, 792, 793, 795, 798, 799, 800, 801, 802, 803, 804, 805, 806, 808, 809, 810, 811, 812, 813, 814, 815, 817, 818, 821, 822, 823, 824, 825, 828, 829, 830, 831, 832, 833, 834, 835, 836, 837, 838, 841, 842, 843, 855, 856, 859, 864, 867, 868, 869, 870, 871, 872, 873, 876, 877, 879, 880, 881, 882, 883, 884, 885, 886, 887, 888, 889, 890, 893, 894, 895, 896, 897, 898, 899, 900, 901, 902, 903, 904, 905, 918, 929, 930, 931, 934, 937, 940, 943, 946, 948, 954, 955, 957, 963, 964, 966, 972, 973, 975, 976, 977, 979, 980, 981, 984, 985, 986, 987, 988, 989, 990, 991, 992, 993, 994, 996, 997, 998, 999, 1000, 1001, 1003, 1004, 1005, 1006, 1007, 1008, 1010, 1011, 1012, 1013, 1014, 1016, 1017, 1018, 1029, 1030, 1031, 1032, 1035, 1036, 1037, 1039, 1040, 1041, 1043, 1056, 1057, 1058, 1059, 1060, 1061, 1062, 1063, 1064, 1065, 1066, 1075, 1076, 1077, 1078, 1079, 1080, 1081, 1082, 1083, 1084, 1089, 1101, 1116, 1117, 1118, 1119, 1121, 1128, 1129, 1131, 1132, 1133, 1136, 1138, 1139, 1169, 1170, 1171, 1172, 1175, 1176, 1206, 1207, 1210, 1211, 1212, 1213, 1214, 1215, 1216, 1217, 1218, 1220, 1223, 1224, 1225, 1226, 1227, 1228, 1231, 1232, 1233, 1234, 1235, 1236, 1237, 1238, 1239, 1240, 1241, 1242, 1243, 1244, 1245, 1246, 1247, 1248, 1250, 1251, 1252, 1253, 1254, 1255, 1258, 1259], "excluded_lines": [], "functions": {"create_interactive_table": {"executed_lines": [], "summary": {"covered_lines": 0, "num_statements": 15, "percent_covered": 0.0, "percent_covered_display": "0", "missing_lines": 15, "excluded_lines": 0, "percent_statements_covered": 0.0, "percent_statements_covered_display": "0"}, "missing_lines": [29, 30, 31, 32, 33, 34, 35, 36, 37, 38, 39, 40, 41, 42, 43], "excluded_lines": []}, "create_section_summary": {"executed_lines": [], "summary": {"covered_lines": 0, "num_statements": 16, "percent_covered": 0.0, "percent_covered_display": "0", "missing_lines": 16, "excluded_lines": 0, "percent_statements_covered": 0.0, "percent_statements_covered_display": "0"}, "missing_lines": [47, 48, 49, 50, 51, 52, 53, 54, 55, 56, 57, 58, 59, 60, 61, 62], "excluded_lines": []}, "find_matching_files": {"executed_lines": [], "summary": {"covered_lines": 0, "num_statements": 20, "percent_covered": 0.0, "percent_covered_display": "0", "missing_lines": 20, "excluded_lines": 0, "percent_statements_covered": 0.0, "percent_statements_covered_display": "0"}, "missing_lines": [66, 67, 68, 69, 70, 71, 72, 73, 74, 75, 76, 77, 78, 79, 80, 81, 82, 83, 84, 85], "excluded_lines": []}, "get_centrality": {"executed_lines": [], "summary": {"covered_lines": 0, "num_statements": 1, "percent_covered": 0.0, "percent_covered_display": "0", "missing_lines": 1, "excluded_lines": 0, "percent_statements_covered": 0.0, "percent_statements_covered_display": "0"}, "missing_lines": [89], "excluded_lines": []}, "expand_categories": {"executed_lines": [], "summary": {"covered_lines": 0, "num_statements": 7, "percent_covered": 0.0, "percent_covered_display": "0", "missing_lines": 7, "excluded_lines": 0, "percent_statements_covered": 0.0, "percent_statements_covered_display": "0"}, "missing_lines": [93, 94, 95, 96, 97, 98, 99], "excluded_lines": []}, "chi2_phi": {"executed_lines": [], "summary": {"covered_lines": 0, "num_statements": 18, "percent_covered": 0.0, "percent_covered_display": "0", "missing_lines": 18, "excluded_lines": 0, "percent_statements_covered": 0.0, "percent_statements_covered_display": "0"}, "missing_lines": [103, 104, 105, 106, 107, 108, 109, 110, 111, 112, 113, 114, 115, 116, 117, 118, 119, 120], "excluded_lines": []}, "cramers_v": {"executed_lines": [], "summary": {"covered_lines": 0, "num_statements": 17, "percent_covered": 0.0, "percent_covered_display": "0", "missing_lines": 17, "excluded_lines": 0, "percent_statements_covered": 0.0, "percent_statements_covered_display": "0"}, "missing_lines": [124, 125, 126, 127, 128, 129, 130, 131, 132, 133, 134, 135, 136, 137, 138, 139, 140], "excluded_lines": []}, "calculate_entropy": {"executed_lines": [], "summary": {"covered_lines": 0, "num_statements": 6, "percent_covered": 0.0, "percent_covered_display": "0", "missing_lines": 6, "excluded_lines": 0, "percent_statements_covered": 0.0, "percent_statements_covered_display": "0"}, "missing_lines": [144, 145, 146, 147, 148, 149], "excluded_lines": []}, "conditional_entropy": {"executed_lines": [], "summary": {"covered_lines": 0, "num_statements": 11, "percent_covered": 0.0, "percent_covered_display": "0", "missing_lines": 11, "excluded_lines": 0, "percent_statements_covered": 0.0, "percent_statements_covered_display": "0"}, "missing_lines": [153, 154, 155, 156, 157, 158, 159, 160, 161, 162, 163], "excluded_lines": []}, "information_gain": {"executed_lines": [], "summary": {"covered_lines": 0, "num_statements": 3, "percent_covered": 0.0, "percent_covered_display": "0", "missing_lines": 3, "excluded_lines": 0, "percent_statements_covered": 0.0, "percent_statements_covered_display": "0"}, "missing_lines": [167, 168, 169], "excluded_lines": []}, "normalized_mutual_info": {"executed_lines": [], "summary": {"covered_lines": 0, "num_statements": 6, "percent_covered": 0.0, "percent_covered_display": "0", "missing_lines": 6, "excluded_lines": 0, "percent_statements_covered": 0.0, "percent_statements_covered_display": "0"}, "missing_lines": [173, 174, 175, 176, 177, 178], "excluded_lines": []}, "find_mutually_exclusive": {"executed_lines": [], "summary": {"covered_lines": 0, "num_statements": 11, "percent_covered": 0.0, "percent_covered_display": "0", "missing_lines": 11, "excluded_lines": 0, "percent_statements_covered": 0.0, "percent_statements_covered_display": "0"}, "missing_lines": [184, 185, 186, 187, 188, 189, 190, 191, 192, 193, 194], "excluded_lines": []}, "get_cluster_hubs": {"executed_lines": [], "summary": {"covered_lines": 0, "num_statements": 8, "percent_covered": 0.0, "percent_covered_display": "0", "missing_lines": 8, "excluded_lines": 0, "percent_statements_covered": 0.0, "percent_statements_covered_display": "0"}, "missing_lines": [198, 199, 200, 201, 202, 203, 204, 212], "excluded_lines": []}, "adaptive_phi_threshold": {"executed_lines": [], "summary": {"covered_lines": 0, "num_statements": 10, "percent_covered": 0.0, "percent_covered_display": "0", "missing_lines": 10, "excluded_lines": 0, "percent_statements_covered": 0.0, "percent_statements_covered_display": "0"}, "missing_lines": [218, 219, 220, 221, 222, 223, 224, 225, 226, 227], "excluded_lines": []}, "create_interactive_table_with_empty": {"executed_lines": [], "summary": {"covered_lines": 0, "num_statements": 3, "percent_covered": 0.0, "percent_covered_display": "0", "missing_lines": 3, "excluded_lines": 0, "percent_statements_covered": 0.0, "percent_statements_covered_display": "0"}, "missing_lines": [231, 232, 233], "excluded_lines": []}, "summarize_by_category": {"executed_lines": [], "summary": {"covered_lines": 0, "num_statements": 7, "percent_covered": 0.0, "percent_covered_display": "0", "missing_lines": 7, "excluded_lines": 0, "percent_statements_covered": 0.0, "percent_statements_covered_display": "0"}, "missing_lines": [240, 241, 242, 243, 244, 245, 248], "excluded_lines": []}, "summarize_by_feature": {"executed_lines": [], "summary": {"covered_lines": 0, "num_statements": 7, "percent_covered": 0.0, "percent_covered_display": "0", "missing_lines": 7, "excluded_lines": 0, "percent_statements_covered": 0.0, "percent_statements_covered_display": "0"}, "missing_lines": [252, 253, 254, 255, 256, 257, 260], "excluded_lines": []}, "summarize_by_category_excl": {"executed_lines": [], "summary": {"covered_lines": 0, "num_statements": 9, "percent_covered": 0.0, "percent_covered_display": "0", "missing_lines": 9, "excluded_lines": 0, "percent_statements_covered": 0.0, "percent_statements_covered_display": "0"}, "missing_lines": [264, 265, 266, 267, 268, 269, 270, 271, 272], "excluded_lines": []}, "summarize_by_feature_excl": {"executed_lines": [], "summary": {"covered_lines": 0, "num_statements": 9, "percent_covered": 0.0, "percent_covered_display": "0", "missing_lines": 9, "excluded_lines": 0, "percent_statements_covered": 0.0, "percent_statements_covered_display": "0"}, "missing_lines": [276, 277, 278, 279, 280, 281, 282, 283, 284], "excluded_lines": []}, "summarize_by_category_network": {"executed_lines": [], "summary": {"covered_lines": 0, "num_statements": 7, "percent_covered": 0.0, "percent_covered_display": "0", "missing_lines": 7, "excluded_lines": 0, "percent_statements_covered": 0.0, "percent_statements_covered_display": "0"}, "missing_lines": [288, 289, 290, 291, 292, 293, 296], "excluded_lines": []}, "summarize_by_feature_network": {"executed_lines": [], "summary": {"covered_lines": 0, "num_statements": 6, "percent_covered": 0.0, "percent_covered_display": "0", "missing_lines": 6, "excluded_lines": 0, "percent_statements_covered": 0.0, "percent_statements_covered_display": "0"}, "missing_lines": [300, 301, 302, 303, 304, 305], "excluded_lines": []}, "generate_report_with_cluster_stats": {"executed_lines": [], "summary": {"covered_lines": 0, "num_statements": 5, "percent_covered": 0.0, "percent_covered_display": "0", "missing_lines": 5, "excluded_lines": 0, "percent_statements_covered": 0.0, "percent_statements_covered_display": "0"}, "missing_lines": [342, 346, 355, 361, 411], "excluded_lines": []}, "generate_excel_report_with_cluster_stats": {"executed_lines": [], "summary": {"covered_lines": 0, "num_statements": 35, "percent_covered": 0.0, "percent_covered_display": "0", "missing_lines": 35, "excluded_lines": 0, "percent_statements_covered": 0.0, "percent_statements_covered_display": "0"}, "missing_lines": [463, 466, 467, 468, 471, 472, 475, 503, 506, 512, 513, 520, 521, 527, 528, 534, 535, 542, 543, 550, 551, 560, 561, 567, 568, 574, 576, 577, 580, 582, 583, 589, 595, 605, 612], "excluded_lines": []}, "setup_logging": {"executed_lines": [], "summary": {"covered_lines": 0, "num_statements": 2, "percent_covered": 0.0, "percent_covered_display": "0", "missing_lines": 2, "excluded_lines": 0, "percent_statements_covered": 0.0, "percent_statements_covered_display": "0"}, "missing_lines": [623, 624], "excluded_lines": []}, "perform_full_analysis": {"executed_lines": [], "summary": {"covered_lines": 0, "num_statements": 298, "percent_covered": 0.0, "percent_covered_display": "0", "missing_lines": 298, "excluded_lines": 0, "percent_statements_covered": 0.0, "percent_statements_covered_display": "0"}, "missing_lines": [676, 679, 680, 681, 682, 684, 685, 688, 690, 691, 694, 695, 704, 705, 706, 707, 708, 711, 712, 721, 722, 723, 724, 725, 728, 729, 730, 731, 733, 734, 735, 736, 737, 740, 741, 742, 743, 744, 747, 748, 749, 750, 751, 752, 755, 756, 757, 758, 759, 760, 761, 762, 763, 765, 766, 767, 768, 771, 772, 773, 774, 775, 776, 779, 780, 781, 789, 790, 791, 792, 793, 795, 798, 799, 800, 801, 802, 803, 804, 805, 806, 808, 809, 810, 811, 812, 813, 814, 815, 817, 818, 821, 822, 823, 824, 825, 828, 829, 830, 831, 832, 833, 834, 835, 836, 837, 838, 841, 842, 843, 855, 856, 859, 864, 867, 868, 869, 870, 871, 872, 873, 876, 877, 879, 880, 881, 882, 883, 884, 885, 886, 887, 888, 889, 890, 893, 894, 895, 896, 897, 898, 899, 900, 901, 902, 903, 904, 905, 918, 929, 930, 931, 934, 937, 940, 943, 946, 948, 954, 955, 957, 963, 964, 966, 972, 973, 975, 976, 977, 979, 980, 981, 984, 985, 986, 987, 988, 989, 990, 991, 992, 993, 994, 996, 997, 998, 999, 1000, 1001, 1003, 1004, 1005, 1006, 1007, 1008, 1010, 1011, 1012, 1013, 1014, 1016, 1017, 1018, 1029, 1030, 1031, 1032, 1035, 1036, 1037, 1039, 1040, 1041, 1043, 1056, 1057, 1058, 1059, 1060, 1061, 1062, 1063, 1064, 1065, 1066, 1075, 1076, 1077, 1078, 1079, 1080, 1081, 1082, 1083, 1084, 1089, 1101, 1116, 1117, 1118, 1119, 1121, 1128, 1129, 1131, 1132, 1133, 1136, 1138, 1139, 1169, 1170, 1171, 1172, 1175, 1176, 1206, 1207, 1210, 1211, 1212, 1213, 1214, 1215, 1216, 1217, 1218, 1220, 1223, 1224, 1225, 1226, 1227, 1228, 1231, 1232, 1233, 1234, 1235, 1236, 1237, 1238, 1239, 1240, 1241, 1242, 1243, 1244, 1245, 1246, 1247, 1248, 1250, 1251, 1252, 1253, 1254, 1255], "excluded_lines": []}, "": {"executed_lines": [], "summary": {"covered_lines": 0, "num_statements": 49, "percent_covered": 0.0, "percent_covered_display": "0", "missing_lines": 49, "excluded_lines": 0, "percent_statements_covered": 0.0, "percent_statements_covered_display": "0"}, "missing_lines": [1, 2, 3, 4, 5, 6, 7, 8, 9, 11, 12, 14, 15, 16, 17, 18, 19, 20, 21, 22, 23, 25, 28, 46, 65, 88, 92, 102, 123, 143, 152, 166, 172, 181, 197, 215, 230, 239, 251, 263, 275, 287, 299, 311, 417, 618, 634, 1258, 1259], "excluded_lines": []}}, "classes": {"": {"executed_lines": [], "summary": {"covered_lines": 0, "num_statements": 586, "percent_covered": 0.0, "percent_covered_display": "0", "missing_lines": 586, "excluded_lines": 0, "percent_statements_covered": 0.0, "percent_statements_covered_display": "0"}, "missing_lines": [1, 2, 3, 4, 5, 6, 7, 8, 9, 11, 12, 14, 15, 16, 17, 18, 19, 20, 21, 22, 23, 25, 28, 29, 30, 31, 32, 33, 34, 35, 36, 37, 38, 39, 40, 41, 42, 43, 46, 47, 48, 49, 50, 51, 52, 53, 54, 55, 56, 57, 58, 59, 60, 61, 62, 65, 66, 67, 68, 69, 70, 71, 72, 73, 74, 75, 76, 77, 78, 79, 80, 81, 82, 83, 84, 85, 88, 89, 92, 93, 94, 95, 96, 97, 98, 99, 102, 103, 104, 105, 106, 107, 108, 109, 110, 111, 112, 113, 114, 115, 116, 117, 118, 119, 120, 123, 124, 125, 126, 127, 128, 129, 130, 131, 132, 133, 134, 135, 136, 137, 138, 139, 140, 143, 144, 145, 146, 147, 148, 149, 152, 153, 154, 155, 156, 157, 158, 159, 160, 161, 162, 163, 166, 167, 168, 169, 172, 173, 174, 175, 176, 177, 178, 181, 184, 185, 186, 187, 188, 189, 190, 191, 192, 193, 194, 197, 198, 199, 200, 201, 202, 203, 204, 212, 215, 218, 219, 220, 221, 222, 223, 224, 225, 226, 227, 230, 231, 232, 233, 239, 240, 241, 242, 243, 244, 245, 248, 251, 252, 253, 254, 255, 256, 257, 260, 263, 264, 265, 266, 267, 268, 269, 270, 271, 272, 275, 276, 277, 278, 279, 280, 281, 282, 283, 284, 287, 288, 289, 290, 291, 292, 293, 296, 299, 300, 301, 302, 303, 304, 305, 311, 342, 346, 355, 361, 411, 417, 463, 466, 467, 468, 471, 472, 475, 503, 506, 512, 513, 520, 521, 527, 528, 534, 535, 542, 543, 550, 551, 560, 561, 567, 568, 574, 576, 577, 580, 582, 583, 589, 595, 605, 612, 618, 623, 624, 634, 676, 679, 680, 681, 682, 684, 685, 688, 690, 691, 694, 695, 704, 705, 706, 707, 708, 711, 712, 721, 722, 723, 724, 725, 728, 729, 730, 731, 733, 734, 735, 736, 737, 740, 741, 742, 743, 744, 747, 748, 749, 750, 751, 752, 755, 756, 757, 758, 759, 760, 761, 762, 763, 765, 766, 767, 768, 771, 772, 773, 774, 775, 776, 779, 780, 781, 789, 790, 791, 792, 793, 795, 798, 799, 800, 801, 802, 803, 804, 805, 806, 808, 809, 810, 811, 812, 813, 814, 815, 817, 818, 821, 822, 823, 824, 825, 828, 829, 830, 831, 832, 833, 834, 835, 836, 837, 838, 841, 842, 843, 855, 856, 859, 864, 867, 868, 869, 870, 871, 872, 873, 876, 877, 879, 880, 881, 882, 883, 884, 885, 886, 887, 888, 889, 890, 893, 894, 895, 896, 897, 898, 899, 900, 901, 902, 903, 904, 905, 918, 929, 930, 931, 934, 937, 940, 943, 946, 948, 954, 955, 957, 963, 964, 966, 972, 973, 975, 976, 977, 979, 980, 981, 984, 985, 986, 987, 988, 989, 990, 991, 992, 993, 994, 996, 997, 998, 999, 1000, 1001, 1003, 1004, 1005, 1006, 1007, 1008, 1010, 1011, 1012, 1013, 1014, 1016, 1017, 1018, 1029, 1030, 1031, 1032, 1035, 1036, 1037, 1039, 1040, 1041, 1043, 1056, 1057, 1058, 1059, 1060, 1061, 1062, 1063, 1064, 1065, 1066, 1075, 1076, 1077, 1078, 1079, 1080, 1081, 1082, 1083, 1084, 1089, 1101, 1116, 1117, 1118, 1119, 1121, 1128, 1129, 1131, 1132, 1133, 1136, 1138, 1139, 1169, 1170, 1171, 1172, 1175, 1176, 1206, 1207, 1210, 1211, 1212, 1213, 1214, 1215, 1216, 1217, 1218, 1220, 1223, 1224, 1225, 1226, 1227, 1228, 1231, 1232, 1233, 1234, 1235, 1236, 1237, 1238, 1239, 1240, 1241, 1242, 1243, 1244, 1245, 1246, 1247, 1248, 1250, 1251, 1252, 1253, 1254, 1255, 1258, 1259], "excluded_lines": []}}}, "tests/__init__.py": {"executed_lines": [0], "summary": {"covered_lines": 0, "num_statements": 0, "percent_covered": 100.0, "percent_covered_display": "100", "missing_lines": 0, "excluded_lines": 0, "percent_statements_covered": 100.0, "percent_statements_covered_display": "100"}, "missing_lines": [], "excluded_lines": [], "functions": {"": {"executed_lines": [], "summary": {"covered_lines": 0, "num_statements": 0, "percent_covered": 100.0, "percent_covered_display": "100", "missing_lines": 0, "excluded_lines": 0, "percent_statements_covered": 100.0, "percent_statements_covered_display": "100"}, "missing_lines": [], "excluded_lines": []}}, "classes": {"": {"executed_lines": [], "summary": {"covered_lines": 0, "num_statements": 0, "percent_covered": 100.0, "percent_covered_display": "100", "missing_lines": 0, "excluded_lines": 0, "percent_statements_covered": 100.0, "percent_statements_covered_display": "100"}, "missing_lines": [], "excluded_lines": []}}}, "tests/conftest.py": {"executed_lines": [1, 5, 6, 8, 11, 12, 28, 29, 36, 37], "summary": {"covered_lines": 9, "num_statements": 22, "percent_covered": 40.90909090909091, "percent_covered_display": "41", "missing_lines": 13, "excluded_lines": 0, "percent_statements_covered": 40.90909090909091, "percent_statements_covered_display": "41"}, "missing_lines": [14, 15, 18, 19, 20, 21, 22, 23, 25, 31, 32, 33, 39], "excluded_lines": [], "functions": {"data_dir": {"executed_lines": [], "summary": {"covered_lines": 0, "num_statements": 9, "percent_covered": 0.0, "percent_covered_display": "0", "missing_lines": 9, "excluded_lines": 0, "percent_statements_covered": 0.0, "percent_statements_covered_display": "0"}, "missing_lines": [14, 15, 18, 19, 20, 21, 22, 23, 25], "excluded_lines": []}, "output_dir": {"executed_lines": [], "summary": {"covered_lines": 0, "num_statements": 3, "percent_covered": 0.0, "percent_covered_display": "0", "missing_lines": 3, "excluded_lines": 0, "percent_statements_covered": 0.0, "percent_statements_covered_display": "0"}, "missing_lines": [31, 32, 33], "excluded_lines": []}, "sample_csv_data": {"executed_lines": [], "summary": {"covered_lines": 0, "num_statements": 1, "percent_covered": 0.0, "percent_covered_display": "0", "missing_lines": 1, "excluded_lines": 0, "percent_statements_covered": 0.0, "percent_statements_covered_display": "0"}, "missing_lines": [39], "excluded_lines": []}, "": {"executed_lines": [1, 5, 6, 8, 11, 12, 28, 29, 36, 37], "summary": {"covered_lines": 9, "num_statements": 9, "percent_covered": 100.0, "percent_covered_display": "100", "missing_lines": 0, "excluded_lines": 0, "percent_statements_covered": 100.0, "percent_statements_covered_display": "100"}, "missing_lines": [], "excluded_lines": []}}, "classes": {"": {"executed_lines": [1, 5, 6, 8, 11, 12, 28, 29, 36, 37], "summary": {"covered_lines": 9, "num_statements": 22, "percent_covered": 40.90909090909091, "percent_covered_display": "41", "missing_lines": 13, "excluded_lines": 0, "percent_statements_covered": 40.90909090909091, "percent_statements_covered_display": "41"}, "missing_lines": [14, 15, 18, 19, 20, 21, 22, 23, 25, 31, 32, 33, 39], "excluded_lines": []}}}, "tests/test_analyzer.py": {"executed_lines": [], "summary": {"covered_lines": 0, "num_statements": 91, "percent_covered": 0.0, "percent_covered_display": "0", "missing_lines": 91, "excluded_lines": 0, "percent_statements_covered": 0.0, "percent_statements_covered_display": "0"}, "missing_lines": [3, 5, 6, 8, 9, 12, 13, 15, 16, 19, 22, 23, 26, 28, 29, 30, 31, 34, 36, 37, 38, 39, 40, 43, 45, 46, 48, 49, 50, 53, 55, 56, 57, 58, 59, 60, 63, 65, 66, 67, 68, 71, 72, 73, 76, 77, 78, 81, 83, 84, 87, 90, 92, 93, 96, 99, 101, 102, 103, 106, 108, 109, 110, 111, 114, 116, 118, 119, 122, 123, 126, 129, 131, 132, 133, 134, 137, 143, 145, 146, 149, 150, 153, 154, 155, 156, 159, 161, 164, 166, 169], "excluded_lines": [], "functions": {"sample_data": {"executed_lines": [], "summary": {"covered_lines": 0, "num_statements": 5, "percent_covered": 0.0, "percent_covered_display": "0", "missing_lines": 5, "excluded_lines": 0, "percent_statements_covered": 0.0, "percent_statements_covered_display": "0"}, "missing_lines": [15, 16, 19, 22, 23], "excluded_lines": []}, "test_analyzer_initialization": {"executed_lines": [], "summary": {"covered_lines": 0, "num_statements": 4, "percent_covered": 0.0, "percent_covered_display": "0", "missing_lines": 4, "excluded_lines": 0, "percent_statements_covered": 0.0, "percent_statements_covered_display": "0"}, "missing_lines": [28, 29, 30, 31], "excluded_lines": []}, "test_analyzer_initialization_with_config": {"executed_lines": [], "summary": {"covered_lines": 0, "num_statements": 5, "percent_covered": 0.0, "percent_covered_display": "0", "missing_lines": 5, "excluded_lines": 0, "percent_statements_covered": 0.0, "percent_statements_covered_display": "0"}, "missing_lines": [36, 37, 38, 39, 40], "excluded_lines": []}, "test_load_data": {"executed_lines": [], "summary": {"covered_lines": 0, "num_statements": 5, "percent_covered": 0.0, "percent_covered_display": "0", "missing_lines": 5, "excluded_lines": 0, "percent_statements_covered": 0.0, "percent_statements_covered_display": "0"}, "missing_lines": [45, 46, 48, 49, 50], "excluded_lines": []}, "test_analysis_execution": {"executed_lines": [], "summary": {"covered_lines": 0, "num_statements": 6, "percent_covered": 0.0, "percent_covered_display": "0", "missing_lines": 6, "excluded_lines": 0, "percent_statements_covered": 0.0, "percent_statements_covered_display": "0"}, "missing_lines": [55, 56, 57, 58, 59, 60], "excluded_lines": []}, "test_output_generation": {"executed_lines": [], "summary": {"covered_lines": 0, "num_statements": 10, "percent_covered": 0.0, "percent_covered_display": "0", "missing_lines": 10, "excluded_lines": 0, "percent_statements_covered": 0.0, "percent_statements_covered_display": "0"}, "missing_lines": [65, 66, 67, 68, 71, 72, 73, 76, 77, 78], "excluded_lines": []}, "test_analyzer_with_bootstrap": {"executed_lines": [], "summary": {"covered_lines": 0, "num_statements": 3, "percent_covered": 0.0, "percent_covered_display": "0", "missing_lines": 3, "excluded_lines": 0, "percent_statements_covered": 0.0, "percent_statements_covered_display": "0"}, "missing_lines": [83, 84, 87], "excluded_lines": []}, "test_analyzer_with_fdr_alpha": {"executed_lines": [], "summary": {"covered_lines": 0, "num_statements": 3, "percent_covered": 0.0, "percent_covered_display": "0", "missing_lines": 3, "excluded_lines": 0, "percent_statements_covered": 0.0, "percent_statements_covered_display": "0"}, "missing_lines": [92, 93, 96], "excluded_lines": []}, "test_analyzer_invalid_data_dir": {"executed_lines": [], "summary": {"covered_lines": 0, "num_statements": 3, "percent_covered": 0.0, "percent_covered_display": "0", "missing_lines": 3, "excluded_lines": 0, "percent_statements_covered": 0.0, "percent_statements_covered_display": "0"}, "missing_lines": [101, 102, 103], "excluded_lines": []}, "test_generate_report_without_results": {"executed_lines": [], "summary": {"covered_lines": 0, "num_statements": 4, "percent_covered": 0.0, "percent_covered_display": "0", "missing_lines": 4, "excluded_lines": 0, "percent_statements_covered": 0.0, "percent_statements_covered_display": "0"}, "missing_lines": [108, 109, 110, 111], "excluded_lines": []}, "test_reproducibility": {"executed_lines": [], "summary": {"covered_lines": 0, "num_statements": 5, "percent_covered": 0.0, "percent_covered_display": "0", "missing_lines": 5, "excluded_lines": 0, "percent_statements_covered": 0.0, "percent_statements_covered_display": "0"}, "missing_lines": [116, 118, 119, 122, 123], "excluded_lines": []}, "test_empty_data_handling": {"executed_lines": [], "summary": {"covered_lines": 0, "num_statements": 6, "percent_covered": 0.0, "percent_covered_display": "0", "missing_lines": 6, "excluded_lines": 0, "percent_statements_covered": 0.0, "percent_statements_covered_display": "0"}, "missing_lines": [129, 131, 132, 133, 134, 137], "excluded_lines": []}, "test_multiple_runs": {"executed_lines": [], "summary": {"covered_lines": 0, "num_statements": 8, "percent_covered": 0.0, "percent_covered_display": "0", "missing_lines": 8, "excluded_lines": 0, "percent_statements_covered": 0.0, "percent_statements_covered_display": "0"}, "missing_lines": [145, 146, 149, 150, 153, 154, 155, 156], "excluded_lines": []}, "test_output_directory_creation": {"executed_lines": [], "summary": {"covered_lines": 0, "num_statements": 4, "percent_covered": 0.0, "percent_covered_display": "0", "missing_lines": 4, "excluded_lines": 0, "percent_statements_covered": 0.0, "percent_statements_covered_display": "0"}, "missing_lines": [161, 164, 166, 169], "excluded_lines": []}, "": {"executed_lines": [], "summary": {"covered_lines": 0, "num_statements": 20, "percent_covered": 0.0, "percent_covered_display": "0", "missing_lines": 20, "excluded_lines": 0, "percent_statements_covered": 0.0, "percent_statements_covered_display": "0"}, "missing_lines": [3, 5, 6, 8, 9, 12, 13, 26, 34, 43, 53, 63, 81, 90, 99, 106, 114, 126, 143, 159], "excluded_lines": []}}, "classes": {"": {"executed_lines": [], "summary": {"covered_lines": 0, "num_statements": 91, "percent_covered": 0.0, "percent_covered_display": "0", "missing_lines": 91, "excluded_lines": 0, "percent_statements_covered": 0.0, "percent_statements_covered_display": "0"}, "missing_lines": [3, 5, 6, 8, 9, 12, 13, 15, 16, 19, 22, 23, 26, 28, 29, 30, 31, 34, 36, 37, 38, 39, 40, 43, 45, 46, 48, 49, 50, 53, 55, 56, 57, 58, 59, 60, 63, 65, 66, 67, 68, 71, 72, 73, 76, 77, 78, 81, 83, 84, 87, 90, 92, 93, 96, 99, 101, 102, 103, 106, 108, 109, 110, 111, 114, 116, 118, 119, 122, 123, 126, 129, 131, 132, 133, 134, 137, 143, 145, 146, 149, 150, 153, 154, 155, 156, 159, 161, 164, 166, 169], "excluded_lines": []}}}, "tests/test_basic.py": {"executed_lines": [1, 7, 9, 12, 14, 17, 19, 21, 22, 25, 27, 29, 31, 32, 35, 37, 39, 41, 42, 45, 46, 48, 50, 51, 52, 53], "summary": {"covered_lines": 25, "num_statements": 25, "percent_covered": 100.0, "percent_covered_display": "100", "missing_lines": 0, "excluded_lines": 0, "percent_statements_covered": 100.0, "percent_statements_covered_display": "100"}, "missing_lines": [], "excluded_lines": [], "functions": {"test_version": {"executed_lines": [14], "summary": {"covered_lines": 1, "num_statements": 1, "percent_covered": 100.0, "percent_covered_display": "100", "missing_lines": 0, "excluded_lines": 0, "percent_statements_covered": 100.0, "percent_statements_covered_display": "100"}, "missing_lines": [], "excluded_lines": []}, "test_imports": {"executed_lines": [19, 21, 22], "summary": {"covered_lines": 3, "num_statements": 3, "percent_covered": 100.0, "percent_covered_display": "100", "missing_lines": 0, "excluded_lines": 0, "percent_statements_covered": 100.0, "percent_statements_covered_display": "100"}, "missing_lines": [], "excluded_lines": []}, "test_config_initialization": {"executed_lines": [27, 29, 31, 32], "summary": {"covered_lines": 4, "num_statements": 4, "percent_covered": 100.0, "percent_covered_display": "100", "missing_lines": 0, "excluded_lines": 0, "percent_statements_covered": 100.0, "percent_statements_covered_display": "100"}, "missing_lines": [], "excluded_lines": []}, "test_analyzer_initialization": {"executed_lines": [37, 39, 41, 42], "summary": {"covered_lines": 4, "num_statements": 4, "percent_covered": 100.0, "percent_covered_display": "100", "missing_lines": 0, "excluded_lines": 0, "percent_statements_covered": 100.0, "percent_statements_covered_display": "100"}, "missing_lines": [], "excluded_lines": []}, "test_example_data_exists": {"executed_lines": [48, 50, 51, 52, 53], "summary": {"covered_lines": 5, "num_statements": 5, "percent_covered": 100.0, "percent_covered_display": "100", "missing_lines": 0, "excluded_lines": 0, "percent_statements_covered": 100.0, "percent_statements_covered_display": "100"}, "missing_lines": [], "excluded_lines": []}, "": {"executed_lines": [1, 7, 9, 12, 17, 25, 35, 45, 46], "summary": {"covered_lines": 8, "num_statements": 8, "percent_covered": 100.0, "percent_covered_display": "100", "missing_lines": 0, "excluded_lines": 0, "percent_statements_covered": 100.0, "percent_statements_covered_display": "100"}, "missing_lines": [], "excluded_lines": []}}, "classes": {"": {"executed_lines": [1, 7, 9, 12, 14, 17, 19, 21, 22, 25, 27, 29, 31, 32, 35, 37, 39, 41, 42, 45, 46, 48, 50, 51, 52, 53], "summary": {"covered_lines": 25, "num_statements": 25, "percent_covered": 100.0, "percent_covered_display": "100", "missing_lines": 0, "excluded_lines": 0, "percent_statements_covered": 100.0, "percent_statements_covered_display": "100"}, "missing_lines": [], "excluded_lines": []}}}, "tests/test_cli.py": {"executed_lines": [], "summary": {"covered_lines": 0, "num_statements": 68, "percent_covered": 0.0, "percent_covered_display": "0", "missing_lines": 68, "excluded_lines": 0, "percent_statements_covered": 0.0, "percent_statements_covered_display": "0"}, "missing_lines": [3, 4, 5, 7, 9, 12, 14, 15, 16, 17, 18, 19, 22, 24, 25, 26, 27, 28, 29, 32, 34, 35, 36, 37, 40, 42, 43, 44, 46, 48, 49, 51, 62, 63, 66, 68, 69, 70, 71, 73, 74, 76, 89, 90, 93, 95, 96, 97, 98, 100, 101, 103, 116, 117, 120, 122, 123, 124, 125, 127, 128, 130, 142, 143, 146, 148, 153, 154], "excluded_lines": [], "functions": {"test_cli_help": {"executed_lines": [], "summary": {"covered_lines": 0, "num_statements": 6, "percent_covered": 0.0, "percent_covered_display": "0", "missing_lines": 6, "excluded_lines": 0, "percent_statements_covered": 0.0, "percent_statements_covered_display": "0"}, "missing_lines": [14, 15, 16, 17, 18, 19], "excluded_lines": []}, "test_cli_version": {"executed_lines": [], "summary": {"covered_lines": 0, "num_statements": 6, "percent_covered": 0.0, "percent_covered_display": "0", "missing_lines": 6, "excluded_lines": 0, "percent_statements_covered": 0.0, "percent_statements_covered_display": "0"}, "missing_lines": [24, 25, 26, 27, 28, 29], "excluded_lines": []}, "test_cli_missing_required_args": {"executed_lines": [], "summary": {"covered_lines": 0, "num_statements": 4, "percent_covered": 0.0, "percent_covered_display": "0", "missing_lines": 4, "excluded_lines": 0, "percent_statements_covered": 0.0, "percent_statements_covered_display": "0"}, "missing_lines": [34, 35, 36, 37], "excluded_lines": []}, "test_cli_with_valid_args": {"executed_lines": [], "summary": {"covered_lines": 0, "num_statements": 9, "percent_covered": 0.0, "percent_covered_display": "0", "missing_lines": 9, "excluded_lines": 0, "percent_statements_covered": 0.0, "percent_statements_covered_display": "0"}, "missing_lines": [42, 43, 44, 46, 48, 49, 51, 62, 63], "excluded_lines": []}, "test_cli_with_bootstrap_option": {"executed_lines": [], "summary": {"covered_lines": 0, "num_statements": 9, "percent_covered": 0.0, "percent_covered_display": "0", "missing_lines": 9, "excluded_lines": 0, "percent_statements_covered": 0.0, "percent_statements_covered_display": "0"}, "missing_lines": [68, 69, 70, 71, 73, 74, 76, 89, 90], "excluded_lines": []}, "test_cli_with_fdr_alpha_option": {"executed_lines": [], "summary": {"covered_lines": 0, "num_statements": 9, "percent_covered": 0.0, "percent_covered_display": "0", "missing_lines": 9, "excluded_lines": 0, "percent_statements_covered": 0.0, "percent_statements_covered_display": "0"}, "missing_lines": [95, 96, 97, 98, 100, 101, 103, 116, 117], "excluded_lines": []}, "test_cli_with_verbose_option": {"executed_lines": [], "summary": {"covered_lines": 0, "num_statements": 9, "percent_covered": 0.0, "percent_covered_display": "0", "missing_lines": 9, "excluded_lines": 0, "percent_statements_covered": 0.0, "percent_statements_covered_display": "0"}, "missing_lines": [122, 123, 124, 125, 127, 128, 130, 142, 143], "excluded_lines": []}, "test_cli_with_invalid_data_dir": {"executed_lines": [], "summary": {"covered_lines": 0, "num_statements": 3, "percent_covered": 0.0, "percent_covered_display": "0", "missing_lines": 3, "excluded_lines": 0, "percent_statements_covered": 0.0, "percent_statements_covered_display": "0"}, "missing_lines": [148, 153, 154], "excluded_lines": []}, "": {"executed_lines": [], "summary": {"covered_lines": 0, "num_statements": 13, "percent_covered": 0.0, "percent_covered_display": "0", "missing_lines": 13, "excluded_lines": 0, "percent_statements_covered": 0.0, "percent_statements_covered_display": "0"}, "missing_lines": [3, 4, 5, 7, 9, 12, 22, 32, 40, 66, 93, 120, 146], "excluded_lines": []}}, "classes": {"": {"executed_lines": [], "summary": {"covered_lines": 0, "num_statements": 68, "percent_covered": 0.0, "percent_covered_display": "0", "missing_lines": 68, "excluded_lines": 0, "percent_statements_covered": 0.0, "percent_statements_covered_display": "0"}, "missing_lines": [3, 4, 5, 7, 9, 12, 14, 15, 16, 17, 18, 19, 22, 24, 25, 26, 27, 28, 29, 32, 34, 35, 36, 37, 40, 42, 43, 44, 46, 48, 49, 51, 62, 63, 66, 68, 69, 70, 71, 73, 74, 76, 89, 90, 93, 95, 96, 97, 98, 100, 101, 103, 116, 117, 120, 122, 123, 124, 125, 127, 128, 130, 142, 143, 146, 148, 153, 154], "excluded_lines": []}}}, "tests/test_config.py": {"executed_lines": [1, 3, 4, 6, 8, 11, 13, 14, 15, 16, 17, 18, 19, 20, 23, 25, 26, 33, 34, 35, 38, 40, 41, 44, 46, 47, 48, 49, 50, 53, 55, 56, 57, 60, 62, 63, 64, 65, 68, 70, 71, 77, 78, 79, 82, 84, 85, 86, 87, 88, 89, 90, 93, 95, 96, 97], "summary": {"covered_lines": 55, "num_statements": 55, "percent_covered": 100.0, "percent_covered_display": "100", "missing_lines": 0, "excluded_lines": 0, "percent_statements_covered": 100.0, "percent_statements_covered_display": "100"}, "missing_lines": [], "excluded_lines": [], "functions": {"test_config_defaults": {"executed_lines": [13, 14, 15, 16, 17, 18, 19, 20], "summary": {"covered_lines": 8, "num_statements": 8, "percent_covered": 100.0, "percent_covered_display": "100", "missing_lines": 0, "excluded_lines": 0, "percent_statements_covered": 100.0, "percent_statements_covered_display": "100"}, "missing_lines": [], "excluded_lines": []}, "test_config_custom_values": {"executed_lines": [25, 26, 33, 34, 35], "summary": {"covered_lines": 5, "num_statements": 5, "percent_covered": 100.0, "percent_covered_display": "100", "missing_lines": 0, "excluded_lines": 0, "percent_statements_covered": 100.0, "percent_statements_covered_display": "100"}, "missing_lines": [], "excluded_lines": []}, "test_config_data_dir_validation": {"executed_lines": [40, 41], "summary": {"covered_lines": 2, "num_statements": 2, "percent_covered": 100.0, "percent_covered_display": "100", "missing_lines": 0, "excluded_lines": 0, "percent_statements_covered": 100.0, "percent_statements_covered_display": "100"}, "missing_lines": [], "excluded_lines": []}, "test_config_fdr_alpha_validation": {"executed_lines": [46, 47, 48, 49, 50], "summary": {"covered_lines": 5, "num_statements": 5, "percent_covered": 100.0, "percent_covered_display": "100", "missing_lines": 0, "excluded_lines": 0, "percent_statements_covered": 100.0, "percent_statements_covered_display": "100"}, "missing_lines": [], "excluded_lines": []}, "test_config_bootstrap_validation": {"executed_lines": [55, 56, 57], "summary": {"covered_lines": 3, "num_statements": 3, "percent_covered": 100.0, "percent_covered_display": "100", "missing_lines": 0, "excluded_lines": 0, "percent_statements_covered": 100.0, "percent_statements_covered_display": "100"}, "missing_lines": [], "excluded_lines": []}, "test_config_output_dir_creation": {"executed_lines": [62, 63, 64, 65], "summary": {"covered_lines": 4, "num_statements": 4, "percent_covered": 100.0, "percent_covered_display": "100", "missing_lines": 0, "excluded_lines": 0, "percent_statements_covered": 100.0, "percent_statements_covered_display": "100"}, "missing_lines": [], "excluded_lines": []}, "test_config_from_dict": {"executed_lines": [70, 71, 77, 78, 79], "summary": {"covered_lines": 5, "num_statements": 5, "percent_covered": 100.0, "percent_covered_display": "100", "missing_lines": 0, "excluded_lines": 0, "percent_statements_covered": 100.0, "percent_statements_covered_display": "100"}, "missing_lines": [], "excluded_lines": []}, "test_config_reporting_parameters": {"executed_lines": [84, 85, 86, 87, 88, 89, 90], "summary": {"covered_lines": 7, "num_statements": 7, "percent_covered": 100.0, "percent_covered_display": "100", "missing_lines": 0, "excluded_lines": 0, "percent_statements_covered": 100.0, "percent_statements_covered_display": "100"}, "missing_lines": [], "excluded_lines": []}, "test_config_parallel_processing": {"executed_lines": [95, 96, 97], "summary": {"covered_lines": 3, "num_statements": 3, "percent_covered": 100.0, "percent_covered_display": "100", "missing_lines": 0, "excluded_lines": 0, "percent_statements_covered": 100.0, "percent_statements_covered_display": "100"}, "missing_lines": [], "excluded_lines": []}, "": {"executed_lines": [1, 3, 4, 6, 8, 11, 23, 38, 44, 53, 60, 68, 82, 93], "summary": {"covered_lines": 13, "num_statements": 13, "percent_covered": 100.0, "percent_covered_display": "100", "missing_lines": 0, "excluded_lines": 0, "percent_statements_covered": 100.0, "percent_statements_covered_display": "100"}, "missing_lines": [], "excluded_lines": []}}, "classes": {"": {"executed_lines": [1, 3, 4, 6, 8, 11, 13, 14, 15, 16, 17, 18, 19, 20, 23, 25, 26, 33, 34, 35, 38, 40, 41, 44, 46, 47, 48, 49, 50, 53, 55, 56, 57, 60, 62, 63, 64, 65, 68, 70, 71, 77, 78, 79, 82, 84, 85, 86, 87, 88, 89, 90, 93, 95, 96, 97], "summary": {"covered_lines": 55, "num_statements": 55, "percent_covered": 100.0, "percent_covered_display": "100", "missing_lines": 0, "excluded_lines": 0, "percent_statements_covered": 100.0, "percent_statements_covered_display": "100"}, "missing_lines": [], "excluded_lines": []}}}, "tests/test_config_extended.py": {"executed_lines": [1, 3, 4, 5, 6, 9, 11, 13, 14, 15, 17, 19, 20, 23, 25, 27, 28, 29, 31, 33, 34, 37, 39, 41, 42, 43, 45, 48, 49, 52, 54, 56, 57, 58, 60, 63, 64, 67, 69, 71, 72, 74, 76, 78, 79, 82, 84, 86, 87, 88, 90, 93, 96, 98, 100, 101, 102, 104, 107, 108, 109, 112, 114, 116, 117, 118, 120, 122, 124, 127, 129, 131, 132, 133, 135, 137, 138, 141, 143, 145, 146, 147, 150, 152, 153], "summary": {"covered_lines": 84, "num_statements": 84, "percent_covered": 100.0, "percent_covered_display": "100", "missing_lines": 0, "excluded_lines": 0, "percent_statements_covered": 100.0, "percent_statements_covered_display": "100"}, "missing_lines": [], "excluded_lines": [], "functions": {"test_config_with_string_paths": {"executed_lines": [11, 13, 14, 15, 17, 19, 20], "summary": {"covered_lines": 7, "num_statements": 7, "percent_covered": 100.0, "percent_covered_display": "100", "missing_lines": 0, "excluded_lines": 0, "percent_statements_covered": 100.0, "percent_statements_covered_display": "100"}, "missing_lines": [], "excluded_lines": []}, "test_config_with_pathlib_paths": {"executed_lines": [25, 27, 28, 29, 31, 33, 34], "summary": {"covered_lines": 7, "num_statements": 7, "percent_covered": 100.0, "percent_covered_display": "100", "missing_lines": 0, "excluded_lines": 0, "percent_statements_covered": 100.0, "percent_statements_covered_display": "100"}, "missing_lines": [], "excluded_lines": []}, "test_config_default_values": {"executed_lines": [39, 41, 42, 43, 45, 48, 49], "summary": {"covered_lines": 7, "num_statements": 7, "percent_covered": 100.0, "percent_covered_display": "100", "missing_lines": 0, "excluded_lines": 0, "percent_statements_covered": 100.0, "percent_statements_covered_display": "100"}, "missing_lines": [], "excluded_lines": []}, "test_config_attribute_access": {"executed_lines": [54, 56, 57, 58, 60, 63, 64], "summary": {"covered_lines": 7, "num_statements": 7, "percent_covered": 100.0, "percent_covered_display": "100", "missing_lines": 0, "excluded_lines": 0, "percent_statements_covered": 100.0, "percent_statements_covered_display": "100"}, "missing_lines": [], "excluded_lines": []}, "test_config_with_absolute_paths": {"executed_lines": [69, 71, 72, 74, 76, 78, 79], "summary": {"covered_lines": 7, "num_statements": 7, "percent_covered": 100.0, "percent_covered_display": "100", "missing_lines": 0, "excluded_lines": 0, "percent_statements_covered": 100.0, "percent_statements_covered_display": "100"}, "missing_lines": [], "excluded_lines": []}, "test_config_creates_output_dir": {"executed_lines": [84, 86, 87, 88, 90, 93], "summary": {"covered_lines": 6, "num_statements": 6, "percent_covered": 100.0, "percent_covered_display": "100", "missing_lines": 0, "excluded_lines": 0, "percent_statements_covered": 100.0, "percent_statements_covered_display": "100"}, "missing_lines": [], "excluded_lines": []}, "test_config_repr_method": {"executed_lines": [98, 100, 101, 102, 104, 107, 108, 109], "summary": {"covered_lines": 8, "num_statements": 8, "percent_covered": 100.0, "percent_covered_display": "100", "missing_lines": 0, "excluded_lines": 0, "percent_statements_covered": 100.0, "percent_statements_covered_display": "100"}, "missing_lines": [], "excluded_lines": []}, "test_config_immutability_attempt": {"executed_lines": [114, 116, 117, 118, 120, 122, 124], "summary": {"covered_lines": 7, "num_statements": 7, "percent_covered": 100.0, "percent_covered_display": "100", "missing_lines": 0, "excluded_lines": 0, "percent_statements_covered": 100.0, "percent_statements_covered_display": "100"}, "missing_lines": [], "excluded_lines": []}, "test_config_with_nested_directories": {"executed_lines": [129, 131, 132, 133, 135, 137, 138], "summary": {"covered_lines": 7, "num_statements": 7, "percent_covered": 100.0, "percent_covered_display": "100", "missing_lines": 0, "excluded_lines": 0, "percent_statements_covered": 100.0, "percent_statements_covered_display": "100"}, "missing_lines": [], "excluded_lines": []}, "test_config_parameter_types": {"executed_lines": [143, 145, 146, 147, 150, 152, 153], "summary": {"covered_lines": 7, "num_statements": 7, "percent_covered": 100.0, "percent_covered_display": "100", "missing_lines": 0, "excluded_lines": 0, "percent_statements_covered": 100.0, "percent_statements_covered_display": "100"}, "missing_lines": [], "excluded_lines": []}, "": {"executed_lines": [1, 3, 4, 5, 6, 9, 23, 37, 52, 67, 82, 96, 112, 127, 141], "summary": {"covered_lines": 14, "num_statements": 14, "percent_covered": 100.0, "percent_covered_display": "100", "missing_lines": 0, "excluded_lines": 0, "percent_statements_covered": 100.0, "percent_statements_covered_display": "100"}, "missing_lines": [], "excluded_lines": []}}, "classes": {"": {"executed_lines": [1, 3, 4, 5, 6, 9, 11, 13, 14, 15, 17, 19, 20, 23, 25, 27, 28, 29, 31, 33, 34, 37, 39, 41, 42, 43, 45, 48, 49, 52, 54, 56, 57, 58, 60, 63, 64, 67, 69, 71, 72, 74, 76, 78, 79, 82, 84, 86, 87, 88, 90, 93, 96, 98, 100, 101, 102, 104, 107, 108, 109, 112, 114, 116, 117, 118, 120, 122, 124, 127, 129, 131, 132, 133, 135, 137, 138, 141, 143, 145, 146, 147, 150, 152, 153], "summary": {"covered_lines": 84, "num_statements": 84, "percent_covered": 100.0, "percent_covered_display": "100", "missing_lines": 0, "excluded_lines": 0, "percent_statements_covered": 100.0, "percent_statements_covered_display": "100"}, "missing_lines": [], "excluded_lines": []}}}, "tests/test_data_validation.py": {"executed_lines": [], "summary": {"covered_lines": 0, "num_statements": 55, "percent_covered": 0.0, "percent_covered_display": "0", "missing_lines": 55, "excluded_lines": 0, "percent_statements_covered": 0.0, "percent_statements_covered_display": "0"}, "missing_lines": [3, 4, 5, 8, 9, 11, 14, 16, 17, 20, 22, 23, 25, 26, 27, 30, 32, 33, 35, 36, 37, 40, 42, 44, 45, 46, 49, 51, 52, 55, 56, 59, 60, 63, 65, 66, 69, 71, 72, 74, 77, 79, 80, 82, 83, 84, 85, 86, 87, 90, 92, 94, 95, 98, 99], "excluded_lines": [], "functions": {"example_data_dir": {"executed_lines": [], "summary": {"covered_lines": 0, "num_statements": 1, "percent_covered": 0.0, "percent_covered_display": "0", "missing_lines": 1, "excluded_lines": 0, "percent_statements_covered": 0.0, "percent_statements_covered_display": "0"}, "missing_lines": [11], "excluded_lines": []}, "test_example_data_exists": {"executed_lines": [], "summary": {"covered_lines": 0, "num_statements": 2, "percent_covered": 0.0, "percent_covered_display": "0", "missing_lines": 2, "excluded_lines": 0, "percent_statements_covered": 0.0, "percent_statements_covered_display": "0"}, "missing_lines": [16, 17], "excluded_lines": []}, "test_mic_data_loads": {"executed_lines": [], "summary": {"covered_lines": 0, "num_statements": 5, "percent_covered": 0.0, "percent_covered_display": "0", "missing_lines": 5, "excluded_lines": 0, "percent_statements_covered": 0.0, "percent_statements_covered_display": "0"}, "missing_lines": [22, 23, 25, 26, 27], "excluded_lines": []}, "test_amr_genes_data_loads": {"executed_lines": [], "summary": {"covered_lines": 0, "num_statements": 5, "percent_covered": 0.0, "percent_covered_display": "0", "missing_lines": 5, "excluded_lines": 0, "percent_statements_covered": 0.0, "percent_statements_covered_display": "0"}, "missing_lines": [32, 33, 35, 36, 37], "excluded_lines": []}, "test_all_required_files_present": {"executed_lines": [], "summary": {"covered_lines": 0, "num_statements": 4, "percent_covered": 0.0, "percent_covered_display": "0", "missing_lines": 4, "excluded_lines": 0, "percent_statements_covered": 0.0, "percent_statements_covered_display": "0"}, "missing_lines": [42, 44, 45, 46], "excluded_lines": []}, "test_data_consistency": {"executed_lines": [], "summary": {"covered_lines": 0, "num_statements": 6, "percent_covered": 0.0, "percent_covered_display": "0", "missing_lines": 6, "excluded_lines": 0, "percent_statements_covered": 0.0, "percent_statements_covered_display": "0"}, "missing_lines": [51, 52, 55, 56, 59, 60], "excluded_lines": []}, "test_no_completely_empty_columns": {"executed_lines": [], "summary": {"covered_lines": 0, "num_statements": 6, "percent_covered": 0.0, "percent_covered_display": "0", "missing_lines": 6, "excluded_lines": 0, "percent_statements_covered": 0.0, "percent_statements_covered_display": "0"}, "missing_lines": [65, 66, 69, 71, 72, 74], "excluded_lines": []}, "test_csv_files_readable": {"executed_lines": [], "summary": {"covered_lines": 0, "num_statements": 8, "percent_covered": 0.0, "percent_covered_display": "0", "missing_lines": 8, "excluded_lines": 0, "percent_statements_covered": 0.0, "percent_statements_covered_display": "0"}, "missing_lines": [79, 80, 82, 83, 84, 85, 86, 87], "excluded_lines": []}, "test_data_files_not_corrupted": {"executed_lines": [], "summary": {"covered_lines": 0, "num_statements": 5, "percent_covered": 0.0, "percent_covered_display": "0", "missing_lines": 5, "excluded_lines": 0, "percent_statements_covered": 0.0, "percent_statements_covered_display": "0"}, "missing_lines": [92, 94, 95, 98, 99], "excluded_lines": []}, "": {"executed_lines": [], "summary": {"covered_lines": 0, "num_statements": 13, "percent_covered": 0.0, "percent_covered_display": "0", "missing_lines": 13, "excluded_lines": 0, "percent_statements_covered": 0.0, "percent_statements_covered_display": "0"}, "missing_lines": [3, 4, 5, 8, 9, 14, 20, 30, 40, 49, 63, 77, 90], "excluded_lines": []}}, "classes": {"": {"executed_lines": [], "summary": {"covered_lines": 0, "num_statements": 55, "percent_covered": 0.0, "percent_covered_display": "0", "missing_lines": 55, "excluded_lines": 0, "percent_statements_covered": 0.0, "percent_statements_covered_display": "0"}, "missing_lines": [3, 4, 5, 8, 9, 11, 14, 16, 17, 20, 22, 23, 25, 26, 27, 30, 32, 33, 35, 36, 37, 40, 42, 44, 45, 46, 49, 51, 52, 55, 56, 59, 60, 63, 65, 66, 69, 71, 72, 74, 77, 79, 80, 82, 83, 84, 85, 86, 87, 90, 92, 94, 95, 98, 99], "excluded_lines": []}}}, "tests/test_end_to_end.py": {"executed_lines": [], "summary": {"covered_lines": 0, "num_statements": 182, "percent_covered": 0.0, "percent_covered_display": "0", "missing_lines": 182, "excluded_lines": 0, "percent_statements_covered": 0.0, "percent_statements_covered_display": "0"}, "missing_lines": [9, 10, 11, 13, 14, 16, 17, 20, 21, 28, 29, 30, 31, 32, 35, 38, 39, 40, 41, 43, 44, 46, 53, 54, 61, 62, 63, 64, 65, 68, 69, 72, 73, 75, 82, 83, 93, 100, 103, 104, 107, 108, 109, 110, 111, 114, 115, 118, 119, 121, 124, 127, 128, 129, 139, 146, 147, 150, 151, 153, 156, 157, 160, 161, 164, 165, 166, 167, 170, 171, 180, 186, 188, 189, 190, 193, 194, 195, 196, 197, 198, 201, 202, 203, 204, 206, 207, 209, 210, 213, 214, 224, 227, 228, 231, 232, 235, 236, 240, 241, 242, 243, 244, 247, 249, 252, 253, 259, 260, 261, 262, 264, 269, 270, 272, 273, 276, 277, 286, 293, 294, 296, 297, 300, 301, 302, 303, 305, 308, 309, 312, 314, 315, 318, 319, 328, 334, 336, 337, 340, 341, 344, 347, 350, 353, 354, 356, 357, 360, 361, 370, 373, 374, 377, 378, 379, 380, 383, 384, 394, 400, 407, 408, 410, 411, 414, 415, 424, 425, 426, 427, 430, 435, 438, 443, 445, 451, 454, 455, 457, 458, 461], "excluded_lines": [], "functions": {"mini_dataset": {"executed_lines": [], "summary": {"covered_lines": 0, "num_statements": 13, "percent_covered": 0.0, "percent_covered_display": "0", "missing_lines": 13, "excluded_lines": 0, "percent_statements_covered": 0.0, "percent_statements_covered_display": "0"}, "missing_lines": [28, 29, 30, 31, 32, 35, 38, 39, 40, 41, 43, 44, 46], "excluded_lines": []}, "full_dataset": {"executed_lines": [], "summary": {"covered_lines": 0, "num_statements": 10, "percent_covered": 0.0, "percent_covered_display": "0", "missing_lines": 10, "excluded_lines": 0, "percent_statements_covered": 0.0, "percent_statements_covered_display": "0"}, "missing_lines": [61, 62, 63, 64, 65, 68, 69, 72, 73, 75], "excluded_lines": []}, "test_mini_pipeline_execution": {"executed_lines": [], "summary": {"covered_lines": 0, "num_statements": 15, "percent_covered": 0.0, "percent_covered_display": "0", "missing_lines": 15, "excluded_lines": 0, "percent_statements_covered": 0.0, "percent_statements_covered_display": "0"}, "missing_lines": [93, 100, 103, 104, 107, 108, 109, 110, 111, 114, 115, 118, 119, 121, 124], "excluded_lines": []}, "test_full_pipeline_with_validation": {"executed_lines": [], "summary": {"covered_lines": 0, "num_statements": 14, "percent_covered": 0.0, "percent_covered_display": "0", "missing_lines": 14, "excluded_lines": 0, "percent_statements_covered": 0.0, "percent_statements_covered_display": "0"}, "missing_lines": [139, 146, 147, 150, 151, 153, 156, 157, 160, 161, 164, 165, 166, 167], "excluded_lines": []}, "test_output_file_validation": {"executed_lines": [], "summary": {"covered_lines": 0, "num_statements": 19, "percent_covered": 0.0, "percent_covered_display": "0", "missing_lines": 19, "excluded_lines": 0, "percent_statements_covered": 0.0, "percent_statements_covered_display": "0"}, "missing_lines": [180, 186, 188, 189, 190, 193, 194, 195, 196, 197, 198, 201, 202, 203, 204, 206, 207, 209, 210], "excluded_lines": []}, "test_data_preprocessing_pipeline": {"executed_lines": [], "summary": {"covered_lines": 0, "num_statements": 14, "percent_covered": 0.0, "percent_covered_display": "0", "missing_lines": 14, "excluded_lines": 0, "percent_statements_covered": 0.0, "percent_statements_covered_display": "0"}, "missing_lines": [224, 227, 228, 231, 232, 235, 236, 240, 241, 242, 243, 244, 247, 249], "excluded_lines": []}, "test_error_handling_missing_files": {"executed_lines": [], "summary": {"covered_lines": 0, "num_statements": 9, "percent_covered": 0.0, "percent_covered_display": "0", "missing_lines": 9, "excluded_lines": 0, "percent_statements_covered": 0.0, "percent_statements_covered_display": "0"}, "missing_lines": [259, 260, 261, 262, 264, 269, 270, 272, 273], "excluded_lines": []}, "test_reproducibility": {"executed_lines": [], "summary": {"covered_lines": 0, "num_statements": 15, "percent_covered": 0.0, "percent_covered_display": "0", "missing_lines": 15, "excluded_lines": 0, "percent_statements_covered": 0.0, "percent_statements_covered_display": "0"}, "missing_lines": [286, 293, 294, 296, 297, 300, 301, 302, 303, 305, 308, 309, 312, 314, 315], "excluded_lines": []}, "test_output_content_validation": {"executed_lines": [], "summary": {"covered_lines": 0, "num_statements": 13, "percent_covered": 0.0, "percent_covered_display": "0", "missing_lines": 13, "excluded_lines": 0, "percent_statements_covered": 0.0, "percent_statements_covered_display": "0"}, "missing_lines": [328, 334, 336, 337, 340, 341, 344, 347, 350, 353, 354, 356, 357], "excluded_lines": []}, "test_multiple_file_integration": {"executed_lines": [], "summary": {"covered_lines": 0, "num_statements": 7, "percent_covered": 0.0, "percent_covered_display": "0", "missing_lines": 7, "excluded_lines": 0, "percent_statements_covered": 0.0, "percent_statements_covered_display": "0"}, "missing_lines": [370, 373, 374, 377, 378, 379, 380], "excluded_lines": []}, "test_configuration_impact": {"executed_lines": [], "summary": {"covered_lines": 0, "num_statements": 6, "percent_covered": 0.0, "percent_covered_display": "0", "missing_lines": 6, "excluded_lines": 0, "percent_statements_covered": 0.0, "percent_statements_covered_display": "0"}, "missing_lines": [394, 400, 407, 408, 410, 411], "excluded_lines": []}, "test_edge_cases": {"executed_lines": [], "summary": {"covered_lines": 0, "num_statements": 15, "percent_covered": 0.0, "percent_covered_display": "0", "missing_lines": 15, "excluded_lines": 0, "percent_statements_covered": 0.0, "percent_statements_covered_display": "0"}, "missing_lines": [424, 425, 426, 427, 430, 435, 438, 443, 445, 451, 454, 455, 457, 458, 461], "excluded_lines": []}, "": {"executed_lines": [], "summary": {"covered_lines": 0, "num_statements": 32, "percent_covered": 0.0, "percent_covered_display": "0", "missing_lines": 32, "excluded_lines": 0, "percent_statements_covered": 0.0, "percent_statements_covered_display": "0"}, "missing_lines": [9, 10, 11, 13, 14, 16, 17, 20, 21, 53, 54, 82, 83, 127, 128, 129, 170, 171, 213, 214, 252, 253, 276, 277, 318, 319, 360, 361, 383, 384, 414, 415], "excluded_lines": []}}, "classes": {"": {"executed_lines": [], "summary": {"covered_lines": 0, "num_statements": 182, "percent_covered": 0.0, "percent_covered_display": "0", "missing_lines": 182, "excluded_lines": 0, "percent_statements_covered": 0.0, "percent_statements_covered_display": "0"}, "missing_lines": [9, 10, 11, 13, 14, 16, 17, 20, 21, 28, 29, 30, 31, 32, 35, 38, 39, 40, 41, 43, 44, 46, 53, 54, 61, 62, 63, 64, 65, 68, 69, 72, 73, 75, 82, 83, 93, 100, 103, 104, 107, 108, 109, 110, 111, 114, 115, 118, 119, 121, 124, 127, 128, 129, 139, 146, 147, 150, 151, 153, 156, 157, 160, 161, 164, 165, 166, 167, 170, 171, 180, 186, 188, 189, 190, 193, 194, 195, 196, 197, 198, 201, 202, 203, 204, 206, 207, 209, 210, 213, 214, 224, 227, 228, 231, 232, 235, 236, 240, 241, 242, 243, 244, 247, 249, 252, 253, 259, 260, 261, 262, 264, 269, 270, 272, 273, 276, 277, 286, 293, 294, 296, 297, 300, 301, 302, 303, 305, 308, 309, 312, 314, 315, 318, 319, 328, 334, 336, 337, 340, 341, 344, 347, 350, 353, 354, 356, 357, 360, 361, 370, 373, 374, 377, 378, 379, 380, 383, 384, 394, 400, 407, 408, 410, 411, 414, 415, 424, 425, 426, 427, 430, 435, 438, 443, 445, 451, 454, 455, 457, 458, 461], "excluded_lines": []}}}, "tests/test_integration.py": {"executed_lines": [], "summary": {"covered_lines": 0, "num_statements": 93, "percent_covered": 0.0, "percent_covered_display": "0", "missing_lines": 93, "excluded_lines": 0, "percent_statements_covered": 0.0, "percent_statements_covered_display": "0"}, "missing_lines": [3, 4, 5, 6, 7, 10, 11, 14, 17, 18, 21, 22, 25, 26, 29, 30, 32, 39, 41, 44, 45, 46, 49, 50, 53, 55, 58, 59, 61, 62, 63, 64, 65, 66, 67, 68, 71, 74, 76, 79, 80, 82, 83, 86, 88, 91, 92, 95, 96, 99, 101, 104, 105, 108, 109, 112, 113, 116, 118, 119, 122, 123, 126, 129, 132, 134, 136, 137, 139, 140, 141, 144, 147, 148, 151, 153, 155, 158, 159, 160, 161, 163, 164, 167, 169, 170, 173, 174, 177, 178, 181, 182, 183], "excluded_lines": [], "functions": {"example_data_with_output": {"executed_lines": [], "summary": {"covered_lines": 0, "num_statements": 10, "percent_covered": 0.0, "percent_covered_display": "0", "missing_lines": 10, "excluded_lines": 0, "percent_statements_covered": 0.0, "percent_statements_covered_display": "0"}, "missing_lines": [14, 17, 18, 21, 22, 25, 26, 29, 30, 32], "excluded_lines": []}, "test_example_data_structure": {"executed_lines": [], "summary": {"covered_lines": 0, "num_statements": 6, "percent_covered": 0.0, "percent_covered_display": "0", "missing_lines": 6, "excluded_lines": 0, "percent_statements_covered": 0.0, "percent_statements_covered_display": "0"}, "missing_lines": [41, 44, 45, 46, 49, 50], "excluded_lines": []}, "test_data_loading_with_real_files": {"executed_lines": [], "summary": {"covered_lines": 0, "num_statements": 12, "percent_covered": 0.0, "percent_covered_display": "0", "missing_lines": 12, "excluded_lines": 0, "percent_statements_covered": 0.0, "percent_statements_covered_display": "0"}, "missing_lines": [55, 58, 59, 61, 62, 63, 64, 65, 66, 67, 68, 71], "excluded_lines": []}, "test_output_directory_usage": {"executed_lines": [], "summary": {"covered_lines": 0, "num_statements": 5, "percent_covered": 0.0, "percent_covered_display": "0", "missing_lines": 5, "excluded_lines": 0, "percent_statements_covered": 0.0, "percent_statements_covered_display": "0"}, "missing_lines": [76, 79, 80, 82, 83], "excluded_lines": []}, "test_data_file_formats": {"executed_lines": [], "summary": {"covered_lines": 0, "num_statements": 5, "percent_covered": 0.0, "percent_covered_display": "0", "missing_lines": 5, "excluded_lines": 0, "percent_statements_covered": 0.0, "percent_statements_covered_display": "0"}, "missing_lines": [88, 91, 92, 95, 96], "excluded_lines": []}, "test_data_consistency_checks": {"executed_lines": [], "summary": {"covered_lines": 0, "num_statements": 7, "percent_covered": 0.0, "percent_covered_display": "0", "missing_lines": 7, "excluded_lines": 0, "percent_statements_covered": 0.0, "percent_statements_covered_display": "0"}, "missing_lines": [101, 104, 105, 108, 109, 112, 113], "excluded_lines": []}, "test_file_copy_integrity": {"executed_lines": [], "summary": {"covered_lines": 0, "num_statements": 6, "percent_covered": 0.0, "percent_covered_display": "0", "missing_lines": 6, "excluded_lines": 0, "percent_statements_covered": 0.0, "percent_statements_covered_display": "0"}, "missing_lines": [118, 119, 122, 123, 126, 129], "excluded_lines": []}, "test_multiple_csv_loading": {"executed_lines": [], "summary": {"covered_lines": 0, "num_statements": 9, "percent_covered": 0.0, "percent_covered_display": "0", "missing_lines": 9, "excluded_lines": 0, "percent_statements_covered": 0.0, "percent_statements_covered_display": "0"}, "missing_lines": [134, 136, 137, 139, 140, 141, 144, 147, 148], "excluded_lines": []}, "test_newick_file_handling": {"executed_lines": [], "summary": {"covered_lines": 0, "num_statements": 8, "percent_covered": 0.0, "percent_covered_display": "0", "missing_lines": 8, "excluded_lines": 0, "percent_statements_covered": 0.0, "percent_statements_covered_display": "0"}, "missing_lines": [153, 155, 158, 159, 160, 161, 163, 164], "excluded_lines": []}, "test_data_directory_structure": {"executed_lines": [], "summary": {"covered_lines": 0, "num_statements": 9, "percent_covered": 0.0, "percent_covered_display": "0", "missing_lines": 9, "excluded_lines": 0, "percent_statements_covered": 0.0, "percent_statements_covered_display": "0"}, "missing_lines": [169, 170, 173, 174, 177, 178, 181, 182, 183], "excluded_lines": []}, "": {"executed_lines": [], "summary": {"covered_lines": 0, "num_statements": 16, "percent_covered": 0.0, "percent_covered_display": "0", "missing_lines": 16, "excluded_lines": 0, "percent_statements_covered": 0.0, "percent_statements_covered_display": "0"}, "missing_lines": [3, 4, 5, 6, 7, 10, 11, 39, 53, 74, 86, 99, 116, 132, 151, 167], "excluded_lines": []}}, "classes": {"": {"executed_lines": [], "summary": {"covered_lines": 0, "num_statements": 93, "percent_covered": 0.0, "percent_covered_display": "0", "missing_lines": 93, "excluded_lines": 0, "percent_statements_covered": 0.0, "percent_statements_covered_display": "0"}, "missing_lines": [3, 4, 5, 6, 7, 10, 11, 14, 17, 18, 21, 22, 25, 26, 29, 30, 32, 39, 41, 44, 45, 46, 49, 50, 53, 55, 58, 59, 61, 62, 63, 64, 65, 66, 67, 68, 71, 74, 76, 79, 80, 82, 83, 86, 88, 91, 92, 95, 96, 99, 101, 104, 105, 108, 109, 112, 113, 116, 118, 119, 122, 123, 126, 129, 132, 134, 136, 137, 139, 140, 141, 144, 147, 148, 151, 153, 155, 158, 159, 160, 161, 163, 164, 167, 169, 170, 173, 174, 177, 178, 181, 182, 183], "excluded_lines": []}}}, "tests/test_unit_analysis.py": {"executed_lines": [1, 5, 6, 8, 9, 11, 12, 15, 16, 18, 20, 21, 22, 24, 26, 27, 28, 30, 32, 33, 36, 38, 40, 41, 43, 45, 46, 47, 49, 51, 52, 54, 56, 57, 64, 66, 67, 68, 69, 71, 73, 74, 79, 80, 83, 84, 86, 88, 89, 90, 92, 93, 95, 97, 98, 102, 103, 105, 107, 108, 111, 112, 114, 116, 117, 118, 120, 122, 123, 124, 126, 128, 129, 130, 132, 134, 135, 136, 137, 138, 140, 142, 143, 144, 146, 148, 149, 150], "summary": {"covered_lines": 84, "num_statements": 84, "percent_covered": 100.0, "percent_covered_display": "100", "missing_lines": 0, "excluded_lines": 0, "percent_statements_covered": 100.0, "percent_statements_covered_display": "100"}, "missing_lines": [], "excluded_lines": [], "functions": {"TestConfigValidation.test_config_with_invalid_fdr_alpha": {"executed_lines": [20, 21, 22], "summary": {"covered_lines": 3, "num_statements": 3, "percent_covered": 100.0, "percent_covered_display": "100", "missing_lines": 0, "excluded_lines": 0, "percent_statements_covered": 100.0, "percent_statements_covered_display": "100"}, "missing_lines": [], "excluded_lines": []}, "TestConfigValidation.test_config_with_zero_fdr_alpha": {"executed_lines": [26, 27, 28], "summary": {"covered_lines": 3, "num_statements": 3, "percent_covered": 100.0, "percent_covered_display": "100", "missing_lines": 0, "excluded_lines": 0, "percent_statements_covered": 100.0, "percent_statements_covered_display": "100"}, "missing_lines": [], "excluded_lines": []}, "TestConfigValidation.test_config_with_low_bootstrap_iterations": {"executed_lines": [32, 33, 36], "summary": {"covered_lines": 3, "num_statements": 3, "percent_covered": 100.0, "percent_covered_display": "100", "missing_lines": 0, "excluded_lines": 0, "percent_statements_covered": 100.0, "percent_statements_covered_display": "100"}, "missing_lines": [], "excluded_lines": []}, "TestConfigValidation.test_config_with_nonexistent_data_dir": {"executed_lines": [40, 41], "summary": {"covered_lines": 2, "num_statements": 2, "percent_covered": 100.0, "percent_covered_display": "100", "missing_lines": 0, "excluded_lines": 0, "percent_statements_covered": 100.0, "percent_statements_covered_display": "100"}, "missing_lines": [], "excluded_lines": []}, "TestConfigValidation.test_config_creates_output_dir": {"executed_lines": [45, 46, 47, 49, 51, 52], "summary": {"covered_lines": 6, "num_statements": 6, "percent_covered": 100.0, "percent_covered_display": "100", "missing_lines": 0, "excluded_lines": 0, "percent_statements_covered": 100.0, "percent_statements_covered_display": "100"}, "missing_lines": [], "excluded_lines": []}, "TestConfigValidation.test_config_from_dict": {"executed_lines": [56, 57, 64, 66, 67, 68, 69], "summary": {"covered_lines": 7, "num_statements": 7, "percent_covered": 100.0, "percent_covered_display": "100", "missing_lines": 0, "excluded_lines": 0, "percent_statements_covered": 100.0, "percent_statements_covered_display": "100"}, "missing_lines": [], "excluded_lines": []}, "TestConfigValidation.test_config_from_dict_ignores_extra_keys": {"executed_lines": [73, 74, 79, 80], "summary": {"covered_lines": 4, "num_statements": 4, "percent_covered": 100.0, "percent_covered_display": "100", "missing_lines": 0, "excluded_lines": 0, "percent_statements_covered": 100.0, "percent_statements_covered_display": "100"}, "missing_lines": [], "excluded_lines": []}, "TestAnalyzerInitialization.test_analyzer_with_config_object": {"executed_lines": [88, 89, 90, 92, 93], "summary": {"covered_lines": 5, "num_statements": 5, "percent_covered": 100.0, "percent_covered_display": "100", "missing_lines": 0, "excluded_lines": 0, "percent_statements_covered": 100.0, "percent_statements_covered_display": "100"}, "missing_lines": [], "excluded_lines": []}, "TestAnalyzerInitialization.test_analyzer_with_kwargs": {"executed_lines": [97, 98, 102, 103], "summary": {"covered_lines": 4, "num_statements": 4, "percent_covered": 100.0, "percent_covered_display": "100", "missing_lines": 0, "excluded_lines": 0, "percent_statements_covered": 100.0, "percent_statements_covered_display": "100"}, "missing_lines": [], "excluded_lines": []}, "TestAnalyzerInitialization.test_analyzer_without_args_uses_defaults": {"executed_lines": [107, 108], "summary": {"covered_lines": 2, "num_statements": 2, "percent_covered": 100.0, "percent_covered_display": "100", "missing_lines": 0, "excluded_lines": 0, "percent_statements_covered": 100.0, "percent_statements_covered_display": "100"}, "missing_lines": [], "excluded_lines": []}, "TestConfigDefaults.test_default_bootstrap_iterations": {"executed_lines": [116, 117, 118], "summary": {"covered_lines": 3, "num_statements": 3, "percent_covered": 100.0, "percent_covered_display": "100", "missing_lines": 0, "excluded_lines": 0, "percent_statements_covered": 100.0, "percent_statements_covered_display": "100"}, "missing_lines": [], "excluded_lines": []}, "TestConfigDefaults.test_default_fdr_alpha": {"executed_lines": [122, 123, 124], "summary": {"covered_lines": 3, "num_statements": 3, "percent_covered": 100.0, "percent_covered_display": "100", "missing_lines": 0, "excluded_lines": 0, "percent_statements_covered": 100.0, "percent_statements_covered_display": "100"}, "missing_lines": [], "excluded_lines": []}, "TestConfigDefaults.test_default_random_seed": {"executed_lines": [128, 129, 130], "summary": {"covered_lines": 3, "num_statements": 3, "percent_covered": 100.0, "percent_covered_display": "100", "missing_lines": 0, "excluded_lines": 0, "percent_statements_covered": 100.0, "percent_statements_covered_display": "100"}, "missing_lines": [], "excluded_lines": []}, "TestConfigDefaults.test_default_reporting_flags": {"executed_lines": [134, 135, 136, 137, 138], "summary": {"covered_lines": 5, "num_statements": 5, "percent_covered": 100.0, "percent_covered_display": "100", "missing_lines": 0, "excluded_lines": 0, "percent_statements_covered": 100.0, "percent_statements_covered_display": "100"}, "missing_lines": [], "excluded_lines": []}, "TestConfigDefaults.test_default_dpi": {"executed_lines": [142, 143, 144], "summary": {"covered_lines": 3, "num_statements": 3, "percent_covered": 100.0, "percent_covered_display": "100", "missing_lines": 0, "excluded_lines": 0, "percent_statements_covered": 100.0, "percent_statements_covered_display": "100"}, "missing_lines": [], "excluded_lines": []}, "TestConfigDefaults.test_default_n_jobs": {"executed_lines": [148, 149, 150], "summary": {"covered_lines": 3, "num_statements": 3, "percent_covered": 100.0, "percent_covered_display": "100", "missing_lines": 0, "excluded_lines": 0, "percent_statements_covered": 100.0, "percent_statements_covered_display": "100"}, "missing_lines": [], "excluded_lines": []}, "": {"executed_lines": [1, 5, 6, 8, 9, 11, 12, 15, 16, 18, 24, 30, 38, 43, 54, 71, 83, 84, 86, 95, 105, 111, 112, 114, 120, 126, 132, 140, 146], "summary": {"covered_lines": 25, "num_statements": 25, "percent_covered": 100.0, "percent_covered_display": "100", "missing_lines": 0, "excluded_lines": 0, "percent_statements_covered": 100.0, "percent_statements_covered_display": "100"}, "missing_lines": [], "excluded_lines": []}}, "classes": {"TestConfigValidation": {"executed_lines": [20, 21, 22, 26, 27, 28, 32, 33, 36, 40, 41, 45, 46, 47, 49, 51, 52, 56, 57, 64, 66, 67, 68, 69, 73, 74, 79, 80], "summary": {"covered_lines": 28, "num_statements": 28, "percent_covered": 100.0, "percent_covered_display": "100", "missing_lines": 0, "excluded_lines": 0, "percent_statements_covered": 100.0, "percent_statements_covered_display": "100"}, "missing_lines": [], "excluded_lines": []}, "TestAnalyzerInitialization": {"executed_lines": [88, 89, 90, 92, 93, 97, 98, 102, 103, 107, 108], "summary": {"covered_lines": 11, "num_statements": 11, "percent_covered": 100.0, "percent_covered_display": "100", "missing_lines": 0, "excluded_lines": 0, "percent_statements_covered": 100.0, "percent_statements_covered_display": "100"}, "missing_lines": [], "excluded_lines": []}, "TestConfigDefaults": {"executed_lines": [116, 117, 118, 122, 123, 124, 128, 129, 130, 134, 135, 136, 137, 138, 142, 143, 144, 148, 149, 150], "summary": {"covered_lines": 20, "num_statements": 20, "percent_covered": 100.0, "percent_covered_display": "100", "missing_lines": 0, "excluded_lines": 0, "percent_statements_covered": 100.0, "percent_statements_covered_display": "100"}, "missing_lines": [], "excluded_lines": []}, "": {"executed_lines": [1, 5, 6, 8, 9, 11, 12, 15, 16, 18, 24, 30, 38, 43, 54, 71, 83, 84, 86, 95, 105, 111, 112, 114, 120, 126, 132, 140, 146], "summary": {"covered_lines": 25, "num_statements": 25, "percent_covered": 100.0, "percent_covered_display": "100", "missing_lines": 0, "excluded_lines": 0, "percent_statements_covered": 100.0, "percent_statements_covered_display": "100"}, "missing_lines": [], "excluded_lines": []}}}, "tests/test_utilities.py": {"executed_lines": [1, 3, 4, 5, 6, 9, 11, 12, 13, 15, 16, 19, 21, 22, 25, 26, 29, 30, 33, 35, 36, 37, 39, 40, 41, 44, 46, 47, 50, 51, 54, 55, 57, 58, 61, 63, 65, 66, 67, 70, 73, 75, 76, 78, 79, 80, 81, 84, 86, 87, 88, 89, 91, 92, 95, 96, 99, 102, 103, 106, 107, 110, 112, 114, 115, 116, 119, 120, 123, 125, 132, 133, 134, 135], "summary": {"covered_lines": 73, "num_statements": 73, "percent_covered": 100.0, "percent_covered_display": "100", "missing_lines": 0, "excluded_lines": 0, "percent_statements_covered": 100.0, "percent_statements_covered_display": "100"}, "missing_lines": [], "excluded_lines": [], "functions": {"test_output_directory_creation": {"executed_lines": [11, 12, 13, 15, 16], "summary": {"covered_lines": 5, "num_statements": 5, "percent_covered": 100.0, "percent_covered_display": "100", "missing_lines": 0, "excluded_lines": 0, "percent_statements_covered": 100.0, "percent_statements_covered_display": "100"}, "missing_lines": [], "excluded_lines": []}, "test_path_handling": {"executed_lines": [21, 22, 25, 26, 29, 30], "summary": {"covered_lines": 6, "num_statements": 6, "percent_covered": 100.0, "percent_covered_display": "100", "missing_lines": 0, "excluded_lines": 0, "percent_statements_covered": 100.0, "percent_statements_covered_display": "100"}, "missing_lines": [], "excluded_lines": []}, "test_file_permissions": {"executed_lines": [35, 36, 37, 39, 40, 41], "summary": {"covered_lines": 6, "num_statements": 6, "percent_covered": 100.0, "percent_covered_display": "100", "missing_lines": 0, "excluded_lines": 0, "percent_statements_covered": 100.0, "percent_statements_covered_display": "100"}, "missing_lines": [], "excluded_lines": []}, "test_directory_listing": {"executed_lines": [46, 47, 50, 51, 54, 55, 57, 58], "summary": {"covered_lines": 8, "num_statements": 8, "percent_covered": 100.0, "percent_covered_display": "100", "missing_lines": 0, "excluded_lines": 0, "percent_statements_covered": 100.0, "percent_statements_covered_display": "100"}, "missing_lines": [], "excluded_lines": []}, "test_temp_file_cleanup": {"executed_lines": [63, 65, 66, 67, 70], "summary": {"covered_lines": 5, "num_statements": 5, "percent_covered": 100.0, "percent_covered_display": "100", "missing_lines": 0, "excluded_lines": 0, "percent_statements_covered": 100.0, "percent_statements_covered_display": "100"}, "missing_lines": [], "excluded_lines": []}, "test_path_concatenation": {"executed_lines": [75, 76, 78, 79, 80, 81], "summary": {"covered_lines": 6, "num_statements": 6, "percent_covered": 100.0, "percent_covered_display": "100", "missing_lines": 0, "excluded_lines": 0, "percent_statements_covered": 100.0, "percent_statements_covered_display": "100"}, "missing_lines": [], "excluded_lines": []}, "test_relative_path_conversion": {"executed_lines": [86, 87, 88, 89, 91, 92, 95, 96], "summary": {"covered_lines": 8, "num_statements": 8, "percent_covered": 100.0, "percent_covered_display": "100", "missing_lines": 0, "excluded_lines": 0, "percent_statements_covered": 100.0, "percent_statements_covered_display": "100"}, "missing_lines": [], "excluded_lines": []}, "test_environment_variables": {"executed_lines": [102, 103, 106, 107], "summary": {"covered_lines": 4, "num_statements": 4, "percent_covered": 100.0, "percent_covered_display": "100", "missing_lines": 0, "excluded_lines": 0, "percent_statements_covered": 100.0, "percent_statements_covered_display": "100"}, "missing_lines": [], "excluded_lines": []}, "test_current_working_directory": {"executed_lines": [112, 114, 115, 116, 119, 120], "summary": {"covered_lines": 6, "num_statements": 6, "percent_covered": 100.0, "percent_covered_display": "100", "missing_lines": 0, "excluded_lines": 0, "percent_statements_covered": 100.0, "percent_statements_covered_display": "100"}, "missing_lines": [], "excluded_lines": []}, "test_file_extension_handling": {"executed_lines": [125, 132, 133, 134, 135], "summary": {"covered_lines": 5, "num_statements": 5, "percent_covered": 100.0, "percent_covered_display": "100", "missing_lines": 0, "excluded_lines": 0, "percent_statements_covered": 100.0, "percent_statements_covered_display": "100"}, "missing_lines": [], "excluded_lines": []}, "": {"executed_lines": [1, 3, 4, 5, 6, 9, 19, 33, 44, 61, 73, 84, 99, 110, 123], "summary": {"covered_lines": 14, "num_statements": 14, "percent_covered": 100.0, "percent_covered_display": "100", "missing_lines": 0, "excluded_lines": 0, "percent_statements_covered": 100.0, "percent_statements_covered_display": "100"}, "missing_lines": [], "excluded_lines": []}}, "classes": {"": {"executed_lines": [1, 3, 4, 5, 6, 9, 11, 12, 13, 15, 16, 19, 21, 22, 25, 26, 29, 30, 33, 35, 36, 37, 39, 40, 41, 44, 46, 47, 50, 51, 54, 55, 57, 58, 61, 63, 65, 66, 67, 70, 73, 75, 76, 78, 79, 80, 81, 84, 86, 87, 88, 89, 91, 92, 95, 96, 99, 102, 103, 106, 107, 110, 112, 114, 115, 116, 119, 120, 123, 125, 132, 133, 134, 135], "summary": {"covered_lines": 73, "num_statements": 73, "percent_covered": 100.0, "percent_covered_display": "100", "missing_lines": 0, "excluded_lines": 0, "percent_statements_covered": 100.0, "percent_statements_covered_display": "100"}, "missing_lines": [], "excluded_lines": []}}}, "tests/test_workflow.py": {"executed_lines": [], "summary": {"covered_lines": 0, "num_statements": 135, "percent_covered": 0.0, "percent_covered_display": "0", "missing_lines": 135, "excluded_lines": 0, "percent_statements_covered": 0.0, "percent_statements_covered_display": "0"}, "missing_lines": [9, 10, 11, 12, 14, 15, 17, 18, 21, 22, 24, 25, 26, 27, 30, 31, 32, 33, 34, 35, 37, 44, 45, 47, 50, 51, 52, 53, 56, 57, 58, 61, 62, 63, 66, 67, 70, 71, 73, 81, 82, 83, 84, 87, 88, 90, 96, 97, 98, 101, 102, 103, 111, 112, 113, 117, 124, 125, 128, 129, 131, 137, 138, 141, 142, 143, 146, 147, 150, 151, 153, 156, 159, 160, 162, 165, 166, 168, 169, 172, 173, 176, 177, 178, 181, 182, 185, 186, 188, 193, 194, 197, 198, 200, 203, 204, 207, 208, 211, 212, 215, 216, 218, 221, 222, 224, 225, 226, 227, 230, 231, 234, 235, 236, 239, 240, 243, 249, 250, 253, 258, 261, 262, 265, 271, 278, 279, 280, 283, 284, 287, 294, 295, 297, 298], "excluded_lines": [], "functions": {"workflow_data": {"executed_lines": [], "summary": {"covered_lines": 0, "num_statements": 11, "percent_covered": 0.0, "percent_covered_display": "0", "missing_lines": 11, "excluded_lines": 0, "percent_statements_covered": 0.0, "percent_statements_covered_display": "0"}, "missing_lines": [24, 25, 26, 27, 30, 31, 32, 33, 34, 35, 37], "excluded_lines": []}, "test_data_loading_workflow": {"executed_lines": [], "summary": {"covered_lines": 0, "num_statements": 13, "percent_covered": 0.0, "percent_covered_display": "0", "missing_lines": 13, "excluded_lines": 0, "percent_statements_covered": 0.0, "percent_statements_covered_display": "0"}, "missing_lines": [47, 50, 51, 52, 53, 56, 57, 58, 61, 62, 63, 66, 67], "excluded_lines": []}, "test_configuration_workflow": {"executed_lines": [], "summary": {"covered_lines": 0, "num_statements": 5, "percent_covered": 0.0, "percent_covered_display": "0", "missing_lines": 5, "excluded_lines": 0, "percent_statements_covered": 0.0, "percent_statements_covered_display": "0"}, "missing_lines": [73, 81, 82, 83, 84], "excluded_lines": []}, "test_analyzer_initialization_workflow": {"executed_lines": [], "summary": {"covered_lines": 0, "num_statements": 4, "percent_covered": 0.0, "percent_covered_display": "0", "missing_lines": 4, "excluded_lines": 0, "percent_statements_covered": 0.0, "percent_statements_covered_display": "0"}, "missing_lines": [90, 96, 97, 98], "excluded_lines": []}, "test_complete_analysis_workflow": {"executed_lines": [], "summary": {"covered_lines": 0, "num_statements": 20, "percent_covered": 0.0, "percent_covered_display": "0", "missing_lines": 20, "excluded_lines": 0, "percent_statements_covered": 0.0, "percent_statements_covered_display": "0"}, "missing_lines": [111, 112, 113, 117, 124, 125, 128, 129, 131, 137, 138, 141, 142, 143, 146, 147, 150, 151, 153, 156], "excluded_lines": []}, "test_output_validation_workflow": {"executed_lines": [], "summary": {"covered_lines": 0, "num_statements": 10, "percent_covered": 0.0, "percent_covered_display": "0", "missing_lines": 10, "excluded_lines": 0, "percent_statements_covered": 0.0, "percent_statements_covered_display": "0"}, "missing_lines": [162, 165, 166, 168, 169, 172, 173, 176, 177, 178], "excluded_lines": []}, "test_error_handling_workflow": {"executed_lines": [], "summary": {"covered_lines": 0, "num_statements": 5, "percent_covered": 0.0, "percent_covered_display": "0", "missing_lines": 5, "excluded_lines": 0, "percent_statements_covered": 0.0, "percent_statements_covered_display": "0"}, "missing_lines": [185, 186, 188, 193, 194], "excluded_lines": []}, "test_data_preprocessing_workflow": {"executed_lines": [], "summary": {"covered_lines": 0, "num_statements": 7, "percent_covered": 0.0, "percent_covered_display": "0", "missing_lines": 7, "excluded_lines": 0, "percent_statements_covered": 0.0, "percent_statements_covered_display": "0"}, "missing_lines": [200, 203, 204, 207, 208, 211, 212], "excluded_lines": []}, "test_multi_file_integration_workflow": {"executed_lines": [], "summary": {"covered_lines": 0, "num_statements": 12, "percent_covered": 0.0, "percent_covered_display": "0", "missing_lines": 12, "excluded_lines": 0, "percent_statements_covered": 0.0, "percent_statements_covered_display": "0"}, "missing_lines": [218, 221, 222, 224, 225, 226, 227, 230, 231, 234, 235, 236], "excluded_lines": []}, "test_parameter_validation_workflow": {"executed_lines": [], "summary": {"covered_lines": 0, "num_statements": 5, "percent_covered": 0.0, "percent_covered_display": "0", "missing_lines": 5, "excluded_lines": 0, "percent_statements_covered": 0.0, "percent_statements_covered_display": "0"}, "missing_lines": [243, 249, 250, 253, 258], "excluded_lines": []}, "test_reproducibility_workflow": {"executed_lines": [], "summary": {"covered_lines": 0, "num_statements": 5, "percent_covered": 0.0, "percent_covered_display": "0", "missing_lines": 5, "excluded_lines": 0, "percent_statements_covered": 0.0, "percent_statements_covered_display": "0"}, "missing_lines": [265, 271, 278, 279, 280], "excluded_lines": []}, "test_cli_compatibility_workflow": {"executed_lines": [], "summary": {"covered_lines": 0, "num_statements": 5, "percent_covered": 0.0, "percent_covered_display": "0", "missing_lines": 5, "excluded_lines": 0, "percent_statements_covered": 0.0, "percent_statements_covered_display": "0"}, "missing_lines": [287, 294, 295, 297, 298], "excluded_lines": []}, "": {"executed_lines": [], "summary": {"covered_lines": 0, "num_statements": 33, "percent_covered": 0.0, "percent_covered_display": "0", "missing_lines": 33, "excluded_lines": 0, "percent_statements_covered": 0.0, "percent_statements_covered_display": "0"}, "missing_lines": [9, 10, 11, 12, 14, 15, 17, 18, 21, 22, 44, 45, 70, 71, 87, 88, 101, 102, 103, 159, 160, 181, 182, 197, 198, 215, 216, 239, 240, 261, 262, 283, 284], "excluded_lines": []}}, "classes": {"": {"executed_lines": [], "summary": {"covered_lines": 0, "num_statements": 135, "percent_covered": 0.0, "percent_covered_display": "0", "missing_lines": 135, "excluded_lines": 0, "percent_statements_covered": 0.0, "percent_statements_covered_display": "0"}, "missing_lines": [9, 10, 11, 12, 14, 15, 17, 18, 21, 22, 24, 25, 26, 27, 30, 31, 32, 33, 34, 35, 37, 44, 45, 47, 50, 51, 52, 53, 56, 57, 58, 61, 62, 63, 66, 67, 70, 71, 73, 81, 82, 83, 84, 87, 88, 90, 96, 97, 98, 101, 102, 103, 111, 112, 113, 117, 124, 125, 128, 129, 131, 137, 138, 141, 142, 143, 146, 147, 150, 151, 153, 156, 159, 160, 162, 165, 166, 168, 169, 172, 173, 176, 177, 178, 181, 182, 185, 186, 188, 193, 194, 197, 198, 200, 203, 204, 207, 208, 211, 212, 215, 216, 218, 221, 222, 224, 225, 226, 227, 230, 231, 234, 235, 236, 239, 240, 243, 249, 250, 253, 258, 261, 262, 265, 271, 278, 279, 280, 283, 284, 287, 294, 295, 297, 298], "excluded_lines": []}}}}, "totals": {"covered_lines": 383, "num_statements": 1821, "percent_covered": 21.032399780340473, "percent_covered_display": "21", "missing_lines": 1438, "excluded_lines": 0, "percent_statements_covered": 21.032399780340473, "percent_statements_covered_display": "21"}}