<?xml version="1.0" encoding="utf-8"?><testsuites name="pytest tests"><testsuite name="pytest" errors="0" failures="0" skipped="0" tests="15" time="3.216" timestamp="2025-12-10T14:11:35.970251+00:00" hostname="runnervmoqczp"><testcase classname="tests.test_synthetic_validation.TestSyntheticDataGeneration" name="test_generate_synthetic_dataset" time="0.012" /><testcase classname="tests.test_synthetic_validation.TestSyntheticDataGeneration" name="test_tree_structure_validity" time="0.003" /><testcase classname="tests.test_synthetic_validation.TestSyntheticDataGeneration" name="test_cluster_assignment_validity" time="0.004" /><testcase classname="tests.test_synthetic_validation.TestSyntheticDataGeneration" name="test_synthetic_data_reproducibility" time="0.015" /><testcase classname="tests.test_synthetic_validation.TestPhylogeneticDiversityValidation" name="test_pd_positive" time="0.004" /><testcase classname="tests.test_synthetic_validation.TestPhylogeneticDiversityValidation" name="test_pd_scales_with_taxa" time="0.008" /><testcase classname="tests.test_synthetic_validation.TestClusteringValidation" name="test_cluster_recovery_with_high_heritability" time="0.155" /><testcase classname="tests.test_synthetic_validation.TestChiSquareValidation" name="test_chi_square_with_phylogenetic_signal" time="0.038" /><testcase classname="tests.test_synthetic_validation.TestFDRCorrectionValidation" name="test_fdr_controls_false_positives" time="0.001" /><testcase classname="tests.test_synthetic_validation.TestSilhouetteValidation" name="test_silhouette_with_known_clusters" time="0.010" /><testcase classname="tests.test_synthetic_validation.TestBootstrapValidation" name="test_bootstrap_ci_coverage" time="0.165" /><testcase classname="tests.test_synthetic_validation.TestNumericalStability" name="test_single_taxon_cluster" time="0.004" /><testcase classname="tests.test_synthetic_validation.TestNumericalStability" name="test_extreme_heritability_values" time="0.007" /><testcase classname="tests.test_synthetic_validation.TestTreeParsingValidation" name="test_tree_contains_all_taxa" time="0.003" /><testcase classname="tests.test_synthetic_validation.TestValidationReportGeneration" name="test_generate_validation_report" time="0.009" /></testsuite></testsuites>