<?xml version="1.0" encoding="utf-8"?><testsuites name="pytest tests"><testsuite name="pytest" errors="0" failures="0" skipped="0" tests="48" time="7.904" timestamp="2025-12-12T04:52:12.297259+00:00" hostname="runnervm6qbrg"><testcase classname="tests.test_config" name="test_config_defaults" time="0.002" /><testcase classname="tests.test_config" name="test_config_custom_values" time="0.001" /><testcase classname="tests.test_config" name="test_config_data_dir_validation" time="0.001" /><testcase classname="tests.test_config" name="test_config_fdr_alpha_validation" time="0.001" /><testcase classname="tests.test_config" name="test_config_bootstrap_validation" time="0.001" /><testcase classname="tests.test_config" name="test_config_output_dir_creation" time="0.001" /><testcase classname="tests.test_config" name="test_config_from_dict" time="0.001" /><testcase classname="tests.test_config" name="test_config_reporting_parameters" time="0.001" /><testcase classname="tests.test_config" name="test_config_parallel_processing" time="0.001" /><testcase classname="tests.test_config" name="test_config_max_clusters_validation" time="0.002" /><testcase classname="tests.test_config" name="test_config_valid_cluster_range" time="0.001" /><testcase classname="tests.test_config" name="test_config_mca_components" time="0.001" /><testcase classname="tests.test_config" name="test_config_association_rules" time="0.001" /><testcase classname="tests.test_config" name="test_config_dpi_setting" time="0.001" /><testcase classname="tests.test_config" name="test_config_from_dict_ignores_unknown_keys" time="0.001" /><testcase classname="tests.test_config" name="test_config_fdr_alpha_boundary_values" time="0.001" /><testcase classname="tests.test_config" name="test_config_bootstrap_iterations_minimum" time="0.003" /><testcase classname="tests.test_config" name="test_config_all_reporting_flags" time="0.001" /><testcase classname="tests.test_config" name="test_config_negative_n_jobs" time="0.001" /><testcase classname="tests.test_statistical_validation.TestKModesClustering" name="test_kmodes_basic_clustering" time="0.025" /><testcase classname="tests.test_statistical_validation.TestKModesClustering" name="test_kmodes_reproducibility" time="0.009" /><testcase classname="tests.test_statistical_validation.TestSilhouetteScore" name="test_silhouette_calculation" time="0.003" /><testcase classname="tests.test_statistical_validation.TestSilhouetteScore" name="test_silhouette_bounds" time="0.002" /><testcase classname="tests.test_statistical_validation.TestClusteringMetrics" name="test_calinski_harabasz_positive" time="0.002" /><testcase classname="tests.test_statistical_validation.TestClusteringMetrics" name="test_davies_bouldin_non_negative" time="0.004" /><testcase classname="tests.test_statistical_validation.TestChiSquareAnalysis" name="test_chi_square_significant_association" time="0.014" /><testcase classname="tests.test_statistical_validation.TestChiSquareAnalysis" name="test_chi_square_independent" time="0.007" /><testcase classname="tests.test_statistical_validation.TestMCAValidation" name="test_mca_explained_variance" time="0.012" /><testcase classname="tests.test_statistical_validation.TestPhiCorrelation" name="test_phi_perfect_positive" time="0.001" /><testcase classname="tests.test_statistical_validation.TestPhiCorrelation" name="test_phi_perfect_negative" time="0.001" /><testcase classname="tests.test_statistical_validation.TestEdgeCases" name="test_single_cluster" time="0.001" /><testcase classname="tests.test_statistical_validation.TestEdgeCases" name="test_empty_contingency_handling" time="0.001" /><testcase classname="tests.test_statistical_validation.TestEdgeCases" name="test_constant_feature" time="0.002" /><testcase classname="tests.test_statistical_validation.TestLogOddsRatio" name="test_log_odds_positive_association" time="0.001" /><testcase classname="tests.test_statistical_validation.TestLogOddsRatio" name="test_log_odds_no_association" time="0.001" /><testcase classname="tests.test_statistical_validation.TestBootstrapCI" name="test_bootstrap_ci_contains_true_proportion" time="0.013" /><testcase classname="tests.test_statistical_validation.TestReproducibility" name="test_kmodes_reproducible_across_runs" time="0.020" /><testcase classname="tests.test_statistical_validation.TestPhiCoefficientValidation" name="test_phi_against_manual_calculation" time="0.001" /><testcase classname="tests.test_statistical_validation.TestPhiCoefficientValidation" name="test_phi_against_cramers_v" time="0.007" /><testcase classname="tests.test_statistical_validation.TestBootstrapCIValidation" name="test_bootstrap_ci_coverage_property" time="1.443" /><testcase classname="tests.test_statistical_validation.TestBootstrapCIValidation" name="test_bootstrap_ci_symmetric_for_p_50" time="0.001" /><testcase classname="tests.test_statistical_validation.TestFDRCorrectionValidation" name="test_fdr_against_statsmodels" time="0.217" /><testcase classname="tests.test_statistical_validation.TestLogOddsRatioValidation" name="test_log_odds_ratio_manual_calculation" time="0.005" /><testcase classname="tests.test_statistical_validation.TestSilhouetteScoreValidation" name="test_silhouette_score_against_sklearn" time="0.006" /><testcase classname="tests.test_statistical_validation.TestChiSquareValidationDetailed" name="test_chi_square_against_scipy_exact_values" time="0.049" /><testcase classname="tests.test_statistical_validation.TestChiSquareValidationDetailed" name="test_fisher_exact_against_scipy" time="0.049" /><testcase classname="tests.test_statistical_validation.TestClusteringMetricsValidation" name="test_calinski_harabasz_against_sklearn" time="0.005" /><testcase classname="tests.test_statistical_validation.TestClusteringMetricsValidation" name="test_davies_bouldin_against_sklearn" time="0.006" /></testsuite></testsuites>