<?xml version="1.0" encoding="utf-8"?><testsuites name="pytest tests"><testsuite name="pytest" errors="0" failures="0" skipped="0" tests="15" time="7.030" timestamp="2025-12-10T14:11:07.598676+00:00" hostname="runnervmoqczp"><testcase classname="tests.test_synthetic_validation.TestSyntheticDataGeneration" name="test_generate_synthetic_dataset" time="3.008" /><testcase classname="tests.test_synthetic_validation.TestSyntheticDataGeneration" name="test_cluster_assignment_validity" time="0.005" /><testcase classname="tests.test_synthetic_validation.TestSyntheticDataGeneration" name="test_synthetic_data_reproducibility" time="0.024" /><testcase classname="tests.test_synthetic_validation.TestClusteringValidationWithSynthetic" name="test_cluster_recovery_accuracy" time="0.849" /><testcase classname="tests.test_synthetic_validation.TestSilhouetteValidation" name="test_silhouette_score_matches_sklearn" time="0.003" /><testcase classname="tests.test_synthetic_validation.TestChiSquareValidation" name="test_chi_square_matches_scipy" time="0.002" /><testcase classname="tests.test_synthetic_validation.TestChiSquareValidation" name="test_fisher_exact_for_small_samples" time="0.002" /><testcase classname="tests.test_synthetic_validation.TestFDRCorrectionValidation" name="test_fdr_matches_statsmodels" time="0.001" /><testcase classname="tests.test_synthetic_validation.TestFDRCorrectionValidation" name="test_fdr_controls_false_discoveries" time="0.001" /><testcase classname="tests.test_synthetic_validation.TestPhiCoefficientValidation" name="test_phi_coefficient_range" time="0.009" /><testcase classname="tests.test_synthetic_validation.TestPhiCoefficientValidation" name="test_phi_sign_correctness" time="0.001" /><testcase classname="tests.test_synthetic_validation.TestBootstrapValidation" name="test_bootstrap_ci_coverage" time="0.670" /><testcase classname="tests.test_synthetic_validation.TestNumericalStabilityWithSynthetic" name="test_extreme_prevalences" time="0.001" /><testcase classname="tests.test_synthetic_validation.TestNumericalStabilityWithSynthetic" name="test_small_sample_stability" time="0.001" /><testcase classname="tests.test_synthetic_validation.TestValidationReportGeneration" name="test_generate_validation_report" time="0.013" /></testsuite></testsuites>