{"meta": {"format": 3, "version": "7.12.0", "timestamp": "2025-11-22T03:07:01.623731", "branch_coverage": false, "show_contexts": false}, "files": {"strepsuis_genphen/__init__.py": {"executed_lines": [1, 11, 12, 13, 15, 16, 18], "summary": {"covered_lines": 6, "num_statements": 6, "percent_covered": 100.0, "percent_covered_display": "100", "missing_lines": 0, "excluded_lines": 0, "percent_statements_covered": 100.0, "percent_statements_covered_display": "100"}, "missing_lines": [], "excluded_lines": [], "functions": {"": {"executed_lines": [1, 11, 12, 13, 15, 16, 18], "summary": {"covered_lines": 6, "num_statements": 6, "percent_covered": 100.0, "percent_covered_display": "100", "missing_lines": 0, "excluded_lines": 0, "percent_statements_covered": 100.0, "percent_statements_covered_display": "100"}, "missing_lines": [], "excluded_lines": []}}, "classes": {"": {"executed_lines": [1, 11, 12, 13, 15, 16, 18], "summary": {"covered_lines": 6, "num_statements": 6, "percent_covered": 100.0, "percent_covered_display": "100", "missing_lines": 0, "excluded_lines": 0, "percent_statements_covered": 100.0, "percent_statements_covered_display": "100"}, "missing_lines": [], "excluded_lines": []}}}, "strepsuis_genphen/analyzer.py": {"executed_lines": [1, 5, 6, 7, 8, 9, 11, 14, 15, 25, 33, 34, 35, 47, 48, 49, 51, 52, 53, 54, 55, 56, 58, 115, 147], "summary": {"covered_lines": 23, "num_statements": 75, "percent_covered": 30.666666666666668, "percent_covered_display": "31", "missing_lines": 52, "excluded_lines": 0, "percent_statements_covered": 30.666666666666668, "percent_statements_covered_display": "31"}, "missing_lines": [65, 68, 70, 71, 74, 75, 76, 77, 78, 79, 81, 86, 87, 88, 90, 93, 94, 95, 96, 97, 99, 100, 103, 104, 107, 110, 112, 113, 117, 119, 120, 122, 124, 125, 127, 128, 130, 131, 132, 133, 135, 137, 138, 140, 141, 144, 145, 149, 151, 152, 153, 155], "excluded_lines": [], "functions": {"GenPhenAnalyzer.__init__": {"executed_lines": [33, 34, 35, 47, 48, 49, 51, 52, 53, 54, 55, 56], "summary": {"covered_lines": 12, "num_statements": 12, "percent_covered": 100.0, "percent_covered_display": "100", "missing_lines": 0, "excluded_lines": 0, "percent_statements_covered": 100.0, "percent_statements_covered_display": "100"}, "missing_lines": [], "excluded_lines": []}, "GenPhenAnalyzer.run": {"executed_lines": [], "summary": {"covered_lines": 0, "num_statements": 28, "percent_covered": 0.0, "percent_covered_display": "0", "missing_lines": 28, "excluded_lines": 0, "percent_statements_covered": 0.0, "percent_statements_covered_display": "0"}, "missing_lines": [65, 68, 70, 71, 74, 75, 76, 77, 78, 79, 81, 86, 87, 88, 90, 93, 94, 95, 96, 97, 99, 100, 103, 104, 107, 110, 112, 113], "excluded_lines": []}, "GenPhenAnalyzer._execute_analysis": {"executed_lines": [], "summary": {"covered_lines": 0, "num_statements": 19, "percent_covered": 0.0, "percent_covered_display": "0", "missing_lines": 19, "excluded_lines": 0, "percent_statements_covered": 0.0, "percent_statements_covered_display": "0"}, "missing_lines": [117, 119, 120, 122, 124, 125, 127, 128, 130, 131, 132, 133, 135, 137, 138, 140, 141, 144, 145], "excluded_lines": []}, "GenPhenAnalyzer._collect_results": {"executed_lines": [], "summary": {"covered_lines": 0, "num_statements": 5, "percent_covered": 0.0, "percent_covered_display": "0", "missing_lines": 5, "excluded_lines": 0, "percent_statements_covered": 0.0, "percent_statements_covered_display": "0"}, "missing_lines": [149, 151, 152, 153, 155], "excluded_lines": []}, "": {"executed_lines": [1, 5, 6, 7, 8, 9, 11, 14, 15, 25, 58, 115, 147], "summary": {"covered_lines": 11, "num_statements": 11, "percent_covered": 100.0, "percent_covered_display": "100", "missing_lines": 0, "excluded_lines": 0, "percent_statements_covered": 100.0, "percent_statements_covered_display": "100"}, "missing_lines": [], "excluded_lines": []}}, "classes": {"GenPhenAnalyzer": {"executed_lines": [33, 34, 35, 47, 48, 49, 51, 52, 53, 54, 55, 56], "summary": {"covered_lines": 12, "num_statements": 64, "percent_covered": 18.75, "percent_covered_display": "19", "missing_lines": 52, "excluded_lines": 0, "percent_statements_covered": 18.75, "percent_statements_covered_display": "19"}, "missing_lines": [65, 68, 70, 71, 74, 75, 76, 77, 78, 79, 81, 86, 87, 88, 90, 93, 94, 95, 96, 97, 99, 100, 103, 104, 107, 110, 112, 113, 117, 119, 120, 122, 124, 125, 127, 128, 130, 131, 132, 133, 135, 137, 138, 140, 141, 144, 145, 149, 151, 152, 153, 155], "excluded_lines": []}, "": {"executed_lines": [1, 5, 6, 7, 8, 9, 11, 14, 15, 25, 58, 115, 147], "summary": {"covered_lines": 11, "num_statements": 11, "percent_covered": 100.0, "percent_covered_display": "100", "missing_lines": 0, "excluded_lines": 0, "percent_statements_covered": 100.0, "percent_statements_covered_display": "100"}, "missing_lines": [], "excluded_lines": []}}}, "strepsuis_genphen/cli.py": {"executed_lines": [], "summary": {"covered_lines": 0, "num_statements": 36, "percent_covered": 0.0, "percent_covered_display": "0", "missing_lines": 36, "excluded_lines": 0, "percent_statements_covered": 0.0, "percent_statements_covered_display": "0"}, "missing_lines": [5, 6, 7, 9, 10, 11, 14, 16, 17, 24, 26, 31, 33, 37, 44, 48, 52, 54, 56, 57, 59, 60, 67, 68, 69, 71, 72, 74, 76, 77, 79, 81, 82, 83, 86, 87], "excluded_lines": [], "functions": {"setup_logging": {"executed_lines": [], "summary": {"covered_lines": 0, "num_statements": 2, "percent_covered": 0.0, "percent_covered_display": "0", "missing_lines": 2, "excluded_lines": 0, "percent_statements_covered": 0.0, "percent_statements_covered_display": "0"}, "missing_lines": [16, 17], "excluded_lines": []}, "main": {"executed_lines": [], "summary": {"covered_lines": 0, "num_statements": 24, "percent_covered": 0.0, "percent_covered_display": "0", "missing_lines": 24, "excluded_lines": 0, "percent_statements_covered": 0.0, "percent_statements_covered_display": "0"}, "missing_lines": [26, 31, 33, 37, 44, 48, 52, 54, 56, 57, 59, 60, 67, 68, 69, 71, 72, 74, 76, 77, 79, 81, 82, 83], "excluded_lines": []}, "": {"executed_lines": [], "summary": {"covered_lines": 0, "num_statements": 10, "percent_covered": 0.0, "percent_covered_display": "0", "missing_lines": 10, "excluded_lines": 0, "percent_statements_covered": 0.0, "percent_statements_covered_display": "0"}, "missing_lines": [5, 6, 7, 9, 10, 11, 14, 24, 86, 87], "excluded_lines": []}}, "classes": {"": {"executed_lines": [], "summary": {"covered_lines": 0, "num_statements": 36, "percent_covered": 0.0, "percent_covered_display": "0", "missing_lines": 36, "excluded_lines": 0, "percent_statements_covered": 0.0, "percent_statements_covered_display": "0"}, "missing_lines": [5, 6, 7, 9, 10, 11, 14, 16, 17, 24, 26, 31, 33, 37, 44, 48, 52, 54, 56, 57, 59, 60, 67, 68, 69, 71, 72, 74, 76, 77, 79, 81, 82, 83, 86, 87], "excluded_lines": []}}}, "strepsuis_genphen/config.py": {"executed_lines": [1, 7, 8, 11, 12, 13, 16, 17, 20, 21, 22, 25, 26, 27, 28, 31, 33, 35, 36, 38, 40, 41, 43, 44, 46, 47, 49], "summary": {"covered_lines": 25, "num_statements": 25, "percent_covered": 100.0, "percent_covered_display": "100", "missing_lines": 0, "excluded_lines": 0, "percent_statements_covered": 100.0, "percent_statements_covered_display": "100"}, "missing_lines": [], "excluded_lines": [], "functions": {"Config.__post_init__": {"executed_lines": [35, 36, 38, 40, 41, 43, 44], "summary": {"covered_lines": 7, "num_statements": 7, "percent_covered": 100.0, "percent_covered_display": "100", "missing_lines": 0, "excluded_lines": 0, "percent_statements_covered": 100.0, "percent_statements_covered_display": "100"}, "missing_lines": [], "excluded_lines": []}, "Config.from_dict": {"executed_lines": [49], "summary": {"covered_lines": 1, "num_statements": 1, "percent_covered": 100.0, "percent_covered_display": "100", "missing_lines": 0, "excluded_lines": 0, "percent_statements_covered": 100.0, "percent_statements_covered_display": "100"}, "missing_lines": [], "excluded_lines": []}, "": {"executed_lines": [1, 7, 8, 11, 12, 13, 16, 17, 20, 21, 22, 25, 26, 27, 28, 31, 33, 46, 47], "summary": {"covered_lines": 17, "num_statements": 17, "percent_covered": 100.0, "percent_covered_display": "100", "missing_lines": 0, "excluded_lines": 0, "percent_statements_covered": 100.0, "percent_statements_covered_display": "100"}, "missing_lines": [], "excluded_lines": []}}, "classes": {"Config": {"executed_lines": [35, 36, 38, 40, 41, 43, 44, 49], "summary": {"covered_lines": 8, "num_statements": 8, "percent_covered": 100.0, "percent_covered_display": "100", "missing_lines": 0, "excluded_lines": 0, "percent_statements_covered": 100.0, "percent_statements_covered_display": "100"}, "missing_lines": [], "excluded_lines": []}, "": {"executed_lines": [1, 7, 8, 11, 12, 13, 16, 17, 20, 21, 22, 25, 26, 27, 28, 31, 33, 46, 47], "summary": {"covered_lines": 17, "num_statements": 17, "percent_covered": 100.0, "percent_covered_display": "100", "missing_lines": 0, "excluded_lines": 0, "percent_statements_covered": 100.0, "percent_statements_covered_display": "100"}, "missing_lines": [], "excluded_lines": []}}}, "strepsuis_genphen/excel_report_utils.py": {"executed_lines": [], "summary": {"covered_lines": 0, "num_statements": 138, "percent_covered": 0.0, "percent_covered_display": "0", "missing_lines": 138, "excluded_lines": 0, "percent_statements_covered": 0.0, "percent_statements_covered_display": "0"}, "missing_lines": [7, 8, 10, 11, 14, 17, 24, 25, 26, 27, 29, 42, 43, 44, 45, 46, 47, 49, 63, 64, 65, 66, 67, 69, 83, 84, 85, 86, 88, 89, 90, 91, 92, 94, 104, 105, 107, 118, 119, 120, 122, 123, 126, 127, 128, 130, 138, 140, 141, 142, 143, 144, 146, 148, 150, 153, 154, 155, 156, 157, 158, 159, 160, 161, 162, 163, 164, 166, 173, 174, 176, 178, 179, 180, 181, 183, 184, 187, 188, 189, 190, 192, 203, 205, 207, 208, 209, 212, 213, 214, 215, 218, 219, 221, 222, 223, 225, 228, 229, 230, 231, 232, 233, 234, 235, 236, 237, 238, 239, 241, 255, 256, 257, 260, 262, 265, 266, 269, 270, 272, 273, 276, 279, 281, 282, 283, 284, 285, 286, 288, 291, 304, 305, 306, 307, 310, 311, 313], "excluded_lines": [], "functions": {"ExcelReportGenerator.__init__": {"executed_lines": [], "summary": {"covered_lines": 0, "num_statements": 4, "percent_covered": 0.0, "percent_covered_display": "0", "missing_lines": 4, "excluded_lines": 0, "percent_statements_covered": 0.0, "percent_statements_covered_display": "0"}, "missing_lines": [24, 25, 26, 27], "excluded_lines": []}, "ExcelReportGenerator.save_matplotlib_figure": {"executed_lines": [], "summary": {"covered_lines": 0, "num_statements": 6, "percent_covered": 0.0, "percent_covered_display": "0", "missing_lines": 6, "excluded_lines": 0, "percent_statements_covered": 0.0, "percent_statements_covered_display": "0"}, "missing_lines": [42, 43, 44, 45, 46, 47], "excluded_lines": []}, "ExcelReportGenerator.save_plotly_figure": {"executed_lines": [], "summary": {"covered_lines": 0, "num_statements": 5, "percent_covered": 0.0, "percent_covered_display": "0", "missing_lines": 5, "excluded_lines": 0, "percent_statements_covered": 0.0, "percent_statements_covered_display": "0"}, "missing_lines": [63, 64, 65, 66, 67], "excluded_lines": []}, "ExcelReportGenerator.save_plotly_figure_fallback": {"executed_lines": [], "summary": {"covered_lines": 0, "num_statements": 9, "percent_covered": 0.0, "percent_covered_display": "0", "missing_lines": 9, "excluded_lines": 0, "percent_statements_covered": 0.0, "percent_statements_covered_display": "0"}, "missing_lines": [83, 84, 85, 86, 88, 89, 90, 91, 92], "excluded_lines": []}, "ExcelReportGenerator.create_metadata_sheet": {"executed_lines": [], "summary": {"covered_lines": 0, "num_statements": 11, "percent_covered": 0.0, "percent_covered_display": "0", "missing_lines": 11, "excluded_lines": 0, "percent_statements_covered": 0.0, "percent_statements_covered_display": "0"}, "missing_lines": [104, 105, 107, 118, 119, 120, 122, 123, 126, 127, 128], "excluded_lines": []}, "ExcelReportGenerator.create_methodology_sheet": {"executed_lines": [], "summary": {"covered_lines": 0, "num_statements": 21, "percent_covered": 0.0, "percent_covered_display": "0", "missing_lines": 21, "excluded_lines": 0, "percent_statements_covered": 0.0, "percent_statements_covered_display": "0"}, "missing_lines": [138, 140, 141, 142, 143, 144, 146, 148, 150, 153, 154, 155, 156, 157, 158, 159, 160, 161, 162, 163, 164], "excluded_lines": []}, "ExcelReportGenerator.create_chart_index_sheet": {"executed_lines": [], "summary": {"covered_lines": 0, "num_statements": 13, "percent_covered": 0.0, "percent_covered_display": "0", "missing_lines": 13, "excluded_lines": 0, "percent_statements_covered": 0.0, "percent_statements_covered_display": "0"}, "missing_lines": [173, 174, 176, 178, 179, 180, 181, 183, 184, 187, 188, 189, 190], "excluded_lines": []}, "ExcelReportGenerator.add_dataframe_sheet": {"executed_lines": [], "summary": {"covered_lines": 0, "num_statements": 27, "percent_covered": 0.0, "percent_covered_display": "0", "missing_lines": 27, "excluded_lines": 0, "percent_statements_covered": 0.0, "percent_statements_covered_display": "0"}, "missing_lines": [203, 205, 207, 208, 209, 212, 213, 214, 215, 218, 219, 221, 222, 223, 225, 228, 229, 230, 231, 232, 233, 234, 235, 236, 237, 238, 239], "excluded_lines": []}, "ExcelReportGenerator.generate_excel_report": {"executed_lines": [], "summary": {"covered_lines": 0, "num_statements": 20, "percent_covered": 0.0, "percent_covered_display": "0", "missing_lines": 20, "excluded_lines": 0, "percent_statements_covered": 0.0, "percent_statements_covered_display": "0"}, "missing_lines": [255, 256, 257, 260, 262, 265, 266, 269, 270, 272, 273, 276, 279, 281, 282, 283, 284, 285, 286, 288], "excluded_lines": []}, "sanitize_sheet_name": {"executed_lines": [], "summary": {"covered_lines": 0, "num_statements": 7, "percent_covered": 0.0, "percent_covered_display": "0", "missing_lines": 7, "excluded_lines": 0, "percent_statements_covered": 0.0, "percent_statements_covered_display": "0"}, "missing_lines": [304, 305, 306, 307, 310, 311, 313], "excluded_lines": []}, "": {"executed_lines": [], "summary": {"covered_lines": 0, "num_statements": 15, "percent_covered": 0.0, "percent_covered_display": "0", "missing_lines": 15, "excluded_lines": 0, "percent_statements_covered": 0.0, "percent_statements_covered_display": "0"}, "missing_lines": [7, 8, 10, 11, 14, 17, 29, 49, 69, 94, 130, 166, 192, 241, 291], "excluded_lines": []}}, "classes": {"ExcelReportGenerator": {"executed_lines": [], "summary": {"covered_lines": 0, "num_statements": 116, "percent_covered": 0.0, "percent_covered_display": "0", "missing_lines": 116, "excluded_lines": 0, "percent_statements_covered": 0.0, "percent_statements_covered_display": "0"}, "missing_lines": [24, 25, 26, 27, 42, 43, 44, 45, 46, 47, 63, 64, 65, 66, 67, 83, 84, 85, 86, 88, 89, 90, 91, 92, 104, 105, 107, 118, 119, 120, 122, 123, 126, 127, 128, 138, 140, 141, 142, 143, 144, 146, 148, 150, 153, 154, 155, 156, 157, 158, 159, 160, 161, 162, 163, 164, 173, 174, 176, 178, 179, 180, 181, 183, 184, 187, 188, 189, 190, 203, 205, 207, 208, 209, 212, 213, 214, 215, 218, 219, 221, 222, 223, 225, 228, 229, 230, 231, 232, 233, 234, 235, 236, 237, 238, 239, 255, 256, 257, 260, 262, 265, 266, 269, 270, 272, 273, 276, 279, 281, 282, 283, 284, 285, 286, 288], "excluded_lines": []}, "": {"executed_lines": [], "summary": {"covered_lines": 0, "num_statements": 22, "percent_covered": 0.0, "percent_covered_display": "0", "missing_lines": 22, "excluded_lines": 0, "percent_statements_covered": 0.0, "percent_statements_covered_display": "0"}, "missing_lines": [7, 8, 10, 11, 14, 17, 29, 49, 69, 94, 130, 166, 192, 241, 291, 304, 305, 306, 307, 310, 311, 313], "excluded_lines": []}}}, "strepsuis_genphen/genphen_analysis_core.py": {"executed_lines": [], "summary": {"covered_lines": 0, "num_statements": 802, "percent_covered": 0.0, "percent_covered_display": "0", "missing_lines": 802, "excluded_lines": 0, "percent_statements_covered": 0.0, "percent_statements_covered_display": "0"}, "missing_lines": [25, 26, 27, 28, 29, 30, 31, 36, 37, 38, 41, 42, 45, 47, 48, 49, 50, 51, 55, 56, 57, 58, 59, 62, 63, 64, 65, 66, 67, 68, 69, 70, 71, 73, 74, 76, 77, 80, 81, 82, 83, 84, 85, 86, 87, 88, 89, 90, 91, 92, 93, 94, 95, 96, 97, 98, 101, 102, 103, 104, 105, 106, 107, 113, 115, 117, 118, 121, 403, 404, 407, 408, 409, 410, 411, 412, 414, 425, 426, 428, 434, 435, 436, 437, 438, 439, 440, 442, 443, 444, 445, 446, 447, 448, 449, 450, 451, 452, 453, 455, 456, 457, 458, 459, 460, 461, 462, 463, 466, 467, 468, 469, 477, 478, 479, 480, 482, 483, 484, 485, 487, 488, 489, 490, 491, 493, 494, 495, 496, 497, 498, 499, 501, 502, 503, 510, 512, 513, 514, 517, 518, 521, 522, 523, 524, 526, 527, 528, 529, 530, 531, 532, 533, 534, 535, 536, 537, 538, 539, 540, 542, 543, 544, 545, 546, 547, 548, 549, 550, 551, 552, 553, 554, 555, 557, 558, 559, 560, 561, 562, 563, 564, 565, 566, 567, 568, 569, 570, 571, 573, 574, 575, 576, 577, 578, 579, 580, 581, 582, 583, 584, 585, 586, 587, 588, 589, 590, 591, 592, 593, 594, 597, 598, 599, 600, 602, 603, 604, 605, 606, 607, 609, 610, 611, 613, 614, 615, 616, 617, 621, 622, 623, 624, 625, 626, 627, 628, 629, 630, 631, 632, 633, 634, 635, 636, 637, 640, 641, 642, 643, 644, 645, 646, 647, 648, 649, 650, 651, 652, 653, 654, 655, 656, 657, 658, 659, 671, 672, 673, 674, 675, 676, 677, 678, 679, 680, 681, 683, 684, 685, 686, 687, 692, 693, 695, 696, 697, 698, 699, 700, 701, 707, 708, 709, 715, 716, 717, 719, 720, 721, 723, 724, 726, 731, 732, 733, 734, 736, 737, 738, 739, 741, 742, 743, 744, 745, 747, 748, 750, 751, 753, 754, 755, 756, 758, 759, 760, 762, 767, 768, 769, 770, 771, 779, 780, 781, 783, 784, 785, 786, 787, 795, 796, 798, 799, 800, 801, 802, 803, 804, 805, 806, 807, 808, 814, 815, 816, 817, 818, 819, 820, 821, 822, 823, 824, 825, 827, 828, 829, 830, 832, 833, 842, 843, 849, 850, 851, 853, 854, 856, 857, 858, 861, 862, 863, 864, 866, 867, 875, 876, 877, 878, 879, 881, 882, 883, 884, 885, 886, 887, 888, 889, 890, 891, 892, 893, 894, 895, 896, 898, 899, 900, 901, 902, 903, 904, 905, 906, 907, 916, 917, 919, 920, 921, 922, 923, 924, 925, 926, 927, 928, 929, 930, 931, 938, 939, 940, 941, 942, 944, 945, 946, 947, 948, 949, 952, 953, 954, 955, 956, 959, 960, 961, 962, 963, 967, 968, 969, 974, 975, 977, 978, 979, 980, 981, 982, 983, 984, 985, 986, 987, 988, 989, 990, 991, 1000, 1001, 1002, 1003, 1004, 1005, 1006, 1007, 1008, 1010, 1011, 1012, 1013, 1014, 1015, 1016, 1017, 1018, 1019, 1020, 1024, 1025, 1026, 1027, 1035, 1036, 1037, 1038, 1039, 1040, 1041, 1042, 1043, 1044, 1045, 1051, 1052, 1053, 1055, 1056, 1057, 1058, 1059, 1060, 1061, 1062, 1063, 1064, 1065, 1066, 1067, 1068, 1069, 1070, 1071, 1072, 1073, 1074, 1075, 1076, 1077, 1087, 1088, 1089, 1090, 1096, 1097, 1098, 1099, 1100, 1101, 1106, 1107, 1109, 1110, 1111, 1112, 1113, 1114, 1115, 1116, 1117, 1124, 1125, 1126, 1127, 1128, 1129, 1130, 1131, 1132, 1133, 1134, 1136, 1137, 1138, 1139, 1141, 1142, 1143, 1149, 1150, 1151, 1152, 1153, 1154, 1156, 1176, 1180, 1181, 1182, 1183, 1185, 1186, 1187, 1188, 1189, 1191, 1193, 1194, 1195, 1196, 1197, 1198, 1199, 1202, 1203, 1205, 1208, 1240, 1247, 1248, 1249, 1250, 1251, 1252, 1253, 1254, 1257, 1258, 1259, 1262, 1263, 1264, 1265, 1266, 1267, 1268, 1269, 1270, 1271, 1272, 1273, 1274, 1275, 1277, 1280, 1291, 1298, 1299, 1305, 1306, 1307, 1308, 1309, 1310, 1311, 1312, 1313, 1314, 1315, 1316, 1319, 1320, 1321, 1322, 1323, 1324, 1325, 1326, 1327, 1329, 1330, 1331, 1376, 1377, 1378, 1381, 1382, 1383, 1384, 1387, 1388, 1392, 1393, 1394, 1395, 1396, 1397, 1398, 1399, 1400, 1401, 1402, 1403, 1404, 1405, 1406, 1409, 1410, 1411, 1412, 1413, 1414, 1415, 1416, 1417, 1418, 1419, 1420, 1421, 1422, 1425, 1426, 1427, 1430, 1431, 1434, 1435, 1436, 1437, 1438, 1439, 1440, 1441, 1444, 1445, 1447, 1448, 1449, 1450, 1451, 1452, 1454, 1455, 1457, 1458, 1459, 1460, 1461, 1464, 1465, 1468, 1472, 1476, 1481, 1482, 1483, 1484, 1485, 1486, 1489, 1490, 1491, 1492, 1493, 1494, 1495, 1496, 1497, 1498, 1500, 1504, 1508, 1514, 1521, 1524, 1527, 1530, 1533, 1536, 1537, 1540, 1541, 1544, 1547, 1550, 1551, 1553, 1554, 1555, 1566, 1567, 1570, 1573, 1576, 1577, 1578, 1579, 1580, 1581, 1582, 1585, 1586, 1593, 1594, 1595, 1603, 1604, 1606, 1609, 1612, 1617, 1618, 1623, 1626, 1631, 1634, 1637, 1639, 1640, 1641, 1642, 1643, 1649, 1650, 1662], "excluded_lines": [], "functions": {"_pip_install": {"executed_lines": [], "summary": {"covered_lines": 0, "num_statements": 1, "percent_covered": 0.0, "percent_covered_display": "0", "missing_lines": 1, "excluded_lines": 0, "percent_statements_covered": 0.0, "percent_statements_covered_display": "0"}, "missing_lines": [42], "excluded_lines": []}, "_ensure": {"executed_lines": [], "summary": {"covered_lines": 0, "num_statements": 5, "percent_covered": 0.0, "percent_covered_display": "0", "missing_lines": 5, "excluded_lines": 0, "percent_statements_covered": 0.0, "percent_statements_covered_display": "0"}, "missing_lines": [47, 48, 49, 50, 51], "excluded_lines": []}, "ensure_template_and_css": {"executed_lines": [], "summary": {"covered_lines": 0, "num_statements": 16, "percent_covered": 0.0, "percent_covered_display": "0", "missing_lines": 16, "excluded_lines": 0, "percent_statements_covered": 0.0, "percent_statements_covered_display": "0"}, "missing_lines": [115, 117, 118, 121, 403, 404, 407, 408, 409, 410, 411, 412, 414, 425, 426, 428], "excluded_lines": []}, "ParallelProcessor.parallel_tree_distance_matrix": {"executed_lines": [], "summary": {"covered_lines": 0, "num_statements": 14, "percent_covered": 0.0, "percent_covered_display": "0", "missing_lines": 14, "excluded_lines": 0, "percent_statements_covered": 0.0, "percent_statements_covered_display": "0"}, "missing_lines": [437, 438, 439, 440, 442, 455, 456, 457, 458, 459, 460, 461, 462, 463], "excluded_lines": []}, "ParallelProcessor.parallel_tree_distance_matrix.process_row": {"executed_lines": [], "summary": {"covered_lines": 0, "num_statements": 11, "percent_covered": 0.0, "percent_covered_display": "0", "missing_lines": 11, "excluded_lines": 0, "percent_statements_covered": 0.0, "percent_statements_covered_display": "0"}, "missing_lines": [443, 444, 445, 446, 447, 448, 449, 450, 451, 452, 453], "excluded_lines": []}, "PhylogeneticCore.find_tree_file": {"executed_lines": [], "summary": {"covered_lines": 0, "num_statements": 5, "percent_covered": 0.0, "percent_covered_display": "0", "missing_lines": 5, "excluded_lines": 0, "percent_statements_covered": 0.0, "percent_statements_covered_display": "0"}, "missing_lines": [469, 477, 478, 479, 480], "excluded_lines": []}, "PhylogeneticCore.load_tree": {"executed_lines": [], "summary": {"covered_lines": 0, "num_statements": 2, "percent_covered": 0.0, "percent_covered_display": "0", "missing_lines": 2, "excluded_lines": 0, "percent_statements_covered": 0.0, "percent_statements_covered_display": "0"}, "missing_lines": [484, 485], "excluded_lines": []}, "PhylogeneticCore.tree_to_distance_matrix": {"executed_lines": [], "summary": {"covered_lines": 0, "num_statements": 10, "percent_covered": 0.0, "percent_covered_display": "0", "missing_lines": 10, "excluded_lines": 0, "percent_statements_covered": 0.0, "percent_statements_covered_display": "0"}, "missing_lines": [489, 490, 491, 493, 494, 495, 496, 497, 498, 499], "excluded_lines": []}, "PhylogeneticCore.umap_embed": {"executed_lines": [], "summary": {"covered_lines": 0, "num_statements": 2, "percent_covered": 0.0, "percent_covered_display": "0", "missing_lines": 2, "excluded_lines": 0, "percent_statements_covered": 0.0, "percent_statements_covered_display": "0"}, "missing_lines": [503, 510], "excluded_lines": []}, "PhylogeneticCore.detect_outliers": {"executed_lines": [], "summary": {"covered_lines": 0, "num_statements": 3, "percent_covered": 0.0, "percent_covered_display": "0", "missing_lines": 3, "excluded_lines": 0, "percent_statements_covered": 0.0, "percent_statements_covered_display": "0"}, "missing_lines": [514, 517, 518], "excluded_lines": []}, "TreeAwareClustering.__init__": {"executed_lines": [], "summary": {"covered_lines": 0, "num_statements": 2, "percent_covered": 0.0, "percent_covered_display": "0", "missing_lines": 2, "excluded_lines": 0, "percent_statements_covered": 0.0, "percent_statements_covered_display": "0"}, "missing_lines": [523, 524], "excluded_lines": []}, "TreeAwareClustering._auto_threshold": {"executed_lines": [], "summary": {"covered_lines": 0, "num_statements": 28, "percent_covered": 0.0, "percent_covered_display": "0", "missing_lines": 28, "excluded_lines": 0, "percent_statements_covered": 0.0, "percent_statements_covered_display": "0"}, "missing_lines": [527, 528, 529, 530, 531, 532, 533, 534, 535, 536, 537, 538, 539, 540, 542, 543, 544, 545, 546, 547, 548, 549, 550, 551, 552, 553, 554, 555], "excluded_lines": []}, "TreeAwareClustering._check": {"executed_lines": [], "summary": {"covered_lines": 0, "num_statements": 14, "percent_covered": 0.0, "percent_covered_display": "0", "missing_lines": 14, "excluded_lines": 0, "percent_statements_covered": 0.0, "percent_statements_covered_display": "0"}, "missing_lines": [558, 559, 560, 561, 562, 563, 564, 565, 566, 567, 568, 569, 570, 571], "excluded_lines": []}, "TreeAwareClustering.cluster": {"executed_lines": [], "summary": {"covered_lines": 0, "num_statements": 21, "percent_covered": 0.0, "percent_covered_display": "0", "missing_lines": 21, "excluded_lines": 0, "percent_statements_covered": 0.0, "percent_statements_covered_display": "0"}, "missing_lines": [574, 575, 576, 577, 578, 579, 580, 581, 582, 583, 584, 585, 586, 587, 588, 589, 590, 591, 592, 593, 594], "excluded_lines": []}, "EnsembleClustering.__init__": {"executed_lines": [], "summary": {"covered_lines": 0, "num_statements": 2, "percent_covered": 0.0, "percent_covered_display": "0", "missing_lines": 2, "excluded_lines": 0, "percent_statements_covered": 0.0, "percent_statements_covered_display": "0"}, "missing_lines": [599, 600], "excluded_lines": []}, "EnsembleClustering._optimize_dbscan": {"executed_lines": [], "summary": {"covered_lines": 0, "num_statements": 4, "percent_covered": 0.0, "percent_covered_display": "0", "missing_lines": 4, "excluded_lines": 0, "percent_statements_covered": 0.0, "percent_statements_covered_display": "0"}, "missing_lines": [603, 609, 610, 611], "excluded_lines": []}, "EnsembleClustering._optimize_dbscan.obj": {"executed_lines": [], "summary": {"covered_lines": 0, "num_statements": 4, "percent_covered": 0.0, "percent_covered_display": "0", "missing_lines": 4, "excluded_lines": 0, "percent_statements_covered": 0.0, "percent_statements_covered_display": "0"}, "missing_lines": [604, 605, 606, 607], "excluded_lines": []}, "EnsembleClustering.fit_best": {"executed_lines": [], "summary": {"covered_lines": 0, "num_statements": 21, "percent_covered": 0.0, "percent_covered_display": "0", "missing_lines": 21, "excluded_lines": 0, "percent_statements_covered": 0.0, "percent_statements_covered_display": "0"}, "missing_lines": [614, 615, 616, 617, 621, 622, 623, 624, 625, 626, 627, 628, 629, 630, 631, 632, 633, 634, 635, 636, 637], "excluded_lines": []}, "Evolution.by_cluster": {"executed_lines": [], "summary": {"covered_lines": 0, "num_statements": 17, "percent_covered": 0.0, "percent_covered_display": "0", "missing_lines": 17, "excluded_lines": 0, "percent_statements_covered": 0.0, "percent_statements_covered_display": "0"}, "missing_lines": [643, 644, 645, 646, 647, 648, 649, 650, 651, 652, 653, 654, 655, 656, 657, 658, 659], "excluded_lines": []}, "Evolution.beta": {"executed_lines": [], "summary": {"covered_lines": 0, "num_statements": 9, "percent_covered": 0.0, "percent_covered_display": "0", "missing_lines": 9, "excluded_lines": 0, "percent_statements_covered": 0.0, "percent_statements_covered_display": "0"}, "missing_lines": [673, 674, 675, 676, 677, 678, 679, 680, 681], "excluded_lines": []}, "Evolution.rates": {"executed_lines": [], "summary": {"covered_lines": 0, "num_statements": 5, "percent_covered": 0.0, "percent_covered_display": "0", "missing_lines": 5, "excluded_lines": 0, "percent_statements_covered": 0.0, "percent_statements_covered_display": "0"}, "missing_lines": [685, 686, 687, 692, 693], "excluded_lines": []}, "Evolution.signal": {"executed_lines": [], "summary": {"covered_lines": 0, "num_statements": 8, "percent_covered": 0.0, "percent_covered_display": "0", "missing_lines": 8, "excluded_lines": 0, "percent_statements_covered": 0.0, "percent_statements_covered_display": "0"}, "missing_lines": [697, 698, 699, 700, 701, 707, 708, 709], "excluded_lines": []}, "DataLoader.__init__": {"executed_lines": [], "summary": {"covered_lines": 0, "num_statements": 1, "percent_covered": 0.0, "percent_covered_display": "0", "missing_lines": 1, "excluded_lines": 0, "percent_statements_covered": 0.0, "percent_statements_covered_display": "0"}, "missing_lines": [717], "excluded_lines": []}, "DataLoader._slug": {"executed_lines": [], "summary": {"covered_lines": 0, "num_statements": 1, "percent_covered": 0.0, "percent_covered_display": "0", "missing_lines": 1, "excluded_lines": 0, "percent_statements_covered": 0.0, "percent_statements_covered_display": "0"}, "missing_lines": [721], "excluded_lines": []}, "DataLoader._load_and_prefix": {"executed_lines": [], "summary": {"covered_lines": 0, "num_statements": 19, "percent_covered": 0.0, "percent_covered_display": "0", "missing_lines": 19, "excluded_lines": 0, "percent_statements_covered": 0.0, "percent_statements_covered_display": "0"}, "missing_lines": [724, 726, 731, 732, 733, 734, 736, 737, 738, 739, 741, 742, 743, 744, 745, 747, 748, 750, 751], "excluded_lines": []}, "DataLoader.load": {"executed_lines": [], "summary": {"covered_lines": 0, "num_statements": 12, "percent_covered": 0.0, "percent_covered_display": "0", "missing_lines": 12, "excluded_lines": 0, "percent_statements_covered": 0.0, "percent_statements_covered_display": "0"}, "missing_lines": [754, 755, 756, 758, 759, 760, 762, 767, 768, 769, 770, 771], "excluded_lines": []}, "Visuals.__init__": {"executed_lines": [], "summary": {"covered_lines": 0, "num_statements": 1, "percent_covered": 0.0, "percent_covered_display": "0", "missing_lines": 1, "excluded_lines": 0, "percent_statements_covered": 0.0, "percent_statements_covered_display": "0"}, "missing_lines": [781], "excluded_lines": []}, "Visuals.cluster_distribution": {"executed_lines": [], "summary": {"covered_lines": 0, "num_statements": 6, "percent_covered": 0.0, "percent_covered_display": "0", "missing_lines": 6, "excluded_lines": 0, "percent_statements_covered": 0.0, "percent_statements_covered_display": "0"}, "missing_lines": [784, 785, 786, 787, 795, 796], "excluded_lines": []}, "Visuals.tree_png_html": {"executed_lines": [], "summary": {"covered_lines": 0, "num_statements": 22, "percent_covered": 0.0, "percent_covered_display": "0", "missing_lines": 22, "excluded_lines": 0, "percent_statements_covered": 0.0, "percent_statements_covered_display": "0"}, "missing_lines": [799, 800, 801, 802, 803, 804, 805, 806, 807, 808, 814, 815, 816, 817, 818, 819, 820, 821, 822, 823, 824, 825], "excluded_lines": []}, "Visuals.umap_plotly": {"executed_lines": [], "summary": {"covered_lines": 0, "num_statements": 3, "percent_covered": 0.0, "percent_covered_display": "0", "missing_lines": 3, "excluded_lines": 0, "percent_statements_covered": 0.0, "percent_statements_covered_display": "0"}, "missing_lines": [828, 829, 830], "excluded_lines": []}, "Visuals.heatmap_plotly": {"executed_lines": [], "summary": {"covered_lines": 0, "num_statements": 3, "percent_covered": 0.0, "percent_covered_display": "0", "missing_lines": 3, "excluded_lines": 0, "percent_statements_covered": 0.0, "percent_statements_covered_display": "0"}, "missing_lines": [833, 842, 843], "excluded_lines": []}, "Traits.__init__": {"executed_lines": [], "summary": {"covered_lines": 0, "num_statements": 1, "percent_covered": 0.0, "percent_covered_display": "0", "missing_lines": 1, "excluded_lines": 0, "percent_statements_covered": 0.0, "percent_statements_covered_display": "0"}, "missing_lines": [851], "excluded_lines": []}, "Traits._to_dt_html": {"executed_lines": [], "summary": {"covered_lines": 0, "num_statements": 9, "percent_covered": 0.0, "percent_covered_display": "0", "missing_lines": 9, "excluded_lines": 0, "percent_statements_covered": 0.0, "percent_statements_covered_display": "0"}, "missing_lines": [856, 857, 858, 861, 862, 863, 864, 866, 867], "excluded_lines": []}, "Traits.frequencies": {"executed_lines": [], "summary": {"covered_lines": 0, "num_statements": 4, "percent_covered": 0.0, "percent_covered_display": "0", "missing_lines": 4, "excluded_lines": 0, "percent_statements_covered": 0.0, "percent_statements_covered_display": "0"}, "missing_lines": [876, 877, 878, 879], "excluded_lines": []}, "Traits.tests": {"executed_lines": [], "summary": {"covered_lines": 0, "num_statements": 15, "percent_covered": 0.0, "percent_covered_display": "0", "missing_lines": 15, "excluded_lines": 0, "percent_statements_covered": 0.0, "percent_statements_covered_display": "0"}, "missing_lines": [882, 883, 884, 885, 886, 887, 888, 889, 890, 891, 892, 893, 894, 895, 896], "excluded_lines": []}, "Traits.rf_importance": {"executed_lines": [], "summary": {"covered_lines": 0, "num_statements": 11, "percent_covered": 0.0, "percent_covered_display": "0", "missing_lines": 11, "excluded_lines": 0, "percent_statements_covered": 0.0, "percent_statements_covered_display": "0"}, "missing_lines": [899, 900, 901, 902, 903, 904, 905, 906, 907, 916, 917], "excluded_lines": []}, "Traits.log_odds": {"executed_lines": [], "summary": {"covered_lines": 0, "num_statements": 17, "percent_covered": 0.0, "percent_covered_display": "0", "missing_lines": 17, "excluded_lines": 0, "percent_statements_covered": 0.0, "percent_statements_covered_display": "0"}, "missing_lines": [920, 921, 922, 923, 924, 925, 926, 927, 928, 929, 930, 931, 938, 939, 940, 941, 942], "excluded_lines": []}, "Traits.assoc_rules": {"executed_lines": [], "summary": {"covered_lines": 0, "num_statements": 20, "percent_covered": 0.0, "percent_covered_display": "0", "missing_lines": 20, "excluded_lines": 0, "percent_statements_covered": 0.0, "percent_statements_covered_display": "0"}, "missing_lines": [945, 946, 947, 948, 949, 952, 953, 954, 955, 956, 959, 960, 961, 962, 963, 967, 968, 969, 974, 975], "excluded_lines": []}, "Traits.shared_unique": {"executed_lines": [], "summary": {"covered_lines": 0, "num_statements": 23, "percent_covered": 0.0, "percent_covered_display": "0", "missing_lines": 23, "excluded_lines": 0, "percent_statements_covered": 0.0, "percent_statements_covered_display": "0"}, "missing_lines": [978, 979, 980, 981, 982, 983, 984, 985, 986, 987, 988, 989, 990, 991, 1000, 1001, 1002, 1003, 1004, 1005, 1006, 1007, 1008], "excluded_lines": []}, "Traits.pairwise_fdr": {"executed_lines": [], "summary": {"covered_lines": 0, "num_statements": 25, "percent_covered": 0.0, "percent_covered_display": "0", "missing_lines": 25, "excluded_lines": 0, "percent_statements_covered": 0.0, "percent_statements_covered_display": "0"}, "missing_lines": [1011, 1012, 1013, 1014, 1015, 1016, 1017, 1018, 1019, 1020, 1024, 1025, 1026, 1027, 1035, 1036, 1037, 1038, 1039, 1040, 1041, 1042, 1043, 1044, 1045], "excluded_lines": []}, "MCA.__init__": {"executed_lines": [], "summary": {"covered_lines": 0, "num_statements": 1, "percent_covered": 0.0, "percent_covered_display": "0", "missing_lines": 1, "excluded_lines": 0, "percent_statements_covered": 0.0, "percent_statements_covered_display": "0"}, "missing_lines": [1053], "excluded_lines": []}, "MCA.run": {"executed_lines": [], "summary": {"covered_lines": 0, "num_statements": 26, "percent_covered": 0.0, "percent_covered_display": "0", "missing_lines": 26, "excluded_lines": 0, "percent_statements_covered": 0.0, "percent_statements_covered_display": "0"}, "missing_lines": [1056, 1057, 1058, 1059, 1060, 1061, 1062, 1063, 1064, 1065, 1066, 1067, 1068, 1069, 1070, 1071, 1072, 1073, 1074, 1075, 1076, 1077, 1087, 1088, 1089, 1090], "excluded_lines": []}, "Report.__init__": {"executed_lines": [], "summary": {"covered_lines": 0, "num_statements": 4, "percent_covered": 0.0, "percent_covered_display": "0", "missing_lines": 4, "excluded_lines": 0, "percent_statements_covered": 0.0, "percent_statements_covered_display": "0"}, "missing_lines": [1098, 1099, 1100, 1101], "excluded_lines": []}, "Report.datatable": {"executed_lines": [], "summary": {"covered_lines": 0, "num_statements": 9, "percent_covered": 0.0, "percent_covered_display": "0", "missing_lines": 9, "excluded_lines": 0, "percent_statements_covered": 0.0, "percent_statements_covered_display": "0"}, "missing_lines": [1109, 1110, 1111, 1112, 1113, 1114, 1115, 1116, 1117], "excluded_lines": []}, "Report.scan_downloads": {"executed_lines": [], "summary": {"covered_lines": 0, "num_statements": 14, "percent_covered": 0.0, "percent_covered_display": "0", "missing_lines": 14, "excluded_lines": 0, "percent_statements_covered": 0.0, "percent_statements_covered_display": "0"}, "missing_lines": [1125, 1126, 1127, 1128, 1129, 1130, 1131, 1132, 1133, 1134, 1136, 1137, 1138, 1139], "excluded_lines": []}, "Report.create": {"executed_lines": [], "summary": {"covered_lines": 0, "num_statements": 8, "percent_covered": 0.0, "percent_covered_display": "0", "missing_lines": 8, "excluded_lines": 0, "percent_statements_covered": 0.0, "percent_statements_covered_display": "0"}, "missing_lines": [1142, 1143, 1149, 1150, 1151, 1152, 1153, 1154], "excluded_lines": []}, "Report.create_excel": {"executed_lines": [], "summary": {"covered_lines": 0, "num_statements": 53, "percent_covered": 0.0, "percent_covered_display": "0", "missing_lines": 53, "excluded_lines": 0, "percent_statements_covered": 0.0, "percent_statements_covered_display": "0"}, "missing_lines": [1176, 1180, 1181, 1182, 1183, 1185, 1186, 1187, 1188, 1189, 1191, 1193, 1194, 1195, 1196, 1197, 1198, 1199, 1202, 1203, 1205, 1208, 1240, 1247, 1248, 1249, 1250, 1251, 1252, 1253, 1254, 1257, 1258, 1259, 1262, 1263, 1264, 1265, 1266, 1267, 1268, 1269, 1270, 1271, 1272, 1273, 1274, 1275, 1277, 1280, 1291, 1298, 1299], "excluded_lines": []}, "Config.__init__": {"executed_lines": [], "summary": {"covered_lines": 0, "num_statements": 10, "percent_covered": 0.0, "percent_covered_display": "0", "missing_lines": 10, "excluded_lines": 0, "percent_statements_covered": 0.0, "percent_statements_covered_display": "0"}, "missing_lines": [1307, 1308, 1309, 1310, 1311, 1312, 1313, 1314, 1315, 1316], "excluded_lines": []}, "Pipeline.__init__": {"executed_lines": [], "summary": {"covered_lines": 0, "num_statements": 7, "percent_covered": 0.0, "percent_covered_display": "0", "missing_lines": 7, "excluded_lines": 0, "percent_statements_covered": 0.0, "percent_statements_covered_display": "0"}, "missing_lines": [1321, 1322, 1323, 1324, 1325, 1326, 1327], "excluded_lines": []}, "Pipeline._methodology_html": {"executed_lines": [], "summary": {"covered_lines": 0, "num_statements": 1, "percent_covered": 0.0, "percent_covered_display": "0", "missing_lines": 1, "excluded_lines": 0, "percent_statements_covered": 0.0, "percent_statements_covered_display": "0"}, "missing_lines": [1331], "excluded_lines": []}, "Pipeline.run": {"executed_lines": [], "summary": {"covered_lines": 0, "num_statements": 130, "percent_covered": 0.0, "percent_covered_display": "0", "missing_lines": 130, "excluded_lines": 0, "percent_statements_covered": 0.0, "percent_statements_covered_display": "0"}, "missing_lines": [1377, 1378, 1381, 1382, 1383, 1384, 1387, 1388, 1392, 1393, 1394, 1395, 1396, 1397, 1398, 1399, 1400, 1401, 1402, 1403, 1404, 1405, 1406, 1409, 1410, 1411, 1412, 1413, 1414, 1415, 1416, 1417, 1418, 1419, 1420, 1421, 1422, 1425, 1426, 1427, 1430, 1431, 1434, 1435, 1436, 1437, 1438, 1439, 1440, 1441, 1444, 1445, 1447, 1448, 1449, 1450, 1451, 1452, 1454, 1455, 1457, 1481, 1482, 1483, 1484, 1485, 1486, 1489, 1490, 1491, 1492, 1493, 1494, 1495, 1496, 1497, 1498, 1500, 1504, 1508, 1514, 1521, 1524, 1527, 1530, 1533, 1536, 1537, 1540, 1541, 1544, 1547, 1550, 1551, 1553, 1554, 1555, 1566, 1567, 1570, 1573, 1576, 1577, 1578, 1579, 1580, 1581, 1582, 1585, 1586, 1593, 1594, 1595, 1603, 1604, 1606, 1609, 1612, 1617, 1618, 1623, 1626, 1631, 1634, 1637, 1639, 1640, 1641, 1642, 1643], "excluded_lines": []}, "Pipeline.run._do_block": {"executed_lines": [], "summary": {"covered_lines": 0, "num_statements": 9, "percent_covered": 0.0, "percent_covered_display": "0", "missing_lines": 9, "excluded_lines": 0, "percent_statements_covered": 0.0, "percent_statements_covered_display": "0"}, "missing_lines": [1458, 1459, 1460, 1461, 1464, 1465, 1468, 1472, 1476], "excluded_lines": []}, "": {"executed_lines": [], "summary": {"covered_lines": 0, "num_statements": 133, "percent_covered": 0.0, "percent_covered_display": "0", "missing_lines": 133, "excluded_lines": 0, "percent_statements_covered": 0.0, "percent_statements_covered_display": "0"}, "missing_lines": [25, 26, 27, 28, 29, 30, 31, 36, 37, 38, 41, 45, 55, 56, 57, 58, 59, 62, 63, 64, 65, 66, 67, 68, 69, 70, 71, 73, 74, 76, 77, 80, 81, 82, 83, 84, 85, 86, 87, 88, 89, 90, 91, 92, 93, 94, 95, 96, 97, 98, 101, 102, 103, 104, 105, 106, 107, 113, 434, 435, 436, 466, 467, 468, 482, 483, 487, 488, 501, 502, 512, 513, 521, 522, 526, 557, 573, 597, 598, 602, 613, 640, 641, 642, 671, 672, 683, 684, 695, 696, 715, 716, 719, 720, 723, 753, 779, 780, 783, 798, 827, 832, 849, 850, 853, 854, 875, 881, 898, 919, 944, 977, 1010, 1051, 1052, 1055, 1096, 1097, 1106, 1107, 1124, 1141, 1156, 1305, 1306, 1319, 1320, 1329, 1330, 1376, 1649, 1650, 1662], "excluded_lines": []}}, "classes": {"ParallelProcessor": {"executed_lines": [], "summary": {"covered_lines": 0, "num_statements": 25, "percent_covered": 0.0, "percent_covered_display": "0", "missing_lines": 25, "excluded_lines": 0, "percent_statements_covered": 0.0, "percent_statements_covered_display": "0"}, "missing_lines": [437, 438, 439, 440, 442, 443, 444, 445, 446, 447, 448, 449, 450, 451, 452, 453, 455, 456, 457, 458, 459, 460, 461, 462, 463], "excluded_lines": []}, "PhylogeneticCore": {"executed_lines": [], "summary": {"covered_lines": 0, "num_statements": 22, "percent_covered": 0.0, "percent_covered_display": "0", "missing_lines": 22, "excluded_lines": 0, "percent_statements_covered": 0.0, "percent_statements_covered_display": "0"}, "missing_lines": [469, 477, 478, 479, 480, 484, 485, 489, 490, 491, 493, 494, 495, 496, 497, 498, 499, 503, 510, 514, 517, 518], "excluded_lines": []}, "TreeAwareClustering": {"executed_lines": [], "summary": {"covered_lines": 0, "num_statements": 65, "percent_covered": 0.0, "percent_covered_display": "0", "missing_lines": 65, "excluded_lines": 0, "percent_statements_covered": 0.0, "percent_statements_covered_display": "0"}, "missing_lines": [523, 524, 527, 528, 529, 530, 531, 532, 533, 534, 535, 536, 537, 538, 539, 540, 542, 543, 544, 545, 546, 547, 548, 549, 550, 551, 552, 553, 554, 555, 558, 559, 560, 561, 562, 563, 564, 565, 566, 567, 568, 569, 570, 571, 574, 575, 576, 577, 578, 579, 580, 581, 582, 583, 584, 585, 586, 587, 588, 589, 590, 591, 592, 593, 594], "excluded_lines": []}, "EnsembleClustering": {"executed_lines": [], "summary": {"covered_lines": 0, "num_statements": 31, "percent_covered": 0.0, "percent_covered_display": "0", "missing_lines": 31, "excluded_lines": 0, "percent_statements_covered": 0.0, "percent_statements_covered_display": "0"}, "missing_lines": [599, 600, 603, 604, 605, 606, 607, 609, 610, 611, 614, 615, 616, 617, 621, 622, 623, 624, 625, 626, 627, 628, 629, 630, 631, 632, 633, 634, 635, 636, 637], "excluded_lines": []}, "Evolution": {"executed_lines": [], "summary": {"covered_lines": 0, "num_statements": 39, "percent_covered": 0.0, "percent_covered_display": "0", "missing_lines": 39, "excluded_lines": 0, "percent_statements_covered": 0.0, "percent_statements_covered_display": "0"}, "missing_lines": [643, 644, 645, 646, 647, 648, 649, 650, 651, 652, 653, 654, 655, 656, 657, 658, 659, 673, 674, 675, 676, 677, 678, 679, 680, 681, 685, 686, 687, 692, 693, 697, 698, 699, 700, 701, 707, 708, 709], "excluded_lines": []}, "DataLoader": {"executed_lines": [], "summary": {"covered_lines": 0, "num_statements": 33, "percent_covered": 0.0, "percent_covered_display": "0", "missing_lines": 33, "excluded_lines": 0, "percent_statements_covered": 0.0, "percent_statements_covered_display": "0"}, "missing_lines": [717, 721, 724, 726, 731, 732, 733, 734, 736, 737, 738, 739, 741, 742, 743, 744, 745, 747, 748, 750, 751, 754, 755, 756, 758, 759, 760, 762, 767, 768, 769, 770, 771], "excluded_lines": []}, "Visuals": {"executed_lines": [], "summary": {"covered_lines": 0, "num_statements": 35, "percent_covered": 0.0, "percent_covered_display": "0", "missing_lines": 35, "excluded_lines": 0, "percent_statements_covered": 0.0, "percent_statements_covered_display": "0"}, "missing_lines": [781, 784, 785, 786, 787, 795, 796, 799, 800, 801, 802, 803, 804, 805, 806, 807, 808, 814, 815, 816, 817, 818, 819, 820, 821, 822, 823, 824, 825, 828, 829, 830, 833, 842, 843], "excluded_lines": []}, "Traits": {"executed_lines": [], "summary": {"covered_lines": 0, "num_statements": 125, "percent_covered": 0.0, "percent_covered_display": "0", "missing_lines": 125, "excluded_lines": 0, "percent_statements_covered": 0.0, "percent_statements_covered_display": "0"}, "missing_lines": [851, 856, 857, 858, 861, 862, 863, 864, 866, 867, 876, 877, 878, 879, 882, 883, 884, 885, 886, 887, 888, 889, 890, 891, 892, 893, 894, 895, 896, 899, 900, 901, 902, 903, 904, 905, 906, 907, 916, 917, 920, 921, 922, 923, 924, 925, 926, 927, 928, 929, 930, 931, 938, 939, 940, 941, 942, 945, 946, 947, 948, 949, 952, 953, 954, 955, 956, 959, 960, 961, 962, 963, 967, 968, 969, 974, 975, 978, 979, 980, 981, 982, 983, 984, 985, 986, 987, 988, 989, 990, 991, 1000, 1001, 1002, 1003, 1004, 1005, 1006, 1007, 1008, 1011, 1012, 1013, 1014, 1015, 1016, 1017, 1018, 1019, 1020, 1024, 1025, 1026, 1027, 1035, 1036, 1037, 1038, 1039, 1040, 1041, 1042, 1043, 1044, 1045], "excluded_lines": []}, "MCA": {"executed_lines": [], "summary": {"covered_lines": 0, "num_statements": 27, "percent_covered": 0.0, "percent_covered_display": "0", "missing_lines": 27, "excluded_lines": 0, "percent_statements_covered": 0.0, "percent_statements_covered_display": "0"}, "missing_lines": [1053, 1056, 1057, 1058, 1059, 1060, 1061, 1062, 1063, 1064, 1065, 1066, 1067, 1068, 1069, 1070, 1071, 1072, 1073, 1074, 1075, 1076, 1077, 1087, 1088, 1089, 1090], "excluded_lines": []}, "Report": {"executed_lines": [], "summary": {"covered_lines": 0, "num_statements": 88, "percent_covered": 0.0, "percent_covered_display": "0", "missing_lines": 88, "excluded_lines": 0, "percent_statements_covered": 0.0, "percent_statements_covered_display": "0"}, "missing_lines": [1098, 1099, 1100, 1101, 1109, 1110, 1111, 1112, 1113, 1114, 1115, 1116, 1117, 1125, 1126, 1127, 1128, 1129, 1130, 1131, 1132, 1133, 1134, 1136, 1137, 1138, 1139, 1142, 1143, 1149, 1150, 1151, 1152, 1153, 1154, 1176, 1180, 1181, 1182, 1183, 1185, 1186, 1187, 1188, 1189, 1191, 1193, 1194, 1195, 1196, 1197, 1198, 1199, 1202, 1203, 1205, 1208, 1240, 1247, 1248, 1249, 1250, 1251, 1252, 1253, 1254, 1257, 1258, 1259, 1262, 1263, 1264, 1265, 1266, 1267, 1268, 1269, 1270, 1271, 1272, 1273, 1274, 1275, 1277, 1280, 1291, 1298, 1299], "excluded_lines": []}, "Config": {"executed_lines": [], "summary": {"covered_lines": 0, "num_statements": 10, "percent_covered": 0.0, "percent_covered_display": "0", "missing_lines": 10, "excluded_lines": 0, "percent_statements_covered": 0.0, "percent_statements_covered_display": "0"}, "missing_lines": [1307, 1308, 1309, 1310, 1311, 1312, 1313, 1314, 1315, 1316], "excluded_lines": []}, "Pipeline": {"executed_lines": [], "summary": {"covered_lines": 0, "num_statements": 147, "percent_covered": 0.0, "percent_covered_display": "0", "missing_lines": 147, "excluded_lines": 0, "percent_statements_covered": 0.0, "percent_statements_covered_display": "0"}, "missing_lines": [1321, 1322, 1323, 1324, 1325, 1326, 1327, 1331, 1377, 1378, 1381, 1382, 1383, 1384, 1387, 1388, 1392, 1393, 1394, 1395, 1396, 1397, 1398, 1399, 1400, 1401, 1402, 1403, 1404, 1405, 1406, 1409, 1410, 1411, 1412, 1413, 1414, 1415, 1416, 1417, 1418, 1419, 1420, 1421, 1422, 1425, 1426, 1427, 1430, 1431, 1434, 1435, 1436, 1437, 1438, 1439, 1440, 1441, 1444, 1445, 1447, 1448, 1449, 1450, 1451, 1452, 1454, 1455, 1457, 1458, 1459, 1460, 1461, 1464, 1465, 1468, 1472, 1476, 1481, 1482, 1483, 1484, 1485, 1486, 1489, 1490, 1491, 1492, 1493, 1494, 1495, 1496, 1497, 1498, 1500, 1504, 1508, 1514, 1521, 1524, 1527, 1530, 1533, 1536, 1537, 1540, 1541, 1544, 1547, 1550, 1551, 1553, 1554, 1555, 1566, 1567, 1570, 1573, 1576, 1577, 1578, 1579, 1580, 1581, 1582, 1585, 1586, 1593, 1594, 1595, 1603, 1604, 1606, 1609, 1612, 1617, 1618, 1623, 1626, 1631, 1634, 1637, 1639, 1640, 1641, 1642, 1643], "excluded_lines": []}, "": {"executed_lines": [], "summary": {"covered_lines": 0, "num_statements": 155, "percent_covered": 0.0, "percent_covered_display": "0", "missing_lines": 155, "excluded_lines": 0, "percent_statements_covered": 0.0, "percent_statements_covered_display": "0"}, "missing_lines": [25, 26, 27, 28, 29, 30, 31, 36, 37, 38, 41, 42, 45, 47, 48, 49, 50, 51, 55, 56, 57, 58, 59, 62, 63, 64, 65, 66, 67, 68, 69, 70, 71, 73, 74, 76, 77, 80, 81, 82, 83, 84, 85, 86, 87, 88, 89, 90, 91, 92, 93, 94, 95, 96, 97, 98, 101, 102, 103, 104, 105, 106, 107, 113, 115, 117, 118, 121, 403, 404, 407, 408, 409, 410, 411, 412, 414, 425, 426, 428, 434, 435, 436, 466, 467, 468, 482, 483, 487, 488, 501, 502, 512, 513, 521, 522, 526, 557, 573, 597, 598, 602, 613, 640, 641, 642, 671, 672, 683, 684, 695, 696, 715, 716, 719, 720, 723, 753, 779, 780, 783, 798, 827, 832, 849, 850, 853, 854, 875, 881, 898, 919, 944, 977, 1010, 1051, 1052, 1055, 1096, 1097, 1106, 1107, 1124, 1141, 1156, 1305, 1306, 1319, 1320, 1329, 1330, 1376, 1649, 1650, 1662], "excluded_lines": []}}}, "tests/__init__.py": {"executed_lines": [0], "summary": {"covered_lines": 0, "num_statements": 0, "percent_covered": 100.0, "percent_covered_display": "100", "missing_lines": 0, "excluded_lines": 0, "percent_statements_covered": 100.0, "percent_statements_covered_display": "100"}, "missing_lines": [], "excluded_lines": [], "functions": {"": {"executed_lines": [], "summary": {"covered_lines": 0, "num_statements": 0, "percent_covered": 100.0, "percent_covered_display": "100", "missing_lines": 0, "excluded_lines": 0, "percent_statements_covered": 100.0, "percent_statements_covered_display": "100"}, "missing_lines": [], "excluded_lines": []}}, "classes": {"": {"executed_lines": [], "summary": {"covered_lines": 0, "num_statements": 0, "percent_covered": 100.0, "percent_covered_display": "100", "missing_lines": 0, "excluded_lines": 0, "percent_statements_covered": 100.0, "percent_statements_covered_display": "100"}, "missing_lines": [], "excluded_lines": []}}}, "tests/conftest.py": {"executed_lines": [1, 5, 6, 8, 11, 12, 28, 29, 36, 37], "summary": {"covered_lines": 9, "num_statements": 22, "percent_covered": 40.90909090909091, "percent_covered_display": "41", "missing_lines": 13, "excluded_lines": 0, "percent_statements_covered": 40.90909090909091, "percent_statements_covered_display": "41"}, "missing_lines": [14, 15, 18, 19, 20, 21, 22, 23, 25, 31, 32, 33, 39], "excluded_lines": [], "functions": {"data_dir": {"executed_lines": [], "summary": {"covered_lines": 0, "num_statements": 9, "percent_covered": 0.0, "percent_covered_display": "0", "missing_lines": 9, "excluded_lines": 0, "percent_statements_covered": 0.0, "percent_statements_covered_display": "0"}, "missing_lines": [14, 15, 18, 19, 20, 21, 22, 23, 25], "excluded_lines": []}, "output_dir": {"executed_lines": [], "summary": {"covered_lines": 0, "num_statements": 3, "percent_covered": 0.0, "percent_covered_display": "0", "missing_lines": 3, "excluded_lines": 0, "percent_statements_covered": 0.0, "percent_statements_covered_display": "0"}, "missing_lines": [31, 32, 33], "excluded_lines": []}, "sample_csv_data": {"executed_lines": [], "summary": {"covered_lines": 0, "num_statements": 1, "percent_covered": 0.0, "percent_covered_display": "0", "missing_lines": 1, "excluded_lines": 0, "percent_statements_covered": 0.0, "percent_statements_covered_display": "0"}, "missing_lines": [39], "excluded_lines": []}, "": {"executed_lines": [1, 5, 6, 8, 11, 12, 28, 29, 36, 37], "summary": {"covered_lines": 9, "num_statements": 9, "percent_covered": 100.0, "percent_covered_display": "100", "missing_lines": 0, "excluded_lines": 0, "percent_statements_covered": 100.0, "percent_statements_covered_display": "100"}, "missing_lines": [], "excluded_lines": []}}, "classes": {"": {"executed_lines": [1, 5, 6, 8, 11, 12, 28, 29, 36, 37], "summary": {"covered_lines": 9, "num_statements": 22, "percent_covered": 40.90909090909091, "percent_covered_display": "41", "missing_lines": 13, "excluded_lines": 0, "percent_statements_covered": 40.90909090909091, "percent_statements_covered_display": "41"}, "missing_lines": [14, 15, 18, 19, 20, 21, 22, 23, 25, 31, 32, 33, 39], "excluded_lines": []}}}, "tests/test_analyzer.py": {"executed_lines": [], "summary": {"covered_lines": 0, "num_statements": 91, "percent_covered": 0.0, "percent_covered_display": "0", "missing_lines": 91, "excluded_lines": 0, "percent_statements_covered": 0.0, "percent_statements_covered_display": "0"}, "missing_lines": [3, 5, 6, 8, 9, 12, 13, 15, 16, 19, 22, 23, 26, 28, 29, 30, 31, 34, 36, 37, 38, 39, 40, 43, 45, 46, 48, 49, 50, 53, 55, 56, 57, 58, 59, 60, 63, 65, 66, 67, 68, 71, 72, 73, 76, 77, 78, 81, 83, 84, 87, 90, 92, 93, 96, 99, 101, 102, 103, 106, 108, 109, 110, 111, 114, 116, 118, 119, 122, 123, 126, 129, 131, 132, 133, 134, 137, 143, 145, 146, 149, 150, 153, 154, 155, 156, 159, 161, 164, 166, 169], "excluded_lines": [], "functions": {"sample_data": {"executed_lines": [], "summary": {"covered_lines": 0, "num_statements": 5, "percent_covered": 0.0, "percent_covered_display": "0", "missing_lines": 5, "excluded_lines": 0, "percent_statements_covered": 0.0, "percent_statements_covered_display": "0"}, "missing_lines": [15, 16, 19, 22, 23], "excluded_lines": []}, "test_analyzer_initialization": {"executed_lines": [], "summary": {"covered_lines": 0, "num_statements": 4, "percent_covered": 0.0, "percent_covered_display": "0", "missing_lines": 4, "excluded_lines": 0, "percent_statements_covered": 0.0, "percent_statements_covered_display": "0"}, "missing_lines": [28, 29, 30, 31], "excluded_lines": []}, "test_analyzer_initialization_with_config": {"executed_lines": [], "summary": {"covered_lines": 0, "num_statements": 5, "percent_covered": 0.0, "percent_covered_display": "0", "missing_lines": 5, "excluded_lines": 0, "percent_statements_covered": 0.0, "percent_statements_covered_display": "0"}, "missing_lines": [36, 37, 38, 39, 40], "excluded_lines": []}, "test_load_data": {"executed_lines": [], "summary": {"covered_lines": 0, "num_statements": 5, "percent_covered": 0.0, "percent_covered_display": "0", "missing_lines": 5, "excluded_lines": 0, "percent_statements_covered": 0.0, "percent_statements_covered_display": "0"}, "missing_lines": [45, 46, 48, 49, 50], "excluded_lines": []}, "test_analysis_execution": {"executed_lines": [], "summary": {"covered_lines": 0, "num_statements": 6, "percent_covered": 0.0, "percent_covered_display": "0", "missing_lines": 6, "excluded_lines": 0, "percent_statements_covered": 0.0, "percent_statements_covered_display": "0"}, "missing_lines": [55, 56, 57, 58, 59, 60], "excluded_lines": []}, "test_output_generation": {"executed_lines": [], "summary": {"covered_lines": 0, "num_statements": 10, "percent_covered": 0.0, "percent_covered_display": "0", "missing_lines": 10, "excluded_lines": 0, "percent_statements_covered": 0.0, "percent_statements_covered_display": "0"}, "missing_lines": [65, 66, 67, 68, 71, 72, 73, 76, 77, 78], "excluded_lines": []}, "test_analyzer_with_bootstrap": {"executed_lines": [], "summary": {"covered_lines": 0, "num_statements": 3, "percent_covered": 0.0, "percent_covered_display": "0", "missing_lines": 3, "excluded_lines": 0, "percent_statements_covered": 0.0, "percent_statements_covered_display": "0"}, "missing_lines": [83, 84, 87], "excluded_lines": []}, "test_analyzer_with_fdr_alpha": {"executed_lines": [], "summary": {"covered_lines": 0, "num_statements": 3, "percent_covered": 0.0, "percent_covered_display": "0", "missing_lines": 3, "excluded_lines": 0, "percent_statements_covered": 0.0, "percent_statements_covered_display": "0"}, "missing_lines": [92, 93, 96], "excluded_lines": []}, "test_analyzer_invalid_data_dir": {"executed_lines": [], "summary": {"covered_lines": 0, "num_statements": 3, "percent_covered": 0.0, "percent_covered_display": "0", "missing_lines": 3, "excluded_lines": 0, "percent_statements_covered": 0.0, "percent_statements_covered_display": "0"}, "missing_lines": [101, 102, 103], "excluded_lines": []}, "test_generate_report_without_results": {"executed_lines": [], "summary": {"covered_lines": 0, "num_statements": 4, "percent_covered": 0.0, "percent_covered_display": "0", "missing_lines": 4, "excluded_lines": 0, "percent_statements_covered": 0.0, "percent_statements_covered_display": "0"}, "missing_lines": [108, 109, 110, 111], "excluded_lines": []}, "test_reproducibility": {"executed_lines": [], "summary": {"covered_lines": 0, "num_statements": 5, "percent_covered": 0.0, "percent_covered_display": "0", "missing_lines": 5, "excluded_lines": 0, "percent_statements_covered": 0.0, "percent_statements_covered_display": "0"}, "missing_lines": [116, 118, 119, 122, 123], "excluded_lines": []}, "test_empty_data_handling": {"executed_lines": [], "summary": {"covered_lines": 0, "num_statements": 6, "percent_covered": 0.0, "percent_covered_display": "0", "missing_lines": 6, "excluded_lines": 0, "percent_statements_covered": 0.0, "percent_statements_covered_display": "0"}, "missing_lines": [129, 131, 132, 133, 134, 137], "excluded_lines": []}, "test_multiple_runs": {"executed_lines": [], "summary": {"covered_lines": 0, "num_statements": 8, "percent_covered": 0.0, "percent_covered_display": "0", "missing_lines": 8, "excluded_lines": 0, "percent_statements_covered": 0.0, "percent_statements_covered_display": "0"}, "missing_lines": [145, 146, 149, 150, 153, 154, 155, 156], "excluded_lines": []}, "test_output_directory_creation": {"executed_lines": [], "summary": {"covered_lines": 0, "num_statements": 4, "percent_covered": 0.0, "percent_covered_display": "0", "missing_lines": 4, "excluded_lines": 0, "percent_statements_covered": 0.0, "percent_statements_covered_display": "0"}, "missing_lines": [161, 164, 166, 169], "excluded_lines": []}, "": {"executed_lines": [], "summary": {"covered_lines": 0, "num_statements": 20, "percent_covered": 0.0, "percent_covered_display": "0", "missing_lines": 20, "excluded_lines": 0, "percent_statements_covered": 0.0, "percent_statements_covered_display": "0"}, "missing_lines": [3, 5, 6, 8, 9, 12, 13, 26, 34, 43, 53, 63, 81, 90, 99, 106, 114, 126, 143, 159], "excluded_lines": []}}, "classes": {"": {"executed_lines": [], "summary": {"covered_lines": 0, "num_statements": 91, "percent_covered": 0.0, "percent_covered_display": "0", "missing_lines": 91, "excluded_lines": 0, "percent_statements_covered": 0.0, "percent_statements_covered_display": "0"}, "missing_lines": [3, 5, 6, 8, 9, 12, 13, 15, 16, 19, 22, 23, 26, 28, 29, 30, 31, 34, 36, 37, 38, 39, 40, 43, 45, 46, 48, 49, 50, 53, 55, 56, 57, 58, 59, 60, 63, 65, 66, 67, 68, 71, 72, 73, 76, 77, 78, 81, 83, 84, 87, 90, 92, 93, 96, 99, 101, 102, 103, 106, 108, 109, 110, 111, 114, 116, 118, 119, 122, 123, 126, 129, 131, 132, 133, 134, 137, 143, 145, 146, 149, 150, 153, 154, 155, 156, 159, 161, 164, 166, 169], "excluded_lines": []}}}, "tests/test_basic.py": {"executed_lines": [1, 7, 9, 12, 14, 17, 19, 21, 22, 25, 27, 29, 31, 32, 35, 37, 39, 41, 42, 45, 46, 48, 50, 51, 52, 53], "summary": {"covered_lines": 25, "num_statements": 25, "percent_covered": 100.0, "percent_covered_display": "100", "missing_lines": 0, "excluded_lines": 0, "percent_statements_covered": 100.0, "percent_statements_covered_display": "100"}, "missing_lines": [], "excluded_lines": [], "functions": {"test_version": {"executed_lines": [14], "summary": {"covered_lines": 1, "num_statements": 1, "percent_covered": 100.0, "percent_covered_display": "100", "missing_lines": 0, "excluded_lines": 0, "percent_statements_covered": 100.0, "percent_statements_covered_display": "100"}, "missing_lines": [], "excluded_lines": []}, "test_imports": {"executed_lines": [19, 21, 22], "summary": {"covered_lines": 3, "num_statements": 3, "percent_covered": 100.0, "percent_covered_display": "100", "missing_lines": 0, "excluded_lines": 0, "percent_statements_covered": 100.0, "percent_statements_covered_display": "100"}, "missing_lines": [], "excluded_lines": []}, "test_config_initialization": {"executed_lines": [27, 29, 31, 32], "summary": {"covered_lines": 4, "num_statements": 4, "percent_covered": 100.0, "percent_covered_display": "100", "missing_lines": 0, "excluded_lines": 0, "percent_statements_covered": 100.0, "percent_statements_covered_display": "100"}, "missing_lines": [], "excluded_lines": []}, "test_analyzer_initialization": {"executed_lines": [37, 39, 41, 42], "summary": {"covered_lines": 4, "num_statements": 4, "percent_covered": 100.0, "percent_covered_display": "100", "missing_lines": 0, "excluded_lines": 0, "percent_statements_covered": 100.0, "percent_statements_covered_display": "100"}, "missing_lines": [], "excluded_lines": []}, "test_example_data_exists": {"executed_lines": [48, 50, 51, 52, 53], "summary": {"covered_lines": 5, "num_statements": 5, "percent_covered": 100.0, "percent_covered_display": "100", "missing_lines": 0, "excluded_lines": 0, "percent_statements_covered": 100.0, "percent_statements_covered_display": "100"}, "missing_lines": [], "excluded_lines": []}, "": {"executed_lines": [1, 7, 9, 12, 17, 25, 35, 45, 46], "summary": {"covered_lines": 8, "num_statements": 8, "percent_covered": 100.0, "percent_covered_display": "100", "missing_lines": 0, "excluded_lines": 0, "percent_statements_covered": 100.0, "percent_statements_covered_display": "100"}, "missing_lines": [], "excluded_lines": []}}, "classes": {"": {"executed_lines": [1, 7, 9, 12, 14, 17, 19, 21, 22, 25, 27, 29, 31, 32, 35, 37, 39, 41, 42, 45, 46, 48, 50, 51, 52, 53], "summary": {"covered_lines": 25, "num_statements": 25, "percent_covered": 100.0, "percent_covered_display": "100", "missing_lines": 0, "excluded_lines": 0, "percent_statements_covered": 100.0, "percent_statements_covered_display": "100"}, "missing_lines": [], "excluded_lines": []}}}, "tests/test_cli.py": {"executed_lines": [], "summary": {"covered_lines": 0, "num_statements": 68, "percent_covered": 0.0, "percent_covered_display": "0", "missing_lines": 68, "excluded_lines": 0, "percent_statements_covered": 0.0, "percent_statements_covered_display": "0"}, "missing_lines": [3, 4, 5, 7, 9, 12, 14, 15, 16, 17, 18, 19, 22, 24, 25, 26, 27, 28, 29, 32, 34, 35, 36, 37, 40, 42, 43, 44, 46, 48, 49, 51, 62, 63, 66, 68, 69, 70, 71, 73, 74, 76, 89, 90, 93, 95, 96, 97, 98, 100, 101, 103, 116, 117, 120, 122, 123, 124, 125, 127, 128, 130, 142, 143, 146, 148, 153, 154], "excluded_lines": [], "functions": {"test_cli_help": {"executed_lines": [], "summary": {"covered_lines": 0, "num_statements": 6, "percent_covered": 0.0, "percent_covered_display": "0", "missing_lines": 6, "excluded_lines": 0, "percent_statements_covered": 0.0, "percent_statements_covered_display": "0"}, "missing_lines": [14, 15, 16, 17, 18, 19], "excluded_lines": []}, "test_cli_version": {"executed_lines": [], "summary": {"covered_lines": 0, "num_statements": 6, "percent_covered": 0.0, "percent_covered_display": "0", "missing_lines": 6, "excluded_lines": 0, "percent_statements_covered": 0.0, "percent_statements_covered_display": "0"}, "missing_lines": [24, 25, 26, 27, 28, 29], "excluded_lines": []}, "test_cli_missing_required_args": {"executed_lines": [], "summary": {"covered_lines": 0, "num_statements": 4, "percent_covered": 0.0, "percent_covered_display": "0", "missing_lines": 4, "excluded_lines": 0, "percent_statements_covered": 0.0, "percent_statements_covered_display": "0"}, "missing_lines": [34, 35, 36, 37], "excluded_lines": []}, "test_cli_with_valid_args": {"executed_lines": [], "summary": {"covered_lines": 0, "num_statements": 9, "percent_covered": 0.0, "percent_covered_display": "0", "missing_lines": 9, "excluded_lines": 0, "percent_statements_covered": 0.0, "percent_statements_covered_display": "0"}, "missing_lines": [42, 43, 44, 46, 48, 49, 51, 62, 63], "excluded_lines": []}, "test_cli_with_bootstrap_option": {"executed_lines": [], "summary": {"covered_lines": 0, "num_statements": 9, "percent_covered": 0.0, "percent_covered_display": "0", "missing_lines": 9, "excluded_lines": 0, "percent_statements_covered": 0.0, "percent_statements_covered_display": "0"}, "missing_lines": [68, 69, 70, 71, 73, 74, 76, 89, 90], "excluded_lines": []}, "test_cli_with_fdr_alpha_option": {"executed_lines": [], "summary": {"covered_lines": 0, "num_statements": 9, "percent_covered": 0.0, "percent_covered_display": "0", "missing_lines": 9, "excluded_lines": 0, "percent_statements_covered": 0.0, "percent_statements_covered_display": "0"}, "missing_lines": [95, 96, 97, 98, 100, 101, 103, 116, 117], "excluded_lines": []}, "test_cli_with_verbose_option": {"executed_lines": [], "summary": {"covered_lines": 0, "num_statements": 9, "percent_covered": 0.0, "percent_covered_display": "0", "missing_lines": 9, "excluded_lines": 0, "percent_statements_covered": 0.0, "percent_statements_covered_display": "0"}, "missing_lines": [122, 123, 124, 125, 127, 128, 130, 142, 143], "excluded_lines": []}, "test_cli_with_invalid_data_dir": {"executed_lines": [], "summary": {"covered_lines": 0, "num_statements": 3, "percent_covered": 0.0, "percent_covered_display": "0", "missing_lines": 3, "excluded_lines": 0, "percent_statements_covered": 0.0, "percent_statements_covered_display": "0"}, "missing_lines": [148, 153, 154], "excluded_lines": []}, "": {"executed_lines": [], "summary": {"covered_lines": 0, "num_statements": 13, "percent_covered": 0.0, "percent_covered_display": "0", "missing_lines": 13, "excluded_lines": 0, "percent_statements_covered": 0.0, "percent_statements_covered_display": "0"}, "missing_lines": [3, 4, 5, 7, 9, 12, 22, 32, 40, 66, 93, 120, 146], "excluded_lines": []}}, "classes": {"": {"executed_lines": [], "summary": {"covered_lines": 0, "num_statements": 68, "percent_covered": 0.0, "percent_covered_display": "0", "missing_lines": 68, "excluded_lines": 0, "percent_statements_covered": 0.0, "percent_statements_covered_display": "0"}, "missing_lines": [3, 4, 5, 7, 9, 12, 14, 15, 16, 17, 18, 19, 22, 24, 25, 26, 27, 28, 29, 32, 34, 35, 36, 37, 40, 42, 43, 44, 46, 48, 49, 51, 62, 63, 66, 68, 69, 70, 71, 73, 74, 76, 89, 90, 93, 95, 96, 97, 98, 100, 101, 103, 116, 117, 120, 122, 123, 124, 125, 127, 128, 130, 142, 143, 146, 148, 153, 154], "excluded_lines": []}}}, "tests/test_config.py": {"executed_lines": [1, 3, 4, 6, 8, 11, 13, 14, 15, 16, 17, 18, 19, 20, 23, 25, 26, 33, 34, 35, 38, 40, 41, 44, 46, 47, 48, 49, 50, 53, 55, 56, 57, 60, 62, 63, 64, 65, 68, 70, 71, 77, 78, 79, 82, 84, 85, 86, 87, 88, 89, 90, 93, 95, 96, 97], "summary": {"covered_lines": 55, "num_statements": 55, "percent_covered": 100.0, "percent_covered_display": "100", "missing_lines": 0, "excluded_lines": 0, "percent_statements_covered": 100.0, "percent_statements_covered_display": "100"}, "missing_lines": [], "excluded_lines": [], "functions": {"test_config_defaults": {"executed_lines": [13, 14, 15, 16, 17, 18, 19, 20], "summary": {"covered_lines": 8, "num_statements": 8, "percent_covered": 100.0, "percent_covered_display": "100", "missing_lines": 0, "excluded_lines": 0, "percent_statements_covered": 100.0, "percent_statements_covered_display": "100"}, "missing_lines": [], "excluded_lines": []}, "test_config_custom_values": {"executed_lines": [25, 26, 33, 34, 35], "summary": {"covered_lines": 5, "num_statements": 5, "percent_covered": 100.0, "percent_covered_display": "100", "missing_lines": 0, "excluded_lines": 0, "percent_statements_covered": 100.0, "percent_statements_covered_display": "100"}, "missing_lines": [], "excluded_lines": []}, "test_config_data_dir_validation": {"executed_lines": [40, 41], "summary": {"covered_lines": 2, "num_statements": 2, "percent_covered": 100.0, "percent_covered_display": "100", "missing_lines": 0, "excluded_lines": 0, "percent_statements_covered": 100.0, "percent_statements_covered_display": "100"}, "missing_lines": [], "excluded_lines": []}, "test_config_fdr_alpha_validation": {"executed_lines": [46, 47, 48, 49, 50], "summary": {"covered_lines": 5, "num_statements": 5, "percent_covered": 100.0, "percent_covered_display": "100", "missing_lines": 0, "excluded_lines": 0, "percent_statements_covered": 100.0, "percent_statements_covered_display": "100"}, "missing_lines": [], "excluded_lines": []}, "test_config_bootstrap_validation": {"executed_lines": [55, 56, 57], "summary": {"covered_lines": 3, "num_statements": 3, "percent_covered": 100.0, "percent_covered_display": "100", "missing_lines": 0, "excluded_lines": 0, "percent_statements_covered": 100.0, "percent_statements_covered_display": "100"}, "missing_lines": [], "excluded_lines": []}, "test_config_output_dir_creation": {"executed_lines": [62, 63, 64, 65], "summary": {"covered_lines": 4, "num_statements": 4, "percent_covered": 100.0, "percent_covered_display": "100", "missing_lines": 0, "excluded_lines": 0, "percent_statements_covered": 100.0, "percent_statements_covered_display": "100"}, "missing_lines": [], "excluded_lines": []}, "test_config_from_dict": {"executed_lines": [70, 71, 77, 78, 79], "summary": {"covered_lines": 5, "num_statements": 5, "percent_covered": 100.0, "percent_covered_display": "100", "missing_lines": 0, "excluded_lines": 0, "percent_statements_covered": 100.0, "percent_statements_covered_display": "100"}, "missing_lines": [], "excluded_lines": []}, "test_config_reporting_parameters": {"executed_lines": [84, 85, 86, 87, 88, 89, 90], "summary": {"covered_lines": 7, "num_statements": 7, "percent_covered": 100.0, "percent_covered_display": "100", "missing_lines": 0, "excluded_lines": 0, "percent_statements_covered": 100.0, "percent_statements_covered_display": "100"}, "missing_lines": [], "excluded_lines": []}, "test_config_parallel_processing": {"executed_lines": [95, 96, 97], "summary": {"covered_lines": 3, "num_statements": 3, "percent_covered": 100.0, "percent_covered_display": "100", "missing_lines": 0, "excluded_lines": 0, "percent_statements_covered": 100.0, "percent_statements_covered_display": "100"}, "missing_lines": [], "excluded_lines": []}, "": {"executed_lines": [1, 3, 4, 6, 8, 11, 23, 38, 44, 53, 60, 68, 82, 93], "summary": {"covered_lines": 13, "num_statements": 13, "percent_covered": 100.0, "percent_covered_display": "100", "missing_lines": 0, "excluded_lines": 0, "percent_statements_covered": 100.0, "percent_statements_covered_display": "100"}, "missing_lines": [], "excluded_lines": []}}, "classes": {"": {"executed_lines": [1, 3, 4, 6, 8, 11, 13, 14, 15, 16, 17, 18, 19, 20, 23, 25, 26, 33, 34, 35, 38, 40, 41, 44, 46, 47, 48, 49, 50, 53, 55, 56, 57, 60, 62, 63, 64, 65, 68, 70, 71, 77, 78, 79, 82, 84, 85, 86, 87, 88, 89, 90, 93, 95, 96, 97], "summary": {"covered_lines": 55, "num_statements": 55, "percent_covered": 100.0, "percent_covered_display": "100", "missing_lines": 0, "excluded_lines": 0, "percent_statements_covered": 100.0, "percent_statements_covered_display": "100"}, "missing_lines": [], "excluded_lines": []}}}, "tests/test_config_extended.py": {"executed_lines": [1, 3, 4, 5, 6, 9, 11, 13, 14, 15, 17, 19, 20, 23, 25, 27, 28, 29, 31, 33, 34, 37, 39, 41, 42, 43, 45, 48, 49, 52, 54, 56, 57, 58, 60, 63, 64, 67, 69, 71, 72, 74, 76, 78, 79, 82, 84, 86, 87, 88, 90, 93, 96, 98, 100, 101, 102, 104, 107, 108, 109, 112, 114, 116, 117, 118, 120, 122, 124, 127, 129, 131, 132, 133, 135, 137, 138, 141, 143, 145, 146, 147, 150, 152, 153], "summary": {"covered_lines": 84, "num_statements": 84, "percent_covered": 100.0, "percent_covered_display": "100", "missing_lines": 0, "excluded_lines": 0, "percent_statements_covered": 100.0, "percent_statements_covered_display": "100"}, "missing_lines": [], "excluded_lines": [], "functions": {"test_config_with_string_paths": {"executed_lines": [11, 13, 14, 15, 17, 19, 20], "summary": {"covered_lines": 7, "num_statements": 7, "percent_covered": 100.0, "percent_covered_display": "100", "missing_lines": 0, "excluded_lines": 0, "percent_statements_covered": 100.0, "percent_statements_covered_display": "100"}, "missing_lines": [], "excluded_lines": []}, "test_config_with_pathlib_paths": {"executed_lines": [25, 27, 28, 29, 31, 33, 34], "summary": {"covered_lines": 7, "num_statements": 7, "percent_covered": 100.0, "percent_covered_display": "100", "missing_lines": 0, "excluded_lines": 0, "percent_statements_covered": 100.0, "percent_statements_covered_display": "100"}, "missing_lines": [], "excluded_lines": []}, "test_config_default_values": {"executed_lines": [39, 41, 42, 43, 45, 48, 49], "summary": {"covered_lines": 7, "num_statements": 7, "percent_covered": 100.0, "percent_covered_display": "100", "missing_lines": 0, "excluded_lines": 0, "percent_statements_covered": 100.0, "percent_statements_covered_display": "100"}, "missing_lines": [], "excluded_lines": []}, "test_config_attribute_access": {"executed_lines": [54, 56, 57, 58, 60, 63, 64], "summary": {"covered_lines": 7, "num_statements": 7, "percent_covered": 100.0, "percent_covered_display": "100", "missing_lines": 0, "excluded_lines": 0, "percent_statements_covered": 100.0, "percent_statements_covered_display": "100"}, "missing_lines": [], "excluded_lines": []}, "test_config_with_absolute_paths": {"executed_lines": [69, 71, 72, 74, 76, 78, 79], "summary": {"covered_lines": 7, "num_statements": 7, "percent_covered": 100.0, "percent_covered_display": "100", "missing_lines": 0, "excluded_lines": 0, "percent_statements_covered": 100.0, "percent_statements_covered_display": "100"}, "missing_lines": [], "excluded_lines": []}, "test_config_creates_output_dir": {"executed_lines": [84, 86, 87, 88, 90, 93], "summary": {"covered_lines": 6, "num_statements": 6, "percent_covered": 100.0, "percent_covered_display": "100", "missing_lines": 0, "excluded_lines": 0, "percent_statements_covered": 100.0, "percent_statements_covered_display": "100"}, "missing_lines": [], "excluded_lines": []}, "test_config_repr_method": {"executed_lines": [98, 100, 101, 102, 104, 107, 108, 109], "summary": {"covered_lines": 8, "num_statements": 8, "percent_covered": 100.0, "percent_covered_display": "100", "missing_lines": 0, "excluded_lines": 0, "percent_statements_covered": 100.0, "percent_statements_covered_display": "100"}, "missing_lines": [], "excluded_lines": []}, "test_config_immutability_attempt": {"executed_lines": [114, 116, 117, 118, 120, 122, 124], "summary": {"covered_lines": 7, "num_statements": 7, "percent_covered": 100.0, "percent_covered_display": "100", "missing_lines": 0, "excluded_lines": 0, "percent_statements_covered": 100.0, "percent_statements_covered_display": "100"}, "missing_lines": [], "excluded_lines": []}, "test_config_with_nested_directories": {"executed_lines": [129, 131, 132, 133, 135, 137, 138], "summary": {"covered_lines": 7, "num_statements": 7, "percent_covered": 100.0, "percent_covered_display": "100", "missing_lines": 0, "excluded_lines": 0, "percent_statements_covered": 100.0, "percent_statements_covered_display": "100"}, "missing_lines": [], "excluded_lines": []}, "test_config_parameter_types": {"executed_lines": [143, 145, 146, 147, 150, 152, 153], "summary": {"covered_lines": 7, "num_statements": 7, "percent_covered": 100.0, "percent_covered_display": "100", "missing_lines": 0, "excluded_lines": 0, "percent_statements_covered": 100.0, "percent_statements_covered_display": "100"}, "missing_lines": [], "excluded_lines": []}, "": {"executed_lines": [1, 3, 4, 5, 6, 9, 23, 37, 52, 67, 82, 96, 112, 127, 141], "summary": {"covered_lines": 14, "num_statements": 14, "percent_covered": 100.0, "percent_covered_display": "100", "missing_lines": 0, "excluded_lines": 0, "percent_statements_covered": 100.0, "percent_statements_covered_display": "100"}, "missing_lines": [], "excluded_lines": []}}, "classes": {"": {"executed_lines": [1, 3, 4, 5, 6, 9, 11, 13, 14, 15, 17, 19, 20, 23, 25, 27, 28, 29, 31, 33, 34, 37, 39, 41, 42, 43, 45, 48, 49, 52, 54, 56, 57, 58, 60, 63, 64, 67, 69, 71, 72, 74, 76, 78, 79, 82, 84, 86, 87, 88, 90, 93, 96, 98, 100, 101, 102, 104, 107, 108, 109, 112, 114, 116, 117, 118, 120, 122, 124, 127, 129, 131, 132, 133, 135, 137, 138, 141, 143, 145, 146, 147, 150, 152, 153], "summary": {"covered_lines": 84, "num_statements": 84, "percent_covered": 100.0, "percent_covered_display": "100", "missing_lines": 0, "excluded_lines": 0, "percent_statements_covered": 100.0, "percent_statements_covered_display": "100"}, "missing_lines": [], "excluded_lines": []}}}, "tests/test_data_validation.py": {"executed_lines": [], "summary": {"covered_lines": 0, "num_statements": 55, "percent_covered": 0.0, "percent_covered_display": "0", "missing_lines": 55, "excluded_lines": 0, "percent_statements_covered": 0.0, "percent_statements_covered_display": "0"}, "missing_lines": [3, 4, 5, 8, 9, 11, 14, 16, 17, 20, 22, 23, 25, 26, 27, 30, 32, 33, 35, 36, 37, 40, 42, 44, 45, 46, 49, 51, 52, 55, 56, 59, 60, 63, 65, 66, 69, 71, 72, 74, 77, 79, 80, 82, 83, 84, 85, 86, 87, 90, 92, 94, 95, 98, 99], "excluded_lines": [], "functions": {"example_data_dir": {"executed_lines": [], "summary": {"covered_lines": 0, "num_statements": 1, "percent_covered": 0.0, "percent_covered_display": "0", "missing_lines": 1, "excluded_lines": 0, "percent_statements_covered": 0.0, "percent_statements_covered_display": "0"}, "missing_lines": [11], "excluded_lines": []}, "test_example_data_exists": {"executed_lines": [], "summary": {"covered_lines": 0, "num_statements": 2, "percent_covered": 0.0, "percent_covered_display": "0", "missing_lines": 2, "excluded_lines": 0, "percent_statements_covered": 0.0, "percent_statements_covered_display": "0"}, "missing_lines": [16, 17], "excluded_lines": []}, "test_mic_data_loads": {"executed_lines": [], "summary": {"covered_lines": 0, "num_statements": 5, "percent_covered": 0.0, "percent_covered_display": "0", "missing_lines": 5, "excluded_lines": 0, "percent_statements_covered": 0.0, "percent_statements_covered_display": "0"}, "missing_lines": [22, 23, 25, 26, 27], "excluded_lines": []}, "test_amr_genes_data_loads": {"executed_lines": [], "summary": {"covered_lines": 0, "num_statements": 5, "percent_covered": 0.0, "percent_covered_display": "0", "missing_lines": 5, "excluded_lines": 0, "percent_statements_covered": 0.0, "percent_statements_covered_display": "0"}, "missing_lines": [32, 33, 35, 36, 37], "excluded_lines": []}, "test_all_required_files_present": {"executed_lines": [], "summary": {"covered_lines": 0, "num_statements": 4, "percent_covered": 0.0, "percent_covered_display": "0", "missing_lines": 4, "excluded_lines": 0, "percent_statements_covered": 0.0, "percent_statements_covered_display": "0"}, "missing_lines": [42, 44, 45, 46], "excluded_lines": []}, "test_data_consistency": {"executed_lines": [], "summary": {"covered_lines": 0, "num_statements": 6, "percent_covered": 0.0, "percent_covered_display": "0", "missing_lines": 6, "excluded_lines": 0, "percent_statements_covered": 0.0, "percent_statements_covered_display": "0"}, "missing_lines": [51, 52, 55, 56, 59, 60], "excluded_lines": []}, "test_no_completely_empty_columns": {"executed_lines": [], "summary": {"covered_lines": 0, "num_statements": 6, "percent_covered": 0.0, "percent_covered_display": "0", "missing_lines": 6, "excluded_lines": 0, "percent_statements_covered": 0.0, "percent_statements_covered_display": "
[...]
sing_lines": [], "excluded_lines": []}, "TestConfigValidation.test_config_with_zero_fdr_alpha": {"executed_lines": [26, 27, 28], "summary": {"covered_lines": 3, "num_statements": 3, "percent_covered": 100.0, "percent_covered_display": "100", "missing_lines": 0, "excluded_lines": 0, "percent_statements_covered": 100.0, "percent_statements_covered_display": "100"}, "missing_lines": [], "excluded_lines": []}, "TestConfigValidation.test_config_with_low_bootstrap_iterations": {"executed_lines": [32, 33, 36], "summary": {"covered_lines": 3, "num_statements": 3, "percent_covered": 100.0, "percent_covered_display": "100", "missing_lines": 0, "excluded_lines": 0, "percent_statements_covered": 100.0, "percent_statements_covered_display": "100"}, "missing_lines": [], "excluded_lines": []}, "TestConfigValidation.test_config_with_nonexistent_data_dir": {"executed_lines": [40, 41], "summary": {"covered_lines": 2, "num_statements": 2, "percent_covered": 100.0, "percent_covered_display": "100", "missing_lines": 0, "excluded_lines": 0, "percent_statements_covered": 100.0, "percent_statements_covered_display": "100"}, "missing_lines": [], "excluded_lines": []}, "TestConfigValidation.test_config_creates_output_dir": {"executed_lines": [45, 46, 47, 49, 51, 52], "summary": {"covered_lines": 6, "num_statements": 6, "percent_covered": 100.0, "percent_covered_display": "100", "missing_lines": 0, "excluded_lines": 0, "percent_statements_covered": 100.0, "percent_statements_covered_display": "100"}, "missing_lines": [], "excluded_lines": []}, "TestConfigValidation.test_config_from_dict": {"executed_lines": [56, 57, 64, 66, 67, 68, 69], "summary": {"covered_lines": 7, "num_statements": 7, "percent_covered": 100.0, "percent_covered_display": "100", "missing_lines": 0, "excluded_lines": 0, "percent_statements_covered": 100.0, "percent_statements_covered_display": "100"}, "missing_lines": [], "excluded_lines": []}, "TestConfigValidation.test_config_from_dict_ignores_extra_keys": {"executed_lines": [73, 74, 79, 80], "summary": {"covered_lines": 4, "num_statements": 4, "percent_covered": 100.0, "percent_covered_display": "100", "missing_lines": 0, "excluded_lines": 0, "percent_statements_covered": 100.0, "percent_statements_covered_display": "100"}, "missing_lines": [], "excluded_lines": []}, "TestAnalyzerInitialization.test_analyzer_with_config_object": {"executed_lines": [88, 89, 90, 92, 93], "summary": {"covered_lines": 5, "num_statements": 5, "percent_covered": 100.0, "percent_covered_display": "100", "missing_lines": 0, "excluded_lines": 0, "percent_statements_covered": 100.0, "percent_statements_covered_display": "100"}, "missing_lines": [], "excluded_lines": []}, "TestAnalyzerInitialization.test_analyzer_with_kwargs": {"executed_lines": [97, 98, 102, 103], "summary": {"covered_lines": 4, "num_statements": 4, "percent_covered": 100.0, "percent_covered_display": "100", "missing_lines": 0, "excluded_lines": 0, "percent_statements_covered": 100.0, "percent_statements_covered_display": "100"}, "missing_lines": [], "excluded_lines": []}, "TestAnalyzerInitialization.test_analyzer_without_args_uses_defaults": {"executed_lines": [107, 108], "summary": {"covered_lines": 2, "num_statements": 2, "percent_covered": 100.0, "percent_covered_display": "100", "missing_lines": 0, "excluded_lines": 0, "percent_statements_covered": 100.0, "percent_statements_covered_display": "100"}, "missing_lines": [], "excluded_lines": []}, "TestConfigDefaults.test_default_bootstrap_iterations": {"executed_lines": [116, 117, 118], "summary": {"covered_lines": 3, "num_statements": 3, "percent_covered": 100.0, "percent_covered_display": "100", "missing_lines": 0, "excluded_lines": 0, "percent_statements_covered": 100.0, "percent_statements_covered_display": "100"}, "missing_lines": [], "excluded_lines": []}, "TestConfigDefaults.test_default_fdr_alpha": {"executed_lines": [122, 123, 124], "summary": {"covered_lines": 3, "num_statements": 3, "percent_covered": 100.0, "percent_covered_display": "100", "missing_lines": 0, "excluded_lines": 0, "percent_statements_covered": 100.0, "percent_statements_covered_display": "100"}, "missing_lines": [], "excluded_lines": []}, "TestConfigDefaults.test_default_random_seed": {"executed_lines": [128, 129, 130], "summary": {"covered_lines": 3, "num_statements": 3, "percent_covered": 100.0, "percent_covered_display": "100", "missing_lines": 0, "excluded_lines": 0, "percent_statements_covered": 100.0, "percent_statements_covered_display": "100"}, "missing_lines": [], "excluded_lines": []}, "TestConfigDefaults.test_default_reporting_flags": {"executed_lines": [134, 135, 136, 137, 138], "summary": {"covered_lines": 5, "num_statements": 5, "percent_covered": 100.0, "percent_covered_display": "100", "missing_lines": 0, "excluded_lines": 0, "percent_statements_covered": 100.0, "percent_statements_covered_display": "100"}, "missing_lines": [], "excluded_lines": []}, "TestConfigDefaults.test_default_dpi": {"executed_lines": [142, 143, 144], "summary": {"covered_lines": 3, "num_statements": 3, "percent_covered": 100.0, "percent_covered_display": "100", "missing_lines": 0, "excluded_lines": 0, "percent_statements_covered": 100.0, "percent_statements_covered_display": "100"}, "missing_lines": [], "excluded_lines": []}, "TestConfigDefaults.test_default_n_jobs": {"executed_lines": [148, 149, 150], "summary": {"covered_lines": 3, "num_statements": 3, "percent_covered": 100.0, "percent_covered_display": "100", "missing_lines": 0, "excluded_lines": 0, "percent_statements_covered": 100.0, "percent_statements_covered_display": "100"}, "missing_lines": [], "excluded_lines": []}, "": {"executed_lines": [1, 5, 6, 8, 9, 11, 12, 15, 16, 18, 24, 30, 38, 43, 54, 71, 83, 84, 86, 95, 105, 111, 112, 114, 120, 126, 132, 140, 146], "summary": {"covered_lines": 25, "num_statements": 25, "percent_covered": 100.0, "percent_covered_display": "100", "missing_lines": 0, "excluded_lines": 0, "percent_statements_covered": 100.0, "percent_statements_covered_display": "100"}, "missing_lines": [], "excluded_lines": []}}, "classes": {"TestConfigValidation": {"executed_lines": [20, 21, 22, 26, 27, 28, 32, 33, 36, 40, 41, 45, 46, 47, 49, 51, 52, 56, 57, 64, 66, 67, 68, 69, 73, 74, 79, 80], "summary": {"covered_lines": 28, "num_statements": 28, "percent_covered": 100.0, "percent_covered_display": "100", "missing_lines": 0, "excluded_lines": 0, "percent_statements_covered": 100.0, "percent_statements_covered_display": "100"}, "missing_lines": [], "excluded_lines": []}, "TestAnalyzerInitialization": {"executed_lines": [88, 89, 90, 92, 93, 97, 98, 102, 103, 107, 108], "summary": {"covered_lines": 11, "num_statements": 11, "percent_covered": 100.0, "percent_covered_display": "100", "missing_lines": 0, "excluded_lines": 0, "percent_statements_covered": 100.0, "percent_statements_covered_display": "100"}, "missing_lines": [], "excluded_lines": []}, "TestConfigDefaults": {"executed_lines": [116, 117, 118, 122, 123, 124, 128, 129, 130, 134, 135, 136, 137, 138, 142, 143, 144, 148, 149, 150], "summary": {"covered_lines": 20, "num_statements": 20, "percent_covered": 100.0, "percent_covered_display": "100", "missing_lines": 0, "excluded_lines": 0, "percent_statements_covered": 100.0, "percent_statements_covered_display": "100"}, "missing_lines": [], "excluded_lines": []}, "": {"executed_lines": [1, 5, 6, 8, 9, 11, 12, 15, 16, 18, 24, 30, 38, 43, 54, 71, 83, 84, 86, 95, 105, 111, 112, 114, 120, 126, 132, 140, 146], "summary": {"covered_lines": 25, "num_statements": 25, "percent_covered": 100.0, "percent_covered_display": "100", "missing_lines": 0, "excluded_lines": 0, "percent_statements_covered": 100.0, "percent_statements_covered_display": "100"}, "missing_lines": [], "excluded_lines": []}}}, "tests/test_utilities.py": {"executed_lines": [1, 3, 4, 5, 6, 9, 11, 12, 13, 15, 16, 19, 21, 22, 25, 26, 29, 30, 33, 35, 36, 37, 39, 40, 41, 44, 46, 47, 50, 51, 54, 55, 57, 58, 61, 63, 65, 66, 67, 70, 73, 75, 76, 78, 79, 80, 81, 84, 86, 87, 88, 89, 91, 92, 95, 96, 99, 102, 103, 106, 107, 110, 112, 114, 115, 116, 119, 120, 123, 125, 132, 133, 134, 135], "summary": {"covered_lines": 73, "num_statements": 73, "percent_covered": 100.0, "percent_covered_display": "100", "missing_lines": 0, "excluded_lines": 0, "percent_statements_covered": 100.0, "percent_statements_covered_display": "100"}, "missing_lines": [], "excluded_lines": [], "functions": {"test_output_directory_creation": {"executed_lines": [11, 12, 13, 15, 16], "summary": {"covered_lines": 5, "num_statements": 5, "percent_covered": 100.0, "percent_covered_display": "100", "missing_lines": 0, "excluded_lines": 0, "percent_statements_covered": 100.0, "percent_statements_covered_display": "100"}, "missing_lines": [], "excluded_lines": []}, "test_path_handling": {"executed_lines": [21, 22, 25, 26, 29, 30], "summary": {"covered_lines": 6, "num_statements": 6, "percent_covered": 100.0, "percent_covered_display": "100", "missing_lines": 0, "excluded_lines": 0, "percent_statements_covered": 100.0, "percent_statements_covered_display": "100"}, "missing_lines": [], "excluded_lines": []}, "test_file_permissions": {"executed_lines": [35, 36, 37, 39, 40, 41], "summary": {"covered_lines": 6, "num_statements": 6, "percent_covered": 100.0, "percent_covered_display": "100", "missing_lines": 0, "excluded_lines": 0, "percent_statements_covered": 100.0, "percent_statements_covered_display": "100"}, "missing_lines": [], "excluded_lines": []}, "test_directory_listing": {"executed_lines": [46, 47, 50, 51, 54, 55, 57, 58], "summary": {"covered_lines": 8, "num_statements": 8, "percent_covered": 100.0, "percent_covered_display": "100", "missing_lines": 0, "excluded_lines": 0, "percent_statements_covered": 100.0, "percent_statements_covered_display": "100"}, "missing_lines": [], "excluded_lines": []}, "test_temp_file_cleanup": {"executed_lines": [63, 65, 66, 67, 70], "summary": {"covered_lines": 5, "num_statements": 5, "percent_covered": 100.0, "percent_covered_display": "100", "missing_lines": 0, "excluded_lines": 0, "percent_statements_covered": 100.0, "percent_statements_covered_display": "100"}, "missing_lines": [], "excluded_lines": []}, "test_path_concatenation": {"executed_lines": [75, 76, 78, 79, 80, 81], "summary": {"covered_lines": 6, "num_statements": 6, "percent_covered": 100.0, "percent_covered_display": "100", "missing_lines": 0, "excluded_lines": 0, "percent_statements_covered": 100.0, "percent_statements_covered_display": "100"}, "missing_lines": [], "excluded_lines": []}, "test_relative_path_conversion": {"executed_lines": [86, 87, 88, 89, 91, 92, 95, 96], "summary": {"covered_lines": 8, "num_statements": 8, "percent_covered": 100.0, "percent_covered_display": "100", "missing_lines": 0, "excluded_lines": 0, "percent_statements_covered": 100.0, "percent_statements_covered_display": "100"}, "missing_lines": [], "excluded_lines": []}, "test_environment_variables": {"executed_lines": [102, 103, 106, 107], "summary": {"covered_lines": 4, "num_statements": 4, "percent_covered": 100.0, "percent_covered_display": "100", "missing_lines": 0, "excluded_lines": 0, "percent_statements_covered": 100.0, "percent_statements_covered_display": "100"}, "missing_lines": [], "excluded_lines": []}, "test_current_working_directory": {"executed_lines": [112, 114, 115, 116, 119, 120], "summary": {"covered_lines": 6, "num_statements": 6, "percent_covered": 100.0, "percent_covered_display": "100", "missing_lines": 0, "excluded_lines": 0, "percent_statements_covered": 100.0, "percent_statements_covered_display": "100"}, "missing_lines": [], "excluded_lines": []}, "test_file_extension_handling": {"executed_lines": [125, 132, 133, 134, 135], "summary": {"covered_lines": 5, "num_statements": 5, "percent_covered": 100.0, "percent_covered_display": "100", "missing_lines": 0, "excluded_lines": 0, "percent_statements_covered": 100.0, "percent_statements_covered_display": "100"}, "missing_lines": [], "excluded_lines": []}, "": {"executed_lines": [1, 3, 4, 5, 6, 9, 19, 33, 44, 61, 73, 84, 99, 110, 123], "summary": {"covered_lines": 14, "num_statements": 14, "percent_covered": 100.0, "percent_covered_display": "100", "missing_lines": 0, "excluded_lines": 0, "percent_statements_covered": 100.0, "percent_statements_covered_display": "100"}, "missing_lines": [], "excluded_lines": []}}, "classes": {"": {"executed_lines": [1, 3, 4, 5, 6, 9, 11, 12, 13, 15, 16, 19, 21, 22, 25, 26, 29, 30, 33, 35, 36, 37, 39, 40, 41, 44, 46, 47, 50, 51, 54, 55, 57, 58, 61, 63, 65, 66, 67, 70, 73, 75, 76, 78, 79, 80, 81, 84, 86, 87, 88, 89, 91, 92, 95, 96, 99, 102, 103, 106, 107, 110, 112, 114, 115, 116, 119, 120, 123, 125, 132, 133, 134, 135], "summary": {"covered_lines": 73, "num_statements": 73, "percent_covered": 100.0, "percent_covered_display": "100", "missing_lines": 0, "excluded_lines": 0, "percent_statements_covered": 100.0, "percent_statements_covered_display": "100"}, "missing_lines": [], "excluded_lines": []}}}, "tests/test_workflow.py": {"executed_lines": [], "summary": {"covered_lines": 0, "num_statements": 135, "percent_covered": 0.0, "percent_covered_display": "0", "missing_lines": 135, "excluded_lines": 0, "percent_statements_covered": 0.0, "percent_statements_covered_display": "0"}, "missing_lines": [9, 10, 11, 12, 14, 15, 17, 18, 21, 22, 24, 25, 26, 27, 30, 31, 32, 33, 34, 35, 37, 44, 45, 47, 50, 51, 52, 53, 56, 57, 58, 61, 62, 63, 66, 67, 70, 71, 73, 81, 82, 83, 84, 87, 88, 90, 96, 97, 98, 101, 102, 103, 111, 112, 113, 117, 124, 125, 128, 129, 131, 137, 138, 141, 142, 143, 146, 147, 150, 151, 153, 156, 159, 160, 162, 165, 166, 168, 169, 172, 173, 176, 177, 178, 181, 182, 185, 186, 188, 193, 194, 197, 198, 200, 203, 204, 207, 208, 211, 212, 215, 216, 218, 221, 222, 224, 225, 226, 227, 230, 231, 234, 235, 236, 239, 240, 243, 249, 250, 253, 258, 261, 262, 265, 271, 278, 279, 280, 283, 284, 287, 294, 295, 297, 298], "excluded_lines": [], "functions": {"workflow_data": {"executed_lines": [], "summary": {"covered_lines": 0, "num_statements": 11, "percent_covered": 0.0, "percent_covered_display": "0", "missing_lines": 11, "excluded_lines": 0, "percent_statements_covered": 0.0, "percent_statements_covered_display": "0"}, "missing_lines": [24, 25, 26, 27, 30, 31, 32, 33, 34, 35, 37], "excluded_lines": []}, "test_data_loading_workflow": {"executed_lines": [], "summary": {"covered_lines": 0, "num_statements": 13, "percent_covered": 0.0, "percent_covered_display": "0", "missing_lines": 13, "excluded_lines": 0, "percent_statements_covered": 0.0, "percent_statements_covered_display": "0"}, "missing_lines": [47, 50, 51, 52, 53, 56, 57, 58, 61, 62, 63, 66, 67], "excluded_lines": []}, "test_configuration_workflow": {"executed_lines": [], "summary": {"covered_lines": 0, "num_statements": 5, "percent_covered": 0.0, "percent_covered_display": "0", "missing_lines": 5, "excluded_lines": 0, "percent_statements_covered": 0.0, "percent_statements_covered_display": "0"}, "missing_lines": [73, 81, 82, 83, 84], "excluded_lines": []}, "test_analyzer_initialization_workflow": {"executed_lines": [], "summary": {"covered_lines": 0, "num_statements": 4, "percent_covered": 0.0, "percent_covered_display": "0", "missing_lines": 4, "excluded_lines": 0, "percent_statements_covered": 0.0, "percent_statements_covered_display": "0"}, "missing_lines": [90, 96, 97, 98], "excluded_lines": []}, "test_complete_analysis_workflow": {"executed_lines": [], "summary": {"covered_lines": 0, "num_statements": 20, "percent_covered": 0.0, "percent_covered_display": "0", "missing_lines": 20, "excluded_lines": 0, "percent_statements_covered": 0.0, "percent_statements_covered_display": "0"}, "missing_lines": [111, 112, 113, 117, 124, 125, 128, 129, 131, 137, 138, 141, 142, 143, 146, 147, 150, 151, 153, 156], "excluded_lines": []}, "test_output_validation_workflow": {"executed_lines": [], "summary": {"covered_lines": 0, "num_statements": 10, "percent_covered": 0.0, "percent_covered_display": "0", "missing_lines": 10, "excluded_lines": 0, "percent_statements_covered": 0.0, "percent_statements_covered_display": "0"}, "missing_lines": [162, 165, 166, 168, 169, 172, 173, 176, 177, 178], "excluded_lines": []}, "test_error_handling_workflow": {"executed_lines": [], "summary": {"covered_lines": 0, "num_statements": 5, "percent_covered": 0.0, "percent_covered_display": "0", "missing_lines": 5, "excluded_lines": 0, "percent_statements_covered": 0.0, "percent_statements_covered_display": "0"}, "missing_lines": [185, 186, 188, 193, 194], "excluded_lines": []}, "test_data_preprocessing_workflow": {"executed_lines": [], "summary": {"covered_lines": 0, "num_statements": 7, "percent_covered": 0.0, "percent_covered_display": "0", "missing_lines": 7, "excluded_lines": 0, "percent_statements_covered": 0.0, "percent_statements_covered_display": "0"}, "missing_lines": [200, 203, 204, 207, 208, 211, 212], "excluded_lines": []}, "test_multi_file_integration_workflow": {"executed_lines": [], "summary": {"covered_lines": 0, "num_statements": 12, "percent_covered": 0.0, "percent_covered_display": "0", "missing_lines": 12, "excluded_lines": 0, "percent_statements_covered": 0.0, "percent_statements_covered_display": "0"}, "missing_lines": [218, 221, 222, 224, 225, 226, 227, 230, 231, 234, 235, 236], "excluded_lines": []}, "test_parameter_validation_workflow": {"executed_lines": [], "summary": {"covered_lines": 0, "num_statements": 5, "percent_covered": 0.0, "percent_covered_display": "0", "missing_lines": 5, "excluded_lines": 0, "percent_statements_covered": 0.0, "percent_statements_covered_display": "0"}, "missing_lines": [243, 249, 250, 253, 258], "excluded_lines": []}, "test_reproducibility_workflow": {"executed_lines": [], "summary": {"covered_lines": 0, "num_statements": 5, "percent_covered": 0.0, "percent_covered_display": "0", "missing_lines": 5, "excluded_lines": 0, "percent_statements_covered": 0.0, "percent_statements_covered_display": "0"}, "missing_lines": [265, 271, 278, 279, 280], "excluded_lines": []}, "test_cli_compatibility_workflow": {"executed_lines": [], "summary": {"covered_lines": 0, "num_statements": 5, "percent_covered": 0.0, "percent_covered_display": "0", "missing_lines": 5, "excluded_lines": 0, "percent_statements_covered": 0.0, "percent_statements_covered_display": "0"}, "missing_lines": [287, 294, 295, 297, 298], "excluded_lines": []}, "": {"executed_lines": [], "summary": {"covered_lines": 0, "num_statements": 33, "percent_covered": 0.0, "percent_covered_display": "0", "missing_lines": 33, "excluded_lines": 0, "percent_statements_covered": 0.0, "percent_statements_covered_display": "0"}, "missing_lines": [9, 10, 11, 12, 14, 15, 17, 18, 21, 22, 44, 45, 70, 71, 87, 88, 101, 102, 103, 159, 160, 181, 182, 197, 198, 215, 216, 239, 240, 261, 262, 283, 284], "excluded_lines": []}}, "classes": {"": {"executed_lines": [], "summary": {"covered_lines": 0, "num_statements": 135, "percent_covered": 0.0, "percent_covered_display": "0", "missing_lines": 135, "excluded_lines": 0, "percent_statements_covered": 0.0, "percent_statements_covered_display": "0"}, "missing_lines": [9, 10, 11, 12, 14, 15, 17, 18, 21, 22, 24, 25, 26, 27, 30, 31, 32, 33, 34, 35, 37, 44, 45, 47, 50, 51, 52, 53, 56, 57, 58, 61, 62, 63, 66, 67, 70, 71, 73, 81, 82, 83, 84, 87, 88, 90, 96, 97, 98, 101, 102, 103, 111, 112, 113, 117, 124, 125, 128, 129, 131, 137, 138, 141, 142, 143, 146, 147, 150, 151, 153, 156, 159, 160, 162, 165, 166, 168, 169, 172, 173, 176, 177, 178, 181, 182, 185, 186, 188, 193, 194, 197, 198, 200, 203, 204, 207, 208, 211, 212, 215, 216, 218, 221, 222, 224, 225, 226, 227, 230, 231, 234, 235, 236, 239, 240, 243, 249, 250, 253, 258, 261, 262, 265, 271, 278, 279, 280, 283, 284, 287, 294, 295, 297, 298], "excluded_lines": []}}}}, "totals": {"covered_lines": 384, "num_statements": 2053, "percent_covered": 18.704335119337554, "percent_covered_display": "19", "missing_lines": 1669, "excluded_lines": 0, "percent_statements_covered": 18.704335119337554, "percent_statements_covered_display": "19"}}