<?xml version="1.0" encoding="utf-8"?><testsuites name="pytest tests"><testsuite name="pytest" errors="0" failures="0" skipped="0" tests="20" time="2.055" timestamp="2025-12-10T14:11:25.479231+00:00" hostname="runnervmoqczp"><testcase classname="tests.test_synthetic_validation.TestSyntheticDataGeneration" name="test_generate_synthetic_dataset" time="0.013" /><testcase classname="tests.test_synthetic_validation.TestSyntheticDataGeneration" name="test_true_associations_recorded" time="0.004" /><testcase classname="tests.test_synthetic_validation.TestSyntheticDataGeneration" name="test_synthetic_data_reproducibility" time="0.021" /><testcase classname="tests.test_synthetic_validation.TestChiSquareValidation" name="test_chi_square_exact_match" time="0.002" /><testcase classname="tests.test_synthetic_validation.TestChiSquareValidation" name="test_chi_square_with_yates_correction" time="0.002" /><testcase classname="tests.test_synthetic_validation.TestFisherExactValidation" name="test_fisher_exact_match" time="0.002" /><testcase classname="tests.test_synthetic_validation.TestFisherExactValidation" name="test_fisher_vs_chi_square_small_samples" time="0.002" /><testcase classname="tests.test_synthetic_validation.TestPhiCoefficientValidation" name="test_phi_coefficient_formula" time="0.008" /><testcase classname="tests.test_synthetic_validation.TestPhiCoefficientValidation" name="test_phi_range" time="0.054" /><testcase classname="tests.test_synthetic_validation.TestFDRCorrectionValidation" name="test_fdr_matches_statsmodels" time="0.001" /><testcase classname="tests.test_synthetic_validation.TestFDRCorrectionValidation" name="test_fdr_with_known_nulls_and_alternatives" time="0.001" /><testcase classname="tests.test_synthetic_validation.TestEntropyValidation" name="test_entropy_calculation" time="0.001" /><testcase classname="tests.test_synthetic_validation.TestEntropyValidation" name="test_entropy_uniform_maximum" time="0.001" /><testcase classname="tests.test_synthetic_validation.TestEntropyValidation" name="test_entropy_deterministic_minimum" time="0.001" /><testcase classname="tests.test_synthetic_validation.TestCramersVValidation" name="test_cramers_v_range" time="0.028" /><testcase classname="tests.test_synthetic_validation.TestCramersVValidation" name="test_cramers_v_independence" time="0.009" /><testcase classname="tests.test_synthetic_validation.TestNetworkValidationWithSynthetic" name="test_network_edge_detection" time="0.030" /><testcase classname="tests.test_synthetic_validation.TestNumericalStability" name="test_zero_counts_chi_square" time="0.001" /><testcase classname="tests.test_synthetic_validation.TestNumericalStability" name="test_extreme_imbalance" time="0.001" /><testcase classname="tests.test_synthetic_validation.TestValidationReportGeneration" name="test_generate_validation_report" time="0.012" /></testsuite></testsuites>