{"meta": {"format": 3, "version": "7.12.0", "timestamp": "2025-11-24T01:51:30.222685", "branch_coverage": false, "show_contexts": false}, "files": {"strepsuis_amrpat/__init__.py": {"executed_lines": [1, 11, 12, 13, 15, 16, 18], "summary": {"covered_lines": 6, "num_statements": 6, "percent_covered": 100.0, "percent_covered_display": "100", "missing_lines": 0, "excluded_lines": 0, "percent_statements_covered": 100.0, "percent_statements_covered_display": "100"}, "missing_lines": [], "excluded_lines": [], "functions": {"": {"executed_lines": [1, 11, 12, 13, 15, 16, 18], "summary": {"covered_lines": 6, "num_statements": 6, "percent_covered": 100.0, "percent_covered_display": "100", "missing_lines": 0, "excluded_lines": 0, "percent_statements_covered": 100.0, "percent_statements_covered_display": "100"}, "missing_lines": [], "excluded_lines": []}}, "classes": {"": {"executed_lines": [1, 11, 12, 13, 15, 16, 18], "summary": {"covered_lines": 6, "num_statements": 6, "percent_covered": 100.0, "percent_covered_display": "100", "missing_lines": 0, "excluded_lines": 0, "percent_statements_covered": 100.0, "percent_statements_covered_display": "100"}, "missing_lines": [], "excluded_lines": []}}}, "strepsuis_amrpat/analyzer.py": {"executed_lines": [1, 5, 6, 7, 8, 9, 11, 14, 15, 25, 33, 34, 35, 45, 46, 47, 49, 50, 51, 52, 53, 55, 62, 65, 66, 68, 69, 71, 72, 73, 74, 76, 77, 83, 84, 87, 95, 97, 99, 102, 104, 105, 107, 108, 110, 111, 112, 113, 115, 117, 118, 120, 121, 124, 125, 127], "summary": {"covered_lines": 54, "num_statements": 63, "percent_covered": 85.71428571428571, "percent_covered_display": "86", "missing_lines": 9, "excluded_lines": 0, "percent_statements_covered": 85.71428571428571, "percent_statements_covered_display": "86"}, "missing_lines": [90, 92, 93, 100, 129, 131, 132, 133, 135], "excluded_lines": [], "functions": {"MDRAnalyzer.__init__": {"executed_lines": [33, 34, 35, 45, 46, 47, 49, 50, 51, 52, 53], "summary": {"covered_lines": 11, "num_statements": 11, "percent_covered": 100.0, "percent_covered_display": "100", "missing_lines": 0, "excluded_lines": 0, "percent_statements_covered": 100.0, "percent_statements_covered_display": "100"}, "missing_lines": [], "excluded_lines": []}, "MDRAnalyzer.run": {"executed_lines": [62, 65, 66, 68, 69, 71, 72, 73, 74, 76, 77, 83, 84, 87], "summary": {"covered_lines": 14, "num_statements": 17, "percent_covered": 82.3529411764706, "percent_covered_display": "82", "missing_lines": 3, "excluded_lines": 0, "percent_statements_covered": 82.3529411764706, "percent_statements_covered_display": "82"}, "missing_lines": [90, 92, 93], "excluded_lines": []}, "MDRAnalyzer._execute_analysis": {"executed_lines": [97, 99, 102, 104, 105, 107, 108, 110, 111, 112, 113, 115, 117, 118, 120, 121, 124, 125], "summary": {"covered_lines": 18, "num_statements": 19, "percent_covered": 94.73684210526316, "percent_covered_display": "95", "missing_lines": 1, "excluded_lines": 0, "percent_statements_covered": 94.73684210526316, "percent_statements_covered_display": "95"}, "missing_lines": [100], "excluded_lines": []}, "MDRAnalyzer._collect_results": {"executed_lines": [], "summary": {"covered_lines": 0, "num_statements": 5, "percent_covered": 0.0, "percent_covered_display": "0", "missing_lines": 5, "excluded_lines": 0, "percent_statements_covered": 0.0, "percent_statements_covered_display": "0"}, "missing_lines": [129, 131, 132, 133, 135], "excluded_lines": []}, "": {"executed_lines": [1, 5, 6, 7, 8, 9, 11, 14, 15, 25, 55, 95, 127], "summary": {"covered_lines": 11, "num_statements": 11, "percent_covered": 100.0, "percent_covered_display": "100", "missing_lines": 0, "excluded_lines": 0, "percent_statements_covered": 100.0, "percent_statements_covered_display": "100"}, "missing_lines": [], "excluded_lines": []}}, "classes": {"MDRAnalyzer": {"executed_lines": [33, 34, 35, 45, 46, 47, 49, 50, 51, 52, 53, 62, 65, 66, 68, 69, 71, 72, 73, 74, 76, 77, 83, 84, 87, 97, 99, 102, 104, 105, 107, 108, 110, 111, 112, 113, 115, 117, 118, 120, 121, 124, 125], "summary": {"covered_lines": 43, "num_statements": 52, "percent_covered": 82.6923076923077, "percent_covered_display": "83", "missing_lines": 9, "excluded_lines": 0, "percent_statements_covered": 82.6923076923077, "percent_statements_covered_display": "83"}, "missing_lines": [90, 92, 93, 100, 129, 131, 132, 133, 135], "excluded_lines": []}, "": {"executed_lines": [1, 5, 6, 7, 8, 9, 11, 14, 15, 25, 55, 95, 127], "summary": {"covered_lines": 11, "num_statements": 11, "percent_covered": 100.0, "percent_covered_display": "100", "missing_lines": 0, "excluded_lines": 0, "percent_statements_covered": 100.0, "percent_statements_covered_display": "100"}, "missing_lines": [], "excluded_lines": []}}}, "strepsuis_amrpat/cli.py": {"executed_lines": [1, 5, 6, 7, 9, 10, 11, 14, 16, 17, 24, 26, 31, 33, 37, 44, 48, 52, 54, 56, 57, 59, 60, 67, 68, 69, 71, 72, 74, 81, 82, 83, 86], "summary": {"covered_lines": 32, "num_statements": 36, "percent_covered": 88.88888888888889, "percent_covered_display": "89", "missing_lines": 4, "excluded_lines": 0, "percent_statements_covered": 88.88888888888889, "percent_statements_covered_display": "89"}, "missing_lines": [76, 77, 79, 87], "excluded_lines": [], "functions": {"setup_logging": {"executed_lines": [16, 17], "summary": {"covered_lines": 2, "num_statements": 2, "percent_covered": 100.0, "percent_covered_display": "100", "missing_lines": 0, "excluded_lines": 0, "percent_statements_covered": 100.0, "percent_statements_covered_display": "100"}, "missing_lines": [], "excluded_lines": []}, "main": {"executed_lines": [26, 31, 33, 37, 44, 48, 52, 54, 56, 57, 59, 60, 67, 68, 69, 71, 72, 74, 81, 82, 83], "summary": {"covered_lines": 21, "num_statements": 24, "percent_covered": 87.5, "percent_covered_display": "88", "missing_lines": 3, "excluded_lines": 0, "percent_statements_covered": 87.5, "percent_statements_covered_display": "88"}, "missing_lines": [76, 77, 79], "excluded_lines": []}, "": {"executed_lines": [1, 5, 6, 7, 9, 10, 11, 14, 24, 86], "summary": {"covered_lines": 9, "num_statements": 10, "percent_covered": 90.0, "percent_covered_display": "90", "missing_lines": 1, "excluded_lines": 0, "percent_statements_covered": 90.0, "percent_statements_covered_display": "90"}, "missing_lines": [87], "excluded_lines": []}}, "classes": {"": {"executed_lines": [1, 5, 6, 7, 9, 10, 11, 14, 16, 17, 24, 26, 31, 33, 37, 44, 48, 52, 54, 56, 57, 59, 60, 67, 68, 69, 71, 72, 74, 81, 82, 83, 86], "summary": {"covered_lines": 32, "num_statements": 36, "percent_covered": 88.88888888888889, "percent_covered_display": "89", "missing_lines": 4, "excluded_lines": 0, "percent_statements_covered": 88.88888888888889, "percent_statements_covered_display": "89"}, "missing_lines": [76, 77, 79, 87], "excluded_lines": []}}}, "strepsuis_amrpat/config.py": {"executed_lines": [1, 7, 8, 11, 12, 13, 16, 17, 20, 21, 22, 25, 26, 27, 28, 31, 33, 35, 36, 38, 40, 41, 43, 44, 46, 47, 49], "summary": {"covered_lines": 25, "num_statements": 25, "percent_covered": 100.0, "percent_covered_display": "100", "missing_lines": 0, "excluded_lines": 0, "percent_statements_covered": 100.0, "percent_statements_covered_display": "100"}, "missing_lines": [], "excluded_lines": [], "functions": {"Config.__post_init__": {"executed_lines": [35, 36, 38, 40, 41, 43, 44], "summary": {"covered_lines": 7, "num_statements": 7, "percent_covered": 100.0, "percent_covered_display": "100", "missing_lines": 0, "excluded_lines": 0, "percent_statements_covered": 100.0, "percent_statements_covered_display": "100"}, "missing_lines": [], "excluded_lines": []}, "Config.from_dict": {"executed_lines": [49], "summary": {"covered_lines": 1, "num_statements": 1, "percent_covered": 100.0, "percent_covered_display": "100", "missing_lines": 0, "excluded_lines": 0, "percent_statements_covered": 100.0, "percent_statements_covered_display": "100"}, "missing_lines": [], "excluded_lines": []}, "": {"executed_lines": [1, 7, 8, 11, 12, 13, 16, 17, 20, 21, 22, 25, 26, 27, 28, 31, 33, 46, 47], "summary": {"covered_lines": 17, "num_statements": 17, "percent_covered": 100.0, "percent_covered_display": "100", "missing_lines": 0, "excluded_lines": 0, "percent_statements_covered": 100.0, "percent_statements_covered_display": "100"}, "missing_lines": [], "excluded_lines": []}}, "classes": {"Config": {"executed_lines": [35, 36, 38, 40, 41, 43, 44, 49], "summary": {"covered_lines": 8, "num_statements": 8, "percent_covered": 100.0, "percent_covered_display": "100", "missing_lines": 0, "excluded_lines": 0, "percent_statements_covered": 100.0, "percent_statements_covered_display": "100"}, "missing_lines": [], "excluded_lines": []}, "": {"executed_lines": [1, 7, 8, 11, 12, 13, 16, 17, 20, 21, 22, 25, 26, 27, 28, 31, 33, 46, 47], "summary": {"covered_lines": 17, "num_statements": 17, "percent_covered": 100.0, "percent_covered_display": "100", "missing_lines": 0, "excluded_lines": 0, "percent_statements_covered": 100.0, "percent_statements_covered_display": "100"}, "missing_lines": [], "excluded_lines": []}}}, "strepsuis_amrpat/excel_report_utils.py": {"executed_lines": [1, 7, 8, 10, 11, 14, 15, 17, 29, 49, 69, 94, 130, 166, 192, 241, 291], "summary": {"covered_lines": 15, "num_statements": 138, "percent_covered": 10.869565217391305, "percent_covered_display": "11", "missing_lines": 123, "excluded_lines": 0, "percent_statements_covered": 10.869565217391305, "percent_statements_covered_display": "11"}, "missing_lines": [24, 25, 26, 27, 42, 43, 44, 45, 46, 47, 63, 64, 65, 66, 67, 83, 84, 85, 86, 88, 89, 90, 91, 92, 104, 105, 107, 118, 119, 120, 122, 123, 126, 127, 128, 138, 140, 141, 142, 143, 144, 146, 148, 150, 153, 154, 155, 156, 157, 158, 159, 160, 161, 162, 163, 164, 173, 174, 176, 178, 179, 180, 181, 183, 184, 187, 188, 189, 190, 203, 205, 207, 208, 209, 212, 213, 214, 215, 218, 219, 221, 222, 223, 225, 228, 229, 230, 231, 232, 233, 234, 235, 236, 237, 238, 239, 255, 256, 257, 260, 262, 265, 266, 269, 270, 272, 273, 276, 279, 281, 282, 283, 284, 285, 286, 288, 304, 305, 306, 307, 310, 311, 313], "excluded_lines": [], "functions": {"ExcelReportGenerator.__init__": {"executed_lines": [], "summary": {"covered_lines": 0, "num_statements": 4, "percent_covered": 0.0, "percent_covered_display": "0", "missing_lines": 4, "excluded_lines": 0, "percent_statements_covered": 0.0, "percent_statements_covered_display": "0"}, "missing_lines": [24, 25, 26, 27], "excluded_lines": []}, "ExcelReportGenerator.save_matplotlib_figure": {"executed_lines": [], "summary": {"covered_lines": 0, "num_statements": 6, "percent_covered": 0.0, "percent_covered_display": "0", "missing_lines": 6, "excluded_lines": 0, "percent_statements_covered": 0.0, "percent_statements_covered_display": "0"}, "missing_lines": [42, 43, 44, 45, 46, 47], "excluded_lines": []}, "ExcelReportGenerator.save_plotly_figure": {"executed_lines": [], "summary": {"covered_lines": 0, "num_statements": 5, "percent_covered": 0.0, "percent_covered_display": "0", "missing_lines": 5, "excluded_lines": 0, "percent_statements_covered": 0.0, "percent_statements_covered_display": "0"}, "missing_lines": [63, 64, 65, 66, 67], "excluded_lines": []}, "ExcelReportGenerator.save_plotly_figure_fallback": {"executed_lines": [], "summary": {"covered_lines": 0, "num_statements": 9, "percent_covered": 0.0, "percent_covered_display": "0", "missing_lines": 9, "excluded_lines": 0, "percent_statements_covered": 0.0, "percent_statements_covered_display": "0"}, "missing_lines": [83, 84, 85, 86, 88, 89, 90, 91, 92], "excluded_lines": []}, "ExcelReportGenerator.create_metadata_sheet": {"executed_lines": [], "summary": {"covered_lines": 0, "num_statements": 11, "percent_covered": 0.0, "percent_covered_display": "0", "missing_lines": 11, "excluded_lines": 0, "percent_statements_covered": 0.0, "percent_statements_covered_display": "0"}, "missing_lines": [104, 105, 107, 118, 119, 120, 122, 123, 126, 127, 128], "excluded_lines": []}, "ExcelReportGenerator.create_methodology_sheet": {"executed_lines": [], "summary": {"covered_lines": 0, "num_statements": 21, "percent_covered": 0.0, "percent_covered_display": "0", "missing_lines": 21, "excluded_lines": 0, "percent_statements_covered": 0.0, "percent_statements_covered_display": "0"}, "missing_lines": [138, 140, 141, 142, 143, 144, 146, 148, 150, 153, 154, 155, 156, 157, 158, 159, 160, 161, 162, 163, 164], "excluded_lines": []}, "ExcelReportGenerator.create_chart_index_sheet": {"executed_lines": [], "summary": {"covered_lines": 0, "num_statements": 13, "percent_covered": 0.0, "percent_covered_display": "0", "missing_lines": 13, "excluded_lines": 0, "percent_statements_covered": 0.0, "percent_statements_covered_display": "0"}, "missing_lines": [173, 174, 176, 178, 179, 180, 181, 183, 184, 187, 188, 189, 190], "excluded_lines": []}, "ExcelReportGenerator.add_dataframe_sheet": {"executed_lines": [], "summary": {"covered_lines": 0, "num_statements": 27, "percent_covered": 0.0, "percent_covered_display": "0", "missing_lines": 27, "excluded_lines": 0, "percent_statements_covered": 0.0, "percent_statements_covered_display": "0"}, "missing_lines": [203, 205, 207, 208, 209, 212, 213, 214, 215, 218, 219, 221, 222, 223, 225, 228, 229, 230, 231, 232, 233, 234, 235, 236, 237, 238, 239], "excluded_lines": []}, "ExcelReportGenerator.generate_excel_report": {"executed_lines": [], "summary": {"covered_lines": 0, "num_statements": 20, "percent_covered": 0.0, "percent_covered_display": "0", "missing_lines": 20, "excluded_lines": 0, "percent_statements_covered": 0.0, "percent_statements_covered_display": "0"}, "missing_lines": [255, 256, 257, 260, 262, 265, 266, 269, 270, 272, 273, 276, 279, 281, 282, 283, 284, 285, 286, 288], "excluded_lines": []}, "sanitize_sheet_name": {"executed_lines": [], "summary": {"covered_lines": 0, "num_statements": 7, "percent_covered": 0.0, "percent_covered_display": "0", "missing_lines": 7, "excluded_lines": 0, "percent_statements_covered": 0.0, "percent_statements_covered_display": "0"}, "missing_lines": [304, 305, 306, 307, 310, 311, 313], "excluded_lines": []}, "": {"executed_lines": [1, 7, 8, 10, 11, 14, 15, 17, 29, 49, 69, 94, 130, 166, 192, 241, 291], "summary": {"covered_lines": 15, "num_statements": 15, "percent_covered": 100.0, "percent_covered_display": "100", "missing_lines": 0, "excluded_lines": 0, "percent_statements_covered": 100.0, "percent_statements_covered_display": "100"}, "missing_lines": [], "excluded_lines": []}}, "classes": {"ExcelReportGenerator": {"executed_lines": [], "summary": {"covered_lines": 0, "num_statements": 116, "percent_covered": 0.0, "percent_covered_display": "0", "missing_lines": 116, "excluded_lines": 0, "percent_statements_covered": 0.0, "percent_statements_covered_display": "0"}, "missing_lines": [24, 25, 26, 27, 42, 43, 44, 45, 46, 47, 63, 64, 65, 66, 67, 83, 84, 85, 86, 88, 89, 90, 91, 92, 104, 105, 107, 118, 119, 120, 122, 123, 126, 127, 128, 138, 140, 141, 142, 143, 144, 146, 148, 150, 153, 154, 155, 156, 157, 158, 159, 160, 161, 162, 163, 164, 173, 174, 176, 178, 179, 180, 181, 183, 184, 187, 188, 189, 190, 203, 205, 207, 208, 209, 212, 213, 214, 215, 218, 219, 221, 222, 223, 225, 228, 229, 230, 231, 232, 233, 234, 235, 236, 237, 238, 239, 255, 256, 257, 260, 262, 265, 266, 269, 270, 272, 273, 276, 279, 281, 282, 283, 284, 285, 286, 288], "excluded_lines": []}, "": {"executed_lines": [1, 7, 8, 10, 11, 14, 15, 17, 29, 49, 69, 94, 130, 166, 192, 241, 291], "summary": {"covered_lines": 15, "num_statements": 22, "percent_covered": 68.18181818181819, "percent_covered_display": "68", "missing_lines": 7, "excluded_lines": 0, "percent_statements_covered": 68.18181818181819, "percent_statements_covered_display": "68"}, "missing_lines": [304, 305, 306, 307, 310, 311, 313], "excluded_lines": []}}}, "strepsuis_amrpat/mdr_analysis_core.py": {"executed_lines": [4, 37, 38, 39, 40, 41, 42, 43, 44, 45, 47, 48, 49, 50, 51, 52, 54, 60, 74, 75, 76, 80, 81, 84, 85, 86, 87, 93, 103, 114, 125, 141, 209, 244, 286, 354, 386, 412, 442, 471, 500, 568, 639, 714, 771, 831, 916, 972, 1187, 1240, 1703, 1964, 1994, 2016, 2017, 2019, 2167], "summary": {"covered_lines": 56, "num_statements": 495, "percent_covered": 11.313131313131313, "percent_covered_display": "11", "missing_lines": 439, "excluded_lines": 0, "percent_statements_covered": 11.313131313131313, "percent_statements_covered_display": "11"}, "missing_lines": [78, 79, 88, 89, 90, 104, 105, 107, 108, 109, 110, 111, 112, 115, 116, 117, 168, 169, 171, 172, 173, 175, 176, 177, 179, 180, 182, 183, 186, 187, 188, 189, 190, 191, 193, 195, 198, 201, 202, 203, 204, 205, 206, 227, 228, 229, 230, 231, 232, 233, 234, 235, 236, 276, 277, 278, 279, 280, 281, 282, 283, 318, 319, 321, 322, 324, 325, 326, 327, 328, 329, 332, 333, 334, 335, 343, 344, 345, 346, 347, 348, 376, 377, 378, 379, 380, 382, 383, 406, 432, 433, 434, 435, 436, 437, 438, 439, 464, 465, 466, 468, 493, 494, 495, 497, 530, 532, 533, 534, 535, 536, 537, 539, 540, 541, 543, 544, 545, 546, 547, 548, 550, 551, 552, 553, 554, 555, 556, 558, 559, 560, 561, 562, 602, 603, 605, 606, 607, 608, 609, 610, 611, 612, 613, 614, 615, 616, 618, 619, 621, 622, 623, 624, 633, 634, 635, 636, 674, 675, 677, 678, 679, 680, 681, 682, 683, 684, 685, 686, 687, 688, 690, 691, 693, 694, 695, 696, 705, 706, 707, 708, 747, 748, 750, 751, 753, 754, 755, 756, 757, 758, 759, 760, 761, 762, 763, 764, 765, 766, 767, 768, 804, 805, 807, 808, 810, 811, 812, 813, 814, 815, 816, 817, 818, 819, 820, 821, 822, 823, 824, 825, 869, 870, 872, 873, 876, 877, 878, 879, 880, 882, 883, 886, 887, 890, 893, 894, 895, 896, 899, 900, 902, 903, 904, 905, 907, 908, 911, 913, 950, 951, 953, 954, 956, 957, 958, 959, 960, 961, 962, 963, 964, 965, 966, 967, 968, 969, 1001, 1003, 1004, 1007, 1010, 1011, 1012, 1015, 1016, 1017, 1018, 1020, 1021, 1022, 1025, 1028, 1029, 1030, 1031, 1032, 1033, 1034, 1035, 1037, 1038, 1039, 1042, 1044, 1045, 1057, 1058, 1070, 1071, 1084, 1085, 1086, 1087, 1088, 1091, 1092, 1093, 1094, 1097, 1098, 1099, 1102, 1103, 1104, 1107, 1110, 1111, 1113, 1114, 1117, 1132, 1170, 1181, 1205, 1206, 1209, 1211, 1214, 1215, 1216, 1219, 1222, 1237, 1303, 1305, 1700, 1766, 1769, 1770, 1771, 1774, 1775, 1778, 1808, 1811, 1837, 1843, 1844, 1849, 1850, 1855, 1856, 1858, 1859, 1862, 1863, 1868, 1869, 1872, 1873, 1878, 1879, 1882, 1883, 1888, 1889, 1894, 1895, 1898, 1899, 1904, 1905, 1911, 1912, 1938, 1944, 1954, 1961, 1981, 1982, 1983, 1984, 1985, 1986, 1987, 1988, 2020, 2021, 2022, 2023, 2024, 2026, 2029, 2030, 2031, 2032, 2037, 2038, 2039, 2042, 2043, 2046, 2047, 2048, 2049, 2052, 2053, 2055, 2056, 2059, 2060, 2062, 2065, 2066, 2068, 2071, 2074, 2075, 2078, 2079, 2080, 2083, 2088, 2089, 2090, 2091, 2092, 2102, 2105, 2108, 2111, 2135, 2138, 2161, 2162, 2163, 2164, 2168], "excluded_lines": [], "functions": {"setup_environment": {"executed_lines": [74, 75, 76, 80, 81, 84, 85, 86, 87, 93, 103, 114], "summary": {"covered_lines": 12, "num_statements": 28, "percent_covered": 42.857142857142854, "percent_covered_display": "43", "missing_lines": 16, "excluded_lines": 0, "percent_statements_covered": 42.857142857142854, "percent_statements_covered_display": "43"}, "missing_lines": [78, 79, 88, 89, 90, 104, 105, 107, 108, 109, 110, 111, 112, 115, 116, 117], "excluded_lines": []}, "safe_contingency": {"executed_lines": [], "summary": {"covered_lines": 0, "num_statements": 27, "percent_covered": 0.0, "percent_covered_display": "0", "missing_lines": 27, "excluded_lines": 0, "percent_statements_covered": 0.0, "percent_statements_covered_display": "0"}, "missing_lines": [168, 169, 171, 172, 173, 175, 176, 177, 179, 180, 182, 183, 186, 187, 188, 189, 190, 191, 193, 195, 198, 201, 202, 203, 204, 205, 206], "excluded_lines": []}, "add_significance_stars": {"executed_lines": [], "summary": {"covered_lines": 0, "num_statements": 10, "percent_covered": 0.0, "percent_covered_display": "0", "missing_lines": 10, "excluded_lines": 0, "percent_statements_covered": 0.0, "percent_statements_covered_display": "0"}, "missing_lines": [227, 228, 229, 230, 231, 232, 233, 234, 235, 236], "excluded_lines": []}, "_bootstrap_col": {"executed_lines": [], "summary": {"covered_lines": 0, "num_statements": 8, "percent_covered": 0.0, "percent_covered_display": "0", "missing_lines": 8, "excluded_lines": 0, "percent_statements_covered": 0.0, "percent_statements_covered_display": "0"}, "missing_lines": [276, 277, 278, 279, 280, 281, 282, 283], "excluded_lines": []}, "compute_bootstrap_ci": {"executed_lines": [], "summary": {"covered_lines": 0, "num_statements": 20, "percent_covered": 0.0, "percent_covered_display": "0", "missing_lines": 20, "excluded_lines": 0, "percent_statements_covered": 0.0, "percent_statements_covered_display": "0"}, "missing_lines": [318, 319, 321, 322, 324, 325, 326, 327, 328, 329, 332, 333, 334, 335, 343, 344, 345, 346, 347, 348], "excluded_lines": []}, "build_class_resistance": {"executed_lines": [], "summary": {"covered_lines": 0, "num_statements": 7, "percent_covered": 0.0, "percent_covered_display": "0", "missing_lines": 7, "excluded_lines": 0, "percent_statements_covered": 0.0, "percent_statements_covered_display": "0"}, "missing_lines": [376, 377, 378, 379, 380, 382, 383], "excluded_lines": []}, "identify_mdr_isolates": {"executed_lines": [], "summary": {"covered_lines": 0, "num_statements": 1, "percent_covered": 0.0, "percent_covered_display": "0", "missing_lines": 1, "excluded_lines": 0, "percent_statements_covered": 0.0, "percent_statements_covered_display": "0"}, "missing_lines": [406], "excluded_lines": []}, "extract_amr_genes": {"executed_lines": [], "summary": {"covered_lines": 0, "num_statements": 8, "percent_covered": 0.0, "percent_covered_display": "0", "missing_lines": 8, "excluded_lines": 0, "percent_statements_covered": 0.0, "percent_statements_covered_display": "0"}, "missing_lines": [432, 433, 434, 435, 436, 437, 438, 439], "excluded_lines": []}, "get_mdr_patterns_pheno": {"executed_lines": [], "summary": {"covered_lines": 0, "num_statements": 2, "percent_covered": 0.0, "percent_covered_display": "0", "missing_lines": 2, "excluded_lines": 0, "percent_statements_covered": 0.0, "percent_statements_covered_display": "0"}, "missing_lines": [464, 468], "excluded_lines": []}, "get_mdr_patterns_pheno.row_pat": {"executed_lines": [], "summary": {"covered_lines": 0, "num_statements": 2, "percent_covered": 0.0, "percent_covered_display": "0", "missing_lines": 2, "excluded_lines": 0, "percent_statements_covered": 0.0, "percent_statements_covered_display": "0"}, "missing_lines": [465, 466], "excluded_lines": []}, "get_mdr_patterns_geno": {"executed_lines": [], "summary": {"covered_lines": 0, "num_statements": 2, "percent_covered": 0.0, "percent_covered_display": "0", "missing_lines": 2, "excluded_lines": 0, "percent_statements_covered": 0.0, "percent_statements_covered_display": "0"}, "missing_lines": [493, 497], "excluded_lines": []}, "get_mdr_patterns_geno.row_pat": {"executed_lines": [], "summary": {"covered_lines": 0, "num_statements": 2, "percent_covered": 0.0, "percent_covered_display": "0", "missing_lines": 2, "excluded_lines": 0, "percent_statements_covered": 0.0, "percent_statements_covered_display": "0"}, "missing_lines": [494, 495], "excluded_lines": []}, "bootstrap_pattern_freq": {"executed_lines": [], "summary": {"covered_lines": 0, "num_statements": 26, "percent_covered": 0.0, "percent_covered_display": "0", "missing_lines": 26, "excluded_lines": 0, "percent_statements_covered": 0.0, "percent_statements_covered_display": "0"}, "missing_lines": [530, 532, 533, 534, 535, 536, 537, 539, 543, 544, 545, 546, 547, 548, 550, 551, 552, 553, 554, 555, 556, 558, 559, 560, 561, 562], "excluded_lines": []}, "bootstrap_pattern_freq.single_boot": {"executed_lines": [], "summary": {"covered_lines": 0, "num_statements": 2, "percent_covered": 0.0, "percent_covered_display": "0", "missing_lines": 2, "excluded_lines": 0, "percent_statements_covered": 0.0, "percent_statements_covered_display": "0"}, "missing_lines": [540, 541], "excluded_lines": []}, "pairwise_cooccurrence": {"executed_lines": [], "summary": {"covered_lines": 0, "num_statements": 24, "percent_covered": 0.0, "percent_covered_display": "0", "missing_lines": 24, "excluded_lines": 0, "percent_statements_covered": 0.0, "percent_statements_covered_display": "0"}, "missing_lines": [602, 603, 605, 606, 607, 608, 609, 610, 611, 612, 613, 614, 615, 616, 618, 619, 621, 622, 623, 624, 633, 634, 635, 636], "excluded_lines": []}, "phenotype_gene_cooccurrence": {"executed_lines": [], "summary": {"covered_lines": 0, "num_statements": 24, "percent_covered": 0.0, "percent_covered_display": "0", "missing_lines": 24, "excluded_lines": 0, "percent_statements_covered": 0.0, "percent_statements_covered_display": "0"}, "missing_lines": [674, 675, 677, 678, 679, 680, 681, 682, 683, 684, 685, 686, 687, 688, 690, 691, 693, 694, 695, 696, 705, 706, 707, 708], "excluded_lines": []}, "association_rules_phenotypic": {"executed_lines": [], "summary": {"covered_lines": 0, "num_statements": 20, "percent_covered": 0.0, "percent_covered_display": "0", "missing_lines": 20, "excluded_lines": 0, "percent_statements_covered": 0.0, "percent_statements_covered_display": "0"}, "missing_lines": [747, 748, 750, 751, 753, 754, 755, 756, 757, 758, 759, 760, 761, 762, 763, 764, 765, 766, 767, 768], "excluded_lines": []}, "association_rules_genes": {"executed_lines": [], "summary": {"covered_lines": 0, "num_statements": 20, "percent_covered": 0.0, "percent_covered_display": "0", "missing_lines": 20, "excluded_lines": 0, "percent_statements_covered": 0.0, "percent_statements_covered_display": "0"}, "missing_lines": [804, 805, 807, 808, 810, 811, 812, 813, 814, 815, 816, 817, 818, 819, 820, 821, 822, 823, 824, 825], "excluded_lines": []}, "build_hybrid_co_resistance_network": {"executed_lines": [], "summary": {"covered_lines": 0, "num_statements": 28, "percent_covered": 0.0, "percent_covered_display": "0", "missing_lines": 28, "excluded_lines": 0, "percent_statements_covered": 0.0, "percent_statements_covered_display": "0"}, "missing_lines": [869, 870, 872, 873, 876, 877, 878, 879, 880, 882, 883, 886, 887, 890, 893, 894, 895, 896, 899, 900, 902, 903, 904, 905, 907, 908, 911, 913], "excluded_lines": []}, "compute_louvain_communities": {"executed_lines": [], "summary": {"covered_lines": 0, "num_statements": 18, "percent_covered": 0.0, "percent_covered_display": "0", "missing_lines": 18, "excluded_lines": 0, "percent_statements_covered": 0.0, "percent_statements_covered_display": "0"}, "missing_lines": [950, 951, 953, 954, 956, 957, 958, 959, 960, 961, 962, 963, 964, 965, 966, 967, 968, 969], "excluded_lines": []}, "create_hybrid_network_figure": {"executed_lines": [], "summary": {"covered_lines": 0, "num_statements": 57, "percent_covered": 0.0, "percent_covered_display": "0", "missing_lines": 57, "excluded_lines": 0, "percent_statements_covered": 0.0, "percent_statements_covered_display": "0"}, "missing_lines": [1001, 1003, 1004, 1007, 1010, 1011, 1012, 1015, 1016, 1017, 1018, 1020, 1021, 1022, 1025, 1028, 1029, 1030, 1031, 1032, 1033, 1034, 1035, 1037, 1038, 1039, 1042, 1044, 1045, 1057, 1058, 1070, 1071, 1084, 1085, 1086, 1087, 1088, 1091, 1092, 1093, 1094, 1097, 1098, 1099, 1102, 1103, 1104, 1107, 1110, 1111, 1113, 1114, 1117, 1132, 1170, 1181], "excluded_lines": []}, "df_to_html": {"executed_lines": [], "summary": {"covered_lines": 0, "num_statements": 10, "percent_covered": 0.0, "percent_covered_display": "0", "missing_lines": 10, "excluded_lines": 0, "percent_statements_covered": 0.0, "percent_statements_covered_display": "0"}, "missing_lines": [1205, 1206, 1209, 1211, 1214, 1215, 1216, 1219, 1222, 1237], "excluded_lines": []}, "generate_html_report": {"executed_lines": [], "summary": {"covered_lines": 0, "num_statements": 3, "percent_covered": 0.0, "percent_covered_display": "0", "missing_lines": 3, "excluded_lines": 0, "percent_statements_covered": 0.0, "percent_statements_covered_display": "0"}, "missing_lines": [1303, 1305, 1700], "excluded_lines": []}, "generate_excel_report": {"executed_lines": [], "summary": {"covered_lines": 0, "num_statements": 42, "percent_covered": 0.0, "percent_covered_display": "0", "missing_lines": 42, "excluded_lines": 0, "percent_statements_covered": 0.0, "percent_statements_covered_display": "0"}, "missing_lines": [1766, 1769, 1770, 1771, 1774, 1775, 1778, 1808, 1811, 1837, 1843, 1844, 1849, 1850, 1855, 1856, 1858, 1859, 1862, 1863, 1868, 1869, 1872, 1873, 1878, 1879, 1882, 1883, 1888, 1889, 1894, 1895, 1898, 1899, 1904, 1905, 1911, 1912, 1938, 1944, 1954, 1961], "excluded_lines": []}, "save_report": {"executed_lines": [], "summary": {"covered_lines": 0, "num_statements": 8, "percent_covered": 0.0, "percent_covered_display": "0", "missing_lines": 8, "excluded_lines": 0, "percent_statements_covered": 0.0, "percent_statements_covered_display": "0"}, "missing_lines": [1981, 1982, 1983, 1984, 1985, 1986, 1987, 1988], "excluded_lines": []}, "main": {"executed_lines": [2016, 2017, 2019], "summary": {"covered_lines": 3, "num_statements": 54, "percent_covered": 5.555555555555555, "percent_covered_display": "6", "missing_lines": 51, "excluded_lines": 0, "percent_statements_covered": 5.555555555555555, "percent_statements_covered_display": "6"}, "missing_lines": [2020, 2021, 2022, 2023, 2024, 2026, 2029, 2030, 2031, 2032, 2037, 2038, 2039, 2042, 2043, 2046, 2047, 2048, 2049, 2052, 2053, 2055, 2056, 2059, 2060, 2062, 2065, 2066, 2068, 2071, 2074, 2075, 2078, 2079, 2080, 2083, 2088, 2089, 2090, 2091, 2092, 2102, 2105, 2108, 2111, 2135, 2138, 2161, 2162, 2163, 2164], "excluded_lines": []}, "": {"executed_lines": [4, 37, 38, 39, 40, 41, 42, 43, 44, 45, 47, 48, 49, 50, 51, 52, 54, 60, 125, 141, 209, 244, 286, 354, 386, 412, 442, 471, 500, 568, 639, 714, 771, 831, 916, 972, 1187, 1240, 1703, 1964, 1994, 2167], "summary": {"covered_lines": 41, "num_statements": 42, "percent_covered": 97.61904761904762, "percent_covered_display": "98", "missing_lines": 1, "excluded_lines": 0, "percent_statements_covered": 97.61904761904762, "percent_statements_covered_display": "98"}, "missing_lines": [2168], "excluded_lines": []}}, "classes": {"": {"executed_lines": [4, 37, 38, 39, 40, 41, 42, 43, 44, 45, 47, 48, 49, 50, 51, 52, 54, 60, 74, 75, 76, 80, 81, 84, 85, 86, 87, 93, 103, 114, 125, 141, 209, 244, 286, 354, 386, 412, 442, 471, 500, 568, 639, 714, 771, 831, 916, 972, 1187, 1240, 1703, 1964, 1994, 2016, 2017, 2019, 2167], "summary": {"covered_lines": 56, "num_statements": 495, "percent_covered": 11.313131313131313, "percent_covered_display": "11", "missing_lines": 439, "excluded_lines": 0, "percent_statements_covered": 11.313131313131313, "percent_statements_covered_display": "11"}, "missing_lines": [78, 79, 88, 89, 90, 104, 105, 107, 108, 109, 110, 111, 112, 115, 116, 117, 168, 169, 171, 172, 173, 175, 176, 177, 179, 180, 182, 183, 186, 187, 188, 189, 190, 191, 193, 195, 198, 201, 202, 203, 204, 205, 206, 227, 228, 229, 230, 231, 232, 233, 234, 235, 236, 276, 277, 278, 279, 280, 281, 282, 283, 318, 319, 321, 322, 324, 325, 326, 327, 328, 329, 332, 333, 334, 335, 343, 344, 345, 346, 347, 348, 376, 377, 378, 379, 380, 382, 383, 406, 432, 433, 434, 435, 436, 437, 438, 439, 464, 465, 466, 468, 493, 494, 495, 497, 530, 532, 533, 534, 535, 536, 537, 539, 540, 541, 543, 544, 545, 546, 547, 548, 550, 551, 552, 553, 554, 555, 556, 558, 559, 560, 561, 562, 602, 603, 605, 606, 607, 608, 609, 610, 611, 612, 613, 614, 615, 616, 618, 619, 621, 622, 623, 624, 633, 634, 635, 636, 674, 675, 677, 678, 679, 680, 681, 682, 683, 684, 685, 686, 687, 688, 690, 691, 693, 694, 695, 696, 705, 706, 707, 708, 747, 748, 750, 751, 753, 754, 755, 756, 757, 758, 759, 760, 761, 762, 763, 764, 765, 766, 767, 768, 804, 805, 807, 808, 810, 811, 812, 813, 814, 815, 816, 817, 818, 819, 820, 821, 822, 823, 824, 825, 869, 870, 872, 873, 876, 877, 878, 879, 880, 882, 883, 886, 887, 890, 893, 894, 895, 896, 899, 900, 902, 903, 904, 905, 907, 908, 911, 913, 950, 951, 953, 954, 956, 957, 958, 959, 960, 961, 962, 963, 964, 965, 966, 967, 968, 969, 1001, 1003, 1004, 1007, 1010, 1011, 1012, 1015, 1016, 1017, 1018, 1020, 1021, 1022, 1025, 1028, 1029, 1030, 1031, 1032, 1033, 1034, 1035, 1037, 1038, 1039, 1042, 1044, 1045, 1057, 1058, 1070, 1071, 1084, 1085, 1086, 1087, 1088, 1091, 1092, 1093, 1094, 1097, 1098, 1099, 1102, 1103, 1104, 1107, 1110, 1111, 1113, 1114, 1117, 1132, 1170, 1181, 1205, 1206, 1209, 1211, 1214, 1215, 1216, 1219, 1222, 1237, 1303, 1305, 1700, 1766, 1769, 1770, 1771, 1774, 1775, 1778, 1808, 1811, 1837, 1843, 1844, 1849, 1850, 1855, 1856, 1858, 1859, 1862, 1863, 1868, 1869, 1872, 1873, 1878, 1879, 1882, 1883, 1888, 1889, 1894, 1895, 1898, 1899, 1904, 1905, 1911, 1912, 1938, 1944, 1954, 1961, 1981, 1982, 1983, 1984, 1985, 1986, 1987, 1988, 2020, 2021, 2022, 2023, 2024, 2026, 2029, 2030, 2031, 2032, 2037, 2038, 2039, 2042, 2043, 2046, 2047, 2048, 2049, 2052, 2053, 2055, 2056, 2059, 2060, 2062, 2065, 2066, 2068, 2071, 2074, 2075, 2078, 2079, 2080, 2083, 2088, 2089, 2090, 2091, 2092, 2102, 2105, 2108, 2111, 2135, 2138, 2161, 2162, 2163, 2164, 2168], "excluded_lines": []}}}, "tests/__init__.py": {"executed_lines": [0], "summary": {"covered_lines": 0, "num_statements": 0, "percent_covered": 100.0, "percent_covered_display": "100", "missing_lines": 0, "excluded_lines": 0, "percent_statements_covered": 100.0, "percent_statements_covered_display": "100"}, "missing_lines": [], "excluded_lines": [], "functions": {"": {"executed_lines": [], "summary": {"covered_lines": 0, "num_statements": 0, "percent_covered": 100.0, "percent_covered_display": "100", "missing_lines": 0, "excluded_lines": 0, "percent_statements_covered": 100.0, "percent_statements_covered_display": "100"}, "missing_lines": [], "excluded_lines": []}}, "classes": {"": {"executed_lines": [], "summary": {"covered_lines": 0, "num_statements": 0, "percent_covered": 100.0, "percent_covered_display": "100", "missing_lines": 0, "excluded_lines": 0, "percent_statements_covered": 100.0, "percent_statements_covered_display": "100"}, "missing_lines": [], "excluded_lines": []}}}, "tests/conftest.py": {"executed_lines": [1, 5, 6, 8, 11, 12, 28, 29, 36, 37], "summary": {"covered_lines": 9, "num_statements": 22, "percent_covered": 40.90909090909091, "percent_covered_display": "41", "missing_lines": 13, "excluded_lines": 0, "percent_statements_covered": 40.90909090909091, "percent_statements_covered_display": "41"}, "missing_lines": [14, 15, 18, 19, 20, 21, 22, 23, 25, 31, 32, 33, 39], "excluded_lines": [], "functions": {"data_dir": {"executed_lines": [], "summary": {"covered_lines": 0, "num_statements": 9, "percent_covered": 0.0, "percent_covered_display": "0", "missing_lines": 9, "excluded_lines": 0, "percent_statements_covered": 0.0, "percent_statements_covered_display": "0"}, "missing_lines": [14, 15, 18, 19, 20, 21, 22, 23, 25], "excluded_lines": []}, "output_dir": {"executed_lines": [], "summary": {"covered_lines": 0, "num_statements": 3, "percent_covered": 0.0, "percent_covered_display": "0", "missing_lines": 3, "excluded_lines": 0, "percent_statements_covered": 0.0, "percent_statements_covered_display": "0"}, "missing_lines": [31, 32, 33], "excluded_lines": []}, "sample_csv_data": {"executed_lines": [], "summary": {"covered_lines": 0, "num_statements": 1, "percent_covered": 0.0, "percent_covered_display": "0", "missing_lines": 1, "excluded_lines": 0, "percent_statements_covered": 0.0, "percent_statements_covered_display": "0"}, "missing_lines": [39], "excluded_lines": []}, "": {"executed_lines": [1, 5, 6, 8, 11, 12, 28, 29, 36, 37], "summary": {"covered_lines": 9, "num_statements": 9, "percent_covered": 100.0, "percent_covered_display": "100", "missing_lines": 0, "excluded_lines": 0, "percent_statements_covered": 100.0, "percent_statements_covered_display": "100"}, "missing_lines": [], "excluded_lines": []}}, "classes": {"": {"executed_lines": [1, 5, 6, 8, 11, 12, 28, 29, 36, 37], "summary": {"covered_lines": 9, "num_statements": 22, "percent_covered": 40.90909090909091, "percent_covered_display": "41", "missing_lines": 13, "excluded_lines": 0, "percent_statements_covered": 40.90909090909091, "percent_statements_covered_display": "41"}, "missing_lines": [14, 15, 18, 19, 20, 21, 22, 23, 25, 31, 32, 33, 39], "excluded_lines": []}}}, "tests/test_analyzer.py": {"executed_lines": [1, 3, 5, 6, 8, 9, 12, 13, 15, 17, 18, 21, 22, 23, 24, 25, 28, 31, 33, 34, 35, 36, 39, 41, 42, 43, 44, 45, 48, 50, 51, 53, 54, 55, 58, 60, 61, 62, 68, 70, 71, 72, 84, 86, 87, 90, 93, 95, 96, 97, 100, 102, 103, 104, 107, 109, 111, 112, 113, 115, 116, 119, 121, 122, 124, 125, 127, 135, 138, 139, 140, 141, 144, 150, 152, 153, 156, 166, 168, 171, 173, 176], "summary": {"covered_lines": 81, "num_statements": 98, "percent_covered": 82.65306122448979, "percent_covered_display": "83", "missing_lines": 17, "excluded_lines": 0, "percent_statements_covered": 82.65306122448979, "percent_statements_covered_display": "83"}, "missing_lines": [26, 63, 64, 65, 75, 76, 77, 78, 81, 128, 131, 132, 157, 160, 161, 162, 163], "excluded_lines": [], "functions": {"sample_data": {"executed_lines": [15, 17, 18, 21, 22, 23, 24, 25, 28], "summary": {"covered_lines": 9, "num_statements": 10, "percent_covered": 90.0, "percent_covered_display": "90", "missing_lines": 1, "excluded_lines": 0, "percent_statements_covered": 90.0, "percent_statements_covered_display": "90"}, "missing_lines": [26], "excluded_lines": []}, "test_analyzer_initialization": {"executed_lines": [33, 34, 35, 36], "summary": {"covered_lines": 4, "num_statements": 4, "percent_covered": 100.0, "percent_covered_display": "100", "missing_lines": 0, "excluded_lines": 0, "percent_statements_covered": 100.0, "percent_statements_covered_display": "100"}, "missing_lines": [], "excluded_lines": []}, "test_analyzer_initialization_with_config": {"executed_lines": [41, 42, 43, 44, 45], "summary": {"covered_lines": 5, "num_statements": 5, "percent_covered": 100.0, "percent_covered_display": "100", "missing_lines": 0, "excluded_lines": 0, "percent_statements_covered": 100.0, "percent_statements_covered_display": "100"}, "missing_lines": [], "excluded_lines": []}, "test_load_data": {"executed_lines": [50, 51, 53, 54, 55], "summary": {"covered_lines": 5, "num_statements": 5, "percent_covered": 100.0, "percent_covered_display": "100", "missing_lines": 0, "excluded_lines": 0, "percent_statements_covered": 100.0, "percent_statements_covered_display": "100"}, "missing_lines": [], "excluded_lines": []}, "test_analysis_execution": {"executed_lines": [60, 61, 62], "summary": {"covered_lines": 3, "num_statements": 6, "percent_covered": 50.0, "percent_covered_display": "50", "missing_lines": 3, "excluded_lines": 0, "percent_statements_covered": 50.0, "percent_statements_covered_display": "50"}, "missing_lines": [63, 64, 65], "excluded_lines": []}, "test_output_generation": {"executed_lines": [70, 71, 72], "summary": {"covered_lines": 3, "num_statements": 8, "percent_covered": 37.5, "percent_covered_display": "38", "missing_lines": 5, "excluded_lines": 0, "percent_statements_covered": 37.5, "percent_statements_covered_display": "38"}, "missing_lines": [75, 76, 77, 78, 81], "excluded_lines": []}, "test_analyzer_with_bootstrap": {"executed_lines": [86, 87, 90], "summary": {"covered_lines": 3, "num_statements": 3, "percent_covered": 100.0, "percent_covered_display": "100", "missing_lines": 0, "excluded_lines": 0, "percent_statements_covered": 100.0, "percent_statements_covered_display": "100"}, "missing_lines": [], "excluded_lines": []}, "test_analyzer_with_fdr_alpha": {"executed_lines": [95, 96, 97], "summary": {"covered_lines": 3, "num_statements": 3, "percent_covered": 100.0, "percent_covered_display": "100", "missing_lines": 0, "excluded_lines": 0, "percent_statements_covered": 100.0, "percent_statements_covered_display": "100"}, "missing_lines": [], "excluded_lines": []}, "test_analyzer_invalid_data_dir": {"executed_lines": [102, 103, 104], "summary": {"covered_lines": 3, "num_statements": 3, "percent_covered": 100.0, "percent_covered_display": "100", "missing_lines": 0, "excluded_lines": 0, "percent_statements_covered": 100.0, "percent_statements_covered_display": "100"}, "missing_lines": [], "excluded_lines": []}, "test_generate_report_without_results": {"executed_lines": [109, 111, 112, 113, 115, 116], "summary": {"covered_lines": 6, "num_statements": 6, "percent_covered": 100.0, "percent_covered_display": "100", "missing_lines": 0, "excluded_lines": 0, "percent_statements_covered": 100.0, "percent_statements_covered_display": "100"}, "missing_lines": [], "excluded_lines": []}, "test_reproducibility": {"executed_lines": [121, 122, 124, 125, 127], "summary": {"covered_lines": 5, "num_statements": 8, "percent_covered": 62.5, "percent_covered_display": "62", "missing_lines": 3, "excluded_lines": 0, "percent_statements_covered": 62.5, "percent_statements_covered_display": "62"}, "missing_lines": [128, 131, 132], "excluded_lines": []}, "test_empty_data_handling": {"executed_lines": [138, 139, 140, 141, 144], "summary": {"covered_lines": 5, "num_statements": 5, "percent_covered": 100.0, "percent_covered_display": "100", "missing_lines": 0, "excluded_lines": 0, "percent_statements_covered": 100.0, "percent_statements_covered_display": "100"}, "missing_lines": [], "excluded_lines": []}, "test_multiple_runs": {"executed_lines": [152, 153, 156], "summary": {"covered_lines": 3, "num_statements": 8, "percent_covered": 37.5, "percent_covered_display": "38", "missing_lines": 5, "excluded_lines": 0, "percent_statements_covered": 37.5, "percent_statements_covered_display": "38"}, "missing_lines": [157, 160, 161, 162, 163], "excluded_lines": []}, "test_output_directory_creation": {"executed_lines": [168, 171, 173, 176], "summary": {"covered_lines": 4, "num_statements": 4, "percent_covered": 100.0, "percent_covered_display": "100", "missing_lines": 0, "excluded_lines": 0, "percent_statements_covered": 100.0, "percent_statements_covered_display": "100"}, "missing_lines": [], "excluded_lines": []}, "": {"executed_lines": [1, 3, 5, 6, 8, 9, 12, 13, 31, 39, 48, 58, 68, 84, 93, 100, 107, 119, 135, 150, 166], "summary": {"covered_lines": 20, "num_statements": 20, "percent_covered": 100.0, "percent_covered_display": "100", "missing_lines": 0, "excluded_lines": 0, "percent_statements_covered": 100.0, "percent_statements_covered_display": "100"}, "missing_lines": [], "excluded_lines": []}}, "classes": {"": {"executed_lines": [1, 3, 5, 6, 8, 9, 12, 13, 15, 17, 18, 21, 22, 23, 24, 25, 28, 31, 33, 34, 35, 36, 39, 41, 42, 43, 44, 45, 48, 50, 51, 53, 54, 55, 58, 60, 61, 62, 68, 70, 71, 72, 84, 86, 87, 90, 93, 95, 96, 97, 100, 102, 103, 104, 107, 109, 111, 112, 113, 115, 116, 119, 121, 122, 124, 125, 127, 135, 138, 139, 140, 141, 144, 150, 152, 153, 156, 166, 168, 171, 173, 176], "summary": {"covered_lines": 81, "num_statements": 98, "percent_covered": 82.65306122448979, "percent_covered_display": "83", "missing_lines": 17, "excluded_lines": 0, "percent_statements_covered": 82.65306122448979, "percent_statements_covered_display": "83"}, "missing_lines": [26, 63, 64, 65, 75, 76, 77, 78, 81, 128, 131, 132, 157, 160, 161, 162, 163], "excluded_lines": []}}}, "tests/test_basic.py": {"executed_lines": [1, 7, 9, 12, 14, 17, 19, 21, 22, 25, 27, 29, 31, 32, 35, 37, 39, 41, 42, 45, 46, 48, 50, 51, 52, 53], "summary": {"covered_lines": 25, "num_statements": 25, "percent_covered": 100.0, "percent_covered_display": "100", "missing_lines": 0, "excluded_lines": 0, "percent_statements_covered": 100.0, "percent_statements_covered_display": "100"}, "missing_lines": [], "excluded_lines": [], "functions": {"test_version": {"executed_lines": [14], "summary": {"covered_lines": 1, "num_statements": 1, "percent_covered": 100.0, "percent_covered_display": "100", "missing_lines": 0, "excluded_lines": 0, "percent_statements_covered": 100.0, "percent_statements_covered_display": "100"}, "missing_lines": [], "excluded_lines": []}, "test_imports": {"executed_lines": [19, 21, 22], "summary": {"covered_lines": 3, "num_statements": 3, "percent_covered": 100.0, "percent_covered_display": "100", "missing_lines": 0, "excluded_lines": 0, "percent_statements_covered": 100.0, "percent_statements_covered_display": "100"}, "missing_lines": [], "excluded_lines": []}, "test_config_initialization": {"executed_lines": [27, 29, 31, 32], "summary": {"covered_lines": 4, "num_statements": 4, "percent_covered": 100.0, "percent_covered_display": "100", "missing_lines": 0, "excluded_lines": 0, "percent_statements_covered": 100.0, "percent_statements_covered_display": "100"}, "missing_lines": [], "excluded_lines": []}, "test_analyzer_initialization": {"executed_lines": [37, 39, 41, 42], "summary": {"covered_lines": 4, "num_statements": 4, "percent_covered": 100.0, "percent_covered_display": "100", "missing_lines": 0, "excluded_lines": 0, "percent_statements_covered": 100.0, "percent_statements_covered_display": "100"}, "missing_lines": [], "excluded_lines": []}, "test_example_data_exists": {"executed_lines": [48, 50, 51, 52, 53], "summary": {"covered_lines": 5, "num_statements": 5, "percent_covered": 100.0, "percent_covered_display": "100", "missing_lines": 0, "excluded_lines": 0, "percent_statements_covered": 100.0, "percent_statements_covered_display": "100"}, "missing_lines": [], "excluded_lines": []}, "": {"executed_lines": [1, 7, 9, 12, 17, 25, 35, 45, 46], "summary": {"covered_lines": 8, "num_statements": 8, "percent_covered": 100.0, "percent_covered_display": "100", "missing_lines": 0, "excluded_lines": 0, "percent_statements_covered": 100.0, "percent_statements_covered_display": "100"}, "missing_lines": [], "excluded_lines": []}}, "classes": {"": {"executed_lines": [1, 7, 9, 12, 14, 17, 19, 21, 22, 25, 27, 29, 31, 32, 35, 37, 39, 41, 42, 45, 46, 48, 50, 51, 52, 53], "summary": {"covered_lines": 25, "num_statements": 25, "percent_covered": 100.0, "percent_covered_display": "100", "missing_lines": 0, "excluded_lines": 0, "percent_statements_covered": 100.0, "percent_statements_covered_display": "100"}, "missing_lines": [], "excluded_lines": []}}}, "tests/test_cli.py": {"executed_lines": [1, 3, 4, 5, 6, 8, 10, 13, 15, 16, 17, 18, 19, 23, 25, 26, 27, 28, 29, 30, 33, 35, 36, 37, 38, 39, 40, 43, 45, 46, 47, 48, 51, 53, 54, 55, 57, 59, 70, 71, 74, 76, 77, 78, 80, 82, 95, 96, 99, 101, 102, 103, 105, 107, 120, 121, 124, 126, 127, 128, 130, 132, 144, 145, 148, 150, 155, 156], "summary": {"covered_lines": 67, "num_statements": 68, "percent_covered": 98.52941176470588, "percent_covered_display": "99", "missing_lines": 1, "excluded_lines": 0, "percent_statements_covered": 98.52941176470588, "percent_statements_covered_display": "99"}, "missing_lines": [20], "excluded_lines": [], "functions": {"setup_test_data": {"executed_lines": [15, 16, 17, 18, 19], "summary": {"covered_lines": 5, "num_statements": 6, "percent_covered": 83.33333333333333, "percent_covered_display": "83", "missing_lines": 1, "excluded_lines": 0, "percent_statements_covered": 83.33333333333333, "percent_statements_covered_display": "83"}, "missing_lines": [20], "excluded_lines": []}, "test_cli_help": {"executed_lines": [25, 26, 27, 28, 29, 30], "summary": {"covered_lines": 6, "num_statements": 6, "percent_covered": 100.0, "percent_covered_display": "100", "missing_lines": 0, "excluded_lines": 0, "percent_statements_covered": 100.0, "percent_statements_covered_display": "100"}, "missing_lines": [], "excluded_lines": []}, "test_cli_version": {"executed_lines": [35, 36, 37, 38, 39, 40], "summary": {"covered_lines": 6, "num_statements": 6, "percent_covered": 100.0, "percent_covered_display": "100", "missing_lines": 0, "excluded_lines": 0, "percent_statements_covered": 100.0, "percent_statements_covered_display": "100"}, "missing_lines": [], "excluded_lines": []}, "test_cli_missing_required_args": {"executed_lines": [45, 46, 47, 48], "summary": {"covered_lines": 4, "num_statements": 4, "percent_covered": 100.0, "percent_covered_display": "100", "missing_lines": 0, "excluded_lines": 0, "percent_statements_covered": 100.0, "percent_statements_covered_display": "100"}, "missing_lines": [], "excluded_lines": []}, "test_cli_with_valid_args": {"executed_lines": [53, 54, 55, 57, 59, 70, 71], "summary": {"covered_lines": 7, "num_statements": 7, "percent_covered": 100.0, "percent_covered_display": "100", "missing_lines": 0, "excluded_lines": 0, "percent_statements_covered": 100.0, "percent_statements_covered_display": "100"}, "missing_lines": [], "excluded_lines": []}, "test_cli_with_bootstrap_option": {"executed_lines": [76, 77, 78, 80, 82, 95, 96], "summary": {"covered_lines": 7, "num_statements": 7, "percent_covered": 100.0, "percent_covered_display": "100", "missing_lines": 0, "excluded_lines": 0, "percent_statements_covered": 100.0, "percent_statements_covered_display": "100"}, "missing_lines": [], "excluded_lines": []}, "test_cli_with_fdr_alpha_option": {"executed_lines": [101, 102, 103, 105, 107, 120, 121], "summary": {"covered_lines": 7, "num_statements": 7, "percent_covered": 100.0, "percent_covered_display": "100", "missing_lines": 0, "excluded_lines": 0, "percent_statements_covered": 100.0, "percent_statements_covered_display": "100"}, "missing_lines": [], "excluded_lines": []}, "test_cli_with_verbose_option": {"executed_lines": [126, 127, 128, 130, 132, 144, 145], "summary": {"covered_lines": 7, "num_statements": 7, "percent_covered": 100.0, "percent_covered_display": "100", "missing_lines": 0, "excluded_lines": 0, "percent_statements_covered": 100.0, "percent_statements_covered_display": "100"}, "missing_lines": [], "excluded_lines": []}, "test_cli_with_invalid_data_dir": {"executed_lines": [150, 155, 156], "summary": {"covered_lines": 3, "num_statements": 3, "percent_covered": 100.0, "percent_covered_display": "100", "missing_lines": 0, "excluded_lines": 0, "percent_statements_covered": 100.0, "percent_statements_covered_display": "100"}, "missing_lines": [], "excluded_lines": []}, "": {"executed_lines": [1, 3, 4, 5, 6, 8, 10, 13, 23, 33, 43, 51, 74, 99, 124, 148], "summary": {"covered_lines": 15, "num_statements": 15, "percent_covered": 100.0, "percent_covered_display": "100", "missing_lines": 0, "excluded_lines": 0, "percent_statements_covered": 100.0, "percent_statements_covered_display": "100"}, "missing_lines": [], "excluded_lines": []}}, "classes": {"": {"executed_lines": [1, 3, 4, 5, 6, 8, 10, 13, 15, 16, 17, 18, 19, 23, 25, 26, 27, 28, 29, 30, 33, 35, 36, 37, 38, 39, 40, 43, 45, 46, 47, 48, 51, 53, 54, 55, 57, 59, 70, 71, 74, 76, 77, 78, 80, 82, 95, 96, 99, 101, 102, 103, 105, 107, 120, 121, 124, 126, 127, 128, 130, 132, 144, 145, 148, 150, 155, 156], "summary": {"covered_lines": 67, "num_statements": 68, "percent_covered": 98.52941176470588, "percent_covered_display": "99", "missing_lines": 1, "excluded_lines": 0, "percent_statements_covered": 98.52941176470588, "percent_statements_covered_display": "99"}, "missing_lines": [20], "excluded_lines": []}}}, "tests/test_config.py": {"executed_lines": [1, 3, 4, 6, 8, 11, 13, 14, 15, 16, 17, 18, 19, 20, 23, 25, 26, 33, 34, 35, 38, 40, 41, 44, 46, 47, 48, 49, 50, 53, 55, 56, 57, 60, 62, 63, 64, 65, 68, 70, 71, 77, 78, 79, 82, 84, 85, 86, 87, 88, 89, 90, 93, 95, 96, 97], "summary": {"covered_lines": 55, "num_statements": 55, "percent_covered": 100.0, "percent_covered_display": "100", "missing_lines": 0, "excluded_lines": 0, "percent_statements_covered": 100.0, "percent_statements_covered_display": "100"}, "missing_lines": [], "excluded_lines": [], "functions": {"test_config_defaults": {"executed_lines": [13, 14, 15, 16, 17, 18, 19, 20], "summary": {"covered_lines": 8, "num_statements": 8, "percent_covered": 100.0, "percent_covered_display": "100", "missing_lines": 0, "excluded_lines": 0, "percent_statements_covered": 100.0, "percent_statements_covered_display": "100"}, "missing_lines": [], "excluded_lines": []}, "test_config_custom_values": {"executed_lines": [25, 26, 33, 34, 35], "summary": {"covered_lines": 5, "num_statements": 5, "percent_covered": 100.0, "percent_covered_display": "100", "missing_lines": 0, "excluded_lines": 0, "percent_statements_covered": 100.0, "percent_statements_covered_display": "100"}, "missing_lines": [], "excluded_lines": []}, "test_config_data_dir_validation": {"executed_lines": [40, 41], "summary": {"covered_lines": 2, "num_statements": 2, "percent_covered": 100.0, "percent_covered_display": "100", "missing_lines": 0, "excluded_lines": 0, "percent_statements_covered": 100.0, "percent_statements_covered_display": "100"}, "missing_lines": [], "excluded_lines": []}, "test_config_fdr_alpha_validation": {"executed_lines": [46, 47, 48, 49, 50], "summary": {"covered_lines": 5, "num_statements": 5, "percent_covered": 100.0, "percent_covered_display": "100", "missing_lines": 0, "excluded_lines": 0, "percent_statements_covered": 100.0, "percent_statements_covered_display": "100"}, "missing_lines": [], "excluded_lines": []}, "test_config_bootstrap_validation": {"executed_lines": [55, 56, 57], "summary": {"covered_lines": 3, "num_statements": 3, "percent_covered": 100.0, "percent_covered_display": "100", "missing_lines": 0, "excluded_lines": 0, "percent_statements_covered": 100.0, "percent_statements_covered_display": "100"}, "missing_lines": [], "excluded_lines": []}, "test_config_output_dir_creation": {"executed_lines": [62, 63, 64, 65], "summary": {"covered_lines": 4, "num_statements": 4, "percent_covered": 100.0, "percent_covered_display": "100", "missing_lines": 0, "excluded_lines": 0, "percent_statements_covered": 100.0, "percent_statements_covered_display": "100"}, "missing_lines": [], "excluded_lines": []}, "test_config_from_dict": {"executed_lines": [70, 71, 77, 78, 79], "summary": {"covered_lines": 5, "num_statements": 5, "percent_covered": 100.0, "percent_covered_display": "100", "missing_lines": 0, "excluded_lines": 0, "percent_statements_covered": 100.0, "percent_statements_covered_display": "100"}, "missing_lines": [], "excluded_lines": []}, "test_config_reporting_parameters": {"executed_lines": [84, 85, 86, 87, 88, 89, 90], "summary": {"covered_lines": 7, "num_statements": 7, "percent_covered": 100.0, "percent_covered_display": "100", "missing_lines": 0, "excluded_lines": 0, "percent_statements_covered": 100.0, "percent_statements_covered_display": "100"}, "missing_lines": [], "excluded_lines": []}, "test_config_parallel_processing": {"executed_lines": [95, 96, 97], "summary": {"covered_lines": 3, "num_statements": 3, "percent_covered": 100.0, "percent_covered_display": "100", "missing_lines": 0, "excluded_lines": 0, "percent_statements_covered": 100.0, "percent_statements_covered_display": "100"}, "missing_lines": [], "excluded_lines": []}, "": {"executed_lines": [1, 3, 4, 6, 8, 11, 23, 38, 44, 53, 60, 68, 82, 93], "summary": {"covered_lines": 13, "num_statements": 13, "percent_covered": 100.0, "percent_covered_display": "100", "missing_lines": 0, "excluded_lines": 0, "percent_statements_covered": 100.0, "percent_statements_covered_display": "100"}, "missing_lines": [], "excluded_lines": []}}, "classes": {"": {"executed_lines": [1, 3, 4, 6, 8, 11, 13, 14, 15, 16, 17, 18, 19, 20, 23, 25, 26, 33, 34, 35, 38, 40, 41, 44, 46, 47, 48, 49, 50, 53, 55, 56, 57, 60, 62, 63, 64, 65, 68, 70, 71, 77, 78, 79, 82, 84, 85, 86, 87, 88, 89, 90, 93, 95, 96, 97], "summary": {"covered_lines": 55, "num_statements": 55, "percent_covered": 100.0, "percent_covered_display": "100", "missing_lines": 0, "excluded_lines": 0, "percent_statements_covered": 100.0, "percent_statements_covered_display": "100"}, "missing_lines": [], "excluded_lines": []}}}, "tests/test_config_extended.py": {"executed_lines": [1, 3, 4, 5, 6, 9, 11, 13, 14, 15, 17, 19, 20, 23, 25, 27, 28, 29, 31, 33, 34, 37, 39, 41, 42, 43, 45, 48, 49, 52, 54, 56, 57, 58, 60, 63, 64, 67, 69, 71, 72, 74, 76, 78, 79, 82, 84, 86, 87, 88, 90, 93, 96, 98, 100, 101, 102, 104, 107, 108, 109, 112, 114, 116, 117, 118, 120, 122, 124, 127, 129, 131, 132, 133, 135, 137, 138, 141, 143, 145, 146, 147, 150, 152, 153], "summary": {"covered_lines": 84, "num_statements": 84, "percent_covered": 100.0, "percent_covered_display": "100", "missing_lines": 0, "excluded_lines": 0, "percent_statements_covered": 100.0, "percent_statements_covered_display": "100"}, "missing_lines": [], "excluded_lines": [], "functions": {"test_config_with_string_paths": {"executed_lines": [11, 13, 14, 15, 17, 19, 20], "summary": {"covered_lines": 7, "num_statements": 7, "percent_covered": 100.0, "percent_covered_display": "100", "missing_lines": 0, "excluded_lines": 0, "percent_statements_covered": 100.0, "percent_statements_covered_display": "100"}, "missing_lines": [], "excluded_lines": []}, "test_config_with_pathlib_paths": {"executed_lines": [25, 27, 28, 29, 31, 33, 34], "summary": {"covered_lines": 7, "num_statements": 7, "percent_covered": 100.0, "percent_covered_display": "100", "missing_lines": 0, "excluded_lines": 0, "percent_statements_covered": 100.0, "percent_statements_covered_display": "100"}, "missing_lines": [], "excluded_lines": []}, "test_config_default_values": {"executed_lines": [39, 41, 42, 43, 45, 48, 49], "summary": {"covered_lines": 7, "num_statements": 7, "percent_covered": 100.0, "percent_covered_display": "100", "missing_lines": 0, "excluded_lines": 0, "percent_statements_covered": 100.0, "percent_statements_covered_display": "100"}, "missing_lines": [], "excluded_lines": []}, "test_config_attribute_access": {"executed_lines": [54, 56, 57, 58, 60, 63, 64], "summary": {"covered_lines": 7, "num_statements": 7, "percent_covered": 100.0, "percent_covered_display": "100", "missing_lines": 0, "excluded_lines": 0, "percent_statements_covered": 100.0, "percent_statements_covered_display": "100"}, "missing_lines": [], "excluded_lines": []}, "test_config_with_absolute_paths": {"executed_lines": [69, 71, 72, 74, 76, 78, 79], "summary": {"covered_lines": 7, "num_statements": 7, "percent_covered": 100.0, "percent_covered_display": "100", "missing_lines": 0, "excluded_lines": 0, "percent_statements_covered": 100.0, "percent_statements_covered_display": "100"}, "missing_lines": [], "excluded_lines": []}, "test_config_creates_output_dir": {"executed_lines": [84, 86, 87, 88, 90, 93], "summary": {"covered_lines": 6, "num_statements": 6, "percent_covered": 100.0, "percent_covered_display": "100", "missing_lines": 0, "excluded_lines": 0, "percent_statements_covered": 100.0, "percent_statements_covered_display": "100"}, "missing_lines": [], "excluded_lines": []}, "test_config_repr_method": {"executed_lines": [98, 100, 101, 102, 104, 107, 108, 109], "summary": {"covered_lines": 8, "num_statements": 8, "percent_covered": 100.0, "percent_covered_display": "100", "missing_lines": 0, "excluded_lines": 0, "percent_statements_covered": 100.0, "percent_statements_covered_display": "100"}, "missing_lines": [], "excluded_lines": []}, "test_config_immutability_attempt": {"executed_lines": [114, 116, 117, 118, 120, 122, 124], "summary": {"covered_lines": 7, "num_statements": 7, "percent_covered": 100.0, "percent_covered_display": "100", "missing_lines": 0, "excluded_lines": 0, "percent_statements_covered": 100.0, "percent_statements_covered_display": "100"}, "missing_lines": [], "excluded_lines": []}, "test_config_with_nested_directories": {"executed_lines": [129, 131, 132, 133, 135, 137, 138], "summary": {"covered_lines": 7, "num_statements": 7, "percent_covered": 100.0, "percent_covered_display": "100", "missing_lines": 0, "excluded_lines": 0, "percent_statements_covered": 100.0, "percent_statements_covered_display": "100"}, "missing_lines": [], "excluded_lines": []}, "test_config_parameter_types": {"executed_lines": [143, 145, 146, 147, 150, 152, 153], "summary": {"covered_lines": 7, "num_statements": 7, "percent_covered": 100.0, "percent_covered_display": "100", "missing_lines": 0, "excluded_lines": 0, "percent_statements_covered": 100.0, "percent_statements_covered_display": "100"}, "missing_lines": [], "excluded_lines": []}, "": {"executed_lines": [1, 3, 4, 5, 6, 9, 23, 37, 52, 67, 82, 96, 112, 127, 141], "summary": {"covered_lines": 14, "num_statements": 14, "percent_covered": 100.0, "percent_covered_display": "100", "missing_lines": 0, "excluded_lines": 0, "percent_statements_covered": 100.0, "percent_statements_covered_display": "100"}, "missing_lines": [], "excluded_lines": []}}, "classes": {"": {"executed_lines": [1, 3, 4, 5, 6, 9, 11, 13, 14, 15, 17, 19, 20, 23, 25, 27, 28, 29, 31, 33, 34, 37, 39, 41, 42, 43, 45, 48, 49, 52, 54, 56, 57, 58, 60, 63, 64, 67, 69, 71, 72, 74, 76, 78, 79, 82, 84, 86, 87, 88, 90, 93, 96, 98, 100, 101, 102, 104, 107, 108, 109, 112, 114, 116, 117, 118, 120, 122, 124, 127, 129, 131, 132, 133, 135, 137, 138, 141, 143, 145, 146, 147, 150, 152, 153], "summary": {"covered_lines": 84, "num_statements": 84, "percent_covered": 100.0, "percent_covered_display": "100", "missing_lines": 0, "excluded_lines": 0, "percent_statements_covered": 100.0, "percent_statements_covered_display": "100"}, "missing_lines": [], "excluded_lines": []}}}, "tests/test_data_validation.py": {"executed_lines": [1, 3, 4, 5, 8, 9, 11, 14, 16, 17, 20, 22, 23, 25, 26, 27, 30, 32, 33, 35, 36, 37, 40, 42, 44, 45, 46, 49, 51, 52, 55, 56, 59, 60, 63, 65, 66, 69, 71, 72, 74, 77, 79, 80, 82, 83, 84, 85, 90, 92, 94, 95, 98, 99], "summary": {"covered_lines": 53, "num_statements": 55, "percent_covered": 96.36363636363636, "percent_covered_display": "96", "missing_lines": 2, "excluded_lines": 0, "percent_statements_covered": 96.36363636363636, "percent_statements_covered_display": "96"}, "missing_lines": [86, 87], "excluded_lines": [], "functions": {"example_data_dir": {"executed_lines": [11], "summary": {"covered_lines": 1, "num_statements": 1, "percent_covered": 100.0, "percent_covered_display": "100", "missing_lines": 0, "excluded_lines": 0, "percent_statements_covered": 100.0, "percent_statements_covered_display": "100"}, "missing_lines": [], "excluded_lines": []}, "test_example_data_exists": {"executed_lines": [16, 17], "summary": {"covered_lines": 2, "num_statements": 2, "percent_covered": 100.0, "percent_covered_display": "100", "missing_lines": 0, "excluded_lines": 0, "percent_statements_covered": 100.0, "percent_statements_covered_display": "100"}, "missing_lines": [], "excluded_lines": []}, "test_mic_data_loads": {"executed_lines": [22, 23, 25, 26, 27], "summary": {"covered_lines": 5, "num_statements": 5, "percent_covered": 100.0, "percent_covered_display": "100", "missing_lines": 0, "excluded_lines": 0, "percent_statements_covered": 100.0, "percent_statements_covered_display": "100"}, "missing_lines": [], "excluded_lines": []}, "test_amr_genes_data_loads": {"executed_lines": [32, 33, 35, 36, 37], "summary": {"covered_lines": 5, "num_statements": 5, "percent_covered": 100.0, "percent_covered_display": "100", "missing_lines": 0, "excluded_lines": 0, "percent_statements_covered": 100.0, "percent_statements_covered_display": "100"}, "missing_lines": [], "excluded_lines": []}, "test_all_required_files_present": {"executed_lines": [42, 44, 45, 46], "summary": {"covered_lines": 4, "num_statements": 4, "percent_covered": 100.0, "percent_covered_display": "100", "missing_lines": 0, "excluded_lines": 0, "percent_statements_covered": 100.0, "percent_statements_covered_display": "100"}, "missing_lines": [], "excluded_lines": []}, "test_data_consistency": {"executed_lines": [51, 52, 55, 56, 59, 60], "summary": {"covered_lines": 6, "num_statements": 6, "percent_covered": 100.0, "percent_covered_display": "100", "missing_lines": 0, "excluded_lines": 0, "percent_statements_covered": 100.0, "percent_statements_covered_display": "100"}, "missing_lines": [], "excluded_lines": []}, "test_no_completely_empty_columns": {"executed_lines": [65, 66, 69, 71, 72, 74], "summary": {"covered_lines": 6, "num_statements": 6, "percent_covered": 100.0, "percent_covered_display": "100", "missing_lines": 0, "excluded_lines": 0, "percent_statements_covered": 100.0, "percent_statements_covered_display": "100"}, "missing_lines": [], "excluded_lines": []}, "test_csv_files_readable": {"executed_lines": [79, 80, 82, 83, 84, 85], "summary": {"covered_lines": 6, "num_statements": 8, "percent_covered": 75.0, "percent_covered_display": "75", "missing_lines": 2, "excluded_lines": 0, "percent_statements_covered": 75.0, "percent_statements_covered_display": "75"}, "missing_lines": [86, 87], "excluded_lines": []}, "test_data_files_not_corrupted": {"executed_lines": [92, 94, 95, 98, 99], "summary": {"covered_lines": 5, "num_statements": 5, "percent_covered": 100.0, "percent_covered_display": "100", "missing_lines": 0, "excluded_lines": 0, "percent_statements_covered": 100.0, "percent_statements_covered_display": "100"}, "missing_lines": [], "excluded_lines": []}, "": {"executed_lines": [1, 3, 4, 5, 8, 9, 14, 20, 30, 40, 49, 63, 77, 90], "summary": {"covered_lines": 13, "num_statements": 13, "percent_covered": 100.0, "percent_covered_display": "100", "missing_lines": 0, "excluded_lines": 0, "percent_statements_covered": 100.0, "percent_statements_covered_display": "100"}, "missing_lines": [], "excluded_lines": []}}, "classes": {"": {"executed_lines": [1, 3, 4, 5, 8, 9, 11, 14, 16, 17, 20, 22, 23, 25, 26, 27, 30, 32, 33, 35, 36, 37, 40, 42, 44, 45, 46, 49, 51, 52, 55, 56, 59, 60, 63, 65, 66, 69, 71, 72, 74, 77, 79, 80, 82, 83, 84, 85, 90, 92, 94, 95, 98, 99], "summary": {"covered_lines": 53, "num_statements": 55, "percent_covered": 96.36363636363636, "percent_covered_display": "96", "missing_lines": 2, "excluded_lines": 0, "percent_statements_covered": 96.36363636363636, "percent_statements_covered_display": "96"}, "missing_lines": [86, 87], "excluded_lines": []}}}, "tests/test_end_to_end.py": {"executed_lines": [1, 9, 10, 11, 13, 14, 16, 17, 20, 21, 28, 29, 30, 31, 32, 35, 38, 39, 40, 41, 43, 44, 46, 53, 54, 61, 62, 63, 64, 65, 68, 69, 72, 75, 82, 83, 93, 100, 103, 104, 121, 124, 127, 128, 129, 170, 171, 180, 186, 188, 189, 209, 210, 213, 214, 224, 227, 228, 231, 232, 235, 236, 240, 241, 242, 243, 244, 247, 249, 252, 253, 259, 260, 261, 262, 264, 269, 270, 272, 273, 276, 277, 286, 293, 294, 296, 297, 314, 315, 318, 319, 328, 334, 336, 337, 356, 357, 360, 361, 370, 373, 374, 377, 378, 379, 380, 383, 384, 394, 400, 407, 408, 410, 411, 414, 415, 424, 425, 426, 427, 430, 435, 438, 443, 445, 451, 454, 455, 458, 461], "summary": {"covered_lines": 129, "num_statements": 182, "percent_covered": 70.87912087912088, "percent_covered_display": "71", "missing_lines": 53, "excluded_lines": 0, "percent_statements_covered": 70.87912087912088, "percent_statements_covered_display": "71"}, "missing_lines": [73, 107, 108, 109, 110, 111, 114, 115, 118, 119, 139, 146, 147, 150, 151, 153, 156, 157, 160, 161, 164, 165, 166, 167, 190, 193, 194, 195, 196, 197, 198, 201, 202, 203, 204, 206, 207, 300, 301, 302, 303, 305, 308, 309, 312, 340, 341, 344, 347, 350, 353, 354, 457], "excluded_lines": [], "functions": {"mini_dataset": {"executed_lines": [28, 29, 30, 31, 32, 35, 38, 39, 40, 41, 43, 44, 46], "summary": {"covered_lines": 13, "num_statements": 13, "percent_covered": 100.0, "percent_covered_display": "100", "missing_lines": 0, "excluded_lines": 0, "percent_statements_covered": 100.0, "percent_statements_covered_display": "100"}, "missing_lines": [], "excluded_lines": []}, "full_dataset": {"executed_lines": [61, 62, 63, 64, 65, 68, 69, 72, 75], "summary": {"covered_lines": 9, "num_statements": 10, "percent_covered": 90.0, "percent_covered_display": "90", "missing_lines": 1, "excluded_lines": 0, "percent_statements_covered": 90.0, "percent_statements_covered_display": "90"}, "missing_lines": [73], "excluded_lines": []}, "test_mini_pipeline_execution": {"executed_lines": [93, 100, 103, 104, 121, 124], "summary": {"covered_lines": 6, "num_statements": 15, "percent_covered": 40.0, "percent_covered_display": "40", "missing_lines": 9, "excluded_lines": 0, "percent_statements_covered": 40.0, "percent_statements_covered_display": "40"}, "missing_lines": [107, 108, 109, 110, 111, 114, 115, 118, 119], "excluded_lines": []}, "test_full_pipeline_with_validation": {"executed_lines": [], "summary": {"covered_lines": 0, "num_statements": 14, "percent_covered": 0.0, "percent_covered_display": "0", "missing_lines": 14, "excluded_lines": 0, "percent_statements_covered": 0.0, "percent_statements_covered_display": "0"}, "missing_lines": [139, 146, 147, 150, 151, 153, 156, 157, 160, 161, 164, 165, 166, 167], "excluded_lines": []}, "test_output_file_validation": {"executed_lines": [180, 186, 188, 189, 209, 210], "summary": {"covered_lines": 6, "num_statements": 19, "percent_covered": 31.57894736842105, "percent_covered_display": "32", "missing_lines": 13, "excluded_lines": 0, "percent_statements_covered": 31.57894736842105, "percent_statements_covered_display": "32"}, "missing_lines": [190, 193, 194, 195, 196, 197, 198, 201, 202, 203, 204, 206, 207], "excluded_lines": []}, "test_data_preprocessing_pipeline": {"executed_lines": [224, 227, 228, 231, 232, 235, 236, 240, 241, 242, 243, 244, 247, 249], "summary": {"covered_lines": 14, "num_statements": 14, "percent_covered": 100.0, "percent_covered_display": "100", "missing_lines": 0, "excluded_lines": 0, "percent_statements_covered": 100.0, "percent_statements_covered_display": "100"}, "missing_lines": [], "excluded_lines": []}, "test_error_handling_missing_files": {"executed_lines": [259, 260, 261, 262, 264, 269, 270, 272, 273], "summary": {"covered_lines": 9, "num_statements": 9, "percent_covered": 100.0, "percent_covered_display": "100", "missing_lines": 0, "excluded_lines": 0, "percent_statements_covered": 100.0, "percent_statements_covered_display": "100"}, "missing_lines": [], "excluded_lines": []}, "test_reproducibility": {"executed_lines": [286, 293, 294, 296, 297, 314, 315], "summary": {"covered_lines": 7, "num_statements": 15, "percent_covered": 46.666666666666664, "percent_covered_display": "47", "missing_lines": 8, "excluded_lines": 0, "percent_statements_covered": 46.666666666666664, "percent_statements_covered_display": "47"}, "missing_lines": [300, 301, 302, 303, 305, 308, 309, 312], "excluded_lines": []}, "test_output_content_validation": {"executed_lines": [328, 334, 336, 337, 356, 357], "summary": {"covered_lines": 6, "num_statements": 13, "percent_covered": 46.15384615384615, "percent_covered_display": "46", "missing_lines": 7, "excluded_lines": 0, "percent_statements_covered": 46.15384615384615, "percent_statements_covered_display": "46"}, "missing_lines": [340, 341, 344, 347, 350, 353, 354], "excluded_lines": []}, "test_multiple_file_integration": {"executed_lines": [370, 373, 374, 377, 378, 379, 380], "summary": {"covered_lines": 7, "num_statements": 7, "percent_covered": 100.0, "percent_covered_display": "100", "missing_lines": 0, "excluded_lines": 0, "percent_statements_covered": 100.0, "percent_statements_covered_display": "100"}, "missing_lines": [], "excluded_lines": []}, "test_configuration_impact": {"executed_lines": [394, 400, 407, 408, 410, 411], "summary": {"covered_lines": 6, "num_statements": 6, "percent_covered": 100.0, "percent_covered_display": "100", "missing_lines": 0, "excluded_lines": 0, "percent_statements_covered": 100.0, "percent_statements_covered_display": "100"}, "missing_lines": [], "excluded_lines": []}, "test_edge_cases": {"executed_lines": [424, 425, 426, 427, 430, 435, 438, 443, 445, 451, 454, 455, 458, 461], "summary": {"covered_lines": 14, "num_statements": 15, "percent_covered": 93.33333333333333, "percent_covered_display": "93", "missing_lines": 1, "excluded_lines": 0, "percent_statements_covered": 93.33333333333333, "percent_statements_covered_display": "93"}, "missing_lines": [457], "excluded_lines": []}, "": {"executed_lines": [1, 9, 10, 11, 13, 14, 16, 17, 20, 21, 53, 54, 82, 83, 127, 128, 129, 170, 171, 213, 214, 252, 253, 276, 277, 318, 319, 360, 361, 383, 384, 414, 415], "summary": {"covered_lines": 32, "num_statements": 32, "percent_covered": 100.0, "percent_covered_display": "100", "missing_lines": 0, "excluded_lines": 0, "percent_statements_covered": 100.0, "percent_statements_covered_display": "100"}, "missing_lines": [], "excluded_lines": []}}, "classes": {"": {"executed_lines": [1, 9, 10, 11, 13, 14, 16, 17, 20, 21, 28, 29, 30, 31, 32, 35, 38, 39, 40, 41, 43, 44, 46, 53, 54, 61, 62, 63, 64, 65, 68, 69, 72, 75, 82, 83, 93, 100, 103, 104, 121, 124, 127, 128, 129, 170, 171, 180, 186, 188, 189, 209, 210, 213, 214, 224, 227, 228, 231, 232, 235, 236, 240, 241, 242, 243, 244, 247, 249, 252, 253, 259, 260, 261, 262, 264, 269, 270, 272, 273, 276, 277, 286, 293, 294, 296, 297, 314, 315, 318, 319, 328, 334, 336, 337, 356, 357, 360, 361, 370, 373, 374, 377, 378, 379, 380, 383, 384, 394, 400, 407, 408, 410, 411, 414, 415, 424, 425, 426, 427, 430, 435, 438, 443, 445, 451, 454, 455, 458, 461], "summary": {"covered_lines": 129, "num_statements": 182, "percent_covered": 70.87912087912088, "percent_covered_display": "71", "missing_lines": 53, "excluded_lines": 0, "percent_statements_covered": 70.87912087912088, "percent_statements_covered_display": "71"}, "missing_lines": [73, 107, 108, 109, 110, 111, 114, 115, 118, 119, 139, 146, 147, 150, 151, 153, 156, 157, 160, 161, 164, 165, 166, 167, 190, 193, 194, 195, 196, 197, 198, 201, 202, 203, 204, 206, 207, 300, 301, 302, 303, 305, 308, 309, 312, 340, 341, 344, 347, 350, 353, 354, 457], "excluded_lines": []}}}, "tests/test_integration.py": {"executed_lines": [1, 3, 4, 5, 6, 7, 10, 11, 14, 17, 18, 21, 22, 25, 29, 30, 32, 39, 41, 44, 45, 46, 49, 50, 53, 55, 58, 59, 61, 62, 63, 64, 65, 66, 71, 74, 76, 79, 80, 82, 83, 86, 88, 91, 92, 95, 96, 99, 101, 104, 105, 108, 109, 112, 113, 116, 118, 119, 122, 123, 126, 129, 132, 134, 136, 137, 139, 140, 141, 144, 147, 148, 151, 153, 155, 158, 167, 169, 170, 173, 174, 177, 178, 181, 182, 183], "summary": {"covered_lines": 85, "num_statements": 93, "percent_covered": 91.39784946236558, "percent_covered_display": "91", "missing_lines": 8, "excluded_lines": 0, "percent_statements_covered": 91.39784946236558, "percent_statements_covered_display": "91"}, "missing_lines": [26, 67, 68, 159, 160, 161, 163, 164], "excluded_lines": [], "functions": {"example_data_with_output": {"executed_lines": [14, 17, 18, 21, 22, 25, 29, 30, 32], "summary": {"covered_lines": 9, "num_statements": 10, "percent_covered": 90.0, "percent_covered_display": "90", "missing_lines": 1, "excluded_lines": 0, "percent_statements_covered": 90.0, "percent_statements_covered_display": "90"}, "missing_lines": [26], "excluded_lines": []}, "test_example_data_structure": {"executed_lines": [41, 44, 45, 46, 49, 50], "summary": {"covered_lines": 6, "num_statements": 6, "percent_covered": 100.0, "percent_covered_display": "100", "missing_lines": 0, "excluded_lines": 0, "percent_statements_covered": 100.0, "percent_statements_covered_display": "100"}, "missing_lines": [], "excluded_lines": []}, "test_data_loading_with_real_files": {"executed_lines": [55, 58, 59, 61, 62, 63, 64, 65, 66, 71], "summary": {"covered_lines": 10, "num_statements": 12, "percent_covered": 83.33333333333333, "percent_covered_display": "83", "missing_lines": 2, "excluded_lines": 0, "percent_statements_covered": 83.33333333333333, "percent_statements_covered_display": "83"}, "missing_lines": [67, 68], "excluded_lines": []}, "test_output_directory_usage": {"executed_lines": [76, 79, 80, 82, 83], "summary": {"covered_lines": 5, "num_statements": 5, "percent_covered": 100.0, "percent_covered_display": "100", "missing_lines": 0, "excluded_lines": 0, "percent_statements_covered": 100.0, "percent_statements_covered_display": "100"}, "missing_lines": [], "excluded_lines": []}, "test_data_file_formats": {"executed_lines": [88, 91, 92, 95, 96], "summary": {"covered_lines": 5, "num_statements": 5, "percent_covered": 100.0, "percent_covered_display": "100", "missing_lines": 0, "excluded_lines": 0, "percent_statements_covered": 100.0, "percent_statements_covered_display": "100"}, "missing_lines": [], "excluded_lines": []}, "test_data_consistency_checks": {"executed_lines": [101, 104, 105, 108, 109, 112, 113], "summary": {"covered_lines": 7, "num_statements": 7, "percent_covered": 100.0, "percent_covered_display": "100", "missing_lines": 0, "excluded_lines": 0, "percent_statements_covered": 100.0, "percent_statements_covered_display": "100"}, "missing_lines": [], "excluded_lines": []}, "test_file_copy_integrity": {"executed_lines": [118, 119, 122, 123, 126, 129], "summary": {"covered_lines": 6, "num_statements": 6, "percent_covered": 100.0, "percent_covered_display": "100", "missing_lines": 0, "excluded_lines": 0, "percent_statements_covered": 100.0, "percent_statements_covered_display": "100"}, "missing_lines": [], "excluded_lines": []}, "test_multiple_csv_loading": {"executed_lines": [134, 136, 137, 139, 140, 141, 144, 147, 148], "summary": {"covered_lines": 9, "num_statements": 9, "percent_covered": 100.0, "percent_covered_display": "100", "missing_lines": 0, "excluded_lines": 0, "percent_statements_covered": 100.0, "percent_statements_covered_display": "100"}, "missing_lines": [], "excluded_lines": []}, "test_newick_file_handling": {"executed_lines": [153, 155, 158], "summary": {"covered_lines": 3, "num_statements": 8, "percent_covered": 37.5, "percent_covered_display": "38", "missing_lines": 5, "excluded_lines": 0, "percent_statements_covered": 37.5, "percent_statements_covered_display": "38"}, "missing_lines": [159, 160, 161, 163, 164], "excluded_lines": []}, "test_data_directory_structure": {"executed_lines": [169, 170, 173, 174, 177, 178, 181, 182, 183], "summary": {"covered_lines": 9, "num_statements": 9, "percent_covered": 100.0, "percent_covered_display": "100", "missing_lines": 0, "excluded_lines": 0, "percent_statements_covered": 100.0, "percent_statements_covered_display": "100"}, "missing_lines": [], "excluded_lines": []}, "": {"executed_lines": [1, 3, 4, 5, 6, 7, 10, 11, 39, 53, 74, 86, 99, 116, 132, 151, 167], "summary": {"covered_lines": 16, "num_statements": 16, "percent_covered": 100.0, "percent_covered_display": "100", "missing_lines": 0, "excluded_lines": 0, "percent_statements_covered": 100.0, "percent_statements_covered_display": "100"}, "missing_lines": [], "excluded_lines": []}}, "classes": {"": {"executed_lines": [1, 3, 4, 5, 6, 7, 10, 11, 14, 17, 18, 21, 22, 25, 29, 30, 32, 39, 41, 44, 45, 46, 49, 50, 53, 55, 58, 59, 61, 62, 63, 64, 65, 66, 71, 74, 76, 79, 80, 82, 83, 86, 88, 91, 92, 95, 96, 99, 101, 104, 105, 108, 109, 112, 113, 116, 118, 119, 122, 123, 126, 129, 132, 134, 136, 137, 139, 140, 141, 144, 147, 148, 151, 153, 155, 158, 167, 169, 170, 173, 174, 177, 178, 181, 182, 183], "summary": {"covered_lines": 85, "num_statements": 93, "percent_covered": 91.39784946236558, "percent_covered_display": "91", "missing_lines": 8, "excluded_lines": 0, "percent_statements_covered": 91.39784946236558, "percent_statements_covered_display": "91"}, "missing_lines": [26, 67, 68, 159, 160, 161, 163, 164], "excluded_lines": []}}}, "tests/test_unit_analysis.py": {"executed_lines": [1, 5, 6, 7, 9, 10, 12, 13, 16, 17, 19, 21, 22, 23, 25, 27, 28, 29, 31, 33, 34, 37, 39, 41, 42, 44, 46, 47, 48, 50, 52, 53, 55, 57, 58, 65, 67, 68, 69, 70, 72, 74, 75, 81, 83, 84, 87, 88, 90, 92, 93, 94, 96, 97, 98, 100, 102, 103, 107, 108, 109, 111, 115, 117, 118, 120, 122, 123, 124, 127, 128, 131, 132, 134, 136, 137, 138, 141, 143, 144, 146, 148, 149, 150, 153, 157, 158, 160, 162, 163, 164, 167, 171, 172, 174, 176, 177, 178, 180, 183, 186, 187, 189, 191, 192, 193, 195, 197, 198, 199, 201, 203, 204, 205, 207, 209, 210, 211, 212, 213, 215, 217, 218, 219, 221, 223, 224, 225], "summary": {"covered_lines": 123, "num_statements": 123, "percent_covered": 100.0, "percent_covered_display": "100", "missing_lines": 0, "excluded_lines": 0, "percent_statements_covered": 100.0, "percent_statements_covered_display": "100"}, "missing_lines": [], "excluded_lines": [], "functions": {"TestConfigValidation.test_config_with_invalid_fdr_alpha": {"executed_lines": [21, 22, 23], "summary": {"covered_lines": 3, "num_st
[...]
_with_kwargs": {"executed_lines": [102, 103, 107, 108, 109], "summary": {"covered_lines": 5, "num_statements": 5, "percent_covered": 100.0, "percent_covered_display": "100", "missing_lines": 0, "excluded_lines": 0, "percent_statements_covered": 100.0, "percent_statements_covered_display": "100"}, "missing_lines": [], "excluded_lines": []}, "TestAnalyzerInitialization.test_analyzer_without_args_uses_defaults": {"executed_lines": [115, 117, 118], "summary": {"covered_lines": 3, "num_statements": 3, "percent_covered": 100.0, "percent_covered_display": "100", "missing_lines": 0, "excluded_lines": 0, "percent_statements_covered": 100.0, "percent_statements_covered_display": "100"}, "missing_lines": [], "excluded_lines": []}, "TestAnalyzerInitialization.test_analyzer_config_is_used": {"executed_lines": [122, 123, 124, 127, 128], "summary": {"covered_lines": 5, "num_statements": 5, "percent_covered": 100.0, "percent_covered_display": "100", "missing_lines": 0, "excluded_lines": 0, "percent_statements_covered": 100.0, "percent_statements_covered_display": "100"}, "missing_lines": [], "excluded_lines": []}, "TestAnalyzerFileValidation.test_run_with_missing_data_dir": {"executed_lines": [136, 137, 138, 141, 143, 144], "summary": {"covered_lines": 6, "num_statements": 6, "percent_covered": 100.0, "percent_covered_display": "100", "missing_lines": 0, "excluded_lines": 0, "percent_statements_covered": 100.0, "percent_statements_covered_display": "100"}, "missing_lines": [], "excluded_lines": []}, "TestAnalyzerFileValidation.test_run_with_missing_mic_file": {"executed_lines": [148, 149, 150, 153, 157, 158], "summary": {"covered_lines": 6, "num_statements": 6, "percent_covered": 100.0, "percent_covered_display": "100", "missing_lines": 0, "excluded_lines": 0, "percent_statements_covered": 100.0, "percent_statements_covered_display": "100"}, "missing_lines": [], "excluded_lines": []}, "TestAnalyzerFileValidation.test_run_with_missing_amr_genes_file": {"executed_lines": [162, 163, 164, 167, 171, 172], "summary": {"covered_lines": 6, "num_statements": 6, "percent_covered": 100.0, "percent_covered_display": "100", "missing_lines": 0, "excluded_lines": 0, "percent_statements_covered": 100.0, "percent_statements_covered_display": "100"}, "missing_lines": [], "excluded_lines": []}, "TestAnalyzerFileValidation.test_run_with_both_files_missing": {"executed_lines": [176, 177, 178, 180, 183], "summary": {"covered_lines": 5, "num_statements": 5, "percent_covered": 100.0, "percent_covered_display": "100", "missing_lines": 0, "excluded_lines": 0, "percent_statements_covered": 100.0, "percent_statements_covered_display": "100"}, "missing_lines": [], "excluded_lines": []}, "TestConfigDefaults.test_default_bootstrap_iterations": {"executed_lines": [191, 192, 193], "summary": {"covered_lines": 3, "num_statements": 3, "percent_covered": 100.0, "percent_covered_display": "100", "missing_lines": 0, "excluded_lines": 0, "percent_statements_covered": 100.0, "percent_statements_covered_display": "100"}, "missing_lines": [], "excluded_lines": []}, "TestConfigDefaults.test_default_fdr_alpha": {"executed_lines": [197, 198, 199], "summary": {"covered_lines": 3, "num_statements": 3, "percent_covered": 100.0, "percent_covered_display": "100", "missing_lines": 0, "excluded_lines": 0, "percent_statements_covered": 100.0, "percent_statements_covered_display": "100"}, "missing_lines": [], "excluded_lines": []}, "TestConfigDefaults.test_default_random_seed": {"executed_lines": [203, 204, 205], "summary": {"covered_lines": 3, "num_statements": 3, "percent_covered": 100.0, "percent_covered_display": "100", "missing_lines": 0, "excluded_lines": 0, "percent_statements_covered": 100.0, "percent_statements_covered_display": "100"}, "missing_lines": [], "excluded_lines": []}, "TestConfigDefaults.test_default_reporting_flags": {"executed_lines": [209, 210, 211, 212, 213], "summary": {"covered_lines": 5, "num_statements": 5, "percent_covered": 100.0, "percent_covered_display": "100", "missing_lines": 0, "excluded_lines": 0, "percent_statements_covered": 100.0, "percent_statements_covered_display": "100"}, "missing_lines": [], "excluded_lines": []}, "TestConfigDefaults.test_default_dpi": {"executed_lines": [217, 218, 219], "summary": {"covered_lines": 3, "num_statements": 3, "percent_covered": 100.0, "percent_covered_display": "100", "missing_lines": 0, "excluded_lines": 0, "percent_statements_covered": 100.0, "percent_statements_covered_display": "100"}, "missing_lines": [], "excluded_lines": []}, "TestConfigDefaults.test_default_n_jobs": {"executed_lines": [223, 224, 225], "summary": {"covered_lines": 3, "num_statements": 3, "percent_covered": 100.0, "percent_covered_display": "100", "missing_lines": 0, "excluded_lines": 0, "percent_statements_covered": 100.0, "percent_statements_covered_display": "100"}, "missing_lines": [], "excluded_lines": []}, "": {"executed_lines": [1, 5, 6, 7, 9, 10, 12, 13, 16, 17, 19, 25, 31, 39, 44, 55, 72, 87, 88, 90, 100, 111, 120, 131, 132, 134, 146, 160, 174, 186, 187, 189, 195, 201, 207, 215, 221], "summary": {"covered_lines": 32, "num_statements": 32, "percent_covered": 100.0, "percent_covered_display": "100", "missing_lines": 0, "excluded_lines": 0, "percent_statements_covered": 100.0, "percent_statements_covered_display": "100"}, "missing_lines": [], "excluded_lines": []}}, "classes": {"TestConfigValidation": {"executed_lines": [21, 22, 23, 27, 28, 29, 33, 34, 37, 41, 42, 46, 47, 48, 50, 52, 53, 57, 58, 65, 67, 68, 69, 70, 74, 75, 81, 83, 84], "summary": {"covered_lines": 29, "num_statements": 29, "percent_covered": 100.0, "percent_covered_display": "100", "missing_lines": 0, "excluded_lines": 0, "percent_statements_covered": 100.0, "percent_statements_covered_display": "100"}, "missing_lines": [], "excluded_lines": []}, "TestAnalyzerInitialization": {"executed_lines": [92, 93, 94, 96, 97, 98, 102, 103, 107, 108, 109, 115, 117, 118, 122, 123, 124, 127, 128], "summary": {"covered_lines": 19, "num_statements": 19, "percent_covered": 100.0, "percent_covered_display": "100", "missing_lines": 0, "excluded_lines": 0, "percent_statements_covered": 100.0, "percent_statements_covered_display": "100"}, "missing_lines": [], "excluded_lines": []}, "TestAnalyzerFileValidation": {"executed_lines": [136, 137, 138, 141, 143, 144, 148, 149, 150, 153, 157, 158, 162, 163, 164, 167, 171, 172, 176, 177, 178, 180, 183], "summary": {"covered_lines": 23, "num_statements": 23, "percent_covered": 100.0, "percent_covered_display": "100", "missing_lines": 0, "excluded_lines": 0, "percent_statements_covered": 100.0, "percent_statements_covered_display": "100"}, "missing_lines": [], "excluded_lines": []}, "TestConfigDefaults": {"executed_lines": [191, 192, 193, 197, 198, 199, 203, 204, 205, 209, 210, 211, 212, 213, 217, 218, 219, 223, 224, 225], "summary": {"covered_lines": 20, "num_statements": 20, "percent_covered": 100.0, "percent_covered_display": "100", "missing_lines": 0, "excluded_lines": 0, "percent_statements_covered": 100.0, "percent_statements_covered_display": "100"}, "missing_lines": [], "excluded_lines": []}, "": {"executed_lines": [1, 5, 6, 7, 9, 10, 12, 13, 16, 17, 19, 25, 31, 39, 44, 55, 72, 87, 88, 90, 100, 111, 120, 131, 132, 134, 146, 160, 174, 186, 187, 189, 195, 201, 207, 215, 221], "summary": {"covered_lines": 32, "num_statements": 32, "percent_covered": 100.0, "percent_covered_display": "100", "missing_lines": 0, "excluded_lines": 0, "percent_statements_covered": 100.0, "percent_statements_covered_display": "100"}, "missing_lines": [], "excluded_lines": []}}}, "tests/test_utilities.py": {"executed_lines": [1, 3, 4, 5, 6, 9, 11, 12, 13, 15, 16, 19, 21, 22, 25, 26, 29, 30, 33, 35, 36, 37, 39, 40, 41, 44, 46, 47, 50, 51, 54, 55, 57, 58, 61, 63, 65, 66, 67, 70, 73, 75, 76, 78, 79, 80, 81, 84, 86, 87, 88, 89, 91, 92, 95, 96, 99, 102, 103, 106, 107, 110, 112, 114, 115, 116, 119, 120, 123, 125, 132, 133, 134, 135], "summary": {"covered_lines": 73, "num_statements": 73, "percent_covered": 100.0, "percent_covered_display": "100", "missing_lines": 0, "excluded_lines": 0, "percent_statements_covered": 100.0, "percent_statements_covered_display": "100"}, "missing_lines": [], "excluded_lines": [], "functions": {"test_output_directory_creation": {"executed_lines": [11, 12, 13, 15, 16], "summary": {"covered_lines": 5, "num_statements": 5, "percent_covered": 100.0, "percent_covered_display": "100", "missing_lines": 0, "excluded_lines": 0, "percent_statements_covered": 100.0, "percent_statements_covered_display": "100"}, "missing_lines": [], "excluded_lines": []}, "test_path_handling": {"executed_lines": [21, 22, 25, 26, 29, 30], "summary": {"covered_lines": 6, "num_statements": 6, "percent_covered": 100.0, "percent_covered_display": "100", "missing_lines": 0, "excluded_lines": 0, "percent_statements_covered": 100.0, "percent_statements_covered_display": "100"}, "missing_lines": [], "excluded_lines": []}, "test_file_permissions": {"executed_lines": [35, 36, 37, 39, 40, 41], "summary": {"covered_lines": 6, "num_statements": 6, "percent_covered": 100.0, "percent_covered_display": "100", "missing_lines": 0, "excluded_lines": 0, "percent_statements_covered": 100.0, "percent_statements_covered_display": "100"}, "missing_lines": [], "excluded_lines": []}, "test_directory_listing": {"executed_lines": [46, 47, 50, 51, 54, 55, 57, 58], "summary": {"covered_lines": 8, "num_statements": 8, "percent_covered": 100.0, "percent_covered_display": "100", "missing_lines": 0, "excluded_lines": 0, "percent_statements_covered": 100.0, "percent_statements_covered_display": "100"}, "missing_lines": [], "excluded_lines": []}, "test_temp_file_cleanup": {"executed_lines": [63, 65, 66, 67, 70], "summary": {"covered_lines": 5, "num_statements": 5, "percent_covered": 100.0, "percent_covered_display": "100", "missing_lines": 0, "excluded_lines": 0, "percent_statements_covered": 100.0, "percent_statements_covered_display": "100"}, "missing_lines": [], "excluded_lines": []}, "test_path_concatenation": {"executed_lines": [75, 76, 78, 79, 80, 81], "summary": {"covered_lines": 6, "num_statements": 6, "percent_covered": 100.0, "percent_covered_display": "100", "missing_lines": 0, "excluded_lines": 0, "percent_statements_covered": 100.0, "percent_statements_covered_display": "100"}, "missing_lines": [], "excluded_lines": []}, "test_relative_path_conversion": {"executed_lines": [86, 87, 88, 89, 91, 92, 95, 96], "summary": {"covered_lines": 8, "num_statements": 8, "percent_covered": 100.0, "percent_covered_display": "100", "missing_lines": 0, "excluded_lines": 0, "percent_statements_covered": 100.0, "percent_statements_covered_display": "100"}, "missing_lines": [], "excluded_lines": []}, "test_environment_variables": {"executed_lines": [102, 103, 106, 107], "summary": {"covered_lines": 4, "num_statements": 4, "percent_covered": 100.0, "percent_covered_display": "100", "missing_lines": 0, "excluded_lines": 0, "percent_statements_covered": 100.0, "percent_statements_covered_display": "100"}, "missing_lines": [], "excluded_lines": []}, "test_current_working_directory": {"executed_lines": [112, 114, 115, 116, 119, 120], "summary": {"covered_lines": 6, "num_statements": 6, "percent_covered": 100.0, "percent_covered_display": "100", "missing_lines": 0, "excluded_lines": 0, "percent_statements_covered": 100.0, "percent_statements_covered_display": "100"}, "missing_lines": [], "excluded_lines": []}, "test_file_extension_handling": {"executed_lines": [125, 132, 133, 134, 135], "summary": {"covered_lines": 5, "num_statements": 5, "percent_covered": 100.0, "percent_covered_display": "100", "missing_lines": 0, "excluded_lines": 0, "percent_statements_covered": 100.0, "percent_statements_covered_display": "100"}, "missing_lines": [], "excluded_lines": []}, "": {"executed_lines": [1, 3, 4, 5, 6, 9, 19, 33, 44, 61, 73, 84, 99, 110, 123], "summary": {"covered_lines": 14, "num_statements": 14, "percent_covered": 100.0, "percent_covered_display": "100", "missing_lines": 0, "excluded_lines": 0, "percent_statements_covered": 100.0, "percent_statements_covered_display": "100"}, "missing_lines": [], "excluded_lines": []}}, "classes": {"": {"executed_lines": [1, 3, 4, 5, 6, 9, 11, 12, 13, 15, 16, 19, 21, 22, 25, 26, 29, 30, 33, 35, 36, 37, 39, 40, 41, 44, 46, 47, 50, 51, 54, 55, 57, 58, 61, 63, 65, 66, 67, 70, 73, 75, 76, 78, 79, 80, 81, 84, 86, 87, 88, 89, 91, 92, 95, 96, 99, 102, 103, 106, 107, 110, 112, 114, 115, 116, 119, 120, 123, 125, 132, 133, 134, 135], "summary": {"covered_lines": 73, "num_statements": 73, "percent_covered": 100.0, "percent_covered_display": "100", "missing_lines": 0, "excluded_lines": 0, "percent_statements_covered": 100.0, "percent_statements_covered_display": "100"}, "missing_lines": [], "excluded_lines": []}}}, "tests/test_workflow.py": {"executed_lines": [1, 9, 10, 11, 12, 14, 15, 17, 18, 21, 22, 24, 25, 26, 27, 30, 31, 32, 33, 34, 37, 44, 45, 47, 50, 51, 52, 53, 56, 57, 58, 61, 62, 63, 66, 67, 70, 71, 73, 81, 82, 83, 84, 87, 88, 90, 96, 97, 98, 101, 102, 103, 159, 160, 162, 165, 166, 168, 169, 172, 173, 176, 177, 178, 181, 182, 185, 186, 188, 193, 194, 197, 198, 200, 203, 204, 207, 208, 211, 212, 215, 216, 218, 221, 222, 224, 225, 226, 227, 230, 231, 234, 235, 236, 239, 240, 243, 249, 250, 253, 258, 261, 262, 265, 271, 278, 279, 280, 283, 284, 287, 294, 295, 297, 298], "summary": {"covered_lines": 114, "num_statements": 135, "percent_covered": 84.44444444444444, "percent_covered_display": "84", "missing_lines": 21, "excluded_lines": 0, "percent_statements_covered": 84.44444444444444, "percent_statements_covered_display": "84"}, "missing_lines": [35, 111, 112, 113, 117, 124, 125, 128, 129, 131, 137, 138, 141, 142, 143, 146, 147, 150, 151, 153, 156], "excluded_lines": [], "functions": {"workflow_data": {"executed_lines": [24, 25, 26, 27, 30, 31, 32, 33, 34, 37], "summary": {"covered_lines": 10, "num_statements": 11, "percent_covered": 90.9090909090909, "percent_covered_display": "91", "missing_lines": 1, "excluded_lines": 0, "percent_statements_covered": 90.9090909090909, "percent_statements_covered_display": "91"}, "missing_lines": [35], "excluded_lines": []}, "test_data_loading_workflow": {"executed_lines": [47, 50, 51, 52, 53, 56, 57, 58, 61, 62, 63, 66, 67], "summary": {"covered_lines": 13, "num_statements": 13, "percent_covered": 100.0, "percent_covered_display": "100", "missing_lines": 0, "excluded_lines": 0, "percent_statements_covered": 100.0, "percent_statements_covered_display": "100"}, "missing_lines": [], "excluded_lines": []}, "test_configuration_workflow": {"executed_lines": [73, 81, 82, 83, 84], "summary": {"covered_lines": 5, "num_statements": 5, "percent_covered": 100.0, "percent_covered_display": "100", "missing_lines": 0, "excluded_lines": 0, "percent_statements_covered": 100.0, "percent_statements_covered_display": "100"}, "missing_lines": [], "excluded_lines": []}, "test_analyzer_initialization_workflow": {"executed_lines": [90, 96, 97, 98], "summary": {"covered_lines": 4, "num_statements": 4, "percent_covered": 100.0, "percent_covered_display": "100", "missing_lines": 0, "excluded_lines": 0, "percent_statements_covered": 100.0, "percent_statements_covered_display": "100"}, "missing_lines": [], "excluded_lines": []}, "test_complete_analysis_workflow": {"executed_lines": [], "summary": {"covered_lines": 0, "num_statements": 20, "percent_covered": 0.0, "percent_covered_display": "0", "missing_lines": 20, "excluded_lines": 0, "percent_statements_covered": 0.0, "percent_statements_covered_display": "0"}, "missing_lines": [111, 112, 113, 117, 124, 125, 128, 129, 131, 137, 138, 141, 142, 143, 146, 147, 150, 151, 153, 156], "excluded_lines": []}, "test_output_validation_workflow": {"executed_lines": [162, 165, 166, 168, 169, 172, 173, 176, 177, 178], "summary": {"covered_lines": 10, "num_statements": 10, "percent_covered": 100.0, "percent_covered_display": "100", "missing_lines": 0, "excluded_lines": 0, "percent_statements_covered": 100.0, "percent_statements_covered_display": "100"}, "missing_lines": [], "excluded_lines": []}, "test_error_handling_workflow": {"executed_lines": [185, 186, 188, 193, 194], "summary": {"covered_lines": 5, "num_statements": 5, "percent_covered": 100.0, "percent_covered_display": "100", "missing_lines": 0, "excluded_lines": 0, "percent_statements_covered": 100.0, "percent_statements_covered_display": "100"}, "missing_lines": [], "excluded_lines": []}, "test_data_preprocessing_workflow": {"executed_lines": [200, 203, 204, 207, 208, 211, 212], "summary": {"covered_lines": 7, "num_statements": 7, "percent_covered": 100.0, "percent_covered_display": "100", "missing_lines": 0, "excluded_lines": 0, "percent_statements_covered": 100.0, "percent_statements_covered_display": "100"}, "missing_lines": [], "excluded_lines": []}, "test_multi_file_integration_workflow": {"executed_lines": [218, 221, 222, 224, 225, 226, 227, 230, 231, 234, 235, 236], "summary": {"covered_lines": 12, "num_statements": 12, "percent_covered": 100.0, "percent_covered_display": "100", "missing_lines": 0, "excluded_lines": 0, "percent_statements_covered": 100.0, "percent_statements_covered_display": "100"}, "missing_lines": [], "excluded_lines": []}, "test_parameter_validation_workflow": {"executed_lines": [243, 249, 250, 253, 258], "summary": {"covered_lines": 5, "num_statements": 5, "percent_covered": 100.0, "percent_covered_display": "100", "missing_lines": 0, "excluded_lines": 0, "percent_statements_covered": 100.0, "percent_statements_covered_display": "100"}, "missing_lines": [], "excluded_lines": []}, "test_reproducibility_workflow": {"executed_lines": [265, 271, 278, 279, 280], "summary": {"covered_lines": 5, "num_statements": 5, "percent_covered": 100.0, "percent_covered_display": "100", "missing_lines": 0, "excluded_lines": 0, "percent_statements_covered": 100.0, "percent_statements_covered_display": "100"}, "missing_lines": [], "excluded_lines": []}, "test_cli_compatibility_workflow": {"executed_lines": [287, 294, 295, 297, 298], "summary": {"covered_lines": 5, "num_statements": 5, "percent_covered": 100.0, "percent_covered_display": "100", "missing_lines": 0, "excluded_lines": 0, "percent_statements_covered": 100.0, "percent_statements_covered_display": "100"}, "missing_lines": [], "excluded_lines": []}, "": {"executed_lines": [1, 9, 10, 11, 12, 14, 15, 17, 18, 21, 22, 44, 45, 70, 71, 87, 88, 101, 102, 103, 159, 160, 181, 182, 197, 198, 215, 216, 239, 240, 261, 262, 283, 284], "summary": {"covered_lines": 33, "num_statements": 33, "percent_covered": 100.0, "percent_covered_display": "100", "missing_lines": 0, "excluded_lines": 0, "percent_statements_covered": 100.0, "percent_statements_covered_display": "100"}, "missing_lines": [], "excluded_lines": []}}, "classes": {"": {"executed_lines": [1, 9, 10, 11, 12, 14, 15, 17, 18, 21, 22, 24, 25, 26, 27, 30, 31, 32, 33, 34, 37, 44, 45, 47, 50, 51, 52, 53, 56, 57, 58, 61, 62, 63, 66, 67, 70, 71, 73, 81, 82, 83, 84, 87, 88, 90, 96, 97, 98, 101, 102, 103, 159, 160, 162, 165, 166, 168, 169, 172, 173, 176, 177, 178, 181, 182, 185, 186, 188, 193, 194, 197, 198, 200, 203, 204, 207, 208, 211, 212, 215, 216, 218, 221, 222, 224, 225, 226, 227, 230, 231, 234, 235, 236, 239, 240, 243, 249, 250, 253, 258, 261, 262, 265, 271, 278, 279, 280, 283, 284, 287, 294, 295, 297, 298], "summary": {"covered_lines": 114, "num_statements": 135, "percent_covered": 84.44444444444444, "percent_covered_display": "84", "missing_lines": 21, "excluded_lines": 0, "percent_statements_covered": 84.44444444444444, "percent_statements_covered_display": "84"}, "missing_lines": [35, 111, 112, 113, 117, 124, 125, 128, 129, 131, 137, 138, 141, 142, 143, 146, 147, 150, 151, 153, 156], "excluded_lines": []}}}}, "totals": {"covered_lines": 1086, "num_statements": 1776, "percent_covered": 61.148648648648646, "percent_covered_display": "61", "missing_lines": 690, "excluded_lines": 0, "percent_statements_covered": 61.148648648648646, "percent_statements_covered_display": "61"}}