{"meta": {"format": 3, "version": "7.12.0", "timestamp": "2025-12-03T14:19:29.057626", "branch_coverage": false, "show_contexts": false}, "files": {"app.py": {"executed_lines": [1, 12, 13, 14, 15, 16, 17, 18, 19, 20, 22, 25, 34, 40, 41, 46, 47, 57, 60, 61, 64, 67, 68, 78, 79, 81, 84, 89, 128, 158, 189, 213, 236, 298, 329, 377, 412, 449, 487, 546, 616], "summary": {"covered_lines": 39, "num_statements": 267, "percent_covered": 14.606741573033707, "percent_covered_display": "15", "missing_lines": 228, "excluded_lines": 2, "percent_statements_covered": 14.606741573033707, "percent_statements_covered_display": "15"}, "missing_lines": [62, 82, 101, 103, 117, 125, 140, 148, 155, 170, 179, 186, 201, 203, 210, 224, 226, 231, 240, 248, 249, 255, 256, 257, 260, 262, 276, 277, 279, 280, 282, 283, 285, 286, 288, 289, 291, 292, 294, 295, 300, 302, 304, 305, 307, 308, 309, 311, 312, 313, 315, 317, 318, 319, 320, 321, 322, 324, 325, 326, 331, 333, 334, 335, 336, 339, 341, 343, 345, 346, 347, 348, 350, 351, 352, 353, 356, 357, 358, 360, 361, 364, 366, 367, 370, 371, 373, 374, 379, 381, 382, 383, 384, 387, 389, 391, 393, 394, 395, 396, 398, 399, 400, 401, 404, 405, 406, 408, 409, 414, 416, 417, 418, 419, 422, 424, 426, 428, 429, 430, 432, 433, 434, 435, 438, 439, 440, 441, 444, 445, 446, 451, 453, 454, 456, 458, 459, 460, 461, 462, 464, 465, 467, 468, 470, 472, 473, 474, 475, 476, 478, 479, 481, 482, 484, 489, 491, 494, 499, 500, 501, 502, 505, 506, 508, 509, 511, 512, 515, 516, 517, 518, 519, 521, 526, 529, 530, 533, 534, 536, 537, 539, 540, 542, 543, 548, 550, 553, 555, 556, 557, 558, 560, 561, 562, 563, 565, 573, 574, 576, 578, 580, 581, 582, 583, 584, 585, 586, 587, 589, 590, 591, 592, 593, 594, 595, 596, 598, 600, 601, 602, 604, 606, 607, 609, 610, 612, 613], "excluded_lines": [616, 617], "functions": {"load_data": {"executed_lines": [57, 60, 61, 64], "summary": {"covered_lines": 4, "num_statements": 5, "percent_covered": 80.0, "percent_covered_display": "80", "missing_lines": 1, "excluded_lines": 0, "percent_statements_covered": 80.0, "percent_statements_covered_display": "80"}, "missing_lines": [62], "excluded_lines": []}, "load_phylogenetic_tree": {"executed_lines": [78, 79, 81, 84], "summary": {"covered_lines": 4, "num_statements": 5, "percent_covered": 80.0, "percent_covered_display": "80", "missing_lines": 1, "excluded_lines": 0, "percent_statements_covered": 80.0, "percent_statements_covered_display": "80"}, "missing_lines": [82], "excluded_lines": []}, "plot_prevalence_bar": {"executed_lines": [], "summary": {"covered_lines": 0, "num_statements": 4, "percent_covered": 0.0, "percent_covered_display": "0", "missing_lines": 4, "excluded_lines": 0, "percent_statements_covered": 0.0, "percent_statements_covered_display": "0"}, "missing_lines": [101, 103, 117, 125], "excluded_lines": []}, "plot_heatmap": {"executed_lines": [], "summary": {"covered_lines": 0, "num_statements": 3, "percent_covered": 0.0, "percent_covered_display": "0", "missing_lines": 3, "excluded_lines": 0, "percent_statements_covered": 0.0, "percent_statements_covered_display": "0"}, "missing_lines": [140, 148, 155], "excluded_lines": []}, "plot_distance_heatmap": {"executed_lines": [], "summary": {"covered_lines": 0, "num_statements": 3, "percent_covered": 0.0, "percent_covered_display": "0", "missing_lines": 3, "excluded_lines": 0, "percent_statements_covered": 0.0, "percent_statements_covered_display": "0"}, "missing_lines": [170, 179, 186], "excluded_lines": []}, "plot_distribution": {"executed_lines": [], "summary": {"covered_lines": 0, "num_statements": 3, "percent_covered": 0.0, "percent_covered_display": "0", "missing_lines": 3, "excluded_lines": 0, "percent_statements_covered": 0.0, "percent_statements_covered_display": "0"}, "missing_lines": [201, 203, 210], "excluded_lines": []}, "plot_pie_chart": {"executed_lines": [], "summary": {"covered_lines": 0, "num_statements": 3, "percent_covered": 0.0, "percent_covered_display": "0", "missing_lines": 3, "excluded_lines": 0, "percent_statements_covered": 0.0, "percent_statements_covered_display": "0"}, "missing_lines": [224, 226, 231], "excluded_lines": []}, "main": {"executed_lines": [], "summary": {"covered_lines": 0, "num_statements": 22, "percent_covered": 0.0, "percent_covered_display": "0", "missing_lines": 22, "excluded_lines": 0, "percent_statements_covered": 0.0, "percent_statements_covered_display": "0"}, "missing_lines": [240, 248, 249, 255, 256, 257, 260, 262, 276, 277, 279, 280, 282, 283, 285, 286, 288, 289, 291, 292, 294, 295], "excluded_lines": []}, "show_overview": {"executed_lines": [], "summary": {"covered_lines": 0, "num_statements": 20, "percent_covered": 0.0, "percent_covered_display": "0", "missing_lines": 20, "excluded_lines": 0, "percent_statements_covered": 0.0, "percent_statements_covered_display": "0"}, "missing_lines": [300, 302, 304, 305, 307, 308, 309, 311, 312, 313, 315, 317, 318, 319, 320, 321, 322, 324, 325, 326], "excluded_lines": []}, "show_amr_analysis": {"executed_lines": [], "summary": {"covered_lines": 0, "num_statements": 28, "percent_covered": 0.0, "percent_covered_display": "0", "missing_lines": 28, "excluded_lines": 0, "percent_statements_covered": 0.0, "percent_statements_covered_display": "0"}, "missing_lines": [331, 333, 334, 335, 336, 339, 341, 343, 345, 346, 347, 348, 350, 351, 352, 353, 356, 357, 358, 360, 361, 364, 366, 367, 370, 371, 373, 374], "excluded_lines": []}, "show_virulence_analysis": {"executed_lines": [], "summary": {"covered_lines": 0, "num_statements": 21, "percent_covered": 0.0, "percent_covered_display": "0", "missing_lines": 21, "excluded_lines": 0, "percent_statements_covered": 0.0, "percent_statements_covered_display": "0"}, "missing_lines": [379, 381, 382, 383, 384, 387, 389, 391, 393, 394, 395, 396, 398, 399, 400, 401, 404, 405, 406, 408, 409], "excluded_lines": []}, "show_mic_analysis": {"executed_lines": [], "summary": {"covered_lines": 0, "num_statements": 22, "percent_covered": 0.0, "percent_covered_display": "0", "missing_lines": 22, "excluded_lines": 0, "percent_statements_covered": 0.0, "percent_statements_covered_display": "0"}, "missing_lines": [414, 416, 417, 418, 419, 422, 424, 426, 428, 429, 430, 432, 433, 434, 435, 438, 439, 440, 441, 444, 445, 446], "excluded_lines": []}, "show_mlst_serotype_analysis": {"executed_lines": [], "summary": {"covered_lines": 0, "num_statements": 24, "percent_covered": 0.0, "percent_covered_display": "0", "missing_lines": 24, "excluded_lines": 0, "percent_statements_covered": 0.0, "percent_statements_covered_display": "0"}, "missing_lines": [451, 453, 454, 456, 458, 459, 460, 461, 462, 464, 465, 467, 468, 470, 472, 473, 474, 475, 476, 478, 479, 481, 482, 484], "excluded_lines": []}, "show_comparative_analysis": {"executed_lines": [], "summary": {"covered_lines": 0, "num_statements": 30, "percent_covered": 0.0, "percent_covered_display": "0", "missing_lines": 30, "excluded_lines": 0, "percent_statements_covered": 0.0, "percent_statements_covered_display": "0"}, "missing_lines": [489, 491, 494, 499, 500, 501, 502, 505, 506, 508, 509, 511, 512, 515, 516, 517, 518, 519, 521, 526, 529, 530, 533, 534, 536, 537, 539, 540, 542, 543], "excluded_lines": []}, "show_statistical_summary": {"executed_lines": [], "summary": {"covered_lines": 0, "num_statements": 43, "percent_covered": 0.0, "percent_covered_display": "0", "missing_lines": 43, "excluded_lines": 0, "percent_statements_covered": 0.0, "percent_statements_covered_display": "0"}, "missing_lines": [548, 550, 553, 555, 556, 557, 558, 560, 561, 562, 563, 565, 573, 574, 576, 578, 580, 581, 582, 583, 584, 585, 586, 587, 589, 590, 591, 592, 593, 594, 595, 596, 598, 600, 601, 602, 604, 606, 607, 609, 610, 612, 613], "excluded_lines": []}, "": {"executed_lines": [1, 12, 13, 14, 15, 16, 17, 18, 19, 20, 22, 25, 34, 40, 41, 46, 47, 67, 68, 89, 128, 158, 189, 213, 236, 298, 329, 377, 412, 449, 487, 546, 616], "summary": {"covered_lines": 31, "num_statements": 31, "percent_covered": 100.0, "percent_covered_display": "100", "missing_lines": 0, "excluded_lines": 2, "percent_statements_covered": 100.0, "percent_statements_covered_display": "100"}, "missing_lines": [], "excluded_lines": [616, 617]}}, "classes": {"": {"executed_lines": [1, 12, 13, 14, 15, 16, 17, 18, 19, 20, 22, 25, 34, 40, 41, 46, 47, 57, 60, 61, 64, 67, 68, 78, 79, 81, 84, 89, 128, 158, 189, 213, 236, 298, 329, 377, 412, 449, 487, 546, 616], "summary": {"covered_lines": 39, "num_statements": 267, "percent_covered": 14.606741573033707, "percent_covered_display": "15", "missing_lines": 228, "excluded_lines": 2, "percent_statements_covered": 14.606741573033707, "percent_statements_covered_display": "15"}, "missing_lines": [62, 82, 101, 103, 117, 125, 140, 148, 155, 170, 179, 186, 201, 203, 210, 224, 226, 231, 240, 248, 249, 255, 256, 257, 260, 262, 276, 277, 279, 280, 282, 283, 285, 286, 288, 289, 291, 292, 294, 295, 300, 302, 304, 305, 307, 308, 309, 311, 312, 313, 315, 317, 318, 319, 320, 321, 322, 324, 325, 326, 331, 333, 334, 335, 336, 339, 341, 343, 345, 346, 347, 348, 350, 351, 352, 353, 356, 357, 358, 360, 361, 364, 366, 367, 370, 371, 373, 374, 379, 381, 382, 383, 384, 387, 389, 391, 393, 394, 395, 396, 398, 399, 400, 401, 404, 405, 406, 408, 409, 414, 416, 417, 418, 419, 422, 424, 426, 428, 429, 430, 432, 433, 434, 435, 438, 439, 440, 441, 444, 445, 446, 451, 453, 454, 456, 458, 459, 460, 461, 462, 464, 465, 467, 468, 470, 472, 473, 474, 475, 476, 478, 479, 481, 482, 484, 489, 491, 494, 499, 500, 501, 502, 505, 506, 508, 509, 511, 512, 515, 516, 517, 518, 519, 521, 526, 529, 530, 533, 534, 536, 537, 539, 540, 542, 543, 548, 550, 553, 555, 556, 557, 558, 560, 561, 562, 563, 565, 573, 574, 576, 578, 580, 581, 582, 583, 584, 585, 586, 587, 589, 590, 591, 592, 593, 594, 595, 596, 598, 600, 601, 602, 604, 606, 607, 609, 610, 612, 613], "excluded_lines": [616, 617]}}}, "src/strepsuis_analyzer/__init__.py": {"executed_lines": [1, 9, 10, 11, 13, 14, 15, 16, 17, 20, 21, 23], "summary": {"covered_lines": 11, "num_statements": 11, "percent_covered": 100.0, "percent_covered_display": "100", "missing_lines": 0, "excluded_lines": 0, "percent_statements_covered": 100.0, "percent_statements_covered_display": "100"}, "missing_lines": [], "excluded_lines": [], "functions": {"": {"executed_lines": [1, 9, 10, 11, 13, 14, 15, 16, 17, 20, 21, 23], "summary": {"covered_lines": 11, "num_statements": 11, "percent_covered": 100.0, "percent_covered_display": "100", "missing_lines": 0, "excluded_lines": 0, "percent_statements_covered": 100.0, "percent_statements_covered_display": "100"}, "missing_lines": [], "excluded_lines": []}}, "classes": {"": {"executed_lines": [1, 9, 10, 11, 13, 14, 15, 16, 17, 20, 21, 23], "summary": {"covered_lines": 11, "num_statements": 11, "percent_covered": 100.0, "percent_covered_display": "100", "missing_lines": 0, "excluded_lines": 0, "percent_statements_covered": 100.0, "percent_statements_covered_display": "100"}, "missing_lines": [], "excluded_lines": []}}}, "src/strepsuis_analyzer/app.py": {"executed_lines": [], "summary": {"covered_lines": 0, "num_statements": 196, "percent_covered": 0.0, "percent_covered_display": "0", "missing_lines": 196, "excluded_lines": 2, "percent_statements_covered": 0.0, "percent_statements_covered_display": "0"}, "missing_lines": [7, 8, 9, 10, 11, 14, 16, 17, 18, 19, 22, 30, 31, 32, 33, 36, 38, 39, 42, 43, 57, 58, 59, 60, 61, 62, 63, 64, 65, 66, 67, 68, 69, 70, 71, 72, 75, 77, 79, 110, 112, 114, 117, 119, 120, 121, 124, 125, 126, 129, 130, 133, 134, 137, 138, 141, 142, 146, 147, 149, 150, 153, 155, 161, 162, 163, 164, 165, 166, 167, 168, 169, 171, 174, 175, 176, 177, 180, 182, 184, 185, 186, 189, 191, 192, 195, 196, 197, 198, 199, 200, 201, 204, 205, 208, 209, 212, 214, 216, 217, 218, 220, 232, 233, 235, 237, 238, 240, 242, 244, 245, 246, 248, 249, 251, 252, 253, 254, 255, 257, 258, 260, 261, 263, 264, 266, 267, 268, 271, 273, 275, 276, 277, 279, 284, 285, 287, 289, 290, 291, 292, 294, 295, 296, 298, 299, 301, 302, 303, 304, 306, 307, 314, 317, 319, 321, 322, 323, 325, 327, 329, 331, 334, 336, 338, 340, 342, 343, 345, 347, 348, 350, 351, 352, 354, 355, 357, 360, 362, 364, 365, 366, 368, 370, 373, 377, 379, 380, 381, 382, 384, 385, 387, 390, 391, 398], "excluded_lines": [401, 402], "functions": {"main": {"executed_lines": [], "summary": {"covered_lines": 0, "num_statements": 20, "percent_covered": 0.0, "percent_covered_display": "0", "missing_lines": 20, "excluded_lines": 0, "percent_statements_covered": 0.0, "percent_statements_covered_display": "0"}, "missing_lines": [38, 39, 42, 43, 57, 58, 59, 60, 61, 62, 63, 64, 65, 66, 67, 68, 69, 70, 71, 72], "excluded_lines": []}, "show_home": {"executed_lines": [], "summary": {"covered_lines": 0, "num_statements": 2, "percent_covered": 0.0, "percent_covered_display": "0", "missing_lines": 2, "excluded_lines": 0, "percent_statements_covered": 0.0, "percent_statements_covered_display": "0"}, "missing_lines": [77, 79], "excluded_lines": []}, "show_data_loading": {"executed_lines": [], "summary": {"covered_lines": 0, "num_statements": 37, "percent_covered": 0.0, "percent_covered_display": "0", "missing_lines": 37, "excluded_lines": 0, "percent_statements_covered": 0.0, "percent_statements_covered_display": "0"}, "missing_lines": [112, 114, 117, 119, 120, 121, 124, 125, 126, 129, 130, 133, 134, 137, 138, 141, 142, 146, 147, 149, 150, 153, 155, 161, 162, 163, 164, 165, 166, 167, 168, 169, 171, 174, 175, 176, 177], "excluded_lines": []}, "show_data_explorer": {"executed_lines": [], "summary": {"covered_lines": 0, "num_statements": 18, "percent_covered": 0.0, "percent_covered_display": "0", "missing_lines": 18, "excluded_lines": 0, "percent_statements_covered": 0.0, "percent_statements_covered_display": "0"}, "missing_lines": [182, 184, 185, 186, 189, 191, 192, 195, 196, 197, 198, 199, 200, 201, 204, 205, 208, 209], "excluded_lines": []}, "show_statistical_analysis": {"executed_lines": [], "summary": {"covered_lines": 0, "num_statements": 31, "percent_covered": 0.0, "percent_covered_display": "0", "missing_lines": 31, "excluded_lines": 0, "percent_statements_covered": 0.0, "percent_statements_covered_display": "0"}, "missing_lines": [214, 216, 217, 218, 220, 232, 233, 235, 237, 238, 240, 242, 244, 245, 246, 248, 249, 251, 252, 253, 254, 255, 257, 258, 260, 261, 263, 264, 266, 267, 268], "excluded_lines": []}, "show_visualization": {"executed_lines": [], "summary": {"covered_lines": 0, "num_statements": 24, "percent_covered": 0.0, "percent_covered_display": "0", "missing_lines": 24, "excluded_lines": 0, "percent_statements_covered": 0.0, "percent_statements_covered_display": "0"}, "missing_lines": [273, 275, 276, 277, 279, 284, 285, 287, 289, 290, 291, 292, 294, 295, 296, 298, 299, 301, 302, 303, 304, 306, 307, 314], "excluded_lines": []}, "show_clustering": {"executed_lines": [], "summary": {"covered_lines": 0, "num_statements": 8, "percent_covered": 0.0, "percent_covered_display": "0", "missing_lines": 8, "excluded_lines": 0, "percent_statements_covered": 0.0, "percent_statements_covered_display": "0"}, "missing_lines": [319, 321, 322, 323, 325, 327, 329, 331], "excluded_lines": []}, "show_phylogenetic_analysis": {"executed_lines": [], "summary": {"covered_lines": 0, "num_statements": 14, "percent_covered": 0.0, "percent_covered_display": "0", "missing_lines": 14, "excluded_lines": 0, "percent_statements_covered": 0.0, "percent_statements_covered_display": "0"}, "missing_lines": [336, 338, 340, 342, 343, 345, 347, 348, 350, 351, 352, 354, 355, 357], "excluded_lines": []}, "show_report_generation": {"executed_lines": [], "summary": {"covered_lines": 0, "num_statements": 18, "percent_covered": 0.0, "percent_covered_display": "0", "missing_lines": 18, "excluded_lines": 0, "percent_statements_covered": 0.0, "percent_statements_covered_display": "0"}, "missing_lines": [362, 364, 365, 366, 368, 370, 373, 377, 379, 380, 381, 382, 384, 385, 387, 390, 391, 398], "excluded_lines": []}, "": {"executed_lines": [], "summary": {"covered_lines": 0, "num_statements": 24, "percent_covered": 0.0, "percent_covered_display": "0", "missing_lines": 24, "excluded_lines": 2, "percent_statements_covered": 0.0, "percent_statements_covered_display": "0"}, "missing_lines": [7, 8, 9, 10, 11, 14, 16, 17, 18, 19, 22, 30, 31, 32, 33, 36, 75, 110, 180, 212, 271, 317, 334, 360], "excluded_lines": [401, 402]}}, "classes": {"": {"executed_lines": [], "summary": {"covered_lines": 0, "num_statements": 196, "percent_covered": 0.0, "percent_covered_display": "0", "missing_lines": 196, "excluded_lines": 2, "percent_statements_covered": 0.0, "percent_statements_covered_display": "0"}, "missing_lines": [7, 8, 9, 10, 11, 14, 16, 17, 18, 19, 22, 30, 31, 32, 33, 36, 38, 39, 42, 43, 57, 58, 59, 60, 61, 62, 63, 64, 65, 66, 67, 68, 69, 70, 71, 72, 75, 77, 79, 110, 112, 114, 117, 119, 120, 121, 124, 125, 126, 129, 130, 133, 134, 137, 138, 141, 142, 146, 147, 149, 150, 153, 155, 161, 162, 163, 164, 165, 166, 167, 168, 169, 171, 174, 175, 176, 177, 180, 182, 184, 185, 186, 189, 191, 192, 195, 196, 197, 198, 199, 200, 201, 204, 205, 208, 209, 212, 214, 216, 217, 218, 220, 232, 233, 235, 237, 238, 240, 242, 244, 245, 246, 248, 249, 251, 252, 253, 254, 255, 257, 258, 260, 261, 263, 264, 266, 267, 268, 271, 273, 275, 276, 277, 279, 284, 285, 287, 289, 290, 291, 292, 294, 295, 296, 298, 299, 301, 302, 303, 304, 306, 307, 314, 317, 319, 321, 322, 323, 325, 327, 329, 331, 334, 336, 338, 340, 342, 343, 345, 347, 348, 350, 351, 352, 354, 355, 357, 360, 362, 364, 365, 366, 368, 370, 373, 377, 379, 380, 381, 382, 384, 385, 387, 390, 391, 398], "excluded_lines": [401, 402]}}}, "src/strepsuis_analyzer/cli.py": {"executed_lines": [], "summary": {"covered_lines": 0, "num_statements": 28, "percent_covered": 0.0, "percent_covered_display": "0", "missing_lines": 28, "excluded_lines": 2, "percent_statements_covered": 0.0, "percent_statements_covered_display": "0"}, "missing_lines": [5, 6, 7, 10, 12, 16, 22, 29, 35, 37, 38, 39, 41, 42, 43, 46, 49, 58, 59, 60, 61, 62, 63, 64, 65, 66, 69, 70], "excluded_lines": [73, 74], "functions": {"main": {"executed_lines": [], "summary": {"covered_lines": 0, "num_statements": 24, "percent_covered": 0.0, "percent_covered_display": "0", "missing_lines": 24, "excluded_lines": 0, "percent_statements_covered": 0.0, "percent_statements_covered_display": "0"}, "missing_lines": [12, 16, 22, 29, 35, 37, 38, 39, 41, 42, 43, 46, 49, 58, 59, 60, 61, 62, 63, 64, 65, 66, 69, 70], "excluded_lines": []}, "": {"executed_lines": [], "summary": {"covered_lines": 0, "num_statements": 4, "percent_covered": 0.0, "percent_covered_display": "0", "missing_lines": 4, "excluded_lines": 2, "percent_statements_covered": 0.0, "percent_statements_covered_display": "0"}, "missing_lines": [5, 6, 7, 10], "excluded_lines": [73, 74]}}, "classes": {"": {"executed_lines": [], "summary": {"covered_lines": 0, "num_statements": 28, "percent_covered": 0.0, "percent_covered_display": "0", "missing_lines": 28, "excluded_lines": 2, "percent_statements_covered": 0.0, "percent_statements_covered_display": "0"}, "missing_lines": [5, 6, 7, 10, 12, 16, 22, 29, 35, 37, 38, 39, 41, 42, 43, 46, 49, 58, 59, 60, 61, 62, 63, 64, 65, 66, 69, 70], "excluded_lines": [73, 74]}}}, "src/strepsuis_analyzer/data.py": {"executed_lines": [1, 9, 10, 11, 12, 15, 52, 62, 63, 64, 65, 66, 68, 69, 70, 71, 77, 78, 79, 85, 87, 90, 117, 118, 119, 120, 121, 126, 127, 128, 133], "summary": {"covered_lines": 30, "num_statements": 30, "percent_covered": 100.0, "percent_covered_display": "100", "missing_lines": 0, "excluded_lines": 0, "percent_statements_covered": 100.0, "percent_statements_covered_display": "100"}, "missing_lines": [], "excluded_lines": [], "functions": {"load_data": {"executed_lines": [52, 62, 63, 64, 65, 66, 68, 69, 70, 71, 77, 78, 79, 85, 87], "summary": {"covered_lines": 15, "num_statements": 15, "percent_covered": 100.0, "percent_covered_display": "100", "missing_lines": 0, "excluded_lines": 0, "percent_statements_covered": 100.0, "percent_statements_covered_display": "100"}, "missing_lines": [], "excluded_lines": []}, "load_phylogenetic_tree": {"executed_lines": [117, 118, 119, 120, 121, 126, 127, 128, 133], "summary": {"covered_lines": 9, "num_statements": 9, "percent_covered": 100.0, "percent_covered_display": "100", "missing_lines": 0, "excluded_lines": 0, "percent_statements_covered": 100.0, "percent_statements_covered_display": "100"}, "missing_lines": [], "excluded_lines": []}, "": {"executed_lines": [1, 9, 10, 11, 12, 15, 90], "summary": {"covered_lines": 6, "num_statements": 6, "percent_covered": 100.0, "percent_covered_display": "100", "missing_lines": 0, "excluded_lines": 0, "percent_statements_covered": 100.0, "percent_statements_covered_display": "100"}, "missing_lines": [], "excluded_lines": []}}, "classes": {"": {"executed_lines": [1, 9, 10, 11, 12, 15, 52, 62, 63, 64, 65, 66, 68, 69, 70, 71, 77, 78, 79, 85, 87, 90, 117, 118, 119, 120, 121, 126, 127, 128, 133], "summary": {"covered_lines": 30, "num_statements": 30, "percent_covered": 100.0, "percent_covered_display": "100", "missing_lines": 0, "excluded_lines": 0, "percent_statements_covered": 100.0, "percent_statements_covered_display": "100"}, "missing_lines": [], "excluded_lines": []}}}, "src/strepsuis_analyzer/data_validator.py": {"executed_lines": [1, 8, 9, 10, 11, 14, 15, 17, 19, 20, 22, 45, 46, 49, 50, 51, 54, 55, 57, 61, 62, 63, 64, 67, 72, 73, 76, 77, 79, 92, 93, 96, 97, 98, 100, 104, 105, 109, 110, 111, 112, 113, 115, 116, 121, 122, 124, 143, 144, 147, 148, 149, 151, 155, 156, 161, 162, 163, 166, 167, 168, 169, 171, 172, 174, 191, 192, 194, 199, 200, 201, 202, 208, 209, 212, 213, 215, 225, 226, 228, 233, 236, 237, 240, 241, 242, 243, 248, 251, 252, 254, 277, 291, 293, 294], "summary": {"covered_lines": 93, "num_statements": 121, "percent_covered": 76.85950413223141, "percent_covered_display": "77", "missing_lines": 28, "excluded_lines": 0, "percent_statements_covered": 76.85950413223141, "percent_statements_covered_display": "77"}, "missing_lines": [58, 68, 69, 70, 74, 101, 106, 107, 152, 157, 158, 164, 195, 196, 210, 229, 230, 249, 264, 265, 267, 268, 269, 271, 272, 273, 275, 284], "excluded_lines": [], "functions": {"DataValidator.__init__": {"executed_lines": [19, 20], "summary": {"covered_lines": 2, "num_statements": 2, "percent_covered": 100.0, "percent_covered_display": "100", "missing_lines": 0, "excluded_lines": 0, "percent_statements_covered": 100.0, "percent_statements_covered_display": "100"}, "missing_lines": [], "excluded_lines": []}, "DataValidator.validate_dataframe": {"executed_lines": [45, 46, 49, 50, 51, 54, 55, 57, 61, 62, 63, 64, 67, 72, 73, 76, 77], "summary": {"covered_lines": 17, "num_statements": 22, "percent_covered": 77.27272727272727, "percent_covered_display": "77", "missing_lines": 5, "excluded_lines": 0, "percent_statements_covered": 77.27272727272727, "percent_statements_covered_display": "77"}, "missing_lines": [58, 68, 69, 70, 74], "excluded_lines": []}, "DataValidator.validate_binary_matrix": {"executed_lines": [92, 93, 96, 97, 98, 100, 104, 105, 109, 110, 111, 112, 113, 115, 116, 121, 122], "summary": {"covered_lines": 17, "num_statements": 20, "percent_covered": 85.0, "percent_covered_display": "85", "missing_lines": 3, "excluded_lines": 0, "percent_statements_covered": 85.0, "percent_statements_covered_display": "85"}, "missing_lines": [101, 106, 107], "excluded_lines": []}, "DataValidator.validate_numeric_matrix": {"executed_lines": [143, 144, 147, 148, 149, 151, 155, 156, 161, 162, 163, 166, 167, 168, 169, 171, 172], "summary": {"covered_lines": 17, "num_statements": 21, "percent_covered": 80.95238095238095, "percent_covered_display": "81", "missing_lines": 4, "excluded_lines": 0, "percent_statements_covered": 80.95238095238095, "percent_statements_covered_display": "81"}, "missing_lines": [152, 157, 158, 164], "excluded_lines": []}, "DataValidator.validate_categorical_column": {"executed_lines": [191, 192, 194, 199, 200, 201, 202, 208, 209, 212, 213], "summary": {"covered_lines": 11, "num_statements": 14, "percent_covered": 78.57142857142857, "percent_covered_display": "79", "missing_lines": 3, "excluded_lines": 0, "percent_statements_covered": 78.57142857142857, "percent_statements_covered_display": "79"}, "missing_lines": [195, 196, 210], "excluded_lines": []}, "DataValidator.validate_newick_tree": {"executed_lines": [225, 226, 228, 233, 236, 237, 240, 241, 242, 243, 248, 251, 252], "summary": {"covered_lines": 13, "num_statements": 16, "percent_covered": 81.25, "percent_covered_display": "81", "missing_lines": 3, "excluded_lines": 0, "percent_statements_covered": 81.25, "percent_statements_covered_display": "81"}, "missing_lines": [229, 230, 249], "excluded_lines": []}, "DataValidator.validate_file_exists": {"executed_lines": [], "summary": {"covered_lines": 0, "num_statements": 9, "percent_covered": 0.0, "percent_covered_display": "0", "missing_lines": 9, "excluded_lines": 0, "percent_statements_covered": 0.0, "percent_statements_covered_display": "0"}, "missing_lines": [264, 265, 267, 268, 269, 271, 272, 273, 275], "excluded_lines": []}, "DataValidator.get_validation_summary": {"executed_lines": [], "summary": {"covered_lines": 0, "num_statements": 1, "percent_covered": 0.0, "percent_covered_display": "0", "missing_lines": 1, "excluded_lines": 0, "percent_statements_covered": 0.0, "percent_statements_covered_display": "0"}, "missing_lines": [284], "excluded_lines": []}, "DataValidator.reset": {"executed_lines": [293, 294], "summary": {"covered_lines": 2, "num_statements": 2, "percent_covered": 100.0, "percent_covered_display": "100", "missing_lines": 0, "excluded_lines": 0, "percent_statements_covered": 100.0, "percent_statements_covered_display": "100"}, "missing_lines": [], "excluded_lines": []}, "": {"executed_lines": [1, 8, 9, 10, 11, 14, 15, 17, 22, 79, 124, 174, 215, 254, 277, 291], "summary": {"covered_lines": 14, "num_statements": 14, "percent_covered": 100.0, "percent_covered_display": "100", "missing_lines": 0, "excluded_lines": 0, "percent_statements_covered": 100.0, "percent_statements_covered_display": "100"}, "missing_lines": [], "excluded_lines": []}}, "classes": {"DataValidator": {"executed_lines": [19, 20, 45, 46, 49, 50, 51, 54, 55, 57, 61, 62, 63, 64, 67, 72, 73, 76, 77, 92, 93, 96, 97, 98, 100, 104, 105, 109, 110, 111, 112, 113, 115, 116, 121, 122, 143, 144, 147, 148, 149, 151, 155, 156, 161, 162, 163, 166, 167, 168, 169, 171, 172, 191, 192, 194, 199, 200, 201, 202, 208, 209, 212, 213, 225, 226, 228, 233, 236, 237, 240, 241, 242, 243, 248, 251, 252, 293, 294], "summary": {"covered_lines": 79, "num_statements": 107, "percent_covered": 73.83177570093459, "percent_covered_display": "74", "missing_lines": 28, "excluded_lines": 0, "percent_statements_covered": 73.83177570093459, "percent_statements_covered_display": "74"}, "missing_lines": [58, 68, 69, 70, 74, 101, 106, 107, 152, 157, 158, 164, 195, 196, 210, 229, 230, 249, 264, 265, 267, 268, 269, 271, 272, 273, 275, 284], "excluded_lines": []}, "": {"executed_lines": [1, 8, 9, 10, 11, 14, 15, 17, 22, 79, 124, 174, 215, 254, 277, 291], "summary": {"covered_lines": 14, "num_statements": 14, "percent_covered": 100.0, "percent_covered_display": "100", "missing_lines": 0, "excluded_lines": 0, "percent_statements_covered": 100.0, "percent_statements_covered_display": "100"}, "missing_lines": [], "excluded_lines": []}}}, "src/strepsuis_analyzer/etl_operations.py": {"executed_lines": [1, 8, 9, 12, 13, 15, 17, 19, 46, 65, 101, 123, 137, 139, 140, 143, 144, 157, 159, 182, 184, 202, 239, 264, 285], "summary": {"covered_lines": 23, "num_statements": 69, "percent_covered": 33.333333333333336, "percent_covered_display": "33", "missing_lines": 46, "excluded_lines": 0, "percent_statements_covered": 33.333333333333336, "percent_statements_covered_display": "33"}, "missing_lines": [42, 63, 86, 88, 89, 90, 91, 92, 93, 94, 95, 96, 97, 99, 119, 120, 121, 141, 145, 146, 149, 150, 151, 152, 153, 155, 200, 221, 223, 224, 226, 227, 228, 229, 230, 231, 232, 233, 235, 237, 260, 283, 304, 306, 307, 309], "excluded_lines": [], "functions": {"ETLOperations.__init__": {"executed_lines": [17], "summary": {"covered_lines": 1, "num_statements": 1, "percent_covered": 100.0, "percent_covered_display": "100", "missing_lines": 0, "excluded_lines": 0, "percent_statements_covered": 100.0, "percent_statements_covered_display": "100"}, "missing_lines": [], "excluded_lines": []}, "ETLOperations.pivot_table": {"executed_lines": [], "summary": {"covered_lines": 0, "num_statements": 1, "percent_covered": 0.0, "percent_covered_display": "0", "missing_lines": 1, "excluded_lines": 0, "percent_statements_covered": 0.0, "percent_statements_covered_display": "0"}, "missing_lines": [42], "excluded_lines": []}, "ETLOperations.aggregate_data": {"executed_lines": [], "summary": {"covered_lines": 0, "num_statements": 1, "percent_covered": 0.0, "percent_covered_display": "0", "missing_lines": 1, "excluded_lines": 0, "percent_statements_covered": 0.0, "percent_statements_covered_display": "0"}, "missing_lines": [63], "excluded_lines": []}, "ETLOperations.apply_window_function": {"executed_lines": [], "summary": {"covered_lines": 0, "num_statements": 12, "percent_covered": 0.0, "percent_covered_display": "0", "missing_lines": 12, "excluded_lines": 0, "percent_statements_covered": 0.0, "percent_statements_covered_display": "0"}, "missing_lines": [86, 88, 89, 90, 91, 92, 93, 94, 95, 96, 97, 99], "excluded_lines": []}, "ETLOperations.apply_custom_formula": {"executed_lines": [], "summary": {"covered_lines": 0, "num_statements": 3, "percent_covered": 0.0, "percent_covered_display": "0", "missing_lines": 3, "excluded_lines": 0, "percent_statements_covered": 0.0, "percent_statements_covered_display": "0"}, "missing_lines": [119, 120, 121], "excluded_lines": []}, "ETLOperations.normalize_columns": {"executed_lines": [137, 139, 140, 143, 144, 157], "summary": {"covered_lines": 6, "num_statements": 15, "percent_covered": 40.0, "percent_covered_display": "40", "missing_lines": 9, "excluded_lines": 0, "percent_statements_covered": 40.0, "percent_statements_covered_display": "40"}, "missing_lines": [141, 145, 146, 149, 150, 151, 152, 153, 155], "excluded_lines": []}, "ETLOperations.merge_dataframes": {"executed_lines": [182], "summary": {"covered_lines": 1, "num_statements": 1, "percent_covered": 100.0, "percent_covered_display": "100", "missing_lines": 0, "excluded_lines": 0, "percent_statements_covered": 100.0, "percent_statements_covered_display": "100"}, "missing_lines": [], "excluded_lines": []}, "ETLOperations.filter_rows": {"executed_lines": [], "summary": {"covered_lines": 0, "num_statements": 1, "percent_covered": 0.0, "percent_covered_display": "0", "missing_lines": 1, "excluded_lines": 0, "percent_statements_covered": 0.0, "percent_statements_covered_display": "0"}, "missing_lines": [200], "excluded_lines": []}, "ETLOperations.handle_missing_values": {"executed_lines": [], "summary": {"covered_lines": 0, "num_statements": 13, "percent_covered": 0.0, "percent_covered_display": "0", "missing_lines": 13, "excluded_lines": 0, "percent_statements_covered": 0.0, "percent_statements_covered_display": "0"}, "missing_lines": [221, 223, 224, 226, 227, 228, 229, 230, 231, 232, 233, 235, 237], "excluded_lines": []}, "ETLOperations.reshape_wide_to_long": {"executed_lines": [], "summary": {"covered_lines": 0, "num_statements": 1, "percent_covered": 0.0, "percent_covered_display": "0", "missing_lines": 1, "excluded_lines": 0, "percent_statements_covered": 0.0, "percent_statements_covered_display": "0"}, "missing_lines": [260], "excluded_lines": []}, "ETLOperations.reshape_long_to_wide": {"executed_lines": [], "summary": {"covered_lines": 0, "num_statements": 1, "percent_covered": 0.0, "percent_covered_display": "0", "missing_lines": 1, "excluded_lines": 0, "percent_statements_covered": 0.0, "percent_statements_covered_display": "0"}, "missing_lines": [283], "excluded_lines": []}, "ETLOperations.create_derived_features": {"executed_lines": [], "summary": {"covered_lines": 0, "num_statements": 4, "percent_covered": 0.0, "percent_covered_display": "0", "missing_lines": 4, "excluded_lines": 0, "percent_statements_covered": 0.0, "percent_statements_covered_display": "0"}, "missing_lines": [304, 306, 307, 309], "excluded_lines": []}, "": {"executed_lines": [1, 8, 9, 12, 13, 15, 19, 46, 65, 101, 123, 159, 184, 202, 239, 264, 285], "summary": {"covered_lines": 15, "num_statements": 15, "percent_covered": 100.0, "percent_covered_display": "100", "missing_lines": 0, "excluded_lines": 0, "percent_statements_covered": 100.0, "percent_statements_covered_display": "100"}, "missing_lines": [], "excluded_lines": []}}, "classes": {"ETLOperations": {"executed_lines": [17, 137, 139, 140, 143, 144, 157, 182], "summary": {"covered_lines": 8, "num_statements": 54, "percent_covered": 14.814814814814815, "percent_covered_display": "15", "missing_lines": 46, "excluded_lines": 0, "percent_statements_covered": 14.814814814814815, "percent_statements_covered_display": "15"}, "missing_lines": [42, 63, 86, 88, 89, 90, 91, 92, 93, 94, 95, 96, 97, 99, 119, 120, 121, 141, 145, 146, 149, 150, 151, 152, 153, 155, 200, 221, 223, 224, 226, 227, 228, 229, 230, 231, 232, 233, 235, 237, 260, 283, 304, 306, 307, 309], "excluded_lines": []}, "": {"executed_lines": [1, 8, 9, 12, 13, 15, 19, 46, 65, 101, 123, 159, 184, 202, 239, 264, 285], "summary": {"covered_lines": 15, "num_statements": 15, "percent_covered": 100.0, "percent_covered_display": "100", "missing_lines": 0, "excluded_lines": 0, "percent_statements_covered": 100.0, "percent_statements_covered_display": "100"}, "missing_lines": [], "excluded_lines": []}}}, "src/strepsuis_analyzer/phylogenetic_utils.py": {"executed_lines": [1, 8, 9, 10, 11, 13, 14, 15, 20, 21, 22, 28, 29, 31, 33, 34, 36, 46, 50, 51, 52, 53, 54, 55, 56, 57, 59, 66, 68, 70, 86, 100, 104, 105, 106, 109, 113, 115, 117, 118, 119, 121, 127, 137, 141, 142, 143, 145, 146, 147, 149, 153, 154, 156, 162, 184, 218, 249, 290, 350, 360, 363, 364, 365, 367, 372, 373, 377, 378, 383, 384, 388, 389], "summary": {"covered_lines": 71, "num_statements": 175, "percent_covered": 40.57142857142857, "percent_covered_display": "41", "missing_lines": 104, "excluded_lines": 0, "percent_statements_covered": 40.57142857142857, "percent_statements_covered_display": "41"}, "missing_lines": [16, 17, 18, 23, 24, 25, 47, 48, 67, 77, 78, 80, 81, 82, 84, 101, 102, 123, 124, 125, 138, 139, 158, 159, 160, 175, 176, 178, 179, 180, 182, 196, 197, 199, 200, 202, 203, 204, 205, 207, 208, 209, 210, 212, 214, 215, 216, 231, 233, 234, 237, 238, 239, 242, 243, 245, 247, 262, 263, 265, 266, 267, 269, 270, 271, 273, 277, 278, 279, 282, 283, 285, 286, 288, 303, 304, 306, 307, 308, 310, 311, 313, 316, 320, 321, 324, 326, 329, 330, 331, 332, 335, 338, 344, 346, 347, 348, 368, 369, 374, 379, 380, 385, 386], "excluded_lines": [], "functions": {"PhylogeneticAnalyzer.__init__": {"executed_lines": [33, 34], "summary": {"covered_lines": 2, "num_statements": 2, "percent_covered": 100.0, "percent_covered_display": "100", "missing_lines": 0, "excluded_lines": 0, "percent_statements_covered": 100.0, "percent_statements_covered_display": "100"}, "missing_lines": [], "excluded_lines": []}, "PhylogeneticAnalyzer.load_tree_from_newick": {"executed_lines": [46, 50, 51, 52, 53, 54, 55, 56, 57], "summary": {"covered_lines": 9, "num_statements": 11, "percent_covered": 81.81818181818181, "percent_covered_display": "82", "missing_lines": 2, "excluded_lines": 0, "percent_statements_covered": 81.81818181818181, "percent_statements_covered_display": "82"}, "missing_lines": [47, 48], "excluded_lines": []}, "PhylogeneticAnalyzer.get_leaf_names": {"executed_lines": [66, 68], "summary": {"covered_lines": 2, "num_statements": 3, "percent_covered": 66.66666666666667, "percent_covered_display": "67", "missing_lines": 1, "excluded_lines": 0, "percent_statements_covered": 66.66666666666667, "percent_statements_covered_display": "67"}, "missing_lines": [67], "excluded_lines": []}, "PhylogeneticAnalyzer.get_tree_depth": {"executed_lines": [], "summary": {"covered_lines": 0, "num_statements": 6, "percent_covered": 0.0, "percent_covered_display": "0", "missing_lines": 6, "excluded_lines": 0, "percent_statements_covered": 0.0, "percent_statements_covered_display": "0"}, "missing_lines": [77, 78, 80, 81, 82, 84], "excluded_lines": []}, "PhylogeneticAnalyzer.compute_robinson_foulds_distance": {"executed_lines": [100, 104, 105, 106, 109, 113, 115, 117, 118, 119, 121], "summary": {"covered_lines": 11, "num_statements": 16, "percent_covered": 68.75, "percent_covered_display": "69", "missing_lines": 5, "excluded_lines": 0, "percent_statements_covered": 68.75, "percent_statements_covered_display": "69"}, "missing_lines": [101, 102, 123, 124, 125], "excluded_lines": []}, "PhylogeneticAnalyzer.get_bipartitions": {"executed_lines": [137, 141, 142, 143, 145, 146, 147, 149, 153, 154, 156], "summary": {"covered_lines": 11, "num_statements": 16, "percent_covered": 68.75, "percent_covered_display": "69", "missing_lines": 5, "excluded_lines": 0, "percent_statements_covered": 68.75, "percent_statements_covered_display": "69"}, "missing_lines": [138, 139, 158, 159, 160], "excluded_lines": []}, "PhylogeneticAnalyzer.compare_bipartitions": {"executed_lines": [], "summary": {"covered_lines": 0, "num_statements": 6, "percent_covered": 0.0, "percent_covered_display": "0", "missing_lines": 6, "excluded_lines": 0, "percent_statements_covered": 0.0, "percent_statements_covered_display": "0"}, "missing_lines": [175, 176, 178, 179, 180, 182], "excluded_lines": []}, "PhylogeneticAnalyzer.compute_pairwise_distances": {"executed_lines": [], "summary": {"covered_lines": 0, "num_statements": 16, "percent_covered": 0.0, "percent_covered_display": "0", "missing_lines": 16, "excluded_lines": 0, "percent_statements_covered": 0.0, "percent_statements_covered_display": "0"}, "missing_lines": [196, 197, 199, 200, 202, 203, 204, 205, 207, 208, 209, 210, 212, 214, 215, 216], "excluded_lines": []}, "PhylogeneticAnalyzer.compute_cophenetic_correlation": {"executed_lines": [], "summary": {"covered_lines": 0, "num_statements": 10, "percent_covered": 0.0, "percent_covered_display": "0", "missing_lines": 10, "excluded_lines": 0, "percent_statements_covered": 0.0, "percent_statements_covered_display": "0"}, "missing_lines": [231, 233, 234, 237, 238, 239, 242, 243, 245, 247], "excluded_lines": []}, "PhylogeneticAnalyzer.get_monophyletic_groups": {"executed_lines": [], "summary": {"covered_lines": 0, "num_statements": 17, "percent_covered": 0.0, "percent_covered_display": "0", "missing_lines": 17, "excluded_lines": 0, "percent_statements_covered": 0.0, "percent_statements_covered_display": "0"}, "missing_lines": [262, 263, 265, 266, 267, 269, 270, 271, 273, 277, 278, 279, 282, 283, 285, 286, 288], "excluded_lines": []}, "PhylogeneticAnalyzer.compute_faith_pd": {"executed_lines": [], "summary": {"covered_lines": 0, "num_statements": 23, "percent_covered": 0.0, "percent_covered_display": "0", "missing_lines": 23, "excluded_lines": 0, "percent_statements_covered": 0.0, "percent_statements_covered_display": "0"}, "missing_lines": [303, 304, 306, 307, 308, 310, 311, 313, 316, 320, 321, 324, 326, 329, 330, 331, 332, 335, 338, 344, 346, 347, 348], "excluded_lines": []}, "PhylogeneticAnalyzer.validate_tree_structure": {"executed_lines": [360, 363, 364, 365, 367, 372, 373, 377, 378, 383, 384, 388, 389], "summary": {"covered_lines": 13, "num_statements": 20, "percent_covered": 65.0, "percent_covered_display": "65", "missing_lines": 7, "excluded_lines": 0, "percent_statements_covered": 65.0, "percent_statements_covered_display": "65"}, "missing_lines": [368, 369, 374, 379, 380, 385, 386], "excluded_lines": []}, "": {"executed_lines": [1, 8, 9, 10, 11, 13, 14, 15, 20, 21, 22, 28, 29, 31, 36, 59, 70, 86, 127, 162, 184, 218, 249, 290, 350], "summary": {"covered_lines": 23, "num_statements": 29, "percent_covered": 79.3103448275862, "percent_covered_display": "79", "missing_lines": 6, "excluded_lines": 0, "percent_statements_covered": 79.3103448275862, "percent_statements_covered_display": "79"}, "missing_lines": [16, 17, 18, 23, 24, 25], "excluded_lines": []}}, "classes": {"PhylogeneticAnalyzer": {"executed_lines": [33, 34, 46, 50, 51, 52, 53, 54, 55, 56, 57, 66, 68, 100, 104, 105, 106, 109, 113, 115, 117, 118, 119, 121, 137, 141, 142, 143, 145, 146, 147, 149, 153, 154, 156, 360, 363, 364, 365, 367, 372, 373, 377, 378, 383, 384, 388, 389], "summary": {"covered_lines": 48, "num_statements": 146, "percent_covered": 32.87671232876713, "percent_covered_display": "33", "missing_lines": 98, "excluded_lines": 0, "percent_statements_covered": 32.87671232876713, "percent_statements_covered_display": "33"}, "missing_lines": [47, 48, 67, 77, 78, 80, 81, 82, 84, 101, 102, 123, 124, 125, 138, 139, 158, 159, 160, 175, 176, 178, 179, 180, 182, 196, 197, 199, 200, 202, 203, 204, 205, 207, 208, 209, 210, 212, 214, 215, 216, 231, 233, 234, 237, 238, 239, 242, 243, 245, 247, 262, 263, 265, 266, 267, 269, 270, 271, 273, 277, 278, 279, 282, 283, 285, 286, 288, 303, 304, 306, 307, 308, 310, 311, 313, 316, 320, 321, 324, 326, 329, 330, 331, 332, 335, 338, 344, 346, 347, 348, 368, 369, 374, 379, 380, 385, 386], "excluded_lines": []}, "": {"executed_lines": [1, 8, 9, 10, 11, 13, 14, 15, 20, 21, 22, 28, 29, 31, 36, 59, 70, 86, 127, 162, 184, 218, 249, 290, 350], "summary": {"covered_lines": 23, "num_statements": 29, "percent_covered": 79.3103448275862, "percent_covered_display": "79", "missing_lines": 6, "excluded_lines": 0, "percent_statements_covered": 79.3103448275862, "percent_statements_covered_display": "79"}, "missing_lines": [16, 17, 18, 23, 24, 25], "excluded_lines": []}}}, "src/strepsuis_analyzer/report_generator.py": {"executed_lines": [1, 7, 8, 9, 10, 11, 14, 15, 17, 19, 20, 26, 35, 37, 46, 52, 62, 73, 74, 76, 78, 79, 80, 81, 84, 85, 87, 88, 89, 91, 92, 94, 95, 96, 97, 99, 100, 106, 168, 179, 180, 181, 182, 184, 186, 194, 195, 197, 198, 199, 200, 203, 204, 205, 206, 207, 208, 209, 214, 215, 217, 286], "summary": {"covered_lines": 60, "num_statements": 99, "percent_covered": 60.60606060606061, "percent_covered_display": "61", "missing_lines": 39, "excluded_lines": 0, "percent_statements_covered": 60.60606060606061, "percent_statements_covered_display": "61"}, "missing_lines": [60, 102, 103, 104, 117, 118, 120, 123, 124, 126, 129, 132, 133, 134, 135, 136, 139, 140, 142, 143, 145, 146, 147, 149, 150, 151, 152, 154, 155, 158, 160, 163, 164, 166, 210, 213, 224, 288, 289], "excluded_lines": [], "functions": {"ReportGenerator.__init__": {"executed_lines": [19, 20], "summary": {"covered_lines": 2, "num_statements": 2, "percent_covered": 100.0, "percent_covered_display": "100", "missing_lines": 0, "excluded_lines": 0, "percent_statements_covered": 100.0, "percent_statements_covered_display": "100"}, "missing_lines": [], "excluded_lines": []}, "ReportGenerator.add_dataframe": {"executed_lines": [35], "summary": {"covered_lines": 1, "num_statements": 1, "percent_covered": 100.0, "percent_covered_display": "100", "missing_lines": 0, "excluded_lines": 0, "percent_statements_covered": 100.0, "percent_statements_covered_display": "100"}, "missing_lines": [], "excluded_lines": []}, "ReportGenerator.add_statistics": {"executed_lines": [46], "summary": {"covered_lines": 1, "num_statements": 1, "percent_covered": 100.0, "percent_covered_display": "100", "missing_lines": 0, "excluded_lines": 0, "percent_statements_covered": 100.0, "percent_statements_covered_display": "100"}, "missing_lines": [], "excluded_lines": []}, "ReportGenerator.add_text": {"executed_lines": [], "summary": {"covered_lines": 0, "num_statements": 1, "percent_covered": 0.0, "percent_covered_display": "0", "missing_lines": 1, "excluded_lines": 0, "percent_statements_covered": 0.0, "percent_statements_covered_display": "0"}, "missing_lines": [60], "excluded_lines": []}, "ReportGenerator.export_to_excel": {"executed_lines": [73, 74, 76, 78, 79, 80, 81, 84, 85, 87, 88, 89, 91, 92, 94, 95, 96, 97, 99, 100], "summary": {"covered_lines": 20, "num_statements": 23, "percent_covered": 86.95652173913044, "percent_covered_display": "87", "missing_lines": 3, "excluded_lines": 0, "percent_statements_covered": 86.95652173913044, "percent_statements_covered_display": "87"}, "missing_lines": [102, 103, 104], "excluded_lines": []}, "ReportGenerator.export_to_html": {"executed_lines": [], "summary": {"covered_lines": 0, "num_statements": 30, "percent_covered": 0.0, "percent_covered_display": "0", "missing_lines": 30, "excluded_lines": 0, "percent_statements_covered": 0.0, "percent_statements_covered_display": "0"}, "missing_lines": [117, 118, 120, 123, 124, 126, 129, 132, 133, 134, 135, 136, 139, 140, 142, 143, 145, 146, 147, 149, 150, 151, 152, 154, 155, 158, 160, 163, 164, 166], "excluded_lines": []}, "ReportGenerator._sanitize_sheet_name": {"executed_lines": [179, 180, 181, 182, 184], "summary": {"covered_lines": 5, "num_statements": 5, "percent_covered": 100.0, "percent_covered_display": "100", "missing_lines": 0, "excluded_lines": 0, "percent_statements_covered": 100.0, "percent_statements_covered_display": "100"}, "missing_lines": [], "excluded_lines": []}, "ReportGenerator._style_excel_sheet": {"executed_lines": [194, 195, 197, 198, 199, 200, 203, 204, 205, 206, 207, 208, 209, 214, 215], "summary": {"covered_lines": 15, "num_statements": 17, "percent_covered": 88.23529411764706, "percent_covered_display": "88", "missing_lines": 2, "excluded_lines": 0, "percent_statements_covered": 88.23529411764706, "percent_statements_covered_display": "88"}, "missing_lines": [210, 213], "excluded_lines": []}, "ReportGenerator._get_html_header": {"executed_lines": [], "summary": {"covered_lines": 0, "num_statements": 1, "percent_covered": 0.0, "percent_covered_display": "0", "missing_lines": 1, "excluded_lines": 0, "percent_statements_covered": 0.0, "percent_statements_covered_display": "0"}, "missing_lines": [224], "excluded_lines": []}, "ReportGenerator.clear": {"executed_lines": [], "summary": {"covered_lines": 0, "num_statements": 2, "percent_covered": 0.0, "percent_covered_display": "0", "missing_lines": 2, "excluded_lines": 0, "percent_statements_covered": 0.0, "percent_statements_covered_display": "0"}, "missing_lines": [288, 289], "excluded_lines": []}, "": {"executed_lines": [1, 7, 8, 9, 10, 11, 14, 15, 17, 26, 37, 52, 62, 106, 168, 186, 217, 286], "summary": {"covered_lines": 16, "num_statements": 16, "percent_covered": 100.0, "percent_covered_display": "100", "missing_lines": 0, "excluded_lines": 0, "percent_statements_covered": 100.0, "percent_statements_covered_display": "100"}, "missing_lines": [], "excluded_lines": []}}, "classes": {"ReportGenerator": {"executed_lines": [19, 20, 35, 46, 73, 74, 76, 78, 79, 80, 81, 84, 85, 87, 88, 89, 91, 92, 94, 95, 96, 97, 99, 100, 179, 180, 181, 182, 184, 194, 195, 197, 198, 199, 200, 203, 204, 205, 206, 207, 208, 209, 214, 215], "summary": {"covered_lines": 44, "num_statements": 83, "percent_covered": 53.01204819277108, "percent_covered_display": "53", "missing_lines": 39, "excluded_lines": 0, "percent_statements_covered": 53.01204819277108, "percent_statements_covered_display": "53"}, "missing_lines": [60, 102, 103, 104, 117, 118, 120, 123, 124, 126, 129, 132, 133, 134, 135, 136, 139, 140, 142, 143, 145, 146, 147, 149, 150, 151, 152, 154, 155, 158, 160, 163, 164, 166, 210, 213, 224, 288, 289], "excluded_lines": []}, "": {"executed_lines": [1, 7, 8, 9, 10, 11, 14, 15, 17, 26, 37, 52, 62, 106, 168, 186, 217, 286], "summary": {"covered_lines": 16, "num_statements": 16, "percent_covered": 100.0, "percent_covered_display": "100", "missing_lines": 0, "excluded_lines": 0, "percent_statements_covered": 100.0, "percent_statements_covered_display": "100"}, "missing_lines": [], "excluded_lines": []}}}, "src/strepsuis_analyzer/statistical_analysis.py": {"executed_lines": [1, 8, 9, 10, 11, 12, 13, 16, 17, 19, 26, 27, 28, 30, 51, 52, 54, 55, 56, 58, 61, 62, 63, 64, 65, 66, 70, 72, 88, 89, 92, 93, 94, 97, 98, 100, 104, 107, 108, 110, 113, 116, 117, 120, 121, 122, 123, 126, 127, 129, 132, 134, 136, 149, 150, 153, 154, 155, 157, 161, 164, 165, 168, 169, 172, 174, 176, 188, 189, 191, 194, 195, 197, 199, 216, 217, 219, 220, 222, 225, 230, 232, 234, 247, 248, 250, 251, 253, 256, 258, 260, 270, 271, 272, 273, 274, 275, 277, 280, 282, 284, 294, 295, 296, 297, 298, 299, 301, 304, 306, 308, 322, 325, 326, 328, 331, 336, 337, 339, 340, 342, 344, 355, 356, 358, 361, 362, 367, 371, 372, 375, 377, 379, 392, 393, 396, 397, 398, 400, 404, 405, 408, 409, 410, 411, 414, 416, 418, 431, 432, 435, 436, 437, 439, 443, 446, 449, 452, 454, 456, 469, 470, 473, 474, 475, 477, 481, 482, 485, 486, 489, 490, 493, 496, 499, 502, 504, 506, 519, 520, 523, 524, 525, 527, 531, 532, 535, 536, 539, 541], "summary": {"covered_lines": 188, "num_statements": 213, "percent_covered": 88.26291079812206, "percent_covered_display": "88", "missing_lines": 25, "excluded_lines": 0, "percent_statements_covered": 88.26291079812206, "percent_statements_covered_display": "88"}, "missing_lines": [59, 68, 101, 109, 111, 118, 130, 158, 170, 192, 223, 226, 227, 228, 254, 278, 302, 329, 363, 365, 368, 401, 440, 478, 528], "excluded_lines": [], "functions": {"StatisticalAnalyzer.__init__": {"executed_lines": [26, 27, 28], "summary": {"covered_lines": 3, "num_statements": 3, "percent_covered": 100.0, "percent_covered_display": "100", "missing_lines": 0, "excluded_lines": 0, "percent_statements_covered": 100.0, "percent_statements_covered_display": "100"}, "missing_lines": [], "excluded_lines": []}, "StatisticalAnalyzer.compute_correlation": {"executed_lines": [51, 52, 54, 55, 56, 58, 61, 62, 63, 64, 65, 66, 70], "summary": {"covered_lines": 13, "num_statements": 15, "percent_covered": 86.66666666666667, "percent_covered_display": "87", "missing_lines": 2, "excluded_lines": 0, "percent_statements_covered": 86.66666666666667, "percent_statements_covered_display": "87"}, "missing_lines": [59, 68], "excluded_lines": []}, "StatisticalAnalyzer.compute_phi_coefficient": {"executed_lines": [88, 89, 92, 93, 94, 97, 98, 100, 104, 107, 108, 110, 113, 116, 117, 120, 121, 122, 123, 126, 127, 129, 132, 134], "summary": {"covered_lines": 24, "num_statements": 29, "percent_covered": 82.75862068965517, "percent_covered_display": "83", "missing_lines": 5, "excluded_lines": 0, "percent_statements_covered": 82.75862068965517, "percent_statements_covered_display": "83"}, "missing_lines": [101, 109, 111, 118, 130], "excluded_lines": []}, "StatisticalAnalyzer.compute_cramers_v": {"executed_lines": [149, 150, 153, 154, 155, 157, 161, 164, 165, 168, 169, 172, 174], "summary": {"covered_lines": 13, "num_statements": 15, "percent_covered": 86.66666666666667, "percent_covered_display": "87", "missing_lines": 2, "excluded_lines": 0, "percent_statements_covered": 86.66666666666667, "percent_statements_covered_display": "87"}, "missing_lines": [158, 170], "excluded_lines": []}, "StatisticalAnalyzer.test_normality": {"executed_lines": [188, 189, 191, 194, 195, 197], "summary": {"covered_lines": 6, "num_statements": 7, "percent_covered": 85.71428571428571, "percent_covered_display": "86", "missing_lines": 1, "excluded_lines": 0, "percent_statements_covered": 85.71428571428571, "percent_statements_covered_display": "86"}, "missing_lines": [192], "excluded_lines": []}, "StatisticalAnalyzer.perform_ttest": {"executed_lines": [216, 217, 219, 220, 222, 225, 230, 232], "summary": {"covered_lines": 8, "num_statements": 12, "percent_covered": 66.66666666666667, "percent_covered_display": "67", "missing_lines": 4, "excluded_lines": 0, "percent_statements_covered": 66.66666666666667, "percent_statements_covered_display": "67"}, "missing_lines": [223, 226, 227, 228], "excluded_lines": []}, "StatisticalAnalyzer.perform_mann_whitney": {"executed_lines": [247, 248, 250, 251, 253, 256, 258], "summary": {"covered_lines": 7, "num_statements": 8, "percent_covered": 87.5, "percent_covered_display": "88", "missing_lines": 1, "excluded_lines": 0, "percent_statements_covered": 87.5, "percent_statements_covered_display": "88"}, "missing_lines": [254], "excluded_lines": []}, "StatisticalAnalyzer.perform_anova": {"executed_lines": [270, 271, 272, 273, 274, 275, 277, 280, 282], "summary": {"covered_lines": 9, "num_statements": 10, "percent_covered": 90.0, "percent_covered_display": "90", "missing_lines": 1, "excluded_lines": 0, "percent_statements_covered": 90.0, "percent_statements_covered_display": "90"}, "missing_lines": [278], "excluded_lines": []}, "StatisticalAnalyzer.perform_kruskal_wallis": {"executed_lines": [294, 295, 296, 297, 298, 299, 301, 304, 306], "summary": {"covered_lines": 9, "num_statements": 10, "percent_covered": 90.0, "percent_covered_display": "90", "missing_lines": 1, "excluded_lines": 0, "percent_statements_covered": 90.0, "percent_statements_covered_display": "90"}, "missing_lines": [302], "excluded_lines": []}, "StatisticalAnalyzer.apply_multiple_testing_correction": {"executed_lines": [322, 325, 326, 328, 331, 336, 337, 339, 340, 342], "summary": {"covered_lines": 10, "num_statements": 11, "percent_covered": 90.9090909090909, "percent_covered_display": "91", "missing_lines": 1, "excluded_lines": 0, "percent_statements_covered": 90.9090909090909, "percent_statements_covered_display": "91"}, "missing_lines": [329], "excluded_lines": []}, "StatisticalAnalyzer.compute_entropy": {"executed_lines": [355, 356, 358, 361, 362, 367, 371, 372, 375, 377], "summary": {"covered_lines": 10, "num_statements": 13, "percent_covered": 76.92307692307692, "percent_covered_display": "77", "missing_lines": 3, "excluded_lines": 0, "percent_statements_covered": 76.92307692307692, "percent_statements_covered_display": "77"}, "missing_lines": [363, 365, 368], "excluded_lines": []}, "StatisticalAnalyzer.compute_mutual_information": {"executed_lines": [392, 393, 396, 397, 398, 400, 404, 405, 408, 409, 410, 411, 414, 416], "summary": {"covered_lines": 14, "num_statements": 15, "percent_covered": 93.33333333333333, "percent_covered_display": "93", "missing_lines": 1, "excluded_lines": 0, "percent_statements_covered": 93.33333333333333, "percent_statements_covered_display": "93"}, "missing_lines": [401], "excluded_lines": []}, "StatisticalAnalyzer.meta_analysis_fixed_effects": {"executed_lines": [431, 432, 435, 436, 437, 439, 443, 446, 449, 452, 454], "summary": {"covered_lines": 11, "num_statements": 12, "percent_covered": 91.66666666666667, "percent_covered_display": "92", "missing_lines": 1, "excluded_lines": 0, "percent_statements_covered": 91.66666666666667, "percent_statements_covered_display": "92"}, "missing_lines": [440], "excluded_lines": []}, "StatisticalAnalyzer.meta_analysis_random_effects": {"executed_lines": [469, 470, 473, 474, 475, 477, 481, 482, 485, 486, 489, 490, 493, 496, 499, 502, 504], "summary": {"covered_lines": 17, "num_statements": 18, "percent_covered": 94.44444444444444, "percent_covered_display": "94", "missing_lines": 1, "excluded_lines": 0, "percent_statements_covered": 94.44444444444444, "percent_statements_covered_display": "94"}, "missing_lines": [478], "excluded_lines": []}, "StatisticalAnalyzer.cochrans_q_test": {"executed_lines": [519, 520, 523, 524, 525, 527, 531, 532, 535, 536, 539, 541], "summary": {"covered_lines": 12, "num_statements": 13, "percent_covered": 92.3076923076923, "percent_covered_display": "92", "missing_lines": 1, "excluded_lines": 0, "percent_statements_covered": 92.3076923076923, "percent_statements_covered_display": "92"}, "missing_lines": [528], "excluded_lines": []}, "": {"executed_lines": [1, 8, 9, 10, 11, 12, 13, 16, 17, 19, 30, 72, 136, 176, 199, 234, 260, 284, 308, 344, 379, 418, 456, 506], "summary": {"covered_lines": 22, "num_statements": 22, "percent_covered": 100.0, "percent_covered_display": "100", "missing_lines": 0, "excluded_lines": 0, "percent_statements_covered": 100.0, "percent_statements_covered_display": "100"}, "missing_lines": [], "excluded_lines": []}}, "classes": {"StatisticalAnalyzer": {"executed_lines": [26, 27, 28, 51, 52, 54, 55, 56, 58, 61, 62, 63, 64, 65, 66, 70, 88, 89, 92, 93, 94, 97, 98, 100, 104, 107, 108, 110, 113, 116, 117, 120, 121, 122, 123, 126, 127, 129, 132, 134, 149, 150, 153, 154, 155, 157, 161, 164, 165, 168, 169, 172, 174, 188, 189, 191, 194, 195, 197, 216, 217, 219, 220, 222, 225, 230, 232, 247, 248, 250, 251, 253, 256, 258, 270, 271, 272, 273, 274, 275, 277, 280, 282, 294, 295, 296, 297, 298, 299, 301, 304, 306, 322, 325, 326, 328, 331, 336, 337, 339, 340, 342, 355, 356, 358, 361, 362, 367, 371, 372, 375, 377, 392, 393, 396, 397, 398, 400, 404, 405, 408, 409, 410, 411, 414, 416, 431, 432, 435, 436, 437, 439, 443, 446, 449, 452, 454, 469, 470, 473, 474, 475, 477, 481, 482, 485, 486, 489, 490, 493, 496, 499, 502, 504, 519, 520, 523, 524, 525, 527, 531, 532, 535, 536, 539, 541], "summary": {"covered_lines": 166, "num_statements": 191, "percent_covered": 86.91099476439791, "percent_covered_display": "87", "missing_lines": 25, "excluded_lines": 0, "percent_statements_covered": 86.91099476439791, "percent_statements_covered_display": "87"}, "missing_lines": [59, 68, 101, 109, 111, 118, 130, 158, 170, 192, 223, 226, 227, 228, 254, 278, 302, 329, 363, 365, 368, 401, 440, 478, 528], "excluded_lines": []}, "": {"executed_lines": [1, 8, 9, 10, 11, 12, 13, 16, 17, 19, 30, 72, 136, 176, 199, 234, 260, 284, 308, 344, 379, 418, 456, 506], "summary": {"covered_lines": 22, "num_statements": 22, "percent_covered": 100.0, "percent_covered_display": "100", "missing_lines": 0, "excluded_lines": 0, "percent_statements_covered": 100.0, "percent_statements_covered_display": "100"}, "missing_lines": [], "excluded_lines": []}}}, "src/strepsuis_analyzer/stats.py": {"executed_lines": [1, 13, 14, 15, 16, 20, 23, 61, 63, 64, 67, 70, 72, 73, 76, 78, 81, 120, 122, 123, 126, 129, 131, 134, 169, 170, 172, 173, 175, 176, 178, 179, 182, 213, 214, 216, 217, 219, 220, 223, 264, 265, 267, 270, 271, 275, 278, 280, 283, 315, 317, 318, 320, 321, 324, 364, 366, 367, 369, 370], "summary": {"covered_lines": 59, "num_statements": 59, "percent_covered": 100.0, "percent_covered_display": "100", "missing_lines": 0, "excluded_lines": 0, "percent_statements_covered": 100.0, "percent_statements_covered_display": "100"}, "missing_lines": [], "excluded_lines": [], "functions": {"calculate_shannon_diversity": {"executed_lines": [61, 63, 64, 67, 70, 72, 73, 76, 78], "summary": {"covered_lines": 9, "num_statements": 9, "percent_covered": 100.0, "percent_covered_display": "100", "missing_lines": 0, "excluded_lines": 0, "percent_statements_covered": 100.0, "percent_statements_covered_display": "100"}, "missing_lines": [], "excluded_lines": []}, "calculate_simpson_diversity": {"executed_lines": [120, 122, 123, 126, 129, 131], "summary": {"covered_lines": 6, "num_statements": 6, "percent_covered": 100.0, "percent_covered_display": "100", "missing_lines": 0, "excluded_lines": 0, "percent_statements_covered": 100.0, "percent_statements_covered_display": "100"}, "missing_lines": [], "excluded_lines": []}, "calculate_jaccard_distance": {"executed_lines": [169, 170, 172, 173, 175, 176, 178, 179], "summary": {"covered_lines": 8, "num_statements": 8, "percent_covered": 100.0, "percent_covered_display": "100", "missing_lines": 0, "excluded_lines": 0, "percent_statements_covered": 100.0, "percent_statements_covered_display": "100"}, "missing_lines": [], "excluded_lines": []}, "calculate_hamming_distance": {"executed_lines": [213, 214, 216, 217, 219, 220], "summary": {"covered_lines": 6, "num_statements": 6, "percent_covered": 100.0, "percent_covered_display": "100", "missing_lines": 0, "excluded_lines": 0, "percent_statements_covered": 100.0, "percent_statements_covered_display": "100"}, "missing_lines": [], "excluded_lines": []}, "calculate_pairwise_distances": {"executed_lines": [264, 265, 267, 270, 271, 275, 278, 280], "summary": {"covered_lines": 8, "num_statements": 8, "percent_covered": 100.0, "percent_covered_display": "100", "missing_lines": 0, "excluded_lines": 0, "percent_statements_covered": 100.0, "percent_statements_covered_display": "100"}, "missing_lines": [], "excluded_lines": []}, "calculate_prevalence": {"executed_lines": [315, 317, 318, 320, 321], "summary": {"covered_lines": 5, "num_statements": 5, "percent_covered": 100.0, "percent_covered_display": "100", "missing_lines": 0, "excluded_lines": 0, "percent_statements_covered": 100.0, "percent_statements_covered_display": "100"}, "missing_lines": [], "excluded_lines": []}, "calculate_correlation_matrix": {"executed_lines": [364, 366, 367, 369, 370], "summary": {"covered_lines": 5, "num_statements": 5, "percent_covered": 100.0, "percent_covered_display": "100", "missing_lines": 0, "excluded_lines": 0, "percent_statements_covered": 100.0, "percent_statements_covered_display": "100"}, "missing_lines": [], "excluded_lines": []}, "": {"executed_lines": [1, 13, 14, 15, 16, 20, 23, 81, 134, 182, 223, 283, 324], "summary": {"covered_lines": 12, "num_statements": 12, "percent_covered": 100.0, "percent_covered_display": "100", "missing_lines": 0, "excluded_lines": 0, "percent_statements_covered": 100.0, "percent_statements_covered_display": "100"}, "missing_lines": [], "excluded_lines": []}}, "classes": {"": {"executed_lines": [1, 13, 14, 15, 16, 20, 23, 61, 63, 64, 67, 70, 72, 73, 76, 78, 81, 120, 122, 123, 126, 129, 131, 134, 169, 170, 172, 173, 175, 176, 178, 179, 182, 213, 214, 216, 217, 219, 220, 223, 264, 265, 267, 270, 271, 275, 278, 280, 283, 315, 317, 318, 320, 321, 324, 364, 366, 367, 369, 370], "summary": {"covered_lines": 59, "num_statements": 59, "percent_covered": 100.0, "percent_covered_display": "100", "missing_lines": 0, "excluded_lines": 0, "percent_statements_covered": 100.0, "percent_statements_covered_display": "100"}, "missing_lines": [], "excluded_lines": []}}}, "src/strepsuis_analyzer/visualization.py": {"executed_lines": [1, 8, 9, 10, 11, 12, 13, 14, 17, 18, 20, 27, 28, 32, 33, 35, 58, 60, 61, 63, 64, 65, 66, 67, 69, 70, 72, 97, 99, 100, 103, 104, 105, 107, 109, 117, 118, 119, 120, 122, 123, 125, 142, 144, 145, 146, 147, 148, 149, 150, 151, 153, 154, 155, 156, 157, 159, 160, 161, 163, 164, 165, 167, 206, 227, 229, 231, 232, 233, 235, 260, 299, 350, 388, 399, 401], "summary": {"covered_lines": 74, "num_statements": 129, "percent_covered": 57.36434108527132, "percent_covered_display": "57", "missing_lines": 55, "excluded_lines": 0, "percent_statements_covered": 57.36434108527132, "percent_statements_covered_display": "57"}, "missing_lines": [29, 30, 111, 112, 113, 114, 115, 184, 187, 188, 189, 190, 191, 192, 194, 195, 196, 198, 199, 200, 202, 203, 204, 248, 250, 251, 253, 254, 255, 257, 258, 277, 280, 283, 295, 296, 297, 322, 324, 325, 327, 340, 348, 373, 375, 376, 378, 379, 380, 381, 382, 383, 385, 386, 397], "excluded_lines": [], "functions": {"Visualizer.__init__": {"executed_lines": [27, 28, 32, 33], "summary": {"covered_lines": 4, "num_statements": 6, "percent_covered": 66.66666666666667, "percent_covered_display": "67", "missing_lines": 2, "excluded_lines": 0, "percent_statements_covered": 66.66666666666667, "percent_statements_covered_display": "67"}, "missing_lines": [29, 30], "excluded_lines": []}, "Visualizer.create_histogram": {"executed_lines": [58, 60, 61, 63, 64, 65, 66, 67, 69, 70], "summary": {"covered_lines": 10, "num_statements": 10, "percent_covered": 100.0, "percent_covered_display": "100", "missing_lines": 0, "excluded_lines": 0, "percent_statements_covered": 100.0, "percent_statements_covered_display": "100"}, "missing_lines": [], "excluded_lines": []}, "Visualizer.create_scatter_plot": {"executed_lines": [97, 99, 100, 103, 104, 105, 107, 109, 117, 118, 119, 120, 122, 123], "summary": {"covered_lines": 14, "num_statements": 19, "percent_covered": 73.6842105263158, "percent_covered_display": "74", "missing_lines": 5, "excluded_lines": 0, "percent_statements_covered": 73.6842105263158, "percent_statements_covered_display": "74"}, "missing_lines": [111, 112, 113, 114, 115], "excluded_lines": []}, "Visualizer.create_box_plot": {"executed_lines": [142, 144, 145, 146, 147, 148, 149, 150, 151, 153, 154, 155, 156, 157, 159, 160, 161, 163, 164, 165], "summary": {"covered_lines": 20, "num_statements": 20, "percent_covered": 100.0, "percent_covered_display": "100", "missing_lines": 0, "excluded_lines": 0, "percent_statements_covered": 100.0, "percent_statements_covered_display": "100"}, "missing_lines": [], "excluded_lines": []}, "Visualizer.create_violin_plot": {"executed_lines": [], "summary": {"covered_lines": 0, "num_statements": 16, "percent_covered": 0.0, "percent_covered_display": "0", "missing_lines": 16, "excluded_lines": 0, "percent_statements_covered": 0.0, "percent_statements_covered_display": "0"}, "missing_lines": [184, 187, 188, 189, 190, 191, 192, 194, 195, 196, 198, 199, 200, 202, 203, 204], "excluded_lines": []}, "Visualizer.create_heatmap": {"executed_lines": [227, 229, 231, 232, 233], "summary": {"covered_lines": 5, "num_statements": 5, "percent_covered": 100.0, "percent_covered_display": "100", "missing_lines": 0, "excluded_lines": 0, "percent_statements_covered": 100.0, "percent_statements_covered_display": "100"}, "missing_lines": [], "excluded_lines": []}, "Visualizer.create_qq_plot": {"executed_lines": [], "summary": {"covered_lines": 0, "num_statements": 8, "percent_covered": 0.0, "percent_covered_display": "0", "missing_lines": 8, "excluded_lines": 0, "percent_statements_covered": 0.0, "percent_statements_covered_display": "0"}, "missing_lines": [248, 250, 251, 253, 254, 255, 257, 258], "excluded_lines": []}, "Visualizer.create_correlation_heatmap": {"executed_lines": [], "summary": {"covered_lines": 0, "num_statements": 6, "percent_covered": 0.0, "percent_covered_display": "0", "missing_lines": 6, "excluded_lines": 0, "percent_statements_covered": 0.0, "percent_statements_covered_display": "0"}, "missing_lines": [277, 280, 283, 295, 296, 297], "excluded_lines": []}, "Visualizer.create_plotly_scatter": {"executed_lines": [], "summary": {"covered_lines": 0, "num_statements": 6, "percent_covered": 0.0, "percent_covered_display": "0", "missing_lines": 6, "excluded_lines": 0, "percent_statements_covered": 0.0, "percent_statements_covered_display": "0"}, "missing_lines": [322, 324, 325, 327, 340, 348], "excluded_lines": []}, "Visualizer.create_bar_plot": {"executed_lines": [], "summary": {"covered_lines": 0, "num_statements": 11, "percent_covered": 0.0, "percent_covered_display": "0", "missing_lines": 11, "excluded_lines": 0, "percent_statements_covered": 0.0, "percent_statements_covered_display": "0"}, "missing_lines": [373, 375, 376, 378, 379, 380, 381, 382, 383, 385, 386], "excluded_lines": []}, "Visualizer.save_figure": {"executed_lines": [], "summary": {"covered_lines": 0, "num_statements": 1, "percent_covered": 0.0, "percent_covered_display": "0", "missing_lines": 1, "excluded_lines": 0, "percent_statements_covered": 0.0, "percent_statements_covered_display": "0"}, "missing_lines": [397], "excluded_lines": []}, "Visualizer.close_all_figures": {"executed_lines": [401], "summary": {"covered_lines": 1, "num_statements": 1, "percent_covered": 100.0, "percent_covered_display": "100", "missing_lines": 0, "excluded_lines": 0, "percent_statements_covered": 100.0, "percent_statements_covered_display": "100"}, "missing_lines": [], "excluded_lines": []}, "": {"executed_lines": [1, 8, 9, 10, 11, 12, 13, 14, 17, 18, 20, 35, 72, 125, 167, 206, 235, 260, 299, 350, 388, 399], "summary": {"covered_lines": 20, "num_statements": 20, "percent_covered": 100.0, "percent_covered_display": "100", "missing_lines": 0, "excluded_lines": 0, "percent_statements_covered": 100.0, "percent_statements_covered_display": "100"}, "missing_lines": [], "excluded_lines": []}}, "classes": {"Visualizer": {"executed_lines": [27, 28, 32, 33, 58, 60, 61, 63, 64, 65, 66, 67, 69, 70, 97, 99, 100, 103, 104, 105, 107, 109, 117, 118, 119, 120, 122, 123, 142, 144, 145, 146, 147, 148, 149, 150, 151, 153, 154, 155, 156, 157, 159, 160, 161, 163, 164, 165, 227, 229, 231, 232, 233, 401], "summary": {"covered_lines": 54, "num_statements": 109, "percent_covered": 49.54128440366973, "percent_covered_display": "50", "missing_lines": 55, "excluded_lines": 0, "percent_statements_covered": 49.54128440366973, "percent_statements_covered_display": "50"}, "missing_lines": [29, 30, 111, 112, 113, 114, 115, 184, 187, 188, 189, 190, 191, 192, 194, 195, 196, 198, 199, 200, 202, 203, 204, 248, 250, 251, 253, 254, 255, 257, 258, 277, 280, 283, 295, 296, 297, 322, 324, 325, 327, 340, 348, 373, 375, 376, 378, 379, 380, 381, 382, 383, 385, 386, 397], "excluded_lines": []}, "": {"executed_lines": [1, 8, 9, 10, 11, 12, 13, 14, 17, 18, 20, 35, 72, 125, 167, 206, 235, 260, 299, 350, 388, 399], "summary": {"covered_lines": 20, "num_statements": 20, "percent_covered": 100.0, "percent_covered_display": "100", "missing_lines": 0, "excluded_lines": 0, "percent_statements_covered": 100.0, "percent_statements_covered_display": "100"}, "missing_lines": [], "excluded_lines": []}}}}, "totals": {"covered_lines": 648, "num_statements": 1397, "percent_covered": 46.38511095204009, "percent_covered_display": "46", "missing_lines": 749, "excluded_lines": 6, "percent_statements_covered": 46.38511095204009, "percent_statements_covered_display": "46"}}